10 s:ADOBECODEBANC s.size:13 t:ABC t.size:3
16 c:A need[c]:1
16 c:B need[c]:1
16 c:C need[c]:1
28 c:A right:0 s[right]:A
32 need.count(c):1
36 valid:0 window[c]:1 need[c]:1 window[c] == need[c]:1
39 valid:1
43 valid:1 need.size():3 valid == need.size():0 **********
28 c:D right:1 s[right]:D
32 need.count(c):0
43 valid:1 need.size():3 valid == need.size():0 **********
28 c:O right:2 s[right]:O
32 need.count(c):0
43 valid:1 need.size():3 valid == need.size():0 **********
28 c:B right:3 s[right]:B
32 need.count(c):1
36 valid:1 window[c]:1 need[c]:1 window[c] == need[c]:1
39 valid:2
43 valid:2 need.size():3 valid == need.size():0 **********
28 c:E right:4 s[right]:E
32 need.count(c):0
43 valid:2 need.size():3 valid == need.size():0 **********
28 c:C right:5 s[right]:C
32 need.count(c):1
36 valid:2 window[c]:1 need[c]:1 window[c] == need[c]:1
39 valid:3
43 valid:3 need.size():3 valid == need.size():1 **********
46 right - left < len:1 right - left:6 len:2147483647 right:6 left:0 ********************
52 start:0 len:6 right:6 left:0 s.substr(start, len):ADOBEC ******************************
57 d:A left:0 s[left]:A
60 need.count(d):1
63 window[d]:1 need[d]:1 window[d] == need[d]:1
67 valid:2
28 c:O right:6 s[right]:O
32 need.count(c):0
43 valid:2 need.size():3 valid == need.size():0 **********
28 c:D right:7 s[right]:D
32 need.count(c):0
43 valid:2 need.size():3 valid == need.size():0 **********
28 c:E right:8 s[right]:E
32 need.count(c):0
43 valid:2 need.size():3 valid == need.size():0 **********
28 c:B right:9 s[right]:B
32 need.count(c):1
36 valid:2 window[c]:2 need[c]:1 window[c] == need[c]:0
39 valid:2
43 valid:2 need.size():3 valid == need.size():0 **********
28 c:A right:10 s[right]:A
32 need.count(c):1
36 valid:2 window[c]:1 need[c]:1 window[c] == need[c]:1
39 valid:3
43 valid:3 need.size():3 valid == need.size():1 **********
46 right - left < len:0 right - left:10 len:6 right:11 left:1 ********************
57 d:D left:1 s[left]:D
60 need.count(d):0
46 right - left < len:0 right - left:9 len:6 right:11 left:2 ********************
57 d:O left:2 s[left]:O
60 need.count(d):0
46 right - left < len:0 right - left:8 len:6 right:11 left:3 ********************
57 d:B left:3 s[left]:B
60 need.count(d):1
63 window[d]:2 need[d]:1 window[d] == need[d]:0
67 valid:3
46 right - left < len:0 right - left:7 len:6 right:11 left:4 ********************
57 d:E left:4 s[left]:E
60 need.count(d):0
46 right - left < len:0 right - left:6 len:6 right:11 left:5 ********************
57 d:C left:5 s[left]:C
60 need.count(d):1
63 window[d]:1 need[d]:1 window[d] == need[d]:1
67 valid:2
28 c:N right:11 s[right]:N
32 need.count(c):0
43 valid:2 need.size():3 valid == need.size():0 **********
28 c:C right:12 s[right]:C
32 need.count(c):1
36 valid:2 window[c]:1 need[c]:1 window[c] == need[c]:1
39 valid:3
43 valid:3 need.size():3 valid == need.size():1 **********
46 right - left < len:0 right - left:7 len:6 right:13 left:6 ********************
57 d:O left:6 s[left]:O
60 need.count(d):0
46 right - left < len:0 right - left:6 len:6 right:13 left:7 ********************
57 d:D left:7 s[left]:D
60 need.count(d):0
46 right - left < len:1 right - left:5 len:6 right:13 left:8 ********************
52 start:8 len:5 right:13 left:8 s.substr(start, len):EBANC ******************************
57 d:E left:8 s[left]:E
60 need.count(d):0
46 right - left < len:1 right - left:4 len:5 right:13 left:9 ********************
52 start:9 len:4 right:13 left:9 s.substr(start, len):BANC ******************************
57 d:B left:9 s[left]:B
60 need.count(d):1
63 window[d]:1 need[d]:1 window[d] == need[d]:1
67 valid:2
82 BANC
