TIME     PID     TID     COMM            FUNC             
11.08041 1       1       systemd         cgroup_mkdir     
        cgroup_mkdir+0x0 [kernel]
        vfs_mkdir+0xfc [kernel]
        do_mkdirat+0xec [kernel]
        __arm64_sys_mkdirat+0x1c [kernel]
        el0_svc_common+0x90 [kernel]
        el0_svc_handler+0x9c [kernel]
        el0_svc+0x8 [kernel]
        [unknown] [libc-2.28.so (deleted)]
        cg_create.localalias.13+0x64 [libsystemd-shared-241.so]
        cg_create_everywhere+0x30 [libsystemd-shared-241.so]
        unit_create_cgroup+0xb4 [systemd]
        unit_realize_cgroup_now.lto_priv.665+0xa8 [systemd]
        unit_realize_cgroup+0x16c [systemd]
        unit_prepare_exec+0x18 [systemd]
        service_spawn.lto_priv.382+0x80 [systemd]
        service_start.lto_priv.56+0x144 [systemd]
        job_perform_on_unit.lto_priv.422+0x6b4 [systemd]
        manager_dispatch_run_queue.lto_priv.589+0x358 [systemd]
        source_dispatch+0x118 [libsystemd-shared-241.so]
        sd_event_dispatch+0x150 [libsystemd-shared-241.so]
        sd_event_run+0x90 [libsystemd-shared-241.so]
        invoke_main_loop+0xff4 [systemd]
        main+0x1660 [systemd]
        [unknown] [libc-2.28.so (deleted)]
        [unknown] [systemd]

11.08056 1       1       systemd         cgroup_mkdir     
        cgroup_mkdir+0x0 [kernel]
        vfs_mkdir+0xfc [kernel]
        do_mkdirat+0xec [kernel]
        __arm64_sys_mkdirat+0x1c [kernel]
        el0_svc_common+0x90 [kernel]
        el0_svc_handler+0x9c [kernel]
        el0_svc+0x8 [kernel]
        [unknown] [libc-2.28.so (deleted)]
        cg_create.localalias.13+0x64 [libsystemd-shared-241.so]
        cg_create.localalias.13+0xe8 [libsystemd-shared-241.so]
        cg_create_everywhere+0x30 [libsystemd-shared-241.so]
        unit_create_cgroup+0xb4 [systemd]
        unit_realize_cgroup_now.lto_priv.665+0xa8 [systemd]
        unit_realize_cgroup+0x16c [systemd]
        unit_prepare_exec+0x18 [systemd]
        service_spawn.lto_priv.382+0x80 [systemd]
        service_start.lto_priv.56+0x144 [systemd]
        job_perform_on_unit.lto_priv.422+0x6b4 [systemd]
        manager_dispatch_run_queue.lto_priv.589+0x358 [systemd]
        source_dispatch+0x118 [libsystemd-shared-241.so]
        sd_event_dispatch+0x150 [libsystemd-shared-241.so]
        sd_event_run+0x90 [libsystemd-shared-241.so]
        invoke_main_loop+0xff4 [systemd]
        main+0x1660 [systemd]
        [unknown] [libc-2.28.so (deleted)]
        [unknown] [systemd]

11.08066 1       1       systemd         cgroup_mkdir     
        cgroup_mkdir+0x0 [kernel]
        vfs_mkdir+0xfc [kernel]
        do_mkdirat+0xec [kernel]
        __arm64_sys_mkdirat+0x1c [kernel]
        el0_svc_common+0x90 [kernel]
        el0_svc_handler+0x9c [kernel]
        el0_svc+0x8 [kernel]
        [unknown] [libc-2.28.so (deleted)]
        cg_create.localalias.13+0x64 [libsystemd-shared-241.so]
        cg_create_everywhere+0x84 [libsystemd-shared-241.so]
        unit_create_cgroup+0xb4 [systemd]
        unit_realize_cgroup_now.lto_priv.665+0xa8 [systemd]
        unit_realize_cgroup+0x16c [systemd]
        unit_prepare_exec+0x18 [systemd]
        service_spawn.lto_priv.382+0x80 [systemd]
        service_start.lto_priv.56+0x144 [systemd]
        job_perform_on_unit.lto_priv.422+0x6b4 [systemd]
        manager_dispatch_run_queue.lto_priv.589+0x358 [systemd]
        source_dispatch+0x118 [libsystemd-shared-241.so]
        sd_event_dispatch+0x150 [libsystemd-shared-241.so]
        sd_event_run+0x90 [libsystemd-shared-241.so]
        invoke_main_loop+0xff4 [systemd]
        main+0x1660 [systemd]
        [unknown] [libc-2.28.so (deleted)]
        [unknown] [systemd]

11.08082 1       1       systemd         cgroup_mkdir     
        cgroup_mkdir+0x0 [kernel]
        vfs_mkdir+0xfc [kernel]
        do_mkdirat+0xec [kernel]
        __arm64_sys_mkdirat+0x1c [kernel]
        el0_svc_common+0x90 [kernel]
        el0_svc_handler+0x9c [kernel]
        el0_svc+0x8 [kernel]
        [unknown] [libc-2.28.so (deleted)]
        cg_create.localalias.13+0x64 [libsystemd-shared-241.so]
        cg_create_everywhere+0x84 [libsystemd-shared-241.so]
        unit_create_cgroup+0xb4 [systemd]
        unit_realize_cgroup_now.lto_priv.665+0xa8 [systemd]
        unit_realize_cgroup+0x16c [systemd]
        unit_prepare_exec+0x18 [systemd]
        service_spawn.lto_priv.382+0x80 [systemd]
        service_start.lto_priv.56+0x144 [systemd]
        job_perform_on_unit.lto_priv.422+0x6b4 [systemd]
        manager_dispatch_run_queue.lto_priv.589+0x358 [systemd]
        source_dispatch+0x118 [libsystemd-shared-241.so]
        sd_event_dispatch+0x150 [libsystemd-shared-241.so]
        sd_event_run+0x90 [libsystemd-shared-241.so]
        invoke_main_loop+0xff4 [systemd]
        main+0x1660 [systemd]
        [unknown] [libc-2.28.so (deleted)]
        [unknown] [systemd]

11.08089 1       1       systemd         cgroup_mkdir     
        cgroup_mkdir+0x0 [kernel]
        vfs_mkdir+0xfc [kernel]
        do_mkdirat+0xec [kernel]
        __arm64_sys_mkdirat+0x1c [kernel]
        el0_svc_common+0x90 [kernel]
        el0_svc_handler+0x9c [kernel]
        el0_svc+0x8 [kernel]
        [unknown] [libc-2.28.so (deleted)]
        cg_create.localalias.13+0x64 [libsystemd-shared-241.so]
        cg_create_everywhere+0x84 [libsystemd-shared-241.so]
        unit_create_cgroup+0xb4 [systemd]
        unit_realize_cgroup_now.lto_priv.665+0xa8 [systemd]
        unit_realize_cgroup+0x16c [systemd]
        unit_prepare_exec+0x18 [systemd]
        service_spawn.lto_priv.382+0x80 [systemd]
        service_start.lto_priv.56+0x144 [systemd]
        job_perform_on_unit.lto_priv.422+0x6b4 [systemd]
        manager_dispatch_run_queue.lto_priv.589+0x358 [systemd]
        source_dispatch+0x118 [libsystemd-shared-241.so]
        sd_event_dispatch+0x150 [libsystemd-shared-241.so]
        sd_event_run+0x90 [libsystemd-shared-241.so]
        invoke_main_loop+0xff4 [systemd]
        main+0x1660 [systemd]
        [unknown] [libc-2.28.so (deleted)]
        [unknown] [systemd]

21.33054 1       1       systemd         cgroup_mkdir     
        cgroup_mkdir+0x0 [kernel]
        vfs_mkdir+0xfc [kernel]
        do_mkdirat+0xec [kernel]
        __arm64_sys_mkdirat+0x1c [kernel]
        el0_svc_common+0x90 [kernel]
        el0_svc_handler+0x9c [kernel]
        el0_svc+0x8 [kernel]
        [unknown] [libc-2.28.so (deleted)]
        cg_create.localalias.13+0x64 [libsystemd-shared-241.so]
        cg_create_everywhere+0x30 [libsystemd-shared-241.so]
        unit_create_cgroup+0xb4 [systemd]
        unit_realize_cgroup_now.lto_priv.665+0xa8 [systemd]
        unit_realize_cgroup+0x16c [systemd]
        unit_prepare_exec+0x18 [systemd]
        service_spawn.lto_priv.382+0x80 [systemd]
        service_start.lto_priv.56+0x144 [systemd]
        job_perform_on_unit.lto_priv.422+0x6b4 [systemd]
        manager_dispatch_run_queue.lto_priv.589+0x358 [systemd]
        source_dispatch+0x118 [libsystemd-shared-241.so]
        sd_event_dispatch+0x150 [libsystemd-shared-241.so]
        sd_event_run+0x90 [libsystemd-shared-241.so]
        invoke_main_loop+0xff4 [systemd]
        main+0x1660 [systemd]
        [unknown] [libc-2.28.so (deleted)]
        [unknown] [systemd]

21.33077 1       1       systemd         cgroup_mkdir     
        cgroup_mkdir+0x0 [kernel]
        vfs_mkdir+0xfc [kernel]
        do_mkdirat+0xec [kernel]
        __arm64_sys_mkdirat+0x1c [kernel]
        el0_svc_common+0x90 [kernel]
        el0_svc_handler+0x9c [kernel]
        el0_svc+0x8 [kernel]
        [unknown] [libc-2.28.so (deleted)]
        cg_create.localalias.13+0x64 [libsystemd-shared-241.so]
        cg_create.localalias.13+0xe8 [libsystemd-shared-241.so]
        cg_create_everywhere+0x30 [libsystemd-shared-241.so]
        unit_create_cgroup+0xb4 [systemd]
        unit_realize_cgroup_now.lto_priv.665+0xa8 [systemd]
        unit_realize_cgroup+0x16c [systemd]
        unit_prepare_exec+0x18 [systemd]
        service_spawn.lto_priv.382+0x80 [systemd]
        service_start.lto_priv.56+0x144 [systemd]
        job_perform_on_unit.lto_priv.422+0x6b4 [systemd]
        manager_dispatch_run_queue.lto_priv.589+0x358 [systemd]
        source_dispatch+0x118 [libsystemd-shared-241.so]
        sd_event_dispatch+0x150 [libsystemd-shared-241.so]
        sd_event_run+0x90 [libsystemd-shared-241.so]
        invoke_main_loop+0xff4 [systemd]
        main+0x1660 [systemd]
        [unknown] [libc-2.28.so (deleted)]
        [unknown] [systemd]

21.33090 1       1       systemd         cgroup_mkdir     
        cgroup_mkdir+0x0 [kernel]
        vfs_mkdir+0xfc [kernel]
        do_mkdirat+0xec [kernel]
        __arm64_sys_mkdirat+0x1c [kernel]
        el0_svc_common+0x90 [kernel]
        el0_svc_handler+0x9c [kernel]
        el0_svc+0x8 [kernel]
        [unknown] [libc-2.28.so (deleted)]
        cg_create.localalias.13+0x64 [libsystemd-shared-241.so]
        cg_create_everywhere+0x84 [libsystemd-shared-241.so]
        unit_create_cgroup+0xb4 [systemd]
        unit_realize_cgroup_now.lto_priv.665+0xa8 [systemd]
        unit_realize_cgroup+0x16c [systemd]
        unit_prepare_exec+0x18 [systemd]
        service_spawn.lto_priv.382+0x80 [systemd]
        service_start.lto_priv.56+0x144 [systemd]
        job_perform_on_unit.lto_priv.422+0x6b4 [systemd]
        manager_dispatch_run_queue.lto_priv.589+0x358 [systemd]
        source_dispatch+0x118 [libsystemd-shared-241.so]
        sd_event_dispatch+0x150 [libsystemd-shared-241.so]
        sd_event_run+0x90 [libsystemd-shared-241.so]
        invoke_main_loop+0xff4 [systemd]
        main+0x1660 [systemd]
        [unknown] [libc-2.28.so (deleted)]
        [unknown] [systemd]

21.33107 1       1       systemd         cgroup_mkdir     
        cgroup_mkdir+0x0 [kernel]
        vfs_mkdir+0xfc [kernel]
        do_mkdirat+0xec [kernel]
        __arm64_sys_mkdirat+0x1c [kernel]
        el0_svc_common+0x90 [kernel]
        el0_svc_handler+0x9c [kernel]
        el0_svc+0x8 [kernel]
        [unknown] [libc-2.28.so (deleted)]
        cg_create.localalias.13+0x64 [libsystemd-shared-241.so]
        cg_create_everywhere+0x84 [libsystemd-shared-241.so]
        unit_create_cgroup+0xb4 [systemd]
        unit_realize_cgroup_now.lto_priv.665+0xa8 [systemd]
        unit_realize_cgroup+0x16c [systemd]
        unit_prepare_exec+0x18 [systemd]
        service_spawn.lto_priv.382+0x80 [systemd]
        service_start.lto_priv.56+0x144 [systemd]
        job_perform_on_unit.lto_priv.422+0x6b4 [systemd]
        manager_dispatch_run_queue.lto_priv.589+0x358 [systemd]
        source_dispatch+0x118 [libsystemd-shared-241.so]
        sd_event_dispatch+0x150 [libsystemd-shared-241.so]
        sd_event_run+0x90 [libsystemd-shared-241.so]
        invoke_main_loop+0xff4 [systemd]
        main+0x1660 [systemd]
        [unknown] [libc-2.28.so (deleted)]
        [unknown] [systemd]

21.33117 1       1       systemd         cgroup_mkdir     
        cgroup_mkdir+0x0 [kernel]
        vfs_mkdir+0xfc [kernel]
        do_mkdirat+0xec [kernel]
        __arm64_sys_mkdirat+0x1c [kernel]
        el0_svc_common+0x90 [kernel]
        el0_svc_handler+0x9c [kernel]
        el0_svc+0x8 [kernel]
        [unknown] [libc-2.28.so (deleted)]
        cg_create.localalias.13+0x64 [libsystemd-shared-241.so]
        cg_create_everywhere+0x84 [libsystemd-shared-241.so]
        unit_create_cgroup+0xb4 [systemd]
        unit_realize_cgroup_now.lto_priv.665+0xa8 [systemd]
        unit_realize_cgroup+0x16c [systemd]
        unit_prepare_exec+0x18 [systemd]
        service_spawn.lto_priv.382+0x80 [systemd]
        service_start.lto_priv.56+0x144 [systemd]
        job_perform_on_unit.lto_priv.422+0x6b4 [systemd]
        manager_dispatch_run_queue.lto_priv.589+0x358 [systemd]
        source_dispatch+0x118 [libsystemd-shared-241.so]
        sd_event_dispatch+0x150 [libsystemd-shared-241.so]
        sd_event_run+0x90 [libsystemd-shared-241.so]
        invoke_main_loop+0xff4 [systemd]
        main+0x1660 [systemd]
        [unknown] [libc-2.28.so (deleted)]
        [unknown] [systemd]

31.58064 1       1       systemd         cgroup_mkdir     
        cgroup_mkdir+0x0 [kernel]
        vfs_mkdir+0xfc [kernel]
        do_mkdirat+0xec [kernel]
        __arm64_sys_mkdirat+0x1c [kernel]
        el0_svc_common+0x90 [kernel]
        el0_svc_handler+0x9c [kernel]
        el0_svc+0x8 [kernel]
        [unknown] [libc-2.28.so (deleted)]
        cg_create.localalias.13+0x64 [libsystemd-shared-241.so]
        cg_create_everywhere+0x30 [libsystemd-shared-241.so]
        unit_create_cgroup+0xb4 [systemd]
        unit_realize_cgroup_now.lto_priv.665+0xa8 [systemd]
        unit_realize_cgroup+0x16c [systemd]
        unit_prepare_exec+0x18 [systemd]
        service_spawn.lto_priv.382+0x80 [systemd]
        service_start.lto_priv.56+0x144 [systemd]
        job_perform_on_unit.lto_priv.422+0x6b4 [systemd]
        manager_dispatch_run_queue.lto_priv.589+0x358 [systemd]
        source_dispatch+0x118 [libsystemd-shared-241.so]
        sd_event_dispatch+0x150 [libsystemd-shared-241.so]
        sd_event_run+0x90 [libsystemd-shared-241.so]
        invoke_main_loop+0xff4 [systemd]
        main+0x1660 [systemd]
        [unknown] [libc-2.28.so (deleted)]
        [unknown] [systemd]

31.58078 1       1       systemd         cgroup_mkdir     
        cgroup_mkdir+0x0 [kernel]
        vfs_mkdir+0xfc [kernel]
        do_mkdirat+0xec [kernel]
        __arm64_sys_mkdirat+0x1c [kernel]
        el0_svc_common+0x90 [kernel]
        el0_svc_handler+0x9c [kernel]
        el0_svc+0x8 [kernel]
        [unknown] [libc-2.28.so (deleted)]
        cg_create.localalias.13+0x64 [libsystemd-shared-241.so]
        cg_create.localalias.13+0xe8 [libsystemd-shared-241.so]
        cg_create_everywhere+0x30 [libsystemd-shared-241.so]
        unit_create_cgroup+0xb4 [systemd]
        unit_realize_cgroup_now.lto_priv.665+0xa8 [systemd]
        unit_realize_cgroup+0x16c [systemd]
        unit_prepare_exec+0x18 [systemd]
        service_spawn.lto_priv.382+0x80 [systemd]
        service_start.lto_priv.56+0x144 [systemd]
        job_perform_on_unit.lto_priv.422+0x6b4 [systemd]
        manager_dispatch_run_queue.lto_priv.589+0x358 [systemd]
        source_dispatch+0x118 [libsystemd-shared-241.so]
        sd_event_dispatch+0x150 [libsystemd-shared-241.so]
        sd_event_run+0x90 [libsystemd-shared-241.so]
        invoke_main_loop+0xff4 [systemd]
        main+0x1660 [systemd]
        [unknown] [libc-2.28.so (deleted)]
        [unknown] [systemd]

31.58090 1       1       systemd         cgroup_mkdir     
        cgroup_mkdir+0x0 [kernel]
        vfs_mkdir+0xfc [kernel]
        do_mkdirat+0xec [kernel]
        __arm64_sys_mkdirat+0x1c [kernel]
        el0_svc_common+0x90 [kernel]
        el0_svc_handler+0x9c [kernel]
        el0_svc+0x8 [kernel]
        [unknown] [libc-2.28.so (deleted)]
        cg_create.localalias.13+0x64 [libsystemd-shared-241.so]
        cg_create_everywhere+0x84 [libsystemd-shared-241.so]
        unit_create_cgroup+0xb4 [systemd]
        unit_realize_cgroup_now.lto_priv.665+0xa8 [systemd]
        unit_realize_cgroup+0x16c [systemd]
        unit_prepare_exec+0x18 [systemd]
        service_spawn.lto_priv.382+0x80 [systemd]
        service_start.lto_priv.56+0x144 [systemd]
        job_perform_on_unit.lto_priv.422+0x6b4 [systemd]
        manager_dispatch_run_queue.lto_priv.589+0x358 [systemd]
        source_dispatch+0x118 [libsystemd-shared-241.so]
        sd_event_dispatch+0x150 [libsystemd-shared-241.so]
        sd_event_run+0x90 [libsystemd-shared-241.so]
        invoke_main_loop+0xff4 [systemd]
        main+0x1660 [systemd]
        [unknown] [libc-2.28.so (deleted)]
        [unknown] [systemd]

31.58106 1       1       systemd         cgroup_mkdir     
        cgroup_mkdir+0x0 [kernel]
        vfs_mkdir+0xfc [kernel]
        do_mkdirat+0xec [kernel]
        __arm64_sys_mkdirat+0x1c [kernel]
        el0_svc_common+0x90 [kernel]
        el0_svc_handler+0x9c [kernel]
        el0_svc+0x8 [kernel]
        [unknown] [libc-2.28.so (deleted)]
        cg_create.localalias.13+0x64 [libsystemd-shared-241.so]
        cg_create_everywhere+0x84 [libsystemd-shared-241.so]
        unit_create_cgroup+0xb4 [systemd]
        unit_realize_cgroup_now.lto_priv.665+0xa8 [systemd]
        unit_realize_cgroup+0x16c [systemd]
        unit_prepare_exec+0x18 [systemd]
        service_spawn.lto_priv.382+0x80 [systemd]
        service_start.lto_priv.56+0x144 [systemd]
        job_perform_on_unit.lto_priv.422+0x6b4 [systemd]
        manager_dispatch_run_queue.lto_priv.589+0x358 [systemd]
        source_dispatch+0x118 [libsystemd-shared-241.so]
        sd_event_dispatch+0x150 [libsystemd-shared-241.so]
        sd_event_run+0x90 [libsystemd-shared-241.so]
        invoke_main_loop+0xff4 [systemd]
        main+0x1660 [systemd]
        [unknown] [libc-2.28.so (deleted)]
        [unknown] [systemd]

31.58113 1       1       systemd         cgroup_mkdir     
        cgroup_mkdir+0x0 [kernel]
        vfs_mkdir+0xfc [kernel]
        do_mkdirat+0xec [kernel]
        __arm64_sys_mkdirat+0x1c [kernel]
        el0_svc_common+0x90 [kernel]
        el0_svc_handler+0x9c [kernel]
        el0_svc+0x8 [kernel]
        [unknown] [libc-2.28.so (deleted)]
        cg_create.localalias.13+0x64 [libsystemd-shared-241.so]
        cg_create_everywhere+0x84 [libsystemd-shared-241.so]
        unit_create_cgroup+0xb4 [systemd]
        unit_realize_cgroup_now.lto_priv.665+0xa8 [systemd]
        unit_realize_cgroup+0x16c [systemd]
        unit_prepare_exec+0x18 [systemd]
        service_spawn.lto_priv.382+0x80 [systemd]
        service_start.lto_priv.56+0x144 [systemd]
        job_perform_on_unit.lto_priv.422+0x6b4 [systemd]
        manager_dispatch_run_queue.lto_priv.589+0x358 [systemd]
        source_dispatch+0x118 [libsystemd-shared-241.so]
        sd_event_dispatch+0x150 [libsystemd-shared-241.so]
        sd_event_run+0x90 [libsystemd-shared-241.so]
        invoke_main_loop+0xff4 [systemd]
        main+0x1660 [systemd]
        [unknown] [libc-2.28.so (deleted)]
        [unknown] [systemd]

36.82949 1       1       systemd         cgroup_mkdir     
        cgroup_mkdir+0x0 [kernel]
        vfs_mkdir+0xfc [kernel]
        do_mkdirat+0xec [kernel]
        __arm64_sys_mkdirat+0x1c [kernel]
        el0_svc_common+0x90 [kernel]
        el0_svc_handler+0x9c [kernel]
        el0_svc+0x8 [kernel]
        [unknown] [libc-2.28.so (deleted)]
        cg_create.localalias.13+0x64 [libsystemd-shared-241.so]
        cg_create_everywhere+0x30 [libsystemd-shared-241.so]
        unit_create_cgroup+0xb4 [systemd]
        unit_realize_cgroup_now.lto_priv.665+0xa8 [systemd]
        unit_realize_cgroup+0x16c [systemd]
        unit_prepare_exec+0x18 [systemd]
        service_spawn.lto_priv.382+0x80 [systemd]
        service_enter_start.lto_priv.381+0x118 [systemd]
        service_start.lto_priv.56+0x19c [systemd]
        job_perform_on_unit.lto_priv.422+0x6b4 [systemd]
        manager_dispatch_run_queue.lto_priv.589+0x358 [systemd]
        source_dispatch+0x118 [libsystemd-shared-241.so]
        sd_event_dispatch+0x150 [libsystemd-shared-241.so]
        sd_event_run+0x90 [libsystemd-shared-241.so]
        invoke_main_loop+0xff4 [systemd]
        main+0x1660 [systemd]
        [unknown] [libc-2.28.so (deleted)]
        [unknown] [systemd]

36.82965 1       1       systemd         cgroup_mkdir     
        cgroup_mkdir+0x0 [kernel]
        vfs_mkdir+0xfc [kernel]
        do_mkdirat+0xec [kernel]
        __arm64_sys_mkdirat+0x1c [kernel]
        el0_svc_common+0x90 [kernel]
        el0_svc_handler+0x9c [kernel]
        el0_svc+0x8 [kernel]
        [unknown] [libc-2.28.so (deleted)]
        cg_create.localalias.13+0x64 [libsystemd-shared-241.so]
        cg_create.localalias.13+0xe8 [libsystemd-shared-241.so]
        cg_create_everywhere+0x30 [libsystemd-shared-241.so]
        unit_create_cgroup+0xb4 [systemd]
        unit_realize_cgroup_now.lto_priv.665+0xa8 [systemd]
        unit_realize_cgroup+0x16c [systemd]
        unit_prepare_exec+0x18 [systemd]
        service_spawn.lto_priv.382+0x80 [systemd]
        service_enter_start.lto_priv.381+0x118 [systemd]
        service_start.lto_priv.56+0x19c [systemd]
        job_perform_on_unit.lto_priv.422+0x6b4 [systemd]
        manager_dispatch_run_queue.lto_priv.589+0x358 [systemd]
        source_dispatch+0x118 [libsystemd-shared-241.so]
        sd_event_dispatch+0x150 [libsystemd-shared-241.so]
        sd_event_run+0x90 [libsystemd-shared-241.so]
        invoke_main_loop+0xff4 [systemd]
        main+0x1660 [systemd]
        [unknown] [libc-2.28.so (deleted)]
        [unknown] [systemd]




36.83000 1       1       systemd         cgroup_mkdir     
        cgroup_mkdir+0x0 [kernel]
        vfs_mkdir+0xfc [kernel]
        do_mkdirat+0xec [kernel]
        __arm64_sys_mkdirat+0x1c [kernel]
        el0_svc_common+0x90 [kernel]
        el0_svc_handler+0x9c [kernel]
        el0_svc+0x8 [kernel]
        [unknown] [libc-2.28.so (deleted)]
        cg_create.localalias.13+0x64 [libsystemd-shared-241.so]
        cg_create_everywhere+0x84 [libsystemd-shared-241.so]
        unit_create_cgroup+0xb4 [systemd]
        unit_realize_cgroup_now.lto_priv.665+0xa8 [systemd]
        unit_realize_cgroup+0x16c [systemd]
        unit_prepare_exec+0x18 [systemd]
        service_spawn.lto_priv.382+0x80 [systemd]
        service_enter_start.lto_priv.381+0x118 [systemd]
        service_start.lto_priv.56+0x19c [systemd]
        job_perform_on_unit.lto_priv.422+0x6b4 [systemd]
        manager_dispatch_run_queue.lto_priv.589+0x358 [systemd]
        source_dispatch+0x118 [libsystemd-shared-241.so]
        sd_event_dispatch+0x150 [libsystemd-shared-241.so]
        sd_event_run+0x90 [libsystemd-shared-241.so]
        invoke_main_loop+0xff4 [systemd]
        main+0x1660 [systemd]
        [unknown] [libc-2.28.so (deleted)]
        [unknown] [systemd]

36.83009 1       1       systemd         cgroup_mkdir     
        cgroup_mkdir+0x0 [kernel]
        vfs_mkdir+0xfc [kernel]
        do_mkdirat+0xec [kernel]
        __arm64_sys_mkdirat+0x1c [kernel]
        el0_svc_common+0x90 [kernel]
        el0_svc_handler+0x9c [kernel]
        el0_svc+0x8 [kernel]
        [unknown] [libc-2.28.so (deleted)]
        cg_create.localalias.13+0x64 [libsystemd-shared-241.so]
        cg_create_everywhere+0x84 [libsystemd-shared-241.so]
        unit_create_cgroup+0xb4 [systemd]
        unit_realize_cgroup_now.lto_priv.665+0xa8 [systemd]
        unit_realize_cgroup+0x16c [systemd]
        unit_prepare_exec+0x18 [systemd]
        service_spawn.lto_priv.382+0x80 [systemd]
        service_enter_start.lto_priv.381+0x118 [systemd]
        service_start.lto_priv.56+0x19c [systemd]
        job_perform_on_unit.lto_priv.422+0x6b4 [systemd]
        manager_dispatch_run_queue.lto_priv.589+0x358 [systemd]
        source_dispatch+0x118 [libsystemd-shared-241.so]
        sd_event_dispatch+0x150 [libsystemd-shared-241.so]
        sd_event_run+0x90 [libsystemd-shared-241.so]
        invoke_main_loop+0xff4 [systemd]
        main+0x1660 [systemd]
        [unknown] [libc-2.28.so (deleted)]
        [unknown] [systemd]

41.83124 1       1       systemd         cgroup_mkdir     
        cgroup_mkdir+0x0 [kernel]
        vfs_mkdir+0xfc [kernel]
        do_mkdirat+0xec [kernel]
        __arm64_sys_mkdirat+0x1c [kernel]
        el0_svc_common+0x90 [kernel]
        el0_svc_handler+0x9c [kernel]
        el0_svc+0x8 [kernel]
        [unknown] [libc-2.28.so (deleted)]
        cg_create.localalias.13+0x64 [libsystemd-shared-241.so]
        cg_create_everywhere+0x30 [libsystemd-shared-241.so]
        unit_create_cgroup+0xb4 [systemd]
        unit_realize_cgroup_now.lto_priv.665+0xa8 [systemd]
        unit_realize_cgroup+0x16c [systemd]
        unit_prepare_exec+0x18 [systemd]
        service_spawn.lto_priv.382+0x80 [systemd]
        service_start.lto_priv.56+0x144 [systemd]
        job_perform_on_unit.lto_priv.422+0x6b4 [systemd]
        manager_dispatch_run_queue.lto_priv.589+0x358 [systemd]
        source_dispatch+0x118 [libsystemd-shared-241.so]
        sd_event_dispatch+0x150 [libsystemd-shared-241.so]
        sd_event_run+0x90 [libsystemd-shared-241.so]
        invoke_main_loop+0xff4 [systemd]
        main+0x1660 [systemd]
        [unknown] [libc-2.28.so (deleted)]
        [unknown] [systemd]

41.83145 1       1       systemd         cgroup_mkdir     
        cgroup_mkdir+0x0 [kernel]
        vfs_mkdir+0xfc [kernel]
        do_mkdirat+0xec [kernel]
        __arm64_sys_mkdirat+0x1c [kernel]
        el0_svc_common+0x90 [kernel]
        el0_svc_handler+0x9c [kernel]
        el0_svc+0x8 [kernel]
        [unknown] [libc-2.28.so (deleted)]
        cg_create.localalias.13+0x64 [libsystemd-shared-241.so]
        cg_create.localalias.13+0xe8 [libsystemd-shared-241.so]
        cg_create_everywhere+0x30 [libsystemd-shared-241.so]
        unit_create_cgroup+0xb4 [systemd]
        unit_realize_cgroup_now.lto_priv.665+0xa8 [systemd]
        unit_realize_cgroup+0x16c [systemd]
        unit_prepare_exec+0x18 [systemd]
        service_spawn.lto_priv.382+0x80 [systemd]
        service_start.lto_priv.56+0x144 [systemd]
        job_perform_on_unit.lto_priv.422+0x6b4 [systemd]
        manager_dispatch_run_queue.lto_priv.589+0x358 [systemd]
        source_dispatch+0x118 [libsystemd-shared-241.so]
        sd_event_dispatch+0x150 [libsystemd-shared-241.so]
        sd_event_run+0x90 [libsystemd-shared-241.so]
        invoke_main_loop+0xff4 [systemd]
        main+0x1660 [systemd]
        [unknown] [libc-2.28.so (deleted)]
        [unknown] [systemd]

41.83157 1       1       systemd         cgroup_mkdir     
        cgroup_mkdir+0x0 [kernel]
        vfs_mkdir+0xfc [kernel]
        do_mkdirat+0xec [kernel]
        __arm64_sys_mkdirat+0x1c [kernel]
        el0_svc_common+0x90 [kernel]
        el0_svc_handler+0x9c [kernel]
        el0_svc+0x8 [kernel]
        [unknown] [libc-2.28.so (deleted)]
        cg_create.localalias.13+0x64 [libsystemd-shared-241.so]
        cg_create_everywhere+0x84 [libsystemd-shared-241.so]
        unit_create_cgroup+0xb4 [systemd]
        unit_realize_cgroup_now.lto_priv.665+0xa8 [systemd]
        unit_realize_cgroup+0x16c [systemd]
        unit_prepare_exec+0x18 [systemd]
        service_spawn.lto_priv.382+0x80 [systemd]
        service_start.lto_priv.56+0x144 [systemd]
        job_perform_on_unit.lto_priv.422+0x6b4 [systemd]
        manager_dispatch_run_queue.lto_priv.589+0x358 [systemd]
        source_dispatch+0x118 [libsystemd-shared-241.so]
        sd_event_dispatch+0x150 [libsystemd-shared-241.so]
        sd_event_run+0x90 [libsystemd-shared-241.so]
        invoke_main_loop+0xff4 [systemd]
        main+0x1660 [systemd]
        [unknown] [libc-2.28.so (deleted)]
        [unknown] [systemd]

41.83175 1       1       systemd         cgroup_mkdir     
        cgroup_mkdir+0x0 [kernel]
        vfs_mkdir+0xfc [kernel]
        do_mkdirat+0xec [kernel]
        __arm64_sys_mkdirat+0x1c [kernel]
        el0_svc_common+0x90 [kernel]
        el0_svc_handler+0x9c [kernel]
        el0_svc+0x8 [kernel]
        [unknown] [libc-2.28.so (deleted)]
        cg_create.localalias.13+0x64 [libsystemd-shared-241.so]
        cg_create_everywhere+0x84 [libsystemd-shared-241.so]
        unit_create_cgroup+0xb4 [systemd]
        unit_realize_cgroup_now.lto_priv.665+0xa8 [systemd]
        unit_realize_cgroup+0x16c [systemd]
        unit_prepare_exec+0x18 [systemd]
        service_spawn.lto_priv.382+0x80 [systemd]
        service_start.lto_priv.56+0x144 [systemd]
        job_perform_on_unit.lto_priv.422+0x6b4 [systemd]
        manager_dispatch_run_queue.lto_priv.589+0x358 [systemd]
        source_dispatch+0x118 [libsystemd-shared-241.so]
        sd_event_dispatch+0x150 [libsystemd-shared-241.so]
        sd_event_run+0x90 [libsystemd-shared-241.so]
        invoke_main_loop+0xff4 [systemd]
        main+0x1660 [systemd]
        [unknown] [libc-2.28.so (deleted)]
        [unknown] [systemd]

41.83182 1       1       systemd         cgroup_mkdir     
        cgroup_mkdir+0x0 [kernel]
        vfs_mkdir+0xfc [kernel]
        do_mkdirat+0xec [kernel]
        __arm64_sys_mkdirat+0x1c [kernel]
        el0_svc_common+0x90 [kernel]
        el0_svc_handler+0x9c [kernel]
        el0_svc+0x8 [kernel]
        [unknown] [libc-2.28.so (deleted)]
        cg_create.localalias.13+0x64 [libsystemd-shared-241.so]
        cg_create_everywhere+0x84 [libsystemd-shared-241.so]
        unit_create_cgroup+0xb4 [systemd]
        unit_realize_cgroup_now.lto_priv.665+0xa8 [systemd]
        unit_realize_cgroup+0x16c [systemd]
        unit_prepare_exec+0x18 [systemd]
        service_spawn.lto_priv.382+0x80 [systemd]
        service_start.lto_priv.56+0x144 [systemd]
        job_perform_on_unit.lto_priv.422+0x6b4 [systemd]
        manager_dispatch_run_queue.lto_priv.589+0x358 [systemd]
        source_dispatch+0x118 [libsystemd-shared-241.so]
        sd_event_dispatch+0x150 [libsystemd-shared-241.so]
        sd_event_run+0x90 [libsystemd-shared-241.so]
        invoke_main_loop+0xff4 [systemd]
        main+0x1660 [systemd]
        [unknown] [libc-2.28.so (deleted)]
        [unknown] [systemd]

52.08054 1       1       systemd         cgroup_mkdir     
        cgroup_mkdir+0x0 [kernel]
        vfs_mkdir+0xfc [kernel]
        do_mkdirat+0xec [kernel]
        __arm64_sys_mkdirat+0x1c [kernel]
        el0_svc_common+0x90 [kernel]
        el0_svc_handler+0x9c [kernel]
        el0_svc+0x8 [kernel]
        [unknown] [libc-2.28.so (deleted)]
        cg_create.localalias.13+0x64 [libsystemd-shared-241.so]
        cg_create_everywhere+0x30 [libsystemd-shared-241.so]
        unit_create_cgroup+0xb4 [systemd]
        unit_realize_cgroup_now.lto_priv.665+0xa8 [systemd]
        unit_realize_cgroup+0x16c [systemd]
        unit_prepare_exec+0x18 [systemd]
        service_spawn.lto_priv.382+0x80 [systemd]
        service_start.lto_priv.56+0x144 [systemd]
        job_perform_on_unit.lto_priv.422+0x6b4 [systemd]
        manager_dispatch_run_queue.lto_priv.589+0x358 [systemd]
        source_dispatch+0x118 [libsystemd-shared-241.so]
        sd_event_dispatch+0x150 [libsystemd-shared-241.so]
        sd_event_run+0x90 [libsystemd-shared-241.so]
        invoke_main_loop+0xff4 [systemd]
        main+0x1660 [systemd]
        [unknown] [libc-2.28.so (deleted)]
        [unknown] [systemd]

52.08079 1       1       systemd         cgroup_mkdir     
        cgroup_mkdir+0x0 [kernel]
        vfs_mkdir+0xfc [kernel]
        do_mkdirat+0xec [kernel]
        __arm64_sys_mkdirat+0x1c [kernel]
        el0_svc_common+0x90 [kernel]
        el0_svc_handler+0x9c [kernel]
        el0_svc+0x8 [kernel]
        [unknown] [libc-2.28.so (deleted)]
        cg_create.localalias.13+0x64 [libsystemd-shared-241.so]
        cg_create.localalias.13+0xe8 [libsystemd-shared-241.so]
        cg_create_everywhere+0x30 [libsystemd-shared-241.so]
        unit_create_cgroup+0xb4 [systemd]
        unit_realize_cgroup_now.lto_priv.665+0xa8 [systemd]
        unit_realize_cgroup+0x16c [systemd]
        unit_prepare_exec+0x18 [systemd]
        service_spawn.lto_priv.382+0x80 [systemd]
        service_start.lto_priv.56+0x144 [systemd]
        job_perform_on_unit.lto_priv.422+0x6b4 [systemd]
        manager_dispatch_run_queue.lto_priv.589+0x358 [systemd]
        source_dispatch+0x118 [libsystemd-shared-241.so]
        sd_event_dispatch+0x150 [libsystemd-shared-241.so]
        sd_event_run+0x90 [libsystemd-shared-241.so]
        invoke_main_loop+0xff4 [systemd]
        main+0x1660 [systemd]
        [unknown] [libc-2.28.so (deleted)]
        [unknown] [systemd]

52.08109 1       1       systemd         cgroup_mkdir     
        cgroup_mkdir+0x0 [kernel]
        vfs_mkdir+0xfc [kernel]
        do_mkdirat+0xec [kernel]
        __arm64_sys_mkdirat+0x1c [kernel]
        el0_svc_common+0x90 [kernel]
        el0_svc_handler+0x9c [kernel]
        el0_svc+0x8 [kernel]
        [unknown] [libc-2.28.so (deleted)]
        cg_create.localalias.13+0x64 [libsystemd-shared-241.so]
        cg_create_everywhere+0x84 [libsystemd-shared-241.so]
        unit_create_cgroup+0xb4 [systemd]
        unit_realize_cgroup_now.lto_priv.665+0xa8 [systemd]
        unit_realize_cgroup+0x16c [systemd]
        unit_prepare_exec+0x18 [systemd]
        service_spawn.lto_priv.382+0x80 [systemd]
        service_start.lto_priv.56+0x144 [systemd]
        job_perform_on_unit.lto_priv.422+0x6b4 [systemd]
        manager_dispatch_run_queue.lto_priv.589+0x358 [systemd]
        source_dispatch+0x118 [libsystemd-shared-241.so]
        sd_event_dispatch+0x150 [libsystemd-shared-241.so]
        sd_event_run+0x90 [libsystemd-shared-241.so]
        invoke_main_loop+0xff4 [systemd]
        main+0x1660 [systemd]
        [unknown] [libc-2.28.so (deleted)]
        [unknown] [systemd]

52.08133 1       1       systemd         cgroup_mkdir     
        cgroup_mkdir+0x0 [kernel]
        vfs_mkdir+0xfc [kernel]
        do_mkdirat+0xec [kernel]
        __arm64_sys_mkdirat+0x1c [kernel]
        el0_svc_common+0x90 [kernel]
        el0_svc_handler+0x9c [kernel]
        el0_svc+0x8 [kernel]
        [unknown] [libc-2.28.so (deleted)]
        cg_create.localalias.13+0x64 [libsystemd-shared-241.so]
        cg_create_everywhere+0x84 [libsystemd-shared-241.so]
        unit_create_cgroup+0xb4 [systemd]
        unit_realize_cgroup_now.lto_priv.665+0xa8 [systemd]
        unit_realize_cgroup+0x16c [systemd]
        unit_prepare_exec+0x18 [systemd]
        service_spawn.lto_priv.382+0x80 [systemd]
        service_start.lto_priv.56+0x144 [systemd]
        job_perform_on_unit.lto_priv.422+0x6b4 [systemd]
        manager_dispatch_run_queue.lto_priv.589+0x358 [systemd]
        source_dispatch+0x118 [libsystemd-shared-241.so]
        sd_event_dispatch+0x150 [libsystemd-shared-241.so]
        sd_event_run+0x90 [libsystemd-shared-241.so]
        invoke_main_loop+0xff4 [systemd]
        main+0x1660 [systemd]
        [unknown] [libc-2.28.so (deleted)]
        [unknown] [systemd]

52.08143 1       1       systemd         cgroup_mkdir     
        cgroup_mkdir+0x0 [kernel]
        vfs_mkdir+0xfc [kernel]
        do_mkdirat+0xec [kernel]
        __arm64_sys_mkdirat+0x1c [kernel]
        el0_svc_common+0x90 [kernel]
        el0_svc_handler+0x9c [kernel]
        el0_svc+0x8 [kernel]
        [unknown] [libc-2.28.so (deleted)]
        cg_create.localalias.13+0x64 [libsystemd-shared-241.so]
        cg_create_everywhere+0x84 [libsystemd-shared-241.so]
        unit_create_cgroup+0xb4 [systemd]
        unit_realize_cgroup_now.lto_priv.665+0xa8 [systemd]
        unit_realize_cgroup+0x16c [systemd]
        unit_prepare_exec+0x18 [systemd]
        service_spawn.lto_priv.382+0x80 [systemd]
        service_start.lto_priv.56+0x144 [systemd]
        job_perform_on_unit.lto_priv.422+0x6b4 [systemd]
        manager_dispatch_run_queue.lto_priv.589+0x358 [systemd]
        source_dispatch+0x118 [libsystemd-shared-241.so]
        sd_event_dispatch+0x150 [libsystemd-shared-241.so]
        sd_event_run+0x90 [libsystemd-shared-241.so]
        invoke_main_loop+0xff4 [systemd]
        main+0x1660 [systemd]
        [unknown] [libc-2.28.so (deleted)]
        [unknown] [systemd]

62.33106 1       1       systemd         cgroup_mkdir     
        cgroup_mkdir+0x0 [kernel]
        vfs_mkdir+0xfc [kernel]
        do_mkdirat+0xec [kernel]
        __arm64_sys_mkdirat+0x1c [kernel]
        el0_svc_common+0x90 [kernel]
        el0_svc_handler+0x9c [kernel]
        el0_svc+0x8 [kernel]
        [unknown] [libc-2.28.so (deleted)]
        cg_create.localalias.13+0x64 [libsystemd-shared-241.so]
        cg_create_everywhere+0x30 [libsystemd-shared-241.so]
        unit_create_cgroup+0xb4 [systemd]
        unit_realize_cgroup_now.lto_priv.665+0xa8 [systemd]
        unit_realize_cgroup+0x16c [systemd]
        unit_prepare_exec+0x18 [systemd]
        service_spawn.lto_priv.382+0x80 [systemd]
        service_start.lto_priv.56+0x144 [systemd]
        job_perform_on_unit.lto_priv.422+0x6b4 [systemd]
        manager_dispatch_run_queue.lto_priv.589+0x358 [systemd]
        source_dispatch+0x118 [libsystemd-shared-241.so]
        sd_event_dispatch+0x150 [libsystemd-shared-241.so]
        sd_event_run+0x90 [libsystemd-shared-241.so]
        invoke_main_loop+0xff4 [systemd]
        main+0x1660 [systemd]
        [unknown] [libc-2.28.so (deleted)]
        [unknown] [systemd]

62.33122 1       1       systemd         cgroup_mkdir     
        cgroup_mkdir+0x0 [kernel]
        vfs_mkdir+0xfc [kernel]
        do_mkdirat+0xec [kernel]
        __arm64_sys_mkdirat+0x1c [kernel]
        el0_svc_common+0x90 [kernel]
        el0_svc_handler+0x9c [kernel]
        el0_svc+0x8 [kernel]
        [unknown] [libc-2.28.so (deleted)]
        cg_create.localalias.13+0x64 [libsystemd-shared-241.so]
        cg_create.localalias.13+0xe8 [libsystemd-shared-241.so]
        cg_create_everywhere+0x30 [libsystemd-shared-241.so]
        unit_create_cgroup+0xb4 [systemd]
        unit_realize_cgroup_now.lto_priv.665+0xa8 [systemd]
        unit_realize_cgroup+0x16c [systemd]
        unit_prepare_exec+0x18 [systemd]
        service_spawn.lto_priv.382+0x80 [systemd]
        service_start.lto_priv.56+0x144 [systemd]
        job_perform_on_unit.lto_priv.422+0x6b4 [systemd]
        manager_dispatch_run_queue.lto_priv.589+0x358 [systemd]
        source_dispatch+0x118 [libsystemd-shared-241.so]
        sd_event_dispatch+0x150 [libsystemd-shared-241.so]
        sd_event_run+0x90 [libsystemd-shared-241.so]
        invoke_main_loop+0xff4 [systemd]
        main+0x1660 [systemd]
        [unknown] [libc-2.28.so (deleted)]
        [unknown] [systemd]

62.33133 1       1       systemd         cgroup_mkdir     
        cgroup_mkdir+0x0 [kernel]
        vfs_mkdir+0xfc [kernel]
        do_mkdirat+0xec [kernel]
        __arm64_sys_mkdirat+0x1c [kernel]
        el0_svc_common+0x90 [kernel]
        el0_svc_handler+0x9c [kernel]
        el0_svc+0x8 [kernel]
        [unknown] [libc-2.28.so (deleted)]
        cg_create.localalias.13+0x64 [libsystemd-shared-241.so]
        cg_create_everywhere+0x84 [libsystemd-shared-241.so]
        unit_create_cgroup+0xb4 [systemd]
        unit_realize_cgroup_now.lto_priv.665+0xa8 [systemd]
        unit_realize_cgroup+0x16c [systemd]
        unit_prepare_exec+0x18 [systemd]
        service_spawn.lto_priv.382+0x80 [systemd]
        service_start.lto_priv.56+0x144 [systemd]
        job_perform_on_unit.lto_priv.422+0x6b4 [systemd]
        manager_dispatch_run_queue.lto_priv.589+0x358 [systemd]
        source_dispatch+0x118 [libsystemd-shared-241.so]
        sd_event_dispatch+0x150 [libsystemd-shared-241.so]
        sd_event_run+0x90 [libsystemd-shared-241.so]
        invoke_main_loop+0xff4 [systemd]
        main+0x1660 [systemd]
        [unknown] [libc-2.28.so (deleted)]
        [unknown] [systemd]

62.33155 1       1       systemd         cgroup_mkdir     
        cgroup_mkdir+0x0 [kernel]
        vfs_mkdir+0xfc [kernel]
        do_mkdirat+0xec [kernel]
        __arm64_sys_mkdirat+0x1c [kernel]
        el0_svc_common+0x90 [kernel]
        el0_svc_handler+0x9c [kernel]
        el0_svc+0x8 [kernel]
        [unknown] [libc-2.28.so (deleted)]
        cg_create.localalias.13+0x64 [libsystemd-shared-241.so]
        cg_create_everywhere+0x84 [libsystemd-shared-241.so]
        unit_create_cgroup+0xb4 [systemd]
        unit_realize_cgroup_now.lto_priv.665+0xa8 [systemd]
        unit_realize_cgroup+0x16c [systemd]
        unit_prepare_exec+0x18 [systemd]
        service_spawn.lto_priv.382+0x80 [systemd]
        service_start.lto_priv.56+0x144 [systemd]
        job_perform_on_unit.lto_priv.422+0x6b4 [systemd]
        manager_