830:<3>[  115.870300s][2023:11:24 11:22:08][pid:6157,cpu6,deepin-terminal,8]mali gpu: kctx 00000000dd2b9c60 create 
1543:<4>[  123.174743s][pid:6550,cpu6,lshw-bak,1]shy ==> fb_open, get_fb_info 1, info: -1998612864, idx:0
1544:<4>[  123.174743s][pid:6550,cpu6,lshw-bak,2]CPU: 6 PID: 6550 Comm: lshw-bak Tainted: G    B      O      4.19.71-arm64-desktop #6200.57055.5.test
1545:<4>[  123.174774s][pid:6550,cpu6,lshw-bak,3]Hardware name: HUAWEI HUAWEI L410 KLVU-WDU0/SP1KVUM, BIOS 1.00.53 03/24/2021
1546:<4>[  123.174774s][pid:6550,cpu6,lshw-bak,4]Call trace:
1547:<4>[  123.174774s][pid:6550,cpu6,lshw-bak,5] dump_backtrace+0x0/0x2d8
1548:<4>[  123.174774s][pid:6550,cpu6,lshw-bak,6] show_stack+0x24/0x30
1549:<4>[  123.174804s][pid:6550,cpu6,lshw-bak,7] dump_stack+0xb0/0xdc
1550:<4>[  123.174804s][pid:6550,cpu6,lshw-bak,8] fb_open+0xf8/0x248
1551:<4>[  123.174804s][pid:6550,cpu6,lshw-bak,9] chrdev_open+0x144/0x290
1552:<4>[  123.174835s][pid:6550,cpu6,lshw-bak,0] do_dentry_open+0x1dc/0x5d8
1553:<4>[  123.174835s][pid:6550,cpu6,lshw-bak,1] vfs_open+0x58/0x68
1554:<4>[  123.174835s][pid:6550,cpu6,lshw-bak,2] path_openat+0x530/0x1bc8
1555:<4>[  123.174835s][pid:6550,cpu6,lshw-bak,3] do_filp_open+0xf0/0x180
1556:<4>[  123.174835s][pid:6550,cpu6,lshw-bak,4] do_sys_open+0x208/0x378
1557:<4>[  123.174865s][pid:6550,cpu6,lshw-bak,5] __arm64_sys_openat+0x5c/0x70
1558:<4>[  123.174865s][pid:6550,cpu6,lshw-bak,6] el0_svc_common+0xd4/0x1d8
1559:<4>[  123.174865s][pid:6550,cpu6,lshw-bak,7] el0_svc_handler+0x9c/0xc0
1560:<4>[  123.174865s][pid:6550,cpu6,lshw-bak,8] el0_svc+0x8/0xc
1561:<4>[  123.174896s][pid:6550,cpu6,lshw-bak,9]fb_open, call try_module_get
1562:<4>[  123.175018s][pid:6550,cpu6,lshw-bak,0]shy ==> fb_open, get_fb_info 1, info: 2129547520, idx:1
1563:<4>[  123.175018s][pid:6550,cpu6,lshw-bak,1]CPU: 6 PID: 6550 Comm: lshw-bak Tainted: G    B      O      4.19.71-arm64-desktop #6200.57055.5.test
1564:<4>[  123.175018s][pid:6550,cpu6,lshw-bak,2]Hardware name: HUAWEI HUAWEI L410 KLVU-WDU0/SP1KVUM, BIOS 1.00.53 03/24/2021
1565:<4>[  123.175018s][pid:6550,cpu6,lshw-bak,3]Call trace:
1566:<4>[  123.175048s][pid:6550,cpu6,lshw-bak,4] dump_backtrace+0x0/0x2d8
1567:<4>[  123.175048s][pid:6550,cpu6,lshw-bak,5] show_stack+0x24/0x30
1568:<4>[  123.175048s][pid:6550,cpu6,lshw-bak,6] dump_stack+0xb0/0xdc
1569:<4>[  123.175048s][pid:6550,cpu6,lshw-bak,7] fb_open+0xf8/0x248
1570:<4>[  123.175079s][pid:6550,cpu6,lshw-bak,8] chrdev_open+0x144/0x290
1571:<4>[  123.175079s][pid:6550,cpu6,lshw-bak,9] do_dentry_open+0x1dc/0x5d8
1572:<4>[  123.175079s][pid:6550,cpu6,lshw-bak,0] vfs_open+0x58/0x68
1573:<4>[  123.175079s][pid:6550,cpu6,lshw-bak,1] path_openat+0x530/0x1bc8
1574:<4>[  123.175079s][pid:6550,cpu6,lshw-bak,2] do_filp_open+0xf0/0x180
1575:<4>[  123.175109s][pid:6550,cpu6,lshw-bak,3] do_sys_open+0x208/0x378
1576:<4>[  123.175109s][pid:6550,cpu6,lshw-bak,4] __arm64_sys_openat+0x5c/0x70
1577:<4>[  123.175109s][pid:6550,cpu6,lshw-bak,5] el0_svc_common+0xd4/0x1d8
1578:<4>[  123.175109s][pid:6550,cpu6,lshw-bak,6] el0_svc_handler+0x9c/0xc0
1579:<4>[  123.175140s][pid:6550,cpu6,lshw-bak,7] el0_svc+0x8/0xc
1580:<1>[  123.175140s][pid:6550,cpu6,lshw-bak,8]Unable to handle kernel paging request at virtual address 0008070000000058
1581:<1>[  123.175140s][pid:6550,cpu6,lshw-bak,9]Mem abort info:
1582:<1>[  123.175140s][pid:6550,cpu6,lshw-bak,0]  ESR = 0x96000004
1583:<1>[  123.175170s][pid:6550,cpu6,lshw-bak,1]  Exception class = DABT (current EL), IL = 32 bits
1584:<1>[  123.175170s][pid:6550,cpu6,lshw-bak,2]  SET = 0, FnV = 0
1585:<1>[  123.175170s][pid:6550,cpu6,lshw-bak,3]  EA = 0, S1PTW = 0
1586:<1>[  123.175170s][pid:6550,cpu6,lshw-bak,4]Data abort info:
1587:<1>[  123.175170s][pid:6550,cpu6,lshw-bak,5]  ISV = 0, ISS = 0x00000004
1588:<1>[  123.175201s][pid:6550,cpu6,lshw-bak,6]  CM = 0, WnR = 0
1589:<1>[  123.175201s][pid:6550,cpu6,lshw-bak,7][0008070000000058] address between user and kernel address ranges
1590:<1>[  123.175201s][pid:6550,cpu6,lshw-bak,8]printk_level_setup: 7
1591:<0>[  123.175201s][pid:6550,cpu6,lshw-bak,9]Internal error: Oops: 96000004 [#1] PREEMPT SMP
1592:<4>[  123.175231s][pid:6550,cpu6,lshw-bak,0]Modules linked in: vfs_monitor(O) udl wifi_1105 plat_1105 uos_resources(O) uos_bluetooth_connection_control(O) lightorange lightnut lightfig lightcherry filearmor(O) deepin_netmonitor(O)
1593:<0>[  123.175231s][pid:6550,cpu6,lshw-bak,1]Process lshw-bak (pid: 6550, stack limit = 0x0000000094118db9)
1594:<4>[  123.175262s][pid:6550,cpu6,lshw-bak,2]CPU: 6 PID: 6550 Comm: lshw-bak Tainted: G    B      O      4.19.71-arm64-desktop #6200.57055.5.test
1595:<4>[  123.175262s][pid:6550,cpu6,lshw-bak,3]Hardware name: HUAWEI HUAWEI L410 KLVU-WDU0/SP1KVUM, BIOS 1.00.53 03/24/2021
1596:<4>[  123.175262s][pid:6550,cpu6,lshw-bak,4]pstate: 40400005 (nZcv daif +PAN -UAO)
1597:<4>[  123.175262s][pid:6550,cpu6,lshw-bak,5]pc : __mutex_lock.isra.1+0x608/0x700
1598:<4>[  123.175292s][pid:6550,cpu6,lshw-bak,6]lr : __mutex_lock.isra.1+0x608/0x700
1599:<4>[  123.175292s][pid:6550,cpu6,lshw-bak,7]sp : ffffffc376a57690
1600:<4>[  123.175292s][pid:6550,cpu6,lshw-bak,8]x29: ffffffc376a57690 x28: ffffff9027dfeac8 
1601:<4>[  123.175323s][pid:6550,cpu6,lshw-bak,9]x27: ffffffc349115630 x26: ffffffc349115528 
1602:<4>[  123.175323s][pid:6550,cpu6,lshw-bak,0]x25: ffffffc3023a6010 x24: 0000000000000002 
1603:<4>[  123.175323s][pid:6550,cpu6,lshw-bak,1]x23: 0000000000000001 x22: ffffff902b2cb688 
1604:<4>[  123.175323s][pid:6550,cpu6,lshw-bak,2]x21: 0008070000000000 x20: 1ffffff86ed4aee0 
1605:<4>[  123.175354s][pid:6550,cpu6,lshw-bak,3]x19: ffffffc37eee5110 x18: 0000000000000000 
1606:<4>[  123.175354s][pid:6550,cpu6,lshw-bak,4]x17: 0000000000000000 x16: 0000000000000000 
1607:<4>[  123.175354s][pid:6550,cpu6,lshw-bak,5]x15: 00000000000007e6 x14: 00000000000001fe 
1608:<4>[  123.175354s][pid:6550,cpu6,lshw-bak,6]x13: 0000000000000039 x12: ffffff886ed4ae5c 
1609:<4>[  123.175384s][pid:6550,cpu6,lshw-bak,7]x11: 1ffffff86ed4ae5b x10: ffffff886ed4ae5b 
1610:<4>[  123.175384s][pid:6550,cpu6,lshw-bak,8]x9 : 0000000000000000 x8 : ffffffc376a572e0 
1611:<4>[  123.175384s][pid:6550,cpu6,lshw-bak,9]x7 : 0000000000000000 x6 : 0000000041b58ab3 
1612:<4>[  123.175384s][pid:6550,cpu6,lshw-bak,0]x5 : ffffff886ed4aee0 x4 : dfffff9000000000 
1613:<4>[  123.175415s][pid:6550,cpu6,lshw-bak,1]x3 : ffffff902945cd40 x2 : 0000000000000000 
1614:<4>[  123.175415s][pid:6550,cpu6,lshw-bak,2]x1 : e76abf5519f47e00 x0 : 0000000000000000 
1615:<4>[  123.175415s][pid:6550,cpu6,lshw-bak,3]
1617:<4>[  123.175415s][pid:6550,cpu6,lshw-bak,4]7610  00000002 00000000 023a6010 ffffffc3 49115528 ffffffc3 49115630 ffffffc3
1618:<4>[  123.175445s][pid:6550,cpu6,lshw-bak,5]7630  27dfeac8 ffffff90 76a57690 ffffffc3 2945cd40 ffffff90 76a57690 ffffffc3
1619:<4>[  123.175445s][pid:6550,cpu6,lshw-bak,6]7650  2945cd40 ffffff90 40400005 00000000 00000001 00000000 00000002 00000000
1620:<4>[  123.175476s][pid:6550,cpu6,lshw-bak,7]7670  ffffffff 0000007f 19f47e00 e76abf55 76a57690 ffffffc3 2945cd40 ffffff90
1621:<4>[  123.175476s][pid:6550,cpu6,lshw-bak,8]7690  76a57780 ffffffc3 2945ce5c ffffff90 7eee5110 ffffffc3 79255fd0 ffffffc3
1622:<4>[  123.175506s][pid:6550,cpu6,lshw-bak,9]76b0  49115500 ffffffc3 7eee5100 ffffffc3 2993cea0 ffffff90 7eee5110 ffffffc3
1623:<4>[  123.175506s][pid:6550,cpu6,lshw-bak,0]76d0  49115500 ffffffc3 49115528 ffffffc3 00000100 00000000 000000e8 00000000
1624:<4>[  123.175537s][pid:6550,cpu6,lshw-bak,1]76f0  41b58ab3 00000000 2a150ef8 ffffff90 41b58ab3 00000000 2a15e5a0 ffffff90
1625:<4>[  123.175537s][pid:6550,cpu6,lshw-bak,2]
1627:<4>[  123.175537s][pid:6550,cpu6,lshw-bak,3]7260  00000000 00000000 00000000 00000000 2948afc0 ffffff90 76a57650 ffffffc3
1628:<4>[  123.175567s][pid:6550,cpu6,lshw-bak,4]7280  49115630 ffffffc3 023a6000 ffffffc3 76a57330 ffffffc3 76a57330 00000006
1629:<4>[  123.175567s][pid:6550,cpu6,lshw-bak,5]72a0  29488600 ffffff90 00000000 00000000 41b58ab3 00000000 2a150ee8 ffffff90
1630:<4>[  123.175598s][pid:6550,cpu6,lshw-bak,6]72c0  27a8a488 ffffff90 00000000 00000000 41003858 00000000 2a164498 ffffff90
1631:<4>[  123.175598s][pid:6550,cpu6,lshw-bak,7]72e0  27c2d0bc ffffff90 19f47e00 e76abf55 00294f28 ffffffc3 00000010 00000000
1632:<4>[  123.175628s][pid:6550,cpu6,lshw-bak,8]7300  023a67c8 ffffffc3 19f47e00 e76abf55 76a57330 ffffffc3 27a944a8 ffffff90
1633:<4>[  123.175628s][pid:6550,cpu6,lshw-bak,9]7320  2b2eda60 ffffff90 00000000 00000000 76a57390 ffffffc3 27aa9b40 ffffff90
1634:<4>[  123.175659s][pid:6550,cpu6,lshw-bak,0]7340  2949b480 ffffff90 96000004 00000000 00000058 00080700 76a57550 ffffffc3
1635:<4>[  123.175659s][pid:6550,cpu6,lshw-bak,1]
1637:<4>[  123.175659s][pid:6550,cpu6,lshw-bak,2]5090  00000000 00000000 00000000 00000000 00000000 00000000 00000000 00000000
1638:<4>[  123.175689s][pid:6550,cpu6,lshw-bak,3]50b0  00000000 00000000 00000000 00000000 00000000 00000000 00000000 00000000
1639:<4>[  123.175689s][pid:6550,cpu6,lshw-bak,4]50d0  00000000 00000000 00000000 00000000 00000000 00000000 00000000 00000000
1640:<4>[  123.175720s][pid:6550,cpu6,lshw-bak,5]50f0  00000000 00000000 00000000 00000000 bbe070fa 9fa26359 00000000 00000000
1641:<4>[  123.175720s][pid:6550,cpu6,lshw-bak,6]5110  00000007 00080700 00027003 ffffffff 00000000 ffffffff 05a48f48 00000000
1642:<4>[  123.175750s][pid:6550,cpu6,lshw-bak,7]5130  00000000 00000000 32267500 ffffffc3 7eee5140 ffffffc3 7eee5140 ffffffc3
1643:<4>[  123.175750s][pid:6550,cpu6,lshw-bak,8]5150  7eee5150 ffffffc3 7eee5150 ffffffc3 7eee5160 ffffffc3 00000000 00000000
1644:<4>[  123.175781s][pid:6550,cpu6,lshw-bak,9]5170  00000000 00000000 00000000 00000000 00000000 00000000 00000000 00000000
1645:<4>[  123.175781s][pid:6550,cpu6,lshw-bak,0]
1647:<4>[  123.175781s][pid:6550,cpu6,lshw-bak,1]5f90  aedbc4b8 0000007f aed620f8 0000007f aee0d180 0000007f a8c59e70 0000007f
1648:<4>[  123.175811s][pid:6550,cpu6,lshw-bak,2]5fb0  aedab940 0000007f 00014c30 00000000 00000000 00000000 aed76490 0000007f
1649:<4>[  123.175811s][pid:6550,cpu6,lshw-bak,3]5fd0  a8c589a0 0000007f aee108e0 0000007f 00000000 00000000 afa43780 0000007f
1650:<4>[  123.175842s][pid:6550,cpu6,lshw-bak,4]5ff0  aee108a0 0000007f 00000000 00000000 00000220 00000000 ffffffff ffffffff
1651:<4>[  123.175842s][pid:6550,cpu6,lshw-bak,5]6010  00000003 00000000 00000000 00000000 76a50000 ffffffc3 00000002 00404100
1652:<4>[  123.175872s][pid:6550,cpu6,lshw-bak,6]6030  00000000 00000000 023a6038 ffffffc3 023a6038 ffffffc3 00000000 00000000
1653:<4>[  123.175872s][pid:6550,cpu6,lshw-bak,7]6050  00000000 00000000 00000001 00000006 000000bd 00000000 ffff41ac 00000000
1654:<4>[  123.175903s][pid:6550,cpu6,lshw-bak,8]6070  2dc12000 ffffffc3 00000000 00000000 00000000 00000007 00000006 00000001
1655:<4>[  123.175903s][pid:6550,cpu6,lshw-bak,9]
1657:<4>[  123.175903s][pid:6550,cpu6,lshw-bak,0]54a8  491154a0 ffffffc3 6cddbb70 ffffffc3 00000000 00000000 0000182d 84000104
1658:<4>[  123.175933s][pid:6550,cpu6,lshw-bak,1]54c8  00000030 db400074 491154d0 ffffffc3 491154d0 ffffffc3 00000000 00000000
1659:<4>[  123.175933s][pid:6550,cpu6,lshw-bak,2]54e8  00000000 00000000 491154f0 ffffffc3 491154f0 ffffffc3 00000000 00000000
1660:<4>[  123.175964s][pid:6550,cpu6,lshw-bak,3]5508  00000000 00000000 950caa20 ffffffc3 c0f654c8 ffffffc2 79255fd0 ffffffc3
1661:<4>[  123.175964s][pid:6550,cpu6,lshw-bak,4]5528  2993d320 ffffff90 00000000 dead4ead ffffffff 00000000 ffffffff ffffffff
1662:<4>[  123.175994s][pid:6550,cpu6,lshw-bak,5]5548  00000000 00000000 00000001 00000000 00020000 0000001d 00000000 00000000
1663:<4>[  123.175994s][pid:6550,cpu6,lshw-bak,6]5568  00000000 dead4ead ffffffff 00000000 ffffffff ffffffff 00000000 00000000
1664:<4>[  123.175994s][pid:6550,cpu6,lshw-bak,7]5588  49115588 ffffffc3 49115588 ffffffc3 00000000 00000000 00000000 00000000
1665:<4>[  123.176025s][pid:6550,cpu6,lshw-bak,8]
1667:<4>[  123.176025s][pid:6550,cpu6,lshw-bak,9]55b0  ffffffff ffffffff 00000000 00000000 00000000 00000000 00000000 00000000
1668:<4>[  123.176055s][pid:6550,cpu6,lshw-bak,0]55d0  25315300 ffffffc3 00000000 00000000 00000000 00000000 00000000 00000000
1669:<4>[  123.176055s][pid:6550,cpu6,lshw-bak,1]55f0  00000000 00000000 00000000 00000000 302d8f00 ffffffc2 00000000 00000000
1670:<4>[  123.176086s][pid:6550,cpu6,lshw-bak,2]5610  49115610 ffffffc3 49115610 ffffffc3 49115620 ffffffc3 49115620 ffffffc3
1671:<4>[  123.176086s][pid:6550,cpu6,lshw-bak,3]5630  79256178 ffffffc3 00000000 00000000 00001996 84000104 00000030 db400074
1672:<4>[  123.176086s][pid:6550,cpu6,lshw-bak,4]5650  49115648 ffffffc3 8d8aec00 ffffffc3 40000000 00000000 40000000 00000000
1673:<4>[  123.176116s][pid:6550,cpu6,lshw-bak,5]5670  00000000 00000000 00000000 00000000 00000000 00000000 00000000 00000000
1674:<4>[  123.176116s][pid:6550,cpu6,lshw-bak,6]5690  954e2420 ffffffc3 93fac578 ffffffc3 e6b2a6a0 ffffffc2 29530320 ffffff90
1675:<4>[  123.176147s][pid:6550,cpu6,lshw-bak,7]
1677:<4>[  123.176147s][pid:6550,cpu6,lshw-bak,8]7610  00000002 00000000 023a6010 ffffffc3 49115528 ffffffc3 49115630 ffffffc3
1678:<4>[  123.176177s][pid:6550,cpu6,lshw-bak,9]7630  27dfeac8 ffffff90 76a57690 ffffffc3 2945cd40 ffffff90 76a57690 ffffffc3
1679:<4>[  123.176177s][pid:6550,cpu6,lshw-bak,0]7650  2945cd40 ffffff90 40400005 00000000 00000001 00000000 00000002 00000000
1680:<4>[  123.176177s][pid:6550,cpu6,lshw-bak,1]7670  ffffffff 0000007f 19f47e00 e76abf55 76a57690 ffffffc3 2945cd40 ffffff90
1681:<4>[  123.176208s][pid:6550,cpu6,lshw-bak,2]7690  76a57780 ffffffc3 2945ce5c ffffff90 7eee5110 ffffffc3 79255fd0 ffffffc3
1682:<4>[  123.176208s][pid:6550,cpu6,lshw-bak,3]76b0  49115500 ffffffc3 7eee5100 ffffffc3 2993cea0 ffffff90 7eee5110 ffffffc3
1683:<4>[  123.176239s][pid:6550,cpu6,lshw-bak,4]76d0  49115500 ffffffc3 49115528 ffffffc3 00000100 00000000 000000e8 00000000
1684:<4>[  123.176239s][pid:6550,cpu6,lshw-bak,5]76f0  41b58ab3 00000000 2a150ef8 ffffff90 41b58ab3 00000000 2a15e5a0 ffffff90
1685:<4>[  123.176269s][pid:6550,cpu6,lshw-bak,6]
1686:<4>[  123.176269s][pid:6550,cpu6,lshw-bak,7]Call trace:
1687:<4>[  123.176269s][pid:6550,cpu6,lshw-bak,8] __mutex_lock.isra.1+0x608/0x700
1688:<4>[  123.176269s][pid:6550,cpu6,lshw-bak,9] __mutex_lock_slowpath+0x24/0x30
1689:<4>[  123.176300s][pid:6550,cpu6,lshw-bak,0] mutex_lock+0x50/0x58
1690:<4>[  123.176300s][pid:6550,cpu6,lshw-bak,1] fb_open+0x104/0x248
1691:<4>[  123.176300s][pid:6550,cpu6,lshw-bak,2] chrdev_open+0x144/0x290
1692:<4>[  123.176300s][pid:6550,cpu6,lshw-bak,3] do_dentry_open+0x1dc/0x5d8
1693:<4>[  123.176330s][pid:6550,cpu6,lshw-bak,4] vfs_open+0x58/0x68
1694:<4>[  123.176330s][pid:6550,cpu6,lshw-bak,5] path_openat+0x530/0x1bc8
1695:<4>[  123.176330s][pid:6550,cpu6,lshw-bak,6] do_filp_open+0xf0/0x180
1696:<4>[  123.176330s][pid:6550,cpu6,lshw-bak,7] do_sys_open+0x208/0x378
1697:<4>[  123.176361s][pid:6550,cpu6,lshw-bak,8] __arm64_sys_openat+0x5c/0x70
1698:<4>[  123.176361s][pid:6550,cpu6,lshw-bak,9] el0_svc_common+0xd4/0x1d8
1699:<4>[  123.176361s][pid:6550,cpu6,lshw-bak,0] el0_svc_handler+0x9c/0xc0
1700:<4>[  123.176361s][pid:6550,cpu6,lshw-bak,1] el0_svc+0x8/0xc
1701:<0>[  123.176391s][pid:6550,cpu6,lshw-bak,2]Code: 97fff9dc 17ffffe9 910162a0 97a58b81 (b9405ab5) 
1702:<4>[  123.176391s][pid:6550,cpu6,lshw-bak,3]---[ end trace 3c5fedb524b1a208 ]---
1703:<0>[  123.176391s][pid:6550,cpu6,lshw-bak,4]Kernel panic - not syncing: Fatal exception
1704:<2>[  123.176391s][pid:6550,cpu6,lshw-bak,5]SMP: stopping secondary CPUs
2087:<0>[  123.183441s][pid:6550,cpu6,lshw-bak,8]Kernel Offset: 0x1fa00000 from 0xffffff9008000000
2088:<0>[  123.183441s][pid:6550,cpu6,lshw-bak,9]CPU features: 0x0,0a002218
2089:<0>[  123.183441s][pid:6550,cpu6,lshw-bak,0]Memory Limit: none
2090:<4>[  123.183441s][pid:6550,cpu6,lshw-bak,1]sensorhub_panic_notify start
2091:<4>[  123.183471s][pid:6550,cpu6,lshw-bak,2]__send_nmi: g_sysctrl_base is 0000000035ed0d16, nmi_reg is 0x588
2092:<3>[  123.183471s][pid:6550,cpu6,lshw-bak,3]IOMCU NMI
2093:<4>[  123.183471s][pid:6550,cpu6,lshw-bak,4]sensorhub_panic_notify
2094:<4>[  123.198303s][pid:6550,cpu6,lshw-bak,5]sensorhub_panic_notify done
2095:<4>[  123.198333s][pid:6550,cpu6,lshw-bak,6]wifi panic debug off
2096:<6>[  123.198333s][pid:6550,cpu6,lshw-bak,7][blackbox]:[rdr_hisiap_panic_notify], ===> enter panic notify!
2097:<6>[  123.198333s][pid:6550,cpu6,lshw-bak,8][hisi_hw_diaginfo_trace]err_id:925200002
2098:<3>[  123.198333s][pid:6550,cpu6,lshw-bak,9][blackbox]:<bbox fail>is_modem_exception start
2099:<4>[  123.198364s][pid:6550,cpu6,lshw-bak,0]find_hisi_module: mod->name = vfs_monitor
2100:<4>[  123.198364s][pid:6550,cpu6,lshw-bak,1]find_hisi_module: mod->name = udl
2101:<4>[  123.198364s][pid:6550,cpu6,lshw-bak,2]find_hisi_module: mod->name = wifi_1105
2102:<4>[  123.198364s][pid:6550,cpu6,lshw-bak,3]find_hisi_module: mod->name = plat_1105
2103:<4>[  123.198394s][pid:6550,cpu6,lshw-bak,4]find_hisi_module: mod->name = uos_resources
2104:<4>[  123.198394s][pid:6550,cpu6,lshw-bak,5]find_hisi_module: mod->name = uos_bluetooth_connection_control
2105:<4>[  123.198394s][pid:6550,cpu6,lshw-bak,6]find_hisi_module: mod->name = lightorange
2106:<4>[  123.198394s][pid:6550,cpu6,lshw-bak,7]find_hisi_module: mod->name = lightnut
2107:<4>[  123.198394s][pid:6550,cpu6,lshw-bak,8]find_hisi_module: mod->name = lightfig
2108:<4>[  123.198425s][pid:6550,cpu6,lshw-bak,9]find_hisi_module: mod->name = lightcherry
2109:<4>[  123.198425s][pid:6550,cpu6,lshw-bak,0]find_hisi_module: mod->name = filearmor
2110:<4>[  123.198425s][pid:6550,cpu6,lshw-bak,1]find_hisi_module: mod->name = deepin_netmonitor
2111:<3>[  123.198425s][pid:6550,cpu6,lshw-bak,2][blackbox]:<bbox fail>modem ko module no found
2112:<6>[  123.198425s][pid:6550,cpu6,lshw-bak,3][blackbox]:>>>>>enter blackbox rdr_syserr_process_for_ap: 0156
2113:<1>[  123.198455s][pid:6550,cpu6,lshw-bak,4]printk_level_setup: 7
2114:<0>[  123.198455s][pid:6550,cpu6,lshw-bak,5][blackbox]:Linux version 4.19.71-arm64-desktop (shaoyang@uosserver-PC) (clang version 9.0.3 (based on LLVM 9.0.3svn)) #6200.57055.5.test SMP PREEMPT Wed Nov 22 19:44:11 CST 2023
2115:<4>[  123.198455s][pid:6550,cpu6,lshw-bak,6]Call trace:
2116:<4>[  123.198455s][pid:6550,cpu6,lshw-bak,7] dump_backtrace+0x0/0x2d8
2117:<4>[  123.198486s][pid:6550,cpu6,lshw-bak,8] show_stack+0x24/0x30
2118:<4>[  123.198486s][pid:6550,cpu6,lshw-bak,9] rdr_syserr_process_for_ap+0xfc/0x2d8
2119:<4>[  123.198486s][pid:6550,cpu6,lshw-bak,0] rdr_hisiap_panic_notify+0x150/0x188
2120:<4>[  123.198486s][pid:6550,cpu6,lshw-bak,1] notifier_call_chain+0x78/0xc8
2121:<4>[  123.198516s][pid:6550,cpu6,lshw-bak,2] atomic_notifier_call_chain+0x40/0x60
2122:<4>[  123.198516s][pid:6550,cpu6,lshw-bak,3] panic+0x23c/0x364
2123:<4>[  123.198516s][pid:6550,cpu6,lshw-bak,4] die+0x254/0x270
2124:<4>[  123.198516s][pid:6550,cpu6,lshw-bak,5] die_kernel_fault+0x68/0x80
2125:<4>[  123.198547s][pid:6550,cpu6,lshw-bak,6] __do_kernel_fault+0xa0/0xc0
2126:<4>[  123.198547s][pid:6550,cpu6,lshw-bak,7] do_translation_fault+0x70/0xc4
2127:<4>[  123.198547s][pid:6550,cpu6,lshw-bak,8] do_mem_abort+0xb8/0x188
2128:<4>[  123.198547s][pid:6550,cpu6,lshw-bak,9] el1_da+0x20/0x80
2129:<4>[  123.198577s][pid:6550,cpu6,lshw-bak,0] __mutex_lock.isra.1+0x608/0x700
2130:<4>[  123.198577s][pid:6550,cpu6,lshw-bak,1] __mutex_lock_slowpath+0x24/0x30
2131:<4>[  123.198577s][pid:6550,cpu6,lshw-bak,2] mutex_lock+0x50/0x58
2132:<4>[  123.198577s][pid:6550,cpu6,lshw-bak,3] fb_open+0x104/0x248
2133:<4>[  123.198608s][pid:6550,cpu6,lshw-bak,4] chrdev_open+0x144/0x290
2134:<4>[  123.198608s][pid:6550,cpu6,lshw-bak,5] do_dentry_open+0x1dc/0x5d8
2135:<4>[  123.198608s][pid:6550,cpu6,lshw-bak,6] vfs_open+0x58/0x68
2136:<4>[  123.198608s][pid:6550,cpu6,lshw-bak,7] path_openat+0x530/0x1bc8
2137:<4>[  123.198608s][pid:6550,cpu6,lshw-bak,8] do_filp_open+0xf0/0x180
2138:<4>[  123.198638s][pid:6550,cpu6,lshw-bak,9] do_sys_open+0x208/0x378
2139:<4>[  123.198638s][pid:6550,cpu6,lshw-bak,0] __arm64_sys_openat+0x5c/0x70
2140:<4>[  123.198638s][pid:6550,cpu6,lshw-bak,1] el0_svc_common+0xd4/0x1d8
2141:<4>[  123.198638s][pid:6550,cpu6,lshw-bak,2] el0_svc_handler+0x9c/0xc0
2142:<4>[  123.198669s][pid:6550,cpu6,lshw-bak,3] el0_svc+0x8/0xc
2143:<6>[  123.198669s][pid:6550,cpu6,lshw-bak,4][blackbox]:>>>>>enter blackbox rdr_field_baseinfo_reinit: 0115
2144:<6>[  123.198669s][pid:6550,cpu6,lshw-bak,5][blackbox]:<<<<<exit  blackbox rdr_field_baseinfo_reinit: 0129
2145:<6>[  123.198669s][pid:6550,cpu6,lshw-bak,6][blackbox]:>>>>>enter blackbox rdr_save_args: 0287
2146:<6>[  123.198699s][pid:6550,cpu6,lshw-bak,7][blackbox]:<<<<<exit  blackbox rdr_save_args: 0292
2147:<6>[  123.198699s][pid:6550,cpu6,lshw-bak,8]>>>>>enter blackbox rdr_exception_trace_record: 0331
2148:<6>[  123.198699s][pid:6550,cpu6,lshw-bak,9]<<<<<exit  blackbox rdr_exception_trace_record: 0357
2149:<6>[  123.198730s][pid:6550,cpu6,lshw-bak,0][blackbox]:[set_reboot_reason]:set reboot_reason is 0x60
2150:<6>[  123.198760s][pid:6550,cpu6,lshw-bak,1][blackbox]:[set_subtype_exception]:set subtype is 0x0
2151:<6>[  123.198760s][pid:6550,cpu6,lshw-bak,2][blackbox]:>>>>>enter blackbox rdr_get_timestamp: 0210
2152:<6>[  123.198760s][pid:6550,cpu6,lshw-bak,3][blackbox]:<<<<<exit  blackbox rdr_get_timestamp: 0227
2153:<6>[  123.198760s][pid:6550,cpu6,lshw-bak,4][blackbox]:>>>>>enter blackbox rdr_fill_edata: 0297
2154:<6>[  123.198791s][pid:6550,cpu6,lshw-bak,5][blackbox]:<<<<<exit  blackbox rdr_fill_edata: 0314
2155:<6>[  123.198791s][pid:6550,cpu6,lshw-bak,6][blackbox]:>>>>>enter blackbox rdr_notify_module_dump: 0450
2156:<6>[  123.198791s][pid:6550,cpu6,lshw-bak,7][blackbox]:dump module data [AP] start!
2157:<6>[  123.198791s][pid:6550,cpu6,lshw-bak,8][blackbox]:[rdr_hisiap_dump], begin
2158:<6>[  123.198822s][pid:6550,cpu6,lshw-bak,9][blackbox]:modid is 0x80000001, etype is 0x60
2159:<6>[  123.198822s][pid:6550,cpu6,lshw-bak,0][blackbox]:exception_info is [__mutex_lock.isra.1+0x608/0x700],len is [31]
2160:<6>[  123.198822s][pid:6550,cpu6,lshw-bak,1][blackbox]:rdr_hisiap_dump modid[80000001],etype[60],coreid[1], log_path[(null)]
2161:<6>[  123.198822s][pid:6550,cpu6,lshw-bak,2][blackbox]:[rdr_hisiap_dump], hisi_trace_hook_uninstall start!
2162:<6>[  123.198852s][pid:6550,cpu6,lshw-bak,3][blackbox]:rdr_hisiap_dump log_path_ptr [0000000019044ddc]
2163:<6>[  123.198852s][pid:6550,cpu6,lshw-bak,4][blackbox]:[rdr_hisiap_dump], regs_dump start!
2164:<6>[  123.198852s][pid:6550,cpu6,lshw-bak,5][blackbox]:[rdr_hisiap_dump], last_task_stack_dump start!
2165:<6>[  123.198852s][pid:6550,cpu6,lshw-bak,6][blackbox]:[rdr_hisiap_dump], save_module_dump_mem start!
2166:<6>[  123.198883s][pid:6550,cpu6,lshw-bak,7][blackbox]:[save_module_dump_mem], enter
2167:<6>[  123.198883s][pid:6550,cpu6,lshw-bak,8][hisi_noc]:[noc_dump]:addr=0x00000000662acd58,size=[0x824/0x1000]
2168:<3>[  123.198913s][pid:6550,cpu6,lshw-bak,9][hisi_noc]:[modem_bus]:NoC Bus Node Not Availble.
2169:<3>[  123.198944s][pid:6550,cpu6,lshw-bak,0][hisi_noc]:[vcodec_bus]:NoC Bus Node Not Availble.
2170:<3>[  123.198944s][pid:6550,cpu6,lshw-bak,1][hisi_noc]:[npu_bus]:NoC Bus Node Not Availble.
2171:<3>[  123.198944s][pid:6550,cpu6,lshw-bak,2][hisi_noc]:[modem_transcation_bus]:Not NoC Error Probe Bus Node.
2172:<3>[  123.198974s][pid:6550,cpu6,lshw-bak,3][hisi_noc]:[dss0_rd_transcation_bus]:Not NoC Error Probe Bus Node.
2173:<3>[  123.198974s][pid:6550,cpu6,lshw-bak,4][hisi_noc]:[dss0_wr_transcation_bus]:Not NoC Error Probe Bus Node.
2174:<3>[  123.198974s][pid:6550,cpu6,lshw-bak,5][hisi_noc]:[dss1_rd_transcation_bus]:Not NoC Error Probe Bus Node.
2175:<3>[  123.198974s][pid:6550,cpu6,lshw-bak,6][hisi_noc]:[dss1_wr_transcation_bus]:Not NoC Error Probe Bus Node.
2176:<3>[  123.198974s][pid:6550,cpu6,lshw-bak,7][hisi_noc]:[isp_rd_transcation_bus]:Not NoC Error Probe Bus Node.
2177:<3>[  123.199005s][pid:6550,cpu6,lshw-bak,8][hisi_noc]:[isp_wr_transcation_bus]:Not NoC Error Probe Bus Node.
2178:<3>[  123.199005s][pid:6550,cpu6,lshw-bak,9][hisi_noc]:[isp_cpu_rd_transcation_bus]:Not NoC Error Probe Bus Node.
2179:<3>[  123.199005s][pid:6550,cpu6,lshw-bak,0][hisi_noc]:[isp_cpu_wr_transcation_bus]:Not NoC Error Probe Bus Node.
2180:<3>[  123.199005s][pid:6550,cpu6,lshw-bak,1][hisi_noc]:[dpctrl_transcation_bus]:Not NoC Error Probe Bus Node.
2181:<3>[  123.199035s][pid:6550,cpu6,lshw-bak,2][hisi_noc]:[sysbus_packet_bus]:Not NoC Error Probe Bus Node.
2182:<3>[  123.199035s][pid:6550,cpu6,lshw-bak,3][hisi_noc]:***NoPendingTrans status***
2183:<3>[  123.199035s][pid:6550,cpu6,lshw-bak,4][hisi_noc]:PCTRL_PERI_STAT2 = 0x0
2184:<3>[  123.199035s][pid:6550,cpu6,lshw-bak,5][hisi_noc]:SCTRL_SCPERSTATUS6 = 0x3dc00000
2185:<3>[  123.199066s][pid:6550,cpu6,lshw-bak,6][hisi_noc]:***LowPower HandInHand***
2186:<3>[  123.199066s][pid:6550,cpu6,lshw-bak,7][hisi_noc]:PMCTRL_NOC_POWER_IDLEREQ = 0x9306
2187:<3>[  123.199066s][pid:6550,cpu6,lshw-bak,8][hisi_noc]:PMCTRL_NOC_POWER_IDLEACK = 0x9306
2188:<3>[  123.199066s][pid:6550,cpu6,lshw-bak,9][hisi_noc]:PMCTRL_NOC_POWER_IDLE = 0x9306
2189:<3>[  123.199066s][pid:6550,cpu6,lshw-bak,0][hisi_noc]:***Timeout status***
2190:<3>[  123.199096s][pid:6550,cpu6,lshw-bak,1][hisi_noc]:PMCTRL_PERI_INT0_STAT = 0x0
2191:<3>[  123.199096s][pid:6550,cpu6,lshw-bak,2][hisi_noc]:PMCTRL_PERI_INT1_STAT = 0x0
2192:<3>[  123.199096s][pid:6550,cpu6,lshw-bak,3][hisi_noc]:SCTRL_SCPERSTATUS6 = 0x3dc00000
2193:<3>[  123.199096s][pid:6550,cpu6,lshw-bak,4][hisi_noc]:***ErrorProbe status***
2194:<3>[  123.199127s][pid:6550,cpu6,lshw-bak,5][hisi_noc]:[dma_bus]:no error probe happens on this node!
2195:<3>[  123.199127s][pid:6550,cpu6,lshw-bak,6][hisi_noc]:[sys_bus]:no error probe happens on this node!
2196:<3>[  123.199127s][pid:6550,cpu6,lshw-bak,7][hisi_noc]:[ao_bus]:no error probe happens on this node!
2197:<3>[  123.199127s][pid:6550,cpu6,lshw-bak,8][hisi_noc]:[modem_bus]: this node is power down, cannot access.
2198:<3>[  123.199157s][pid:6550,cpu6,lshw-bak,9][hisi_noc]:[mmc0_bus]:no error probe happens on this node!
2199:<3>[  123.199157s][pid:6550,cpu6,lshw-bak,0][hisi_noc]:[vcodec_bus]: this node is power down, cannot access.
2200:<3>[  123.199157s][pid:6550,cpu6,lshw-bak,1][hisi_noc]:[vivo_bus]:no error probe happens on this node!
2201:<3>[  123.199157s][pid:6550,cpu6,lshw-bak,2][hisi_noc]:[cfg_bus]:no error probe happens on this node!
2202:<3>[  123.199188s][pid:6550,cpu6,lshw-bak,3][hisi_noc]:[hsdt_bus]:no error probe happens on this node!
2203:<3>[  123.199188s][pid:6550,cpu6,lshw-bak,4][hisi_noc]:[npu_bus]: this node is power down, cannot access.
2204:<3>[  123.199188s][pid:6550,cpu6,lshw-bak,5][hisi_noc]:***Address interleaving status***
2205:<3>[  123.199188s][pid:6550,cpu6,lshw-bak,6][hisi_noc]:PCTRL_PERI_CTRL19 = 0x7f009e11
2206:<6>[  123.199218s][pid:6550,cpu6,lshw-bak,7][blackbox]:[save_module_dump_mem], exit
2207:<6>[  123.199218s][pid:6550,cpu6,lshw-bak,8][blackbox]:=================struct ap_eh_root================
2208:<6>[  123.199218s][pid:6550,cpu6,lshw-bak,9][blackbox]:[print_debug_info], dump_magic [0x19283746]
2209:<6>[  123.199218s][pid:6550,cpu6,lshw-bak,0][blackbox]:[print_debug_info], version []
2210:<6>[  123.199249s][pid:6550,cpu6,lshw-bak,1][blackbox]:[print_debug_info], modid [0x80000001]
2211:<6>[  123.199249s][pid:6550,cpu6,lshw-bak,2][blackbox]:[print_debug_info], e_exce_type [0x60],
2212:<6>[  123.199249s][pid:6550,cpu6,lshw-bak,3][blackbox]:[print_debug_info], e_exce_subtype [0x0],
2213:<6>[  123.199249s][pid:6550,cpu6,lshw-bak,4][blackbox]:[print_debug_info], coreid [0x1]
2214:<6>[  123.199249s][pid:6550,cpu6,lshw-bak,5][blackbox]:[print_debug_info], slice [4036488]
2215:<6>[  123.199279s][pid:6550,cpu6,lshw-bak,6][blackbox]:[print_debug_info], enter_times [0x1]
2216:<6>[  123.199279s][pid:6550,cpu6,lshw-bak,7][blackbox]:[print_debug_info], num_reg_regions [0x3]
2217:<6>[  123.199279s][pid:6550,cpu6,lshw-bak,8][blackbox]:[print_debug_info], reg_name [sctrl], reg_base [0x00000000ed4fb162], reg_size [0x800], reg_dump_addr [0x00000000239c21b3]
2218:<6>[  123.199279s][pid:6550,cpu6,lshw-bak,9][blackbox]:[print_debug_info], reg_name [pctrl], reg_base [0x000000009c14b434], reg_size [0xc00], reg_dump_addr [0x00000000c218c847]
2219:<6>[  123.199310s][pid:6550,cpu6,lshw-bak,0][blackbox]:[print_debug_info], reg_name [peri_crg], reg_base [0x00000000558c459a], reg_size [0xc00], reg_dump_addr [0x000000008f7603ad]
2220:<6>[  123.199310s][pid:6550,cpu6,lshw-bak,1][blackbox]:[rdr_hisiap_dump], exit!
2221:<6>[  123.199310s][pid:6550,cpu6,lshw-bak,2][blackbox]:>>>>>enter blackbox rdr_dump_done: 0299
2222:<6>[  123.199310s][pid:6550,cpu6,lshw-bak,3][blackbox]:rdr_dump_done: modid:[0x80000001], coreid:[0x1]
2223:<6>[  123.199340s][pid:6550,cpu6,lshw-bak,4][blackbox]:rdr_dump_done current mask:[0x1]
2224:<6>[  123.199340s][pid:6550,cpu6,lshw-bak,5][blackbox]:<<<<<exit  blackbox rdr_dump_done: 0313
2225:<6>[  123.199340s][pid:6550,cpu6,lshw-bak,6][blackbox]:dump module data [AP] end!
2226:<6>[  123.199340s][pid:6550,cpu6,lshw-bak,7][blackbox]:Skip module core [0x1]. rdr_notify_module_dump:475
2227:<6>[  123.199340s][pid:6550,cpu6,lshw-bak,8][blackbox]:<<<<<exit  blackbox rdr_notify_module_dump: 0505
2228:<6>[  123.199371s][pid:6550,cpu6,lshw-bak,9][blackbox]:>>>>>enter blackbox rdr_record_reboot_times2mem: 0875
2229:<6>[  123.199371s][pid:6550,cpu6,lshw-bak,0][blackbox]:<<<<<exit  blackbox rdr_record_reboot_times2mem: 0878
2230:<6>[  123.199371s][pid:6550,cpu6,lshw-bak,1][blackbox]:>>>>>enter blackbox rdr_notify_module_reset: 0338
2231:<6>[  123.199371s][pid:6550,cpu6,lshw-bak,2][blackbox]:p_module_ops->s_core_id is [0x1]
2232:<6>[  123.199401s][pid:6550,cpu6,lshw-bak,3][blackbox]:reboot priority[Now], need reboot flag[false] syserr list[empty], coreid mask[0x1]
2233:<6>[  123.199401s][pid:6550,cpu6,lshw-bak,4][blackbox]:reboot now!
2234:<6>[  123.199401s][pid:6550,cpu6,lshw-bak,5][blackbox]:rdr_hisiap_reset start
2235:<6>[  123.199401s][pid:6550,cpu6,lshw-bak,6][blackbox]:printk_time is 123199401855, 32k_abs_timer_value is 4036506
2236:<6>[  123.199432s][pid:6550,cpu6,lshw-bak,7][blackbox]:rdr_hisiap_reset blk flush ok
2238:<6>[  123.199340s][pid:6550,cpu6,lshw-bak,8][blackbox]:<<<<<exit  blackbox rdr_notify_module_dump: 0505
2239:<6>[  123.199371s][pid:6550,cpu6,lshw-bak,9][blackbox]:>>>>>enter blackbox rdr_record_reboot_times2mem: 0875
2240:<6>[  123.199371s][pid:6550,cpu6,lshw-bak,0][blackbox]:<<<<<exit  blackbox rdr_record_reboot_times2mem: 0878
2241:<6>[  123.199371s][pid:6550,cpu6,lshw-bak,1][blackbox]:>>>>>enter blackbox rdr_notify_module_reset: 0338
2242:<6>[  123.199371s][pid:6550,cpu6,lshw-bak,2][blackbox]:p_module_ops->s_core_id is [0x1]
2243:<6>[  123.199401s][pid:6550,cpu6,lshw-bak,3][blackbox]:reboot priority[Now], need reboot flag[false] syserr list[empty], coreid mask[0x1]
2244:<6>[  123.199401s][pid:6550,cpu6,lshw-bak,4][blackbox]:reboot now!
