monitor will print the received events for:
UDEV - the event which udev sends out after rule processing
KERNEL - the kernel uevent

KERNEL[282.209808] change   /devices/platform/echub_battery/power_supply/Battery (power_supply)
UDEV  [282.223430] change   /devices/platform/echub_battery/power_supply/Battery (power_supply)
KERNEL[289.139346] add      /devices/platform/hisi_usb@f8480000/f8400000.dwc3/xhci-hcd.0.auto/usb1/1-1/1-1.1 (usb)
KERNEL[289.194474] add      /devices/platform/hisi_usb@f8480000/f8400000.dwc3/xhci-hcd.0.auto/usb1/1-1/1-1.1/1-1.1:1.0 (usb)
KERNEL[289.272659] bind     /devices/platform/hisi_usb@f8480000/f8400000.dwc3/xhci-hcd.0.auto/usb1/1-1/1-1.1/1-1.1:1.0 (usb)
KERNEL[289.273426] bind     /devices/platform/hisi_usb@f8480000/f8400000.dwc3/xhci-hcd.0.auto/usb1/1-1/1-1.1 (usb)
UDEV  [289.281902] add      /devices/platform/hisi_usb@f8480000/f8400000.dwc3/xhci-hcd.0.auto/usb1/1-1/1-1.1 (usb)
UDEV  [289.309308] add      /devices/platform/hisi_usb@f8480000/f8400000.dwc3/xhci-hcd.0.auto/usb1/1-1/1-1.1/1-1.1:1.0 (usb)
UDEV  [289.320790] bind     /devices/platform/hisi_usb@f8480000/f8400000.dwc3/xhci-hcd.0.auto/usb1/1-1/1-1.1/1-1.1:1.0 (usb)
UDEV  [289.331993] bind     /devices/platform/hisi_usb@f8480000/f8400000.dwc3/xhci-hcd.0.auto/usb1/1-1/1-1.1 (usb)
KERNEL[289.721637] add      /devices/platform/hisi_usb@f8480000/f8400000.dwc3/xhci-hcd.0.auto/usb1/1-1/1-1.1/1-1.1.1 (usb)
KERNEL[289.767627] add      /devices/platform/hisi_usb@f8480000/f8400000.dwc3/xhci-hcd.0.auto/usb1/1-1/1-1.1/1-1.1.1/1-1.1.1:1.0 (usb)
KERNEL[290.381486] add      /devices/platform/hisi_usb@f8480000/f8400000.dwc3/xhci-hcd.0.auto/usb1/1-1/1-1.1/1-1.1.1/1-1.1.1:1.0/graphics/fb2 (graphics)
KERNEL[290.383903] add      /devices/platform/hisi_usb@f8480000/f8400000.dwc3/xhci-hcd.0.auto/usb1/1-1/1-1.1/1-1.1.1/1-1.1.1:1.0/drm/card1 (drm)
KERNEL[290.384159] add      /devices/platform/hisi_usb@f8480000/f8400000.dwc3/xhci-hcd.0.auto/usb1/1-1/1-1.1/1-1.1.1/1-1.1.1:1.0/drm/card1/card1-DVI-I-1 (drm)
KERNEL[290.384355] change   /devices/platform/hisi_usb@f8480000/f8400000.dwc3/xhci-hcd.0.auto/usb1/1-1/1-1.1/1-1.1.1/1-1.1.1:1.0/drm/card1 (drm)
KERNEL[290.384514] bind     /devices/platform/hisi_usb@f8480000/f8400000.dwc3/xhci-hcd.0.auto/usb1/1-1/1-1.1/1-1.1.1/1-1.1.1:1.0 (usb)
KERNEL[290.384676] bind     /devices/platform/hisi_usb@f8480000/f8400000.dwc3/xhci-hcd.0.auto/usb1/1-1/1-1.1/1-1.1.1 (usb)
UDEV  [290.416556] add      /devices/platform/hisi_usb@f8480000/f8400000.dwc3/xhci-hcd.0.auto/usb1/1-1/1-1.1/1-1.1.1 (usb)
UDEV  [290.427672] add      /devices/platform/hisi_usb@f8480000/f8400000.dwc3/xhci-hcd.0.auto/usb1/1-1/1-1.1/1-1.1.1/1-1.1.1:1.0 (usb)
UDEV  [290.445024] add      /devices/platform/hisi_usb@f8480000/f8400000.dwc3/xhci-hcd.0.auto/usb1/1-1/1-1.1/1-1.1.1/1-1.1.1:1.0/graphics/fb2 (graphics)
UDEV  [290.466533] add      /devices/platform/hisi_usb@f8480000/f8400000.dwc3/xhci-hcd.0.auto/usb1/1-1/1-1.1/1-1.1.1/1-1.1.1:1.0/drm/card1 (drm)
UDEV  [290.483089] add      /devices/platform/hisi_usb@f8480000/f8400000.dwc3/xhci-hcd.0.auto/usb1/1-1/1-1.1/1-1.1.1/1-1.1.1:1.0/drm/card1/card1-DVI-I-1 (drm)
UDEV  [290.511641] change   /devices/platform/hisi_usb@f8480000/f8400000.dwc3/xhci-hcd.0.auto/usb1/1-1/1-1.1/1-1.1.1/1-1.1.1:1.0/drm/card1 (drm)
UDEV  [290.520553] bind     /devices/platform/hisi_usb@f8480000/f8400000.dwc3/xhci-hcd.0.auto/usb1/1-1/1-1.1/1-1.1.1/1-1.1.1:1.0 (usb)
UDEV  [290.549280] bind     /devices/platform/hisi_usb@f8480000/f8400000.dwc3/xhci-hcd.0.auto/usb1/1-1/1-1.1/1-1.1.1 (usb)
KERNEL[290.627039] add      /devices/platform/hisi_usb@f8480000/f8400000.dwc3/xhci-hcd.0.auto/usb1/1-1/1-1.1/1-1.1.2 (usb)
KERNEL[290.667416] add      /devices/platform/hisi_usb@f8480000/f8400000.dwc3/xhci-hcd.0.auto/usb1/1-1/1-1.1/1-1.1.2/1-1.1.2:1.0 (usb)
KERNEL[290.713288] bind     /devices/platform/hisi_usb@f8480000/f8400000.dwc3/xhci-hcd.0.auto/usb1/1-1/1-1.1/1-1.1.2/1-1.1.2:1.0 (usb)
KERNEL[290.718628] bind     /devices/platform/hisi_usb@f8480000/f8400000.dwc3/xhci-hcd.0.auto/usb1/1-1/1-1.1/1-1.1.2 (usb)
UDEV  [290.733535] add      /devices/platform/hisi_usb@f8480000/f8400000.dwc3/xhci-hcd.0.auto/usb1/1-1/1-1.1/1-1.1.2 (usb)
UDEV  [290.752317] add      /devices/platform/hisi_usb@f8480000/f8400000.dwc3/xhci-hcd.0.auto/usb1/1-1/1-1.1/1-1.1.2/1-1.1.2:1.0 (usb)
UDEV  [290.767609] bind     /devices/platform/hisi_usb@f8480000/f8400000.dwc3/xhci-hcd.0.auto/usb1/1-1/1-1.1/1-1.1.2/1-1.1.2:1.0 (usb)
UDEV  [290.780441] bind     /devices/platform/hisi_usb@f8480000/f8400000.dwc3/xhci-hcd.0.auto/usb1/1-1/1-1.1/1-1.1.2 (usb)
KERNEL[291.022988] add      /devices/platform/hisi_usb@f8480000/f8400000.dwc3/xhci-hcd.0.auto/usb1/1-1/1-1.1/1-1.1.5 (usb)
KERNEL[291.120548] add      /devices/platform/hisi_usb@f8480000/f8400000.dwc3/xhci-hcd.0.auto/usb1/1-1/1-1.1/1-1.1.5/1-1.1.5:1.0 (usb)
KERNEL[291.132711] add      /devices/platform/hisi_usb@f8480000/f8400000.dwc3/xhci-hcd.0.auto/usb1/1-1/1-1.1/1-1.1.5/1-1.1.5:1.0/0003:05AF:0060.0005 (hid)
KERNEL[291.134589] add      /devices/platform/hisi_usb@f8480000/f8400000.dwc3/xhci-hcd.0.auto/usb1/1-1/1-1.1/1-1.1.5/1-1.1.5:1.0/0003:05AF:0060.0005/hidraw/hidraw2 (hidraw)
KERNEL[291.135589] bind     /devices/platform/hisi_usb@f8480000/f8400000.dwc3/xhci-hcd.0.auto/usb1/1-1/1-1.1/1-1.1.5/1-1.1.5:1.0/0003:05AF:0060.0005 (hid)
KERNEL[291.137287] bind     /devices/platform/hisi_usb@f8480000/f8400000.dwc3/xhci-hcd.0.auto/usb1/1-1/1-1.1/1-1.1.5/1-1.1.5:1.0 (usb)
KERNEL[291.138656] add      /devices/platform/hisi_usb@f8480000/f8400000.dwc3/xhci-hcd.0.auto/usb1/1-1/1-1.1/1-1.1.5/1-1.1.5:1.1 (usb)
KERNEL[291.153858] add      /devices/platform/hisi_usb@f8480000/f8400000.dwc3/xhci-hcd.0.auto/usb1/1-1/1-1.1/1-1.1.5/1-1.1.5:1.1/0003:05AF:0060.0006 (hid)
KERNEL[291.155109] add      /devices/platform/hisi_usb@f8480000/f8400000.dwc3/xhci-hcd.0.auto/usb1/1-1/1-1.1/1-1.1.5/1-1.1.5:1.1/0003:05AF:0060.0006/input/input14 (input)
KERNEL[291.155972] add      /devices/platform/hisi_usb@f8480000/f8400000.dwc3/xhci-hcd.0.auto/usb1/1-1/1-1.1/1-1.1.5/1-1.1.5:1.1/0003:05AF:0060.0006/input/input14/event11 (input)
KERNEL[291.157111] add      /devices/platform/hisi_usb@f8480000/f8400000.dwc3/xhci-hcd.0.auto/usb1/1-1/1-1.1/1-1.1.5/1-1.1.5:1.1/0003:05AF:0060.0006/hidraw/hidraw3 (hidraw)
KERNEL[291.157592] bind     /devices/platform/hisi_usb@f8480000/f8400000.dwc3/xhci-hcd.0.auto/usb1/1-1/1-1.1/1-1.1.5/1-1.1.5:1.1/0003:05AF:0060.0006 (hid)
KERNEL[291.158067] bind     /devices/platform/hisi_usb@f8480000/f8400000.dwc3/xhci-hcd.0.auto/usb1/1-1/1-1.1/1-1.1.5/1-1.1.5:1.1 (usb)
KERNEL[291.158728] bind     /devices/platform/hisi_usb@f8480000/f8400000.dwc3/xhci-hcd.0.auto/usb1/1-1/1-1.1/1-1.1.5 (usb)
UDEV  [291.214422] add      /devices/platform/hisi_usb@f8480000/f8400000.dwc3/xhci-hcd.0.auto/usb1/1-1/1-1.1/1-1.1.5 (usb)
UDEV  [291.231028] add      /devices/platform/hisi_usb@f8480000/f8400000.dwc3/xhci-hcd.0.auto/usb1/1-1/1-1.1/1-1.1.5/1-1.1.5:1.0 (usb)
UDEV  [291.238973] add      /devices/platform/hisi_usb@f8480000/f8400000.dwc3/xhci-hcd.0.auto/usb1/1-1/1-1.1/1-1.1.5/1-1.1.5:1.1 (usb)
UDEV  [291.246180] add      /devices/platform/hisi_usb@f8480000/f8400000.dwc3/xhci-hcd.0.auto/usb1/1-1/1-1.1/1-1.1.5/1-1.1.5:1.0/0003:05AF:0060.0005 (hid)
UDEV  [291.256971] add      /devices/platform/hisi_usb@f8480000/f8400000.dwc3/xhci-hcd.0.auto/usb1/1-1/1-1.1/1-1.1.5/1-1.1.5:1.1/0003:05AF:0060.0006 (hid)
UDEV  [291.265174] add      /devices/platform/hisi_usb@f8480000/f8400000.dwc3/xhci-hcd.0.auto/usb1/1-1/1-1.1/1-1.1.5/1-1.1.5:1.0/0003:05AF:0060.0005/hidraw/hidraw2 (hidraw)
UDEV  [291.278968] bind     /devices/platform/hisi_usb@f8480000/f8400000.dwc3/xhci-hcd.0.auto/usb1/1-1/1-1.1/1-1.1.5/1-1.1.5:1.0/0003:05AF:0060.0005 (hid)
UDEV  [291.290377] add      /devices/platform/hisi_usb@f8480000/f8400000.dwc3/xhci-hcd.0.auto/usb1/1-1/1-1.1/1-1.1.5/1-1.1.5:1.1/0003:05AF:0060.0006/hidraw/hidraw3 (hidraw)
UDEV  [291.294898] bind     /devices/platform/hisi_usb@f8480000/f8400000.dwc3/xhci-hcd.0.auto/usb1/1-1/1-1.1/1-1.1.5/1-1.1.5:1.0 (usb)
UDEV  [291.296632] add      /devices/platform/hisi_usb@f8480000/f8400000.dwc3/xhci-hcd.0.auto/usb1/1-1/1-1.1/1-1.1.5/1-1.1.5:1.1/0003:05AF:0060.0006/input/input14 (input)
KERNEL[291.388430] change   /devices/platform/hisi_usb@f8480000/f8400000.dwc3/xhci-hcd.0.auto/usb1/1-1/1-1.1/1-1.1.1/1-1.1.1:1.0/drm/card1 (drm)
UDEV  [291.413956] change   /devices/platform/hisi_usb@f8480000/f8400000.dwc3/xhci-hcd.0.auto/usb1/1-1/1-1.1/1-1.1.1/1-1.1.1:1.0/drm/card1 (drm)
UDEV  [291.457101] add      /devices/platform/hisi_usb@f8480000/f8400000.dwc3/xhci-hcd.0.auto/usb1/1-1/1-1.1/1-1.1.5/1-1.1.5:1.1/0003:05AF:0060.0006/input/input14/event11 (input)
UDEV  [291.469455] bind     /devices/platform/hisi_usb@f8480000/f8400000.dwc3/xhci-hcd.0.auto/usb1/1-1/1-1.1/1-1.1.5/1-1.1.5:1.1/0003:05AF:0060.0006 (hid)
KERNEL[291.474203] add      /devices/platform/hisi_usb@f8480000/f8400000.dwc3/xhci-hcd.0.auto/usb1/1-1/1-1.1/1-1.1.2/1-1.1.2.1 (usb)
UDEV  [291.493041] bind     /devices/platform/hisi_usb@f8480000/f8400000.dwc3/xhci-hcd.0.auto/usb1/1-1/1-1.1/1-1.1.5/1-1.1.5:1.1 (usb)
KERNEL[291.500443] add      /devices/platform/hisi_usb@f8480000/f8400000.dwc3/xhci-hcd.0.auto/usb1/1-1/1-1.1/1-1.1.2/1-1.1.2.1/1-1.1.2.1:1.0 (usb)
KERNEL[291.506127] bind     /devices/platform/hisi_usb@f8480000/f8400000.dwc3/xhci-hcd.0.auto/usb1/1-1/1-1.1/1-1.1.2/1-1.1.2.1 (usb)
UDEV  [291.510471] add      /devices/platform/hisi_usb@f8480000/f8400000.dwc3/xhci-hcd.0.auto/usb1/1-1/1-1.1/1-1.1.2/1-1.1.2.1 (usb)
UDEV  [291.546139] bind     /devices/platform/hisi_usb@f8480000/f8400000.dwc3/xhci-hcd.0.auto/usb1/1-1/1-1.1/1-1.1.5 (usb)
UDEV  [291.554850] add      /devices/platform/hisi_usb@f8480000/f8400000.dwc3/xhci-hcd.0.auto/usb1/1-1/1-1.1/1-1.1.2/1-1.1.2.1/1-1.1.2.1:1.0 (usb)
UDEV  [291.618506] bind     /devices/platform/hisi_usb@f8480000/f8400000.dwc3/xhci-hcd.0.auto/usb1/1-1/1-1.1/1-1.1.2/1-1.1.2.1 (usb)
KERNEL[291.761368] add      /devices/platform/hisi_usb@f8480000/f8400000.dwc3/xhci-hcd.0.auto/usb1/1-1/1-1.1/1-1.1.7 (usb)
KERNEL[291.832909] add      /devices/platform/hisi_usb@f8480000/f8400000.dwc3/xhci-hcd.0.auto/usb1/1-1/1-1.1/1-1.1.7/1-1.1.7:1.0 (usb)
KERNEL[291.835425] bind     /devices/platform/hisi_usb@f8480000/f8400000.dwc3/xhci-hcd.0.auto/usb1/1-1/1-1.1/1-1.1.7 (usb)
UDEV  [291.837311] add      /devices/platform/hisi_usb@f8480000/f8400000.dwc3/xhci-hcd.0.auto/usb1/1-1/1-1.1/1-1.1.7 (usb)
UDEV  [291.851507] add      /devices/platform/hisi_usb@f8480000/f8400000.dwc3/xhci-hcd.0.auto/usb1/1-1/1-1.1/1-1.1.7/1-1.1.7:1.0 (usb)
UDEV  [291.960961] bind     /devices/platform/hisi_usb@f8480000/f8400000.dwc3/xhci-hcd.0.auto/usb1/1-1/1-1.1/1-1.1.7 (usb)
KERNEL[292.460632] change   /devices/platform/echub_battery/power_supply/Battery (power_supply)
UDEV  [292.469153] change   /devices/platform/echub_battery/power_supply/Battery (power_supply)
KERNEL[293.663373] change   /devices/platform/amba/fa04d000.i2c/i2c-4/4-0041/backlight/mipi2edp-backlight (backlight)
UDEV  [293.677206] change   /devices/platform/amba/fa04d000.i2c/i2c-4/4-0041/backlight/mipi2edp-backlight (backlight)
KERNEL[300.787004] remove   /devices/platform/hisi_usb@f8480000/f8400000.dwc3/xhci-hcd.0.auto/usb1/1-1/1-1.1/1-1.1.1/1-1.1.1:1.0/graphics/fb2 (graphics)
KERNEL[300.789871] remove   /devices/platform/hisi_usb@f8480000/f8400000.dwc3/xhci-hcd.0.auto/usb1/1-1/1-1.1/1-1.1.1/1-1.1.1:1.0/drm/card1/card1-DVI-I-1 (drm)
KERNEL[300.792305] remove   /devices/platform/hisi_usb@f8480000/f8400000.dwc3/xhci-hcd.0.auto/usb1/1-1/1-1.1/1-1.1.1/1-1.1.1:1.0/drm/card1 (drm)
KERNEL[300.792378] unbind   /devices/platform/hisi_usb@f8480000/f8400000.dwc3/xhci-hcd.0.auto/usb1/1-1/1-1.1/1-1.1.1/1-1.1.1:1.0 (usb)
KERNEL[300.793506] remove   /devices/platform/hisi_usb@f8480000/f8400000.dwc3/xhci-hcd.0.auto/usb1/1-1/1-1.1/1-1.1.1/1-1.1.1:1.0 (usb)
KERNEL[300.809957] unbind   /devices/platform/hisi_usb@f8480000/f8400000.dwc3/xhci-hcd.0.auto/usb1/1-1/1-1.1/1-1.1.1 (usb)
KERNEL[300.810837] remove   /devices/platform/hisi_usb@f8480000/f8400000.dwc3/xhci-hcd.0.auto/usb1/1-1/1-1.1/1-1.1.1 (usb)
UDEV  [300.814197] remove   /devices/platform/hisi_usb@f8480000/f8400000.dwc3/xhci-hcd.0.auto/usb1/1-1/1-1.1/1-1.1.1/1-1.1.1:1.0/graphics/fb2 (graphics)
KERNEL[300.816572] remove   /devices/platform/hisi_usb@f8480000/f8400000.dwc3/xhci-hcd.0.auto/usb1/1-1/1-1.1/1-1.1.2/1-1.1.2.1/1-1.1.2.1:1.0 (usb)
KERNEL[300.819674] unbind   /devices/platform/hisi_usb@f8480000/f8400000.dwc3/xhci-hcd.0.auto/usb1/1-1/1-1.1/1-1.1.2/1-1.1.2.1 (usb)
KERNEL[300.821043] remove   /devices/platform/hisi_usb@f8480000/f8400000.dwc3/xhci-hcd.0.auto/usb1/1-1/1-1.1/1-1.1.2/1-1.1.2.1 (usb)
UDEV  [300.822395] remove   /devices/platform/hisi_usb@f8480000/f8400000.dwc3/xhci-hcd.0.auto/usb1/1-1/1-1.1/1-1.1.1/1-1.1.1:1.0/drm/card1/card1-DVI-I-1 (drm)
KERNEL[300.827243] unbind   /devices/platform/hisi_usb@f8480000/f8400000.dwc3/xhci-hcd.0.auto/usb1/1-1/1-1.1/1-1.1.2/1-1.1.2:1.0 (usb)
KERNEL[300.828202] remove   /devices/platform/hisi_usb@f8480000/f8400000.dwc3/xhci-hcd.0.auto/usb1/1-1/1-1.1/1-1.1.2/1-1.1.2:1.0 (usb)
UDEV  [300.831169] remove   /devices/platform/hisi_usb@f8480000/f8400000.dwc3/xhci-hcd.0.auto/usb1/1-1/1-1.1/1-1.1.2/1-1.1.2.1/1-1.1.2.1:1.0 (usb)
UDEV  [300.832353] remove   /devices/platform/hisi_usb@f8480000/f8400000.dwc3/xhci-hcd.0.auto/usb1/1-1/1-1.1/1-1.1.1/1-1.1.1:1.0/drm/card1 (drm)
KERNEL[300.843123] unbind   /devices/platform/hisi_usb@f8480000/f8400000.dwc3/xhci-hcd.0.auto/usb1/1-1/1-1.1/1-1.1.2 (usb)
UDEV  [300.843710] unbind   /devices/platform/hisi_usb@f8480000/f8400000.dwc3/xhci-hcd.0.auto/usb1/1-1/1-1.1/1-1.1.2/1-1.1.2.1 (usb)
KERNEL[300.845476] remove   /devices/platform/hisi_usb@f8480000/f8400000.dwc3/xhci-hcd.0.auto/usb1/1-1/1-1.1/1-1.1.2 (usb)
UDEV  [300.849419] unbind   /devices/platform/hisi_usb@f8480000/f8400000.dwc3/xhci-hcd.0.auto/usb1/1-1/1-1.1/1-1.1.2/1-1.1.2:1.0 (usb)
KERNEL[300.850206] remove   /devices/platform/hisi_usb@f8480000/f8400000.dwc3/xhci-hcd.0.auto/usb1/1-1/1-1.1/1-1.1.5/1-1.1.5:1.0/0003:05AF:0060.0005/hidraw/hidraw2 (hidraw)
KERNEL[300.851770] unbind   /devices/platform/hisi_usb@f8480000/f8400000.dwc3/xhci-hcd.0.auto/usb1/1-1/1-1.1/1-1.1.5/1-1.1.5:1.0/0003:05AF:0060.0005 (hid)
UDEV  [300.853055] remove   /devices/platform/hisi_usb@f8480000/f8400000.dwc3/xhci-hcd.0.auto/usb1/1-1/1-1.1/1-1.1.2/1-1.1.2.1 (usb)
KERNEL[300.853406] remove   /devices/platform/hisi_usb@f8480000/f8400000.dwc3/xhci-hcd.0.auto/usb1/1-1/1-1.1/1-1.1.5/1-1.1.5:1.0/0003:05AF:0060.0005 (hid)
KERNEL[300.854019] unbind   /devices/platform/hisi_usb@f8480000/f8400000.dwc3/xhci-hcd.0.auto/usb1/1-1/1-1.1/1-1.1.5/1-1.1.5:1.0 (usb)
KERNEL[300.854388] remove   /devices/platform/hisi_usb@f8480000/f8400000.dwc3/xhci-hcd.0.auto/usb1/1-1/1-1.1/1-1.1.5/1-1.1.5:1.0 (usb)
KERNEL[300.857165] remove   /devices/platform/hisi_usb@f8480000/f8400000.dwc3/xhci-hcd.0.auto/usb1/1-1/1-1.1/1-1.1.5/1-1.1.5:1.1/0003:05AF:0060.0006/input/input14/event11 (input)
UDEV  [300.858819] remove   /devices/platform/hisi_usb@f8480000/f8400000.dwc3/xhci-hcd.0.auto/usb1/1-1/1-1.1/1-1.1.2/1-1.1.2:1.0 (usb)
UDEV  [300.860285] unbind   /devices/platform/hisi_usb@f8480000/f8400000.dwc3/xhci-hcd.0.auto/usb1/1-1/1-1.1/1-1.1.1/1-1.1.1:1.0 (usb)
UDEV  [300.866025] unbind   /devices/platform/hisi_usb@f8480000/f8400000.dwc3/xhci-hcd.0.auto/usb1/1-1/1-1.1/1-1.1.2 (usb)
UDEV  [300.874512] remove   /devices/platform/hisi_usb@f8480000/f8400000.dwc3/xhci-hcd.0.auto/usb1/1-1/1-1.1/1-1.1.1/1-1.1.1:1.0 (usb)
UDEV  [300.874596] remove   /devices/platform/hisi_usb@f8480000/f8400000.dwc3/xhci-hcd.0.auto/usb1/1-1/1-1.1/1-1.1.2 (usb)
KERNEL[300.877631] remove   /devices/platform/hisi_usb@f8480000/f8400000.dwc3/xhci-hcd.0.auto/usb1/1-1/1-1.1/1-1.1.5/1-1.1.5:1.1/0003:05AF:0060.0006/input/input14 (input)
KERNEL[300.879736] remove   /devices/platform/hisi_usb@f8480000/f8400000.dwc3/xhci-hcd.0.auto/usb1/1-1/1-1.1/1-1.1.5/1-1.1.5:1.1/0003:05AF:0060.0006/hidraw/hidraw3 (hidraw)
UDEV  [300.879980] remove   /devices/platform/hisi_usb@f8480000/f8400000.dwc3/xhci-hcd.0.auto/usb1/1-1/1-1.1/1-1.1.5/1-1.1.5:1.0/0003:05AF:0060.0005/hidraw/hidraw2 (hidraw)
KERNEL[300.883713] unbind   /devices/platform/hisi_usb@f8480000/f8400000.dwc3/xhci-hcd.0.auto/usb1/1-1/1-1.1/1-1.1.5/1-1.1.5:1.1/0003:05AF:0060.0006 (hid)
KERNEL[300.885410] remove   /devices/platform/hisi_usb@f8480000/f8400000.dwc3/xhci-hcd.0.auto/usb1/1-1/1-1.1/1-1.1.5/1-1.1.5:1.1/0003:05AF:0060.0006 (hid)
KERNEL[300.886737] unbind   /devices/platform/hisi_usb@f8480000/f8400000.dwc3/xhci-hcd.0.auto/usb1/1-1/1-1.1/1-1.1.5/1-1.1.5:1.1 (usb)
UDEV  [300.890025] remove   /devices/platform/hisi_usb@f8480000/f8400000.dwc3/xhci-hcd.0.auto/usb1/1-1/1-1.1/1-1.1.5/1-1.1.5:1.1/0003:05AF:0060.0006/input/input14/event11 (input)
KERNEL[300.892194] remove   /devices/platform/hisi_usb@f8480000/f8400000.dwc3/xhci-hcd.0.auto/usb1/1-1/1-1.1/1-1.1.5/1-1.1.5:1.1 (usb)
UDEV  [300.892254] remove   /devices/platform/hisi_usb@f8480000/f8400000.dwc3/xhci-hcd.0.auto/usb1/1-1/1-1.1/1-1.1.5/1-1.1.5:1.1/0003:05AF:0060.0006/hidraw/hidraw3 (hidraw)
UDEV  [300.897057] unbind   /devices/platform/hisi_usb@f8480000/f8400000.dwc3/xhci-hcd.0.auto/usb1/1-1/1-1.1/1-1.1.5/1-1.1.5:1.0/0003:05AF:0060.0005 (hid)
UDEV  [300.907471] remove   /devices/platform/hisi_usb@f8480000/f8400000.dwc3/xhci-hcd.0.auto/usb1/1-1/1-1.1/1-1.1.5/1-1.1.5:1.0/0003:05AF:0060.0005 (hid)
UDEV  [300.913321] unbind   /devices/platform/hisi_usb@f8480000/f8400000.dwc3/xhci-hcd.0.auto/usb1/1-1/1-1.1/1-1.1.1 (usb)
KERNEL[300.913440] unbind   /devices/platform/hisi_usb@f8480000/f8400000.dwc3/xhci-hcd.0.auto/usb1/1-1/1-1.1/1-1.1.5 (usb)
KERNEL[300.913494] remove   /devices/platform/hisi_usb@f8480000/f8400000.dwc3/xhci-hcd.0.auto/usb1/1-1/1-1.1/1-1.1.5 (usb)
UDEV  [300.914688] remove   /devices/platform/hisi_usb@f8480000/f8400000.dwc3/xhci-hcd.0.auto/usb1/1-1/1-1.1/1-1.1.5/1-1.1.5:1.1/0003:05AF:0060.0006/input/input14 (input)
UDEV  [300.918874] unbind   /devices/platform/hisi_usb@f8480000/f8400000.dwc3/xhci-hcd.0.auto/usb1/1-1/1-1.1/1-1.1.5/1-1.1.5:1.0 (usb)
KERNEL[300.925659] remove   /devices/platform/hisi_usb@f8480000/f8400000.dwc3/xhci-hcd.0.auto/usb1/1-1/1-1.1/1-1.1.7/1-1.1.7:1.0 (usb)
UDEV  [300.930400] remove   /devices/platform/hisi_usb@f8480000/f8400000.dwc3/xhci-hcd.0.auto/usb1/1-1/1-1.1/1-1.1.5/1-1.1.5:1.0 (usb)
UDEV  [300.931512] unbind   /devices/platform/hisi_usb@f8480000/f8400000.dwc3/xhci-hcd.0.auto/usb1/1-1/1-1.1/1-1.1.5/1-1.1.5:1.1/0003:05AF:0060.0006 (hid)
UDEV  [300.932581] remove   /devices/platform/hisi_usb@f8480000/f8400000.dwc3/xhci-hcd.0.auto/usb1/1-1/1-1.1/1-1.1.1 (usb)
KERNEL[300.940970] unbind   /devices/platform/hisi_usb@f8480000/f8400000.dwc3/xhci-hcd.0.auto/usb1/1-1/1-1.1/1-1.1.7 (usb)
KERNEL[300.941526] remove   /devices/platform/hisi_usb@f8480000/f8400000.dwc3/xhci-hcd.0.auto/usb1/1-1/1-1.1/1-1.1.7 (usb)
UDEV  [300.942076] remove   /devices/platform/hisi_usb@f8480000/f8400000.dwc3/xhci-hcd.0.auto/usb1/1-1/1-1.1/1-1.1.5/1-1.1.5:1.1/0003:05AF:0060.0006 (hid)
KERNEL[300.950850] unbind   /devices/platform/hisi_usb@f8480000/f8400000.dwc3/xhci-hcd.0.auto/usb1/1-1/1-1.1/1-1.1:1.0 (usb)
KERNEL[300.951641] remove   /devices/platform/hisi_usb@f8480000/f8400000.dwc3/xhci-hcd.0.auto/usb1/1-1/1-1.1/1-1.1:1.0 (usb)
UDEV  [300.951691] remove   /devices/platform/hisi_usb@f8480000/f8400000.dwc3/xhci-hcd.0.auto/usb1/1-1/1-1.1/1-1.1.7/1-1.1.7:1.0 (usb)
UDEV  [300.954991] unbind   /devices/platform/hisi_usb@f8480000/f8400000.dwc3/xhci-hcd.0.auto/usb1/1-1/1-1.1/1-1.1.5/1-1.1.5:1.1 (usb)
UDEV  [300.962435] remove   /devices/platform/hisi_usb@f8480000/f8400000.dwc3/xhci-hcd.0.auto/usb1/1-1/1-1.1/1-1.1.5/1-1.1.5:1.1 (usb)
UDEV  [300.966603] unbind   /devices/platform/hisi_usb@f8480000/f8400000.dwc3/xhci-hcd.0.auto/usb1/1-1/1-1.1/1-1.1.7 (usb)
UDEV  [300.971723] unbind   /devices/platform/hisi_usb@f8480000/f8400000.dwc3/xhci-hcd.0.auto/usb1/1-1/1-1.1/1-1.1:1.0 (usb)
UDEV  [300.973556] unbind   /devices/platform/hisi_usb@f8480000/f8400000.dwc3/xhci-hcd.0.auto/usb1/1-1/1-1.1/1-1.1.5 (usb)
KERNEL[300.973624] unbind   /devices/platform/hisi_usb@f8480000/f8400000.dwc3/xhci-hcd.0.auto/usb1/1-1/1-1.1 (usb)
KERNEL[300.973678] remove   /devices/platform/hisi_usb@f8480000/f8400000.dwc3/xhci-hcd.0.auto/usb1/1-1/1-1.1 (usb)
UDEV  [300.976791] remove   /devices/platform/hisi_usb@f8480000/f8400000.dwc3/xhci-hcd.0.auto/usb1/1-1/1-1.1/1-1.1.7 (usb)
UDEV  [300.978317] remove   /devices/platform/hisi_usb@f8480000/f8400000.dwc3/xhci-hcd.0.auto/usb1/1-1/1-1.1/1-1.1.5 (usb)
UDEV  [300.985483] remove   /devices/platform/hisi_usb@f8480000/f8400000.dwc3/xhci-hcd.0.auto/usb1/1-1/1-1.1/1-1.1:1.0 (usb)
UDEV  [300.997879] unbind   /devices/platform/hisi_usb@f8480000/f8400000.dwc3/xhci-hcd.0.auto/usb1/1-1/1-1.1 (usb)
UDEV  [301.002857] remove   /devices/platform/hisi_usb@f8480000/f8400000.dwc3/xhci-hcd.0.auto/usb1/1-1/1-1.1 (usb)
KERNEL[302.190753] change   /devices/platform/amba/fa04d000.i2c/i2c-4/4-0041/backlight/mipi2edp-backlight (backlight)
UDEV  [302.202115] change   /devices/platform/amba/fa04d000.i2c/i2c-4/4-0041/backlight/mipi2edp-backlight (backlight)
KERNEL[302.433332] change   /devices/platform/amba/fa04d000.i2c/i2c-4/4-0041/backlight/mipi2edp-backlight (backlight)
UDEV  [302.444823] change   /devices/platform/amba/fa04d000.i2c/i2c-4/4-0041/backlight/mipi2edp-backlight (backlight)
KERNEL[302.692495] change   /devices/platform/echub_battery/power_supply/Battery (power_supply)
UDEV  [302.702126] change   /devices/platform/echub_battery/power_supply/Battery (power_supply)
