3753 2023-12-19 22:41:36 hbyc-PC kernel: [102629.596004] Modules linked in: bnep vfs_monitor(O) udl nfnetlink_queue nfnetlink_log nfnetlink fuse st bluetooth ecdh_generic rfkill cpufreq_powersave nls_iso8859_1 nls     _cp437 aes_ce_blk crypto_simd cryptd aes_ce_cipher crct10dif_ce ghash_ce aes_arm64 sha2_ce sha256_arm64 ppdev hid_generic serio_raw sha1_ce parport_serial parport_pc parport at24 scpi_hwmon uos_resources(O) u     os_bluetooth_connection_control(O) lightorange lightnut lightfig lightcherry filearmor(O) smc_dri(O) binder_linux(O) ashmem_linux(O) efivarfs ip_tables x_tables usbkbd amdgpu usbhid chash gpu_sched radeon phy     tium_sdci mmc_core motorcomm
3754 2023-12-19 22:41:36 hbyc-PC kernel: [102629.596085] CPU: 1 PID: 301 Comm: gfx Tainted: G           O      4.19.0-arm64-desktop #6035
3755 2023-12-19 22:41:36 hbyc-PC kernel: [102629.596090] Hardware name: UNIS UNIS D3812 G2 0001/MF266B, BIOS DF266AB010ZG 08/23/2023 09:09:48
3756 2023-12-19 22:41:36 hbyc-PC kernel: [102629.596096] pstate: 60000085 (nZCv daIf -PAN -UAO)
3757 2023-12-19 22:41:36 hbyc-PC kernel: [102629.596103] pc : __queue_delayed_work+0x94/0xb0
3758 2023-12-19 22:41:36 hbyc-PC kernel: [102629.596109] lr : queue_delayed_work_on+0x50/0x68
3759 2023-12-19 22:41:36 hbyc-PC kernel: [102629.596113] sp : ffff8020e367fd90
3760 2023-12-19 22:41:36 hbyc-PC kernel: [102629.596117] x29: ffff8020e367fd90 x28: ffff8020e2624d10
3761 2023-12-19 22:41:36 hbyc-PC kernel: [102629.596123] x27: ffff8020e2624df8 x26: ffff8020e2624d10
3762 2023-12-19 22:41:36 hbyc-PC kernel: [102629.596129] x25: ffff80005a3d2d88 x24: ffff000000e50940
3763 2023-12-19 22:41:36 hbyc-PC kernel: [102629.596134] x23: ffff000000e50b98 x22: ffff8020e2624d10
3764 2023-12-19 22:41:36 hbyc-PC kernel: [102629.596139] x21: ffff801ff0544c00 x20: ffff80005a14fc00
3765 2023-12-19 22:41:36 hbyc-PC kernel: [102629.596144] x19: 0000000000000000 x18: 0000000000000000
3766 2023-12-19 22:41:36 hbyc-PC kernel: [102629.596149] x17: 0000000000000000 x16: 0000000000000000
3767 2023-12-19 22:41:36 hbyc-PC kernel: [102629.596154] x15: 0000000000000000 x14: 000000806167536a
3768 2023-12-19 22:41:36 hbyc-PC kernel: [102629.596160] x13: 0000000000000155 x12: 0000000000000400
3769 2023-12-19 22:41:36 hbyc-PC kernel: [102629.596165] x11: 0000000000000003 x10: 00000000000008e0
3770 2023-12-19 22:41:36 hbyc-PC kernel: [102629.596170] x9 : 00000000005d5564 x8 : 0000000000000000
3771 2023-12-19 22:41:36 hbyc-PC kernel: [102629.596175] x7 : 0000000000000000 x6 : ffff0000080f2b18
3772 2023-12-19 22:41:36 hbyc-PC kernel: [102629.596179] x5 : ffff801ff0547080 x4 : ffff801ff0544c80
3773 2023-12-19 22:41:36 hbyc-PC kernel: [102629.596184] x3 : 00000000000009c4 x2 : ffff801ff0544c60
3774 2023-12-19 22:41:36 hbyc-PC kernel: [102629.596189] x1 : ffff8020f6c08600 x0 : 0000000000000100
3775 2023-12-19 22:41:36 hbyc-PC kernel: [102629.596195] Call trace:
3776 2023-12-19 22:41:36 hbyc-PC kernel: [102629.596201]  __queue_delayed_work+0x94/0xb0
3777 2023-12-19 22:41:36 hbyc-PC kernel: [102629.596207]  queue_delayed_work_on+0x50/0x68
3778 2023-12-19 22:41:36 hbyc-PC kernel: [102629.596222]  drm_sched_main+0x44c/0x4b0 [gpu_sched]
3779 2023-12-19 22:41:36 hbyc-PC kernel: [102629.596228]  kthread+0x128/0x130
3780 2023-12-19 22:41:36 hbyc-PC kernel: [102629.596235]  ret_from_fork+0x10/0x18
3781 2023-12-19 22:41:36 hbyc-PC kernel: [102629.596239] ---[ end trace 3eac7548d3296dca ]---
3782 2023-12-19 22:41:36 hbyc-PC kernel: [102629.596246] ------------[ cut here ]------------
3783 2023-12-19 22:41:36 hbyc-PC kernel: [102629.596250] kernel BUG at kernel/time/timer.c:1138!
3784 2023-12-19 22:41:36 hbyc-PC kernel: [102629.601214] Internal error: Oops - BUG: 0 [#1] SMP
3785 2023-12-19 22:41:36 hbyc-PC kernel: [102629.606086] Modules linked in: bnep vfs_monitor(O) udl nfnetlink_queue nfnetlink_log nfnetlink fuse st bluetooth ecdh_generic rfkill cpufreq_powersave nls_iso8859_1 nls     _cp437 aes_ce_blk crypto_simd cryptd aes_ce_cipher crct10dif_ce ghash_ce aes_arm64 sha2_ce sha256_arm64 ppdev hid_generic serio_raw sha1_ce parport_serial parport_pc parport at24 scpi_hwmon uos_resources(O) u     os_bluetooth_connection_control(O) lightorange lightnut lightfig lightcherry filearmor(O) smc_dri(O) binder_linux(O) ashmem_linux(O) efivarfs ip_tables x_tables usbkbd amdgpu usbhid chash gpu_sched radeon phy     tium_sdci mmc_core motorcomm
3786 2023-12-19 22:41:36 hbyc-PC kernel: [102629.659813] Process gfx (pid: 301, stack limit = 0x000000006119d7ac)
3787 2023-12-19 22:41:36 hbyc-PC kernel: [102629.666248] CPU: 1 PID: 301 Comm: gfx Tainted: G        W  O      4.19.0-arm64-desktop #6035
3788 2023-12-19 22:41:36 hbyc-PC kernel: [102629.674764] Hardware name: UNIS UNIS D3812 G2 0001/MF266B, BIOS DF266AB010ZG 08/23/2023 09:09:48
3789 2023-12-19 22:41:36 hbyc-PC kernel: [102629.683630] pstate: 60000085 (nZCv daIf -PAN -UAO)
3790 2023-12-19 22:41:36 hbyc-PC kernel: [102629.688503] pc : add_timer+0x20/0x28
3791 2023-12-19 22:41:36 hbyc-PC kernel: [102629.692159] lr : __queue_delayed_work+0x68/0xb0
3792 2023-12-19 22:41:36 hbyc-PC kernel: [102629.696768] sp : ffff8020e367fd80
3793 2023-12-19 22:41:36 hbyc-PC kernel: [102629.700161] x29: ffff8020e367fd80 x28: ffff8020e2624d10
3794 2023-12-19 22:41:36 hbyc-PC kernel: [102629.705554] x27: ffff8020e2624df8 x26: ffff8020e2624d10
3795 2023-12-19 22:41:36 hbyc-PC kernel: [102629.710947] x25: ffff80005a3d2d88 x24: ffff000000e50940
3796 2023-12-19 22:41:36 hbyc-PC kernel: [102629.716339] x23: ffff000000e50b98 x22: ffff8020e2624d10
3797 2023-12-19 22:41:36 hbyc-PC kernel: [102629.721731] x21: ffff801ff0544c00 x20: ffff80005a14fc00
3798 2023-12-19 22:41:36 hbyc-PC kernel: [102629.727123] x19: 0000000000000000 x18: 0000000000000000
3799 2023-12-19 22:41:36 hbyc-PC kernel: [102629.732514] x17: 0000000000000000 x16: 0000000000000000
3800 2023-12-19 22:41:36 hbyc-PC kernel: [102629.737906] x15: 0000000000000000 x14: 000000806167536a
3801 2023-12-19 22:41:36 hbyc-PC kernel: [102629.743298] x13: 0000000000000155 x12: 0000000000000400
3802 2023-12-19 22:41:36 hbyc-PC kernel: [102629.748689] x11: 0000000000000003 x10: 00000000000008e0
3803 2023-12-19 22:41:36 hbyc-PC kernel: [102629.754082] x9 : 00000000005d5564 x8 : 0000000000000000
3804 2023-12-19 22:41:36 hbyc-PC kernel: [102629.759473] x7 : 0000000000000000 x6 : ffff801ff0544c68
3805 2023-12-19 22:41:36 hbyc-PC kernel: [102629.764865] x5 : ffff000009807000 x4 : ffff801ff0544c80
3806 2023-12-19 22:41:36 hbyc-PC kernel: [102629.770256] x3 : 00000000000009c4 x2 : ffff801ff0547080
3807 2023-12-19 22:41:36 hbyc-PC kernel: [102629.775648] x1 : 00000001018664b3 x0 : ffff801ff0544c80
3808 2023-12-19 22:41:36 hbyc-PC kernel: [102629.781039] Call trace:
3809 2023-12-19 22:41:36 hbyc-PC kernel: [102629.783566]  add_timer+0x20/0x28
3810 2023-12-19 22:41:36 hbyc-PC kernel: [102629.786874]  __queue_delayed_work+0x68/0xb0
3811 2023-12-19 22:41:36 hbyc-PC kernel: [102629.791138]  queue_delayed_work_on+0x50/0x68
3812 2023-12-19 22:41:36 hbyc-PC kernel: [102629.795493]  drm_sched_main+0x44c/0x4b0 [gpu_sched]
3813 2023-12-19 22:41:36 hbyc-PC kernel: [102629.800450]  kthread+0x128/0x130
3814 2023-12-19 22:41:36 hbyc-PC kernel: [102629.803758]  ret_from_fork+0x10/0x18
3815 2023-12-19 22:41:36 hbyc-PC kernel: [102629.807415] Code: f9400801 97ffff21 a8c17bfd d65f03c0 (d4210000)
3816 2023-12-19 22:41:36 hbyc-PC kernel: [102629.813590] ---[ end trace 3eac7548d3296dcb ]---
3817 2023-12-19 22:41:45 hbyc-PC kernel: [102639.646128] [drm:amdgpu_job_timedout [amdgpu]] *ERROR* ring gfx timeout, signaled seq=27126054, emitted seq=27126054
3818 2023-12-19 22:41:45 hbyc-PC kernel: [102639.656784] [drm] GPU recovery disabled.

