2023-12-05 22:30:05 T-KT013M30 kernel: [28640.001903] PM: Image not found (code -22)
2023-12-05 22:30:05 T-KT013M30 kernel: [28640.004490] PM: hibernation entry
2023-12-05 22:30:06 T-KT013M30 kernel: [28640.038645] snd_hda_codec_hdmi hdaudioC0D0: HDMI hot plug event: Codec=0 Pin=5 Device=0 Inactive=0 Presence_Detect=1 ELD_Valid=1
2023-12-05 22:30:06 T-KT013M30 kernel: [28640.052672] snd_hda_codec_hdmi hdaudioC0D0: HDMI status: Codec=0 Pin=5 Presence_Detect=1 ELD_Valid=1
2023-12-05 22:30:06 T-KT013M30 kernel: [28640.196663] snd_hda_codec_hdmi hdaudioC0D0: HDMI: invalid ELD data byte 10
2023-12-05 22:30:06 T-KT013M30 kernel: [28640.196670] snd_hda_codec_hdmi hdaudioC0D0: HDMI hot plug event: Codec=0 Pin=5 Device=0 Inactive=0 Presence_Detect=1 ELD_Valid=0
2023-12-05 22:30:06 T-KT013M30 kernel: [28640.208672] snd_hda_codec_hdmi hdaudioC0D0: HDMI status: Codec=0 Pin=5 Presence_Detect=1 ELD_Valid=0
2023-12-05 22:30:06 T-KT013M30 kernel: [28640.208677] snd_hda_codec_hdmi hdaudioC0D0: HDMI hot plug event: Codec=0 Pin=5 Device=0 Inactive=0 Presence_Detect=0 ELD_Valid=0
2023-12-05 22:30:06 T-KT013M30 kernel: [28640.220680] snd_hda_codec_hdmi hdaudioC0D0: HDMI status: Codec=0 Pin=5 Presence_Detect=0 ELD_Valid=0
2023-12-05 22:30:06 T-KT013M30 kernel: [28640.336293] snd_hda_codec_hdmi hdaudioC0D0: HDMI hot plug event: Codec=0 Pin=5 Device=0 Inactive=0 Presence_Detect=1 ELD_Valid=1
2023-12-05 22:30:06 T-KT013M30 kernel: [28640.341259] PM: Syncing filesystems ... 
2023-12-05 22:30:06 T-KT013M30 kernel: [28640.344688] snd_hda_codec_hdmi hdaudioC0D0: HDMI status: Codec=0 Pin=5 Presence_Detect=1 ELD_Valid=1
2023-12-06 14:26:42 T-KT013M30 kernel: [28640.758018] PM: done.
2023-12-06 14:26:42 T-KT013M30 kernel: [28640.758020] Freezing user space processes ... (elapsed 0.002 seconds) done.
2023-12-06 14:26:42 T-KT013M30 kernel: [28640.760769] OOM killer disabled.
2023-12-06 14:26:42 T-KT013M30 kernel: [28640.760956] PM: Marking nosave pages: [mem 0x00000000-0x00000fff]
2023-12-06 14:26:42 T-KT013M30 kernel: [28640.760957] PM: Marking nosave pages: [mem 0x0009c000-0x000fffff]
2023-12-06 14:26:42 T-KT013M30 kernel: [28640.760959] PM: Marking nosave pages: [mem 0x75808000-0x75870fff]
2023-12-06 14:26:42 T-KT013M30 kernel: [28640.760961] PM: Marking nosave pages: [mem 0x76b3f000-0x7abfdfff]
2023-12-06 14:26:42 T-KT013M30 kernel: [28640.761136] PM: Marking nosave pages: [mem 0x7beff000-0xffffffff]
2023-12-06 14:26:42 T-KT013M30 kernel: [28640.762623] PM: Basic memory bitmaps created
2023-12-06 14:26:42 T-KT013M30 kernel: [28640.762656] PM: Preallocating image memory... 
2023-12-06 14:26:42 T-KT013M30 kernel: [28641.340777] snd_hda_codec_hdmi hdaudioC0D0: HDMI: invalid ELD data byte 80
2023-12-06 14:26:42 T-KT013M30 kernel: [28641.340787] snd_hda_codec_hdmi hdaudioC0D0: HDMI hot plug event: Codec=0 Pin=5 Device=0 Inactive=0 Presence_Detect=1 ELD_Valid=0
2023-12-06 14:26:42 T-KT013M30 kernel: [28641.352786] snd_hda_codec_hdmi hdaudioC0D0: HDMI status: Codec=0 Pin=5 Presence_Detect=1 ELD_Valid=1
2023-12-06 14:26:42 T-KT013M30 kernel: [28642.504783] snd_hda_codec_hdmi hdaudioC0D0: HDMI: detected monitor LEN T24A-10
2023-12-06 14:26:42 T-KT013M30 kernel: [28642.504783]   at connection type HDMI
2023-12-06 14:26:42 T-KT013M30 kernel: [28642.504787] snd_hda_codec_hdmi hdaudioC0D0: HDMI: available speakers: FL/FR
2023-12-06 14:26:42 T-KT013M30 kernel: [28642.504793] snd_hda_codec_hdmi hdaudioC0D0: HDMI: supports coding type LPCM: channels = 2, rates = 32000 44100 48000, bits = 16 20 24
2023-12-06 14:26:42 T-KT013M30 kernel: [28642.504816] snd_hda_codec_hdmi hdaudioC0D0: HDMI status: Codec=0 Pin=5 Presence_Detect=1 ELD_Valid=0
2023-12-06 14:26:42 T-KT013M30 kernel: [28642.504820] snd_hda_codec_hdmi hdaudioC0D0: HDMI hot plug event: Codec=0 Pin=5 Device=0 Inactive=0 Presence_Detect=1 ELD_Valid=1
2023-12-06 14:26:42 T-KT013M30 kernel: [28642.516785] snd_hda_codec_hdmi hdaudioC0D0: HDMI status: Codec=0 Pin=5 Presence_Detect=1 ELD_Valid=1
2023-12-06 14:26:42 T-KT013M30 kernel: [28642.905859] done (allocated 1616755 pages)
2023-12-06 14:26:42 T-KT013M30 kernel: [28642.905862] PM: Allocated 6467020 kbytes in 2.14 seconds (3021.97 MB/s)
2023-12-06 14:26:42 T-KT013M30 kernel: [28642.905863] Freezing remaining freezable tasks ... (elapsed 0.001 seconds) done.
2023-12-06 14:26:42 T-KT013M30 kernel: [28642.907472] Suspending console(s) (use no_console_suspend to debug)
2023-12-06 14:26:42 T-KT013M30 kernel: [28643.179825] ACPI: Preparing to enter system sleep state S4
2023-12-06 14:26:42 T-KT013M30 kernel: [28643.179912] PM: Saving platform NVS memory
2023-12-06 14:26:42 T-KT013M30 kernel: [28643.180143] Disabling non-boot CPUs ...
2023-12-06 14:26:42 T-KT013M30 kernel: [28643.198737] smpboot: CPU 1 is now offline
2023-12-06 14:26:42 T-KT013M30 kernel: [28643.222760] smpboot: CPU 2 is now offline
2023-12-06 14:26:42 T-KT013M30 kernel: [28643.250590] smpboot: CPU 3 is now offline
2023-12-06 14:26:42 T-KT013M30 kernel: [28643.278449] smpboot: CPU 4 is now offline
2023-12-06 14:26:42 T-KT013M30 kernel: [28643.290519] smpboot: CPU 5 is now offline
2023-12-06 14:26:42 T-KT013M30 kernel: [28643.318539] smpboot: CPU 6 is now offline
2023-12-06 14:26:42 T-KT013M30 kernel: [28643.342376] smpboot: CPU 7 is now offline
2023-12-06 14:26:42 T-KT013M30 kernel: [28643.370900] smpboot: CPU 8 is now offline
2023-12-06 14:26:42 T-KT013M30 kernel: [28643.390331] smpboot: CPU 9 is now offline
2023-12-06 14:26:42 T-KT013M30 kernel: [28643.418475] smpboot: CPU 10 is now offline
2023-12-06 14:26:42 T-KT013M30 kernel: [28643.442482] smpboot: CPU 11 is now offline
2023-12-06 14:26:42 T-KT013M30 kernel: [28643.458035] smpboot: CPU 12 is now offline
2023-12-06 14:26:42 T-KT013M30 kernel: [28643.474473] smpboot: CPU 13 is now offline
2023-12-06 14:26:42 T-KT013M30 kernel: [28643.490145] smpboot: CPU 14 is now offline
2023-12-06 14:26:42 T-KT013M30 kernel: [28643.506135] smpboot: CPU 15 is now offline
2023-12-06 14:26:42 T-KT013M30 kernel: [28643.506801] PM: Creating hibernation image:
2023-12-06 14:26:42 T-KT013M30 kernel: [28643.850497] PM: Need to copy 1597814 pages
2023-12-06 14:26:42 T-KT013M30 kernel: [28643.850501] PM: Normal pages needed: 1597814 + 1024, available pages: 2559561
2023-12-06 14:26:42 T-KT013M30 kernel: [28643.507251] PM: Restoring platform NVS memory
2023-12-06 14:26:42 T-KT013M30 kernel: [28643.507795] Enabling non-boot CPUs ...
2023-12-06 14:26:42 T-KT013M30 kernel: [28643.507827] x86: Booting SMP configuration:
2023-12-06 14:26:42 T-KT013M30 kernel: [28643.507827] smpboot: Booting Node 0 Processor 1 APIC 0x2
2023-12-06 14:26:42 T-KT013M30 kernel: [28643.510040]  cache: parent cpu1 should not be sleeping
2023-12-06 14:26:42 T-KT013M30 kernel: [28643.510272] CPU1 is up
2023-12-06 14:26:42 T-KT013M30 kernel: [28643.510283] smpboot: Booting Node 0 Processor 2 APIC 0x4
2023-12-06 14:26:42 T-KT013M30 kernel: [28643.512646]  cache: parent cpu2 should not be sleeping
2023-12-06 14:26:42 T-KT013M30 kernel: [28643.512865] CPU2 is up
2023-12-06 14:26:42 T-KT013M30 kernel: [28643.512877] smpboot: Booting Node 0 Processor 3 APIC 0x6
2023-12-06 14:26:42 T-KT013M30 kernel: [28643.515083]  cache: parent cpu3 should not be sleeping
2023-12-06 14:26:42 T-KT013M30 kernel: [28643.515324] CPU3 is up
2023-12-06 14:26:42 T-KT013M30 kernel: [28643.515334] smpboot: Booting Node 0 Processor 4 APIC 0x8
2023-12-06 14:26:42 T-KT013M30 kernel: [28643.517606]  cache: parent cpu4 should not be sleeping
2023-12-06 14:26:42 T-KT013M30 kernel: [28643.517909] CPU4 is up
2023-12-06 14:26:42 T-KT013M30 kernel: [28643.517921] smpboot: Booting Node 0 Processor 5 APIC 0xa
2023-12-06 14:26:42 T-KT013M30 kernel: [28643.520170]  cache: parent cpu5 should not be sleeping
2023-12-06 14:26:42 T-KT013M30 kernel: [28643.520449] CPU5 is up
2023-12-06 14:26:42 T-KT013M30 kernel: [28643.520461] smpboot: Booting Node 0 Processor 6 APIC 0xc
2023-12-06 14:26:42 T-KT013M30 kernel: [28643.522722]  cache: parent cpu6 should not be sleeping
2023-12-06 14:26:42 T-KT013M30 kernel: [28643.523029] CPU6 is up
2023-12-06 14:26:42 T-KT013M30 kernel: [28643.523042] smpboot: Booting Node 0 Processor 7 APIC 0xe
2023-12-06 14:26:42 T-KT013M30 kernel: [28643.525302]  cache: parent cpu7 should not be sleeping
2023-12-06 14:26:42 T-KT013M30 kernel: [28643.525623] CPU7 is up
2023-12-06 14:26:42 T-KT013M30 kernel: [28643.525635] smpboot: Booting Node 0 Processor 8 APIC 0x1
2023-12-06 14:26:42 T-KT013M30 kernel: [28643.527906]  cache: parent cpu8 should not be sleeping
2023-12-06 14:26:42 T-KT013M30 kernel: [28643.528517] CPU8 is up
2023-12-06 14:26:42 T-KT013M30 kernel: [28643.528537] smpboot: Booting Node 0 Processor 9 APIC 0x3
2023-12-06 14:26:42 T-KT013M30 kernel: [28643.530742]  cache: parent cpu9 should not be sleeping
2023-12-06 14:26:42 T-KT013M30 kernel: [28643.531113] CPU9 is up
2023-12-06 14:26:42 T-KT013M30 kernel: [28643.531125] smpboot: Booting Node 0 Processor 10 APIC 0x5
2023-12-06 14:26:42 T-KT013M30 kernel: [28643.533340]  cache: parent cpu10 should not be sleeping
2023-12-06 14:26:42 T-KT013M30 kernel: [28643.533717] CPU10 is up
2023-12-06 14:26:42 T-KT013M30 kernel: [28643.533728] smpboot: Booting Node 0 Processor 11 APIC 0x7
2023-12-06 14:26:42 T-KT013M30 kernel: [28643.535944]  cache: parent cpu11 should not be sleeping
2023-12-06 14:26:42 T-KT013M30 kernel: [28643.536334] CPU11 is up
2023-12-06 14:26:42 T-KT013M30 kernel: [28643.536345] smpboot: Booting Node 0 Processor 12 APIC 0x9
2023-12-06 14:26:42 T-KT013M30 kernel: [28643.538615]  cache: parent cpu12 should not be sleeping
2023-12-06 14:26:42 T-KT013M30 kernel: [28643.539057] CPU12 is up
2023-12-06 14:26:42 T-KT013M30 kernel: [28643.539069] smpboot: Booting Node 0 Processor 13 APIC 0xb
2023-12-06 14:26:42 T-KT013M30 kernel: [28643.541335]  cache: parent cpu13 should not be sleeping
2023-12-06 14:26:42 T-KT013M30 kernel: [28643.541769] CPU13 is up
2023-12-06 14:26:42 T-KT013M30 kernel: [28643.541782] smpboot: Booting Node 0 Processor 14 APIC 0xd
2023-12-06 14:26:42 T-KT013M30 kernel: [28643.544049]  cache: parent cpu14 should not be sleeping
2023-12-06 14:26:42 T-KT013M30 kernel: [28643.544488] CPU14 is up
2023-12-06 14:26:42 T-KT013M30 kernel: [28643.544501] smpboot: Booting Node 0 Processor 15 APIC 0xf
2023-12-06 14:26:42 T-KT013M30 kernel: [28643.546767]  cache: parent cpu15 should not be sleeping
2023-12-06 14:26:42 T-KT013M30 kernel: [28643.547229] CPU15 is up
2023-12-06 14:26:42 T-KT013M30 kernel: [28643.548815] ACPI: Waking up from system sleep state S4
