1c1
< Image: /boot/initramfs-4.14.0.img: 20M
---
> Image: /boot/initramfs-4.14.0.img: 35M
5c5
< Arguments: -f
---
> Arguments: -H -f
48c48
< etc/ld.so.conf.d/kernel-4.14.0.conf
---
> etc/ld.so.conf.d/kernel-4.14.0-115.el7a.0.1.aarch64.conf
188a189
> usr/lib64/libcom_err.so -> libcom_err.so.2.1
191a193
> usr/lib64/libcrypto.so -> libcrypto.so.1.0.2k
215a218
> usr/lib64/libelf.so -> libelf-0.172.so
228a232
> usr/lib64/libgssapi_krb5.so -> libgssapi_krb5.so.2.2
236a241
> usr/lib64/libk5crypto.so -> libk5crypto.so.3.1
238a244
> usr/lib64/libkeyutils.so -> libkeyutils.so.1.5
242a249
> usr/lib64/libkrb5.so -> libkrb5.so.3.3
244a252
> usr/lib64/libkrb5support.so -> libkrb5support.so.0.1
280a289
> usr/lib64/libpcre.so -> libpcre.so.1.2.0
301a311
> usr/lib64/libselinux.so -> libselinux.so.1
302a313
> usr/lib64/libsepol.so -> libsepol.so.1
306a318
> usr/lib64/libssl.so -> libssl.so.1.0.2k
316a329
> usr/lib64/libtinfo.so -> libtinfo.so.5.9
324a338
> usr/lib64/libz.so -> libz.so.1.2.7
1361,1368d1374
< usr/lib/modules/4.14.0/kernel/crypto
< usr/lib/modules/4.14.0/kernel/crypto/async_tx
< usr/lib/modules/4.14.0/kernel/crypto/async_tx/async_memcpy.ko
< usr/lib/modules/4.14.0/kernel/crypto/async_tx/async_pq.ko
< usr/lib/modules/4.14.0/kernel/crypto/async_tx/async_raid6_recov.ko
< usr/lib/modules/4.14.0/kernel/crypto/async_tx/async_tx.ko
< usr/lib/modules/4.14.0/kernel/crypto/async_tx/async_xor.ko
< usr/lib/modules/4.14.0/kernel/crypto/xor.ko
1381d1386
< usr/lib/modules/4.14.0/kernel/drivers/md/dm-crypt.ko
1385d1389
< usr/lib/modules/4.14.0/kernel/drivers/md/dm-multipath.ko
1387d1390
< usr/lib/modules/4.14.0/kernel/drivers/md/dm-round-robin.ko
1389,1394d1391
< usr/lib/modules/4.14.0/kernel/drivers/md/dm-zero.ko
< usr/lib/modules/4.14.0/kernel/drivers/md/linear.ko
< usr/lib/modules/4.14.0/kernel/drivers/md/raid0.ko
< usr/lib/modules/4.14.0/kernel/drivers/md/raid10.ko
< usr/lib/modules/4.14.0/kernel/drivers/md/raid1.ko
< usr/lib/modules/4.14.0/kernel/drivers/md/raid456.ko
1399a1397
> usr/lib/modules/4.14.0/kernel/drivers/net/tun.ko
1402,1404d1399
< usr/lib/modules/4.14.0/kernel/drivers/scsi/fcoe
< usr/lib/modules/4.14.0/kernel/drivers/scsi/fcoe/fcoe.ko
< usr/lib/modules/4.14.0/kernel/drivers/scsi/fcoe/libfcoe.ko
1406,1410d1400
< usr/lib/modules/4.14.0/kernel/drivers/scsi/libfc
< usr/lib/modules/4.14.0/kernel/drivers/scsi/libfc/libfc.ko
< usr/lib/modules/4.14.0/kernel/drivers/scsi/libiscsi.ko
< usr/lib/modules/4.14.0/kernel/drivers/scsi/scsi_transport_fc.ko
< usr/lib/modules/4.14.0/kernel/drivers/scsi/scsi_transport_iscsi.ko
1429,1430c1419,1425
< usr/lib/modules/4.14.0/kernel/lib/raid6
< usr/lib/modules/4.14.0/kernel/lib/raid6/raid6_pq.ko
---
> usr/lib/modules/4.14.0/kernel/net
> usr/lib/modules/4.14.0/kernel/net/802
> usr/lib/modules/4.14.0/kernel/net/802/stp.ko
> usr/lib/modules/4.14.0/kernel/net/bridge
> usr/lib/modules/4.14.0/kernel/net/bridge/bridge.ko
> usr/lib/modules/4.14.0/kernel/net/llc
> usr/lib/modules/4.14.0/kernel/net/llc/llc.ko
