Image: /boot/initramfs-4.14.0.img: 20M
========================================================================
Version: dracut-033-554.el7

Arguments: -f

dracut modules:
bash
nss-softokn
i18n
network
ifcfg
drm
plymouth
dm
kernel-modules
lvm
qemu
qemu-net
resume
rootfs-block
terminfo
udev-rules
systemd
usrmount
base
fs-lib
shutdown
========================================================================
.
dev/console
dev/kmsg
dev/null
bin -> usr/bin
dev
etc
etc/cmdline.d
etc/conf.d
etc/conf.d/systemd.conf
etc/dhclient.conf
etc/fstab.empty
etc/group
etc/hostname
etc/initrd-release
etc/ld.so.cache
etc/ld.so.conf
etc/ld.so.conf.d
etc/ld.so.conf.d/kernel-4.14.0.conf
etc/ld.so.conf.d/libiscsi-aarch64.conf
etc/ld.so.conf.d/mariadb-aarch64.conf
etc/libnl
etc/libnl/classid
etc/locale.conf
etc/lvm
etc/lvm/lvm.conf
etc/machine-id
etc/modprobe.d
etc/modprobe.d/firewalld-sysctls.conf
etc/modprobe.d/kvm.conf
etc/modprobe.d/lockd.conf
etc/modprobe.d/mlx4.conf
etc/modprobe.d/truescale.conf
etc/modprobe.d/tuned.conf
etc/modprobe.d/vhost.conf
etc/mtab -> /proc/self/mounts
etc/os-release -> initrd-release
etc/passwd
etc/plymouth
etc/plymouth/plymouthd.conf
etc/sysctl.conf
etc/sysctl.d
etc/sysctl.d/99-sysctl.conf -> ../sysctl.conf
etc/systemd
etc/systemd/journald.conf
etc/systemd/system.conf
etc/udev
etc/udev/rules.d
etc/udev/rules.d/11-dm.rules
etc/udev/rules.d/59-persistent-storage-dm.rules
etc/udev/rules.d/59-persistent-storage.rules
etc/udev/rules.d/61-persistent-storage.rules
etc/udev/rules.d/64-lvm.rules
etc/udev/udev.conf
etc/vconsole.conf
etc/virc
init -> usr/lib/systemd/systemd
lib64 -> usr/lib64
lib -> usr/lib
proc
root
run
sbin -> usr/sbin
shutdown
sys
sysroot
tmp
usr
usr/bin
usr/bin/awk -> gawk
usr/bin/bash
usr/bin/cat
usr/bin/cp
usr/bin/dmesg
usr/bin/dracut-cmdline
usr/bin/dracut-cmdline-ask
usr/bin/dracut-emergency
usr/bin/dracut-initqueue
usr/bin/dracut-mount
usr/bin/dracut-pre-mount
usr/bin/dracut-pre-pivot
usr/bin/dracut-pre-trigger
usr/bin/dracut-pre-udev
usr/bin/echo
usr/bin/findmnt
usr/bin/flock
usr/bin/gawk
usr/bin/grep
usr/bin/gzip
usr/bin/journalctl
usr/bin/kbd_mode
usr/bin/kmod
usr/bin/less
usr/bin/ln
usr/bin/loadkeys
usr/bin/loginctl -> true
usr/bin/ls
usr/bin/mkdir
usr/bin/mkfifo
usr/bin/mknod
usr/bin/mount
usr/bin/mv
usr/bin/ping
usr/bin/plymouth
usr/bin/ps
usr/bin/readlink
usr/bin/rm
usr/bin/sed
usr/bin/setfont
usr/bin/setsid
usr/bin/sh -> bash
usr/bin/sleep
usr/bin/stat
usr/bin/stty
usr/bin/systemctl
usr/bin/systemd-cgls
usr/bin/systemd-detect-virt
usr/bin/systemd-escape
usr/bin/systemd-run
usr/bin/systemd-tmpfiles
usr/bin/teamd
usr/bin/teamdctl
usr/bin/teamnl
usr/bin/tr
usr/bin/true
usr/bin/udevadm
usr/bin/umount
usr/bin/uname
usr/bin/vi
usr/lib
usr/lib64
usr/lib64/device-mapper
usr/lib64/device-mapper/libdevmapper-event-lvm2mirror.so
usr/lib64/device-mapper/libdevmapper-event-lvm2raid.so
usr/lib64/device-mapper/libdevmapper-event-lvm2snapshot.so
usr/lib64/device-mapper/libdevmapper-event-lvm2thin.so
usr/lib64/device-mapper/libdevmapper-event-lvm2vdo.so
usr/lib64/iscsi
usr/lib64/ld-2.17.so
usr/lib64/ld-linux-aarch64.so.1 -> ld-2.17.so
usr/lib64/libacl.so.1.1.0
usr/lib64/libacl.so.1 -> libacl.so.1.1.0
usr/lib64/libaio.so.1.0.1
usr/lib64/libaio.so.1 -> libaio.so.1.0.1
usr/lib64/libattr.so.1.1.0
usr/lib64/libattr.so.1 -> libattr.so.1.1.0
usr/lib64/libaudit.so.1.0.0
usr/lib64/libaudit.so.1 -> libaudit.so.1.0.0
usr/lib64/libblkid.so.1.1.0
usr/lib64/libblkid.so.1 -> libblkid.so.1.1.0
usr/lib64/libbz2.so.1.0.6
usr/lib64/libbz2.so.1 -> libbz2.so.1.0.6
usr/lib64/libc-2.17.so
usr/lib64/libcap-ng.so.0.0.0
usr/lib64/libcap-ng.so.0 -> libcap-ng.so.0.0.0
usr/lib64/libcap.so.2.22
usr/lib64/libcap.so.2 -> libcap.so.2.22
usr/lib64/libcom_err.so.2.1
usr/lib64/libcom_err.so.2 -> libcom_err.so.2.1
usr/lib64/libcrypt-2.17.so
usr/lib64/libcrypto.so.1.0.2k
usr/lib64/libcrypto.so.10 -> libcrypto.so.1.0.2k
usr/lib64/libcrypt.so.1 -> libcrypt-2.17.so
usr/lib64/libc.so.6 -> libc-2.17.so
usr/lib64/libdaemon.so.0.5.0
usr/lib64/libdaemon.so.0 -> libdaemon.so.0.5.0
usr/lib64/libdbus-1.so.3.14.14
usr/lib64/libdbus-1.so.3 -> libdbus-1.so.3.14.14
usr/lib64/libdevmapper-event-lvm2mirror.so -> device-mapper/libdevmapper-event-lvm2mirror.so
usr/lib64/libdevmapper-event-lvm2raid.so -> device-mapper/libdevmapper-event-lvm2raid.so
usr/lib64/libdevmapper-event-lvm2snapshot.so -> device-mapper/libdevmapper-event-lvm2snapshot.so
usr/lib64/libdevmapper-event-lvm2.so.2.02
usr/lib64/libdevmapper-event-lvm2thin.so -> device-mapper/libdevmapper-event-lvm2thin.so
usr/lib64/libdevmapper-event-lvm2vdo.so -> device-mapper/libdevmapper-event-lvm2vdo.so
usr/lib64/libdevmapper-event.so.1.02
usr/lib64/libdevmapper.so.1.02
usr/lib64/libdl-2.17.so
usr/lib64/libdl.so.2 -> libdl-2.17.so
usr/lib64/libdns-export.so.100.1.1
usr/lib64/libdns-export.so.100 -> libdns-export.so.100.1.1
usr/lib64/libdrm.so.2.4.0
usr/lib64/libdrm.so.2 -> libdrm.so.2.4.0
usr/lib64/libdw-0.172.so
usr/lib64/libdw.so.1 -> libdw-0.172.so
usr/lib64/libelf-0.172.so
usr/lib64/libelf.so.1 -> libelf-0.172.so
usr/lib64/libfreebl3.so
usr/lib64/libfreeblpriv3.chk
usr/lib64/libfreeblpriv3.so
usr/lib64/libgcc_s-4.8.5-20150702.so.1
usr/lib64/libgcc_s.so.1 -> libgcc_s-4.8.5-20150702.so.1
usr/lib64/libgcrypt.so.11.8.2
usr/lib64/libgcrypt.so.11 -> libgcrypt.so.11.8.2
usr/lib64/libGeoIP.so.1.5.0
usr/lib64/libGeoIP.so.1 -> libGeoIP.so.1.5.0
usr/lib64/libgpg-error.so.0.10.0
usr/lib64/libgpg-error.so.0 -> libgpg-error.so.0.10.0
usr/lib64/libgssapi_krb5.so.2.2
usr/lib64/libgssapi_krb5.so.2 -> libgssapi_krb5.so.2.2
usr/lib64/libidn.so.11.6.11
usr/lib64/libidn.so.11 -> libidn.so.11.6.11
usr/lib64/libisc-export.so.95.2.1
usr/lib64/libisc-export.so.95 -> libisc-export.so.95.2.1
usr/lib64/libjansson.so.4.10.0
usr/lib64/libjansson.so.4 -> libjansson.so.4.10.0
usr/lib64/libk5crypto.so.3.1
usr/lib64/libk5crypto.so.3 -> libk5crypto.so.3.1
usr/lib64/libkeyutils.so.1.5
usr/lib64/libkeyutils.so.1 -> libkeyutils.so.1.5
usr/lib64/libkmod.so.2.2.10
usr/lib64/libkmod.so.2 -> libkmod.so.2.2.10
usr/lib64/libkrb5.so.3.3
usr/lib64/libkrb5.so.3 -> libkrb5.so.3.3
usr/lib64/libkrb5support.so.0.1
usr/lib64/libkrb5support.so.0 -> libkrb5support.so.0.1
usr/lib64/liblber-2.4.so.2.10.7
usr/lib64/liblber-2.4.so.2 -> liblber-2.4.so.2.10.7
usr/lib64/libldap-2.4.so.2.10.7
usr/lib64/libldap-2.4.so.2 -> libldap-2.4.so.2.10.7
usr/lib64/liblvm2cmd.so.2.02
usr/lib64/liblz4.so.1.7.5
usr/lib64/liblz4.so.1 -> liblz4.so.1.7.5
usr/lib64/liblzma.so.5.2.2
usr/lib64/liblzma.so.5 -> liblzma.so.5.2.2
usr/lib64/libm-2.17.so
usr/lib64/libmount.so.1.1.0
usr/lib64/libmount.so.1 -> libmount.so.1.1.0
usr/lib64/libm.so.6 -> libm-2.17.so
usr/lib64/libnl-3.so.200.23.0
usr/lib64/libnl-3.so.200 -> libnl-3.so.200.23.0
usr/lib64/libnl-cli-3.so.200.23.0
usr/lib64/libnl-cli-3.so.200 -> libnl-cli-3.so.200.23.0
usr/lib64/libnl-genl-3.so.200.23.0
usr/lib64/libnl-genl-3.so.200 -> libnl-genl-3.so.200.23.0
usr/lib64/libnl-nf-3.so.200.23.0
usr/lib64/libnl-nf-3.so.200 -> libnl-nf-3.so.200.23.0
usr/lib64/libnl-route-3.so.200.23.0
usr/lib64/libnl-route-3.so.200 -> libnl-route-3.so.200.23.0
usr/lib64/libnspr4.so
usr/lib64/libnss3.so
usr/lib64/libnss_dns-2.17.so
usr/lib64/libnss_dns.so.2 -> libnss_dns-2.17.so
usr/lib64/libnss_files-2.17.so
usr/lib64/libnss_files.so.2 -> libnss_files-2.17.so
usr/lib64/libnssutil3.so
usr/lib64/libomapi.so.0.0.0
usr/lib64/libomapi.so.0 -> libomapi.so.0.0.0
usr/lib64/libpam.so.0.83.1
usr/lib64/libpam.so.0 -> libpam.so.0.83.1
usr/lib64/libpcre.so.1.2.0
usr/lib64/libpcre.so.1 -> libpcre.so.1.2.0
usr/lib64/libplc4.so
usr/lib64/libplds4.so
usr/lib64/libply.so.2.1.0
usr/lib64/libply.so.2 -> libply.so.2.1.0
usr/lib64/libply-splash-core.so.2.1.0
usr/lib64/libply-splash-core.so.2 -> libply-splash-core.so.2.1.0
usr/lib64/libprocps.so.4.0.0
usr/lib64/libprocps.so.4 -> libprocps.so.4.0.0
usr/lib64/libpthread-2.17.so
usr/lib64/libpthread.so.0 -> libpthread-2.17.so
usr/lib64/libqrencode.so.3.4.1
usr/lib64/libqrencode.so.3 -> libqrencode.so.3.4.1
usr/lib64/libreadline.so.6.2
usr/lib64/libreadline.so.6 -> libreadline.so.6.2
usr/lib64/libresolv-2.17.so
usr/lib64/libresolv.so.2 -> libresolv-2.17.so
usr/lib64/librt-2.17.so
usr/lib64/librt.so.1 -> librt-2.17.so
usr/lib64/libsasl2.so.3.0.0
usr/lib64/libsasl2.so.3 -> libsasl2.so.3.0.0
usr/lib64/libselinux.so.1
usr/lib64/libsepol.so.1
usr/lib64/libsmime3.so
usr/lib64/libssl3.so
usr/lib64/libssl.so.1.0.2k
usr/lib64/libssl.so.10 -> libssl.so.1.0.2k
usr/lib64/libsystemd-daemon.so.0.0.12
usr/lib64/libsystemd-daemon.so.0 -> libsystemd-daemon.so.0.0.12
usr/lib64/libsystemd.so.0.6.0
usr/lib64/libsystemd.so.0 -> libsystemd.so.0.6.0
usr/lib64/libteamdctl.so.0.1.5
usr/lib64/libteamdctl.so.0 -> libteamdctl.so.0.1.5
usr/lib64/libteam.so.5.4.0
usr/lib64/libteam.so.5 -> libteam.so.5.4.0
usr/lib64/libtinfo.so.5.9
usr/lib64/libtinfo.so.5 -> libtinfo.so.5.9
usr/lib64/libudev.so.1.6.2
usr/lib64/libudev.so.1 -> libudev.so.1.6.2
usr/lib64/libuuid.so.1.3.0
usr/lib64/libuuid.so.1 -> libuuid.so.1.3.0
usr/lib64/libxml2.so.2.9.1
usr/lib64/libxml2.so.2 -> libxml2.so.2.9.1
usr/lib64/libz.so.1.2.7
usr/lib64/libz.so.1 -> libz.so.1.2.7
usr/lib64/mysql
usr/lib64/plymouth
usr/lib64/plymouth/details.so
usr/lib64/plymouth/renderers
usr/lib64/plymouth/renderers/drm.so
usr/lib64/plymouth/renderers/frame-buffer.so
usr/lib64/plymouth/text.so
usr/lib/dracut
usr/lib/dracut/build-parameter.txt
usr/lib/dracut/dracut-033-554.el7
usr/lib/dracut/hooks
usr/lib/dracut/hooks/cleanup
usr/lib/dracut/hooks/cleanup/10-kill-dhclient.sh
usr/lib/dracut/hooks/cmdline
usr/lib/dracut/hooks/cmdline/30-parse-lvm.sh
usr/lib/dracut/hooks/cmdline/91-dhcp-root.sh
usr/lib/dracut/hooks/cmdline/92-parse-ibft.sh
usr/lib/dracut/hooks/cmdline/95-parse-vlan.sh
usr/lib/dracut/hooks/cmdline/96-parse-bond.sh
usr/lib/dracut/hooks/cmdline/96-parse-team.sh
usr/lib/dracut/hooks/cmdline/97-parse-bridge.sh
usr/lib/dracut/hooks/cmdline/98-parse-ip-opts.sh
usr/lib/dracut/hooks/cmdline/99-parse-ifname.sh
usr/lib/dracut/hooks/emergency
usr/lib/dracut/hooks/emergency/50-plymouth-emergency.sh
usr/lib/dracut/hooks/initqueue
usr/lib/dracut/hooks/initqueue/finished
usr/lib/dracut/hooks/initqueue/online
usr/lib/dracut/hooks/initqueue/settled
usr/lib/dracut/hooks/initqueue/timeout
usr/lib/dracut/hooks/initqueue/timeout/99-rootfallback.sh
usr/lib/dracut/hooks/mount
usr/lib/dracut/hooks/netroot
usr/lib/dracut/hooks/pre-mount
usr/lib/dracut/hooks/pre-pivot
usr/lib/dracut/hooks/pre-pivot/85-write-ifcfg.sh
usr/lib/dracut/hooks/pre-shutdown
usr/lib/dracut/hooks/pre-trigger
usr/lib/dracut/hooks/pre-udev
usr/lib/dracut/hooks/pre-udev/30-dm-pre-udev.sh
usr/lib/dracut/hooks/pre-udev/50-ifname-genrules.sh
usr/lib/dracut/hooks/pre-udev/60-net-genrules.sh
usr/lib/dracut/hooks/shutdown
usr/lib/dracut/hooks/shutdown/30-dm-shutdown.sh
usr/lib/dracut/hooks/shutdown-emergency
usr/lib/dracut-lib.sh
usr/lib/dracut/loaded-kernel-modules.txt
usr/lib/dracut/modules.txt
usr/lib/dracut/need-initqueue
usr/lib/dracut/parse-resume.sh
usr/lib/dracut/resume.sh
usr/lib/fs-lib.sh
usr/lib/kbd
usr/lib/kbd/consolefonts
usr/lib/kbd/consolefonts/161.cp.gz
usr/lib/kbd/consolefonts/162.cp.gz
usr/lib/kbd/consolefonts/163.cp.gz
usr/lib/kbd/consolefonts/164.cp.gz
usr/lib/kbd/consolefonts/165.cp.gz
usr/lib/kbd/consolefonts/737.cp.gz
usr/lib/kbd/consolefonts/880.cp.gz
usr/lib/kbd/consolefonts/928.cp.gz
usr/lib/kbd/consolefonts/972.cp.gz
usr/lib/kbd/consolefonts/Agafari-12.psfu.gz
usr/lib/kbd/consolefonts/Agafari-14.psfu.gz
usr/lib/kbd/consolefonts/Agafari-16.psfu.gz
usr/lib/kbd/consolefonts/alt-8x14.gz
usr/lib/kbd/consolefonts/alt-8x16.gz
usr/lib/kbd/consolefonts/alt-8x8.gz
usr/lib/kbd/consolefonts/altc-8x16.gz
usr/lib/kbd/consolefonts/aply16.psf.gz
usr/lib/kbd/consolefonts/arm8.fnt.gz
usr/lib/kbd/consolefonts/cp1250.psfu.gz
usr/lib/kbd/consolefonts/cp850-8x14.psfu.gz
usr/lib/kbd/consolefonts/cp850-8x16.psfu.gz
usr/lib/kbd/consolefonts/cp850-8x8.psfu.gz
usr/lib/kbd/consolefonts/cp857.08.gz
usr/lib/kbd/consolefonts/cp857.14.gz
usr/lib/kbd/consolefonts/cp857.16.gz
usr/lib/kbd/consolefonts/cp865-8x14.psfu.gz
usr/lib/kbd/consolefonts/cp865-8x16.psfu.gz
usr/lib/kbd/consolefonts/cp865-8x8.psfu.gz
usr/lib/kbd/consolefonts/cp866-8x14.psf.gz
usr/lib/kbd/consolefonts/cp866-8x16.psf.gz
usr/lib/kbd/consolefonts/cp866-8x8.psf.gz
usr/lib/kbd/consolefonts/cybercafe.fnt.gz
usr/lib/kbd/consolefonts/Cyr_a8x14.psfu.gz
usr/lib/kbd/consolefonts/Cyr_a8x16.psfu.gz
usr/lib/kbd/consolefonts/Cyr_a8x8.psfu.gz
usr/lib/kbd/consolefonts/cyr-sun16.psfu.gz
usr/lib/kbd/consolefonts/default8x16.psfu.gz
usr/lib/kbd/consolefonts/default8x9.psfu.gz
usr/lib/kbd/consolefonts/drdos8x14.psfu.gz
usr/lib/kbd/consolefonts/drdos8x16.psfu.gz
usr/lib/kbd/consolefonts/drdos8x6.psfu.gz
usr/lib/kbd/consolefonts/drdos8x8.psfu.gz
usr/lib/kbd/consolefonts/ERRORS
usr/lib/kbd/consolefonts/eurlatgr.psfu.gz
usr/lib/kbd/consolefonts/Goha-12.psfu.gz
usr/lib/kbd/consolefonts/Goha-14.psfu.gz
usr/lib/kbd/consolefonts/Goha-16.psfu.gz
usr/lib/kbd/consolefonts/GohaClassic-12.psfu.gz
usr/lib/kbd/consolefonts/GohaClassic-14.psfu.gz
usr/lib/kbd/consolefonts/GohaClassic-16.psfu.gz
usr/lib/kbd/consolefonts/gr737a-8x8.psfu.gz
usr/lib/kbd/consolefonts/gr737a-9x14.psfu.gz
usr/lib/kbd/consolefonts/gr737a-9x16.psfu.gz
usr/lib/kbd/consolefonts/gr737b-8x11.psfu.gz
usr/lib/kbd/consolefonts/gr737b-9x16-medieval.psfu.gz
usr/lib/kbd/consolefonts/gr737c-8x14.psfu.gz
usr/lib/kbd/consolefonts/gr737c-8x16.psfu.gz
usr/lib/kbd/consolefonts/gr737c-8x6.psfu.gz
usr/lib/kbd/consolefonts/gr737c-8x7.psfu.gz
usr/lib/kbd/consolefonts/gr737c-8x8.psfu.gz
usr/lib/kbd/consolefonts/gr737d-8x16.psfu.gz
usr/lib/kbd/consolefonts/gr928-8x16-thin.psfu.gz
usr/lib/kbd/consolefonts/gr928-9x14.psfu.gz
usr/lib/kbd/consolefonts/gr928-9x16.psfu.gz
usr/lib/kbd/consolefonts/gr928a-8x14.psfu.gz
usr/lib/kbd/consolefonts/gr928a-8x16.psfu.gz
usr/lib/kbd/consolefonts/gr928b-8x14.psfu.gz
usr/lib/kbd/consolefonts/gr928b-8x16.psfu.gz
usr/lib/kbd/consolefonts/greek-polytonic.psfu.gz
usr/lib/kbd/consolefonts/iso01.08.gz
usr/lib/kbd/consolefonts/iso01-12x22.psfu.gz
usr/lib/kbd/consolefonts/iso01.14.gz
usr/lib/kbd/consolefonts/iso01.16.gz
usr/lib/kbd/consolefonts/iso02.08.gz
usr/lib/kbd/consolefonts/iso02-12x22.psfu.gz
usr/lib/kbd/consolefonts/iso02.14.gz
usr/lib/kbd/consolefonts/iso02.16.gz
usr/lib/kbd/consolefonts/iso03.08.gz
usr/lib/kbd/consolefonts/iso03.14.gz
usr/lib/kbd/consolefonts/iso03.16.gz
usr/lib/kbd/consolefonts/iso04.08.gz
usr/lib/kbd/consolefonts/iso04.14.gz
usr/lib/kbd/consolefonts/iso04.16.gz
usr/lib/kbd/consolefonts/iso05.08.gz
usr/lib/kbd/consolefonts/iso05.14.gz
usr/lib/kbd/consolefonts/iso05.16.gz
usr/lib/kbd/consolefonts/iso06.08.gz
usr/lib/kbd/consolefonts/iso06.14.gz
usr/lib/kbd/consolefonts/iso06.16.gz
usr/lib/kbd/consolefonts/iso07.14.gz
usr/lib/kbd/consolefonts/iso07.16.gz
usr/lib/kbd/consolefonts/iso07u-16.psfu.gz
usr/lib/kbd/consolefonts/iso08.08.gz
usr/lib/kbd/consolefonts/iso08.14.gz
usr/lib/kbd/consolefonts/iso08.16.gz
usr/lib/kbd/consolefonts/iso09.08.gz
usr/lib/kbd/consolefonts/iso09.14.gz
usr/lib/kbd/consolefonts/iso09.16.gz
usr/lib/kbd/consolefonts/iso10.08.gz
usr/lib/kbd/consolefonts/iso10.14.gz
usr/lib/kbd/consolefonts/iso10.16.gz
usr/lib/kbd/consolefonts/koi8-14.psf.gz
usr/lib/kbd/consolefonts/koi8c-8x16.gz
usr/lib/kbd/consolefonts/koi8r-8x14.gz
usr/lib/kbd/consolefonts/koi8r-8x16.gz
usr/lib/kbd/consolefonts/koi8r-8x8.gz
usr/lib/kbd/consolefonts/koi8r.8x8.psfu.gz
usr/lib/kbd/consolefonts/koi8u_8x14.psfu.gz
usr/lib/kbd/consolefonts/koi8u_8x16.psfu.gz
usr/lib/kbd/consolefonts/koi8u_8x8.psfu.gz
usr/lib/kbd/consolefonts/lat0-08.psfu.gz
usr/lib/kbd/consolefonts/lat0-10.psfu.gz
usr/lib/kbd/consolefonts/lat0-12.psfu.gz
usr/lib/kbd/consolefonts/lat0-14.psfu.gz
usr/lib/kbd/consolefonts/lat0-16.psfu.gz
usr/lib/kbd/consolefonts/lat0-sun16.psfu.gz
usr/lib/kbd/consolefonts/lat1-08.psfu.gz
usr/lib/kbd/consolefonts/lat1-10.psfu.gz
usr/lib/kbd/consolefonts/lat1-12.psfu.gz
usr/lib/kbd/consolefonts/lat1-14.psfu.gz
usr/lib/kbd/consolefonts/lat1-16.psfu.gz
usr/lib/kbd/consolefonts/lat2-08.psfu.gz
usr/lib/kbd/consolefonts/lat2-10.psfu.gz
usr/lib/kbd/consolefonts/lat2-12.psfu.gz
usr/lib/kbd/consolefonts/lat2-14.psfu.gz
usr/lib/kbd/consolefonts/lat2-16.psfu.gz
usr/lib/kbd/consolefonts/lat2a-16.psfu.gz
usr/lib/kbd/consolefonts/lat2-sun16.psfu.gz
usr/lib/kbd/consolefonts/Lat2-Terminus16.psfu.gz
usr/lib/kbd/consolefonts/lat4-08.psfu.gz
usr/lib/kbd/consolefonts/lat4-10.psfu.gz
usr/lib/kbd/consolefonts/lat4-12.psfu.gz
usr/lib/kbd/consolefonts/lat4-14.psfu.gz
usr/lib/kbd/consolefonts/lat4-16.psfu.gz
usr/lib/kbd/consolefonts/lat4-16+.psfu.gz
usr/lib/kbd/consolefonts/lat4-19.psfu.gz
usr/lib/kbd/consolefonts/lat4a-08.psfu.gz
usr/lib/kbd/consolefonts/lat4a-10.psfu.gz
usr/lib/kbd/consolefonts/lat4a-12.psfu.gz
usr/lib/kbd/consolefonts/lat4a-14.psfu.gz
usr/lib/kbd/consolefonts/lat4a-16.psfu.gz
usr/lib/kbd/consolefonts/lat4a-16+.psfu.gz
usr/lib/kbd/consolefonts/lat4a-19.psfu.gz
usr/lib/kbd/consolefonts/lat5-12.psfu.gz
usr/lib/kbd/consolefonts/lat5-14.psfu.gz
usr/lib/kbd/consolefonts/lat5-16.psfu.gz
usr/lib/kbd/consolefonts/lat7-14.psfu.gz
usr/lib/kbd/consolefonts/lat7a-14.psfu.gz
usr/lib/kbd/consolefonts/lat7a-16.psf.gz
usr/lib/kbd/consolefonts/lat9-08.psf.gz
usr/lib/kbd/consolefonts/lat9-10.psf.gz
usr/lib/kbd/consolefonts/lat9-12.psf.gz
usr/lib/kbd/consolefonts/lat9-14.psf.gz
usr/lib/kbd/consolefonts/lat9-16.psf.gz
usr/lib/kbd/consolefonts/lat9u-08.psfu.gz
usr/lib/kbd/consolefonts/lat9u-10.psfu.gz
usr/lib/kbd/consolefonts/lat9u-12.psfu.gz
usr/lib/kbd/consolefonts/lat9u-14.psfu.gz
usr/lib/kbd/consolefonts/lat9u-16.psfu.gz
usr/lib/kbd/consolefonts/lat9v-08.psfu.gz
usr/lib/kbd/consolefonts/lat9v-10.psfu.gz
usr/lib/kbd/consolefonts/lat9v-12.psfu.gz
usr/lib/kbd/consolefonts/lat9v-14.psfu.gz
usr/lib/kbd/consolefonts/lat9v-16.psfu.gz
usr/lib/kbd/consolefonts/lat9w-08.psfu.gz
usr/lib/kbd/consolefonts/lat9w-10.psfu.gz
usr/lib/kbd/consolefonts/lat9w-12.psfu.gz
usr/lib/kbd/consolefonts/lat9w-14.psfu.gz
usr/lib/kbd/consolefonts/lat9w-16.psfu.gz
usr/lib/kbd/consolefonts/LatArCyrHeb-08.psfu.gz
usr/lib/kbd/consolefonts/LatArCyrHeb-14.psfu.gz
usr/lib/kbd/consolefonts/LatArCyrHeb-16.psfu.gz
usr/lib/kbd/consolefonts/LatArCyrHeb-16+.psfu.gz
usr/lib/kbd/consolefonts/LatArCyrHeb-19.psfu.gz
usr/lib/kbd/consolefonts/latarcyrheb-sun16.psfu.gz
usr/lib/kbd/consolefonts/latarcyrheb-sun32.psfu.gz
usr/lib/kbd/consolefonts/LatGrkCyr-12x22.psfu.gz
usr/lib/kbd/consolefonts/LatGrkCyr-8x16.psfu.gz
usr/lib/kbd/consolefonts/LatKaCyrHeb-14.psfu.gz
usr/lib/kbd/consolefonts/Mik_8x16.gz
usr/lib/kbd/consolefonts/partialfonts
usr/lib/kbd/consolefonts/partialfonts/8859-10.a0-ff.08.gz
usr/lib/kbd/consolefonts/partialfonts/8859-10.a0-ff.14.gz
usr/lib/kbd/consolefonts/partialfonts/8859-10.a0-ff.16.gz
usr/lib/kbd/consolefonts/partialfonts/8859-1.a0-ff.08.gz
usr/lib/kbd/consolefonts/partialfonts/8859-1.a0-ff.14.gz
usr/lib/kbd/consolefonts/partialfonts/8859-1.a0-ff.16.gz
usr/lib/kbd/consolefonts/partialfonts/8859-2.a0-ff.08.gz
usr/lib/kbd/consolefonts/partialfonts/8859-2.a0-ff.14.gz
usr/lib/kbd/consolefonts/partialfonts/8859-2.a0-ff.16.gz
usr/lib/kbd/consolefonts/partialfonts/8859-3.a0-ff.08.gz
usr/lib/kbd/consolefonts/partialfonts/8859-3.a0-ff.14.gz
usr/lib/kbd/consolefonts/partialfonts/8859-3.a0-ff.16.gz
usr/lib/kbd/consolefonts/partialfonts/8859-4.a0-ff.08.gz
usr/lib/kbd/consolefonts/partialfonts/8859-4.a0-ff.14.gz
usr/lib/kbd/consolefonts/partialfonts/8859-4.a0-ff.16.gz
usr/lib/kbd/consolefonts/partialfonts/8859-5.a0-ff.08.gz
usr/lib/kbd/consolefonts/partialfonts/8859-5.a0-ff.14.gz
usr/lib/kbd/consolefonts/partialfonts/8859-5.a0-ff.16.gz
usr/lib/kbd/consolefonts/partialfonts/8859-6.a0-ff.08.gz
usr/lib/kbd/consolefonts/partialfonts/8859-6.a0-ff.14.gz
usr/lib/kbd/consolefonts/partialfonts/8859-6.a0-ff.16.gz
usr/lib/kbd/consolefonts/partialfonts/8859-7.a0-ff.08.gz
usr/lib/kbd/consolefonts/partialfonts/8859-7.a0-ff.14.gz
usr/lib/kbd/consolefonts/partialfonts/8859-7.a0-ff.16.gz
usr/lib/kbd/consolefonts/partialfonts/8859-8.a0-ff.08.gz
usr/lib/kbd/consolefonts/partialfonts/8859-8.a0-ff.14.gz
usr/lib/kbd/consolefonts/partialfonts/8859-8.a0-ff.16.gz
usr/lib/kbd/consolefonts/partialfonts/8859-9.a0-ff.08.gz
usr/lib/kbd/consolefonts/partialfonts/8859-9.a0-ff.14.gz
usr/lib/kbd/consolefonts/partialfonts/8859-9.a0-ff.16.gz
usr/lib/kbd/consolefonts/partialfonts/ascii.20-7f.08.gz
usr/lib/kbd/consolefonts/partialfonts/ascii.20-7f.14.gz
usr/lib/kbd/consolefonts/partialfonts/ascii.20-7f.16.gz
usr/lib/kbd/consolefonts/partialfonts/cp437.00-1f.08.gz
usr/lib/kbd/consolefonts/partialfonts/cp437.00-1f.14.gz
usr/lib/kbd/consolefonts/partialfonts/cp437.00-1f.16.gz
usr/lib/kbd/consolefonts/partialfonts/none.00-17.08.gz
usr/lib/kbd/consolefonts/partialfonts/none.00-17.14.gz
usr/lib/kbd/consolefonts/partialfonts/none.00-17.16.gz
usr/lib/kbd/consolefonts/ruscii_8x16.psfu.gz
usr/lib/kbd/consolefonts/ruscii_8x8.psfu.gz
usr/lib/kbd/consolefonts/sun12x22.psfu.gz
usr/lib/kbd/consolefonts/t850b.fnt.gz
usr/lib/kbd/consolefonts/tcvn8x16.psf.gz
usr/lib/kbd/consolefonts/t.fnt.gz
usr/lib/kbd/consolefonts/UniCyr_8x14.psf.gz
usr/lib/kbd/consolefonts/UniCyr_8x16.psf.gz
usr/lib/kbd/consolefonts/UniCyr_8x8.psf.gz
usr/lib/kbd/consolefonts/UniCyrExt_8x16.psf.gz
usr/lib/kbd/consolefonts/viscii10-8x16.psfu.gz
usr/lib/kbd/consoletrans
usr/lib/kbd/consoletrans/8859-10_to_uni.trans
usr/lib/kbd/consoletrans/8859-13_to_uni.trans
usr/lib/kbd/consoletrans/8859-14_to_uni.trans
usr/lib/kbd/consoletrans/8859-15_to_uni.trans
usr/lib/kbd/consoletrans/8859-1_to_uni.trans
usr/lib/kbd/consoletrans/8859-2_to_uni.trans
usr/lib/kbd/consoletrans/8859-3_to_uni.trans
usr/lib/kbd/consoletrans/8859-4_to_uni.trans
usr/lib/kbd/consoletrans/8859-5_to_uni.trans
usr/lib/kbd/consoletrans/8859-6_to_uni.trans
usr/lib/kbd/consoletrans/8859-7_to_uni.trans
usr/lib/kbd/consoletrans/8859-8_to_uni.trans
usr/lib/kbd/consoletrans/8859-9_to_uni.trans
usr/lib/kbd/consoletrans/baltic.trans
usr/lib/kbd/consoletrans/cp1250_to_uni.trans
usr/lib/kbd/consoletrans/cp1251_to_uni.trans
usr/lib/kbd/consoletrans/cp437_to_iso01.trans
usr/lib/kbd/consoletrans/cp437_to_uni.trans
usr/lib/kbd/consoletrans/cp737_to_uni.trans
usr/lib/kbd/consoletrans/cp775_to_uni.trans
usr/lib/kbd/consoletrans/cp850_to_iso01.trans
usr/lib/kbd/consoletrans/cp850_to_uni.trans
usr/lib/kbd/consoletrans/cp852_to_uni.trans
usr/lib/kbd/consoletrans/cp853_to_uni.trans
usr/lib/kbd/consoletrans/cp855_to_uni.trans
usr/lib/kbd/consoletrans/cp857_to_uni.trans
usr/lib/kbd/consoletrans/cp860_to_uni.trans
usr/lib/kbd/consoletrans/cp861_to_uni.trans
usr/lib/kbd/consoletrans/cp862_to_uni.trans
usr/lib/kbd/consoletrans/cp863_to_uni.trans
usr/lib/kbd/consoletrans/cp864_to_uni.trans
usr/lib/kbd/consoletrans/cp865_to_uni.trans
usr/lib/kbd/consoletrans/cp866_to_uni.trans
usr/lib/kbd/consoletrans/cp869_to_uni.trans
usr/lib/kbd/consoletrans/cp874_to_uni.trans
usr/lib/kbd/consoletrans/iso02_to_cp1250.trans
usr/lib/kbd/consoletrans/koi2alt
usr/lib/kbd/consoletrans/koi8-r_to_uni.trans
usr/lib/kbd/consoletrans/koi8u2ruscii
usr/lib/kbd/consoletrans/koi8-u_to_uni.trans
usr/lib/kbd/consoletrans/latin2u.trans
usr/lib/kbd/consoletrans/null
usr/lib/kbd/consoletrans/space
usr/lib/kbd/consoletrans/trivial
usr/lib/kbd/consoletrans/vga2iso
usr/lib/kbd/consoletrans/viscii1.0_to_tcvn.trans
usr/lib/kbd/consoletrans/viscii1.0_to_viscii1.1.trans
usr/lib/kbd/consoletrans/zero
usr/lib/kbd/keymaps
usr/lib/kbd/keymaps/legacy
usr/lib/kbd/keymaps/legacy/amiga
usr/lib/kbd/keymaps/legacy/amiga/amiga-de.map.gz
usr/lib/kbd/keymaps/legacy/amiga/amiga-us.map.gz
usr/lib/kbd/keymaps/legacy/atari
usr/lib/kbd/keymaps/legacy/atari/atari-de.map.gz
usr/lib/kbd/keymaps/legacy/atari/atari-se.map.gz
usr/lib/kbd/keymaps/legacy/atari/atari-uk-falcon.map.gz
usr/lib/kbd/keymaps/legacy/atari/atari-us.map.gz
usr/lib/kbd/keymaps/legacy/i386
usr/lib/kbd/keymaps/legacy/i386/azerty
usr/lib/kbd/keymaps/legacy/i386/azerty/azerty.map.gz
usr/lib/kbd/keymaps/legacy/i386/azerty/be-latin1.map.gz
usr/lib/kbd/keymaps/legacy/i386/azerty/fr-latin0.map.gz
usr/lib/kbd/keymaps/legacy/i386/azerty/fr-latin1.map.gz
usr/lib/kbd/keymaps/legacy/i386/azerty/fr-latin9.map.gz
usr/lib/kbd/keymaps/legacy/i386/azerty/fr.map.gz
usr/lib/kbd/keymaps/legacy/i386/azerty/fr-old.map.gz
usr/lib/kbd/keymaps/legacy/i386/azerty/fr-pc.map.gz
usr/lib/kbd/keymaps/legacy/i386/azerty/wangbe2.map.gz
usr/lib/kbd/keymaps/legacy/i386/azerty/wangbe.map.gz
usr/lib/kbd/keymaps/legacy/i386/colemak
usr/lib/kbd/keymaps/legacy/i386/colemak/en-latin9.map.gz
usr/lib/kbd/keymaps/legacy/i386/dvorak
usr/lib/kbd/keymaps/legacy/i386/dvorak/ANSI-dvorak.map.gz
usr/lib/kbd/keymaps/legacy/i386/dvorak/dvorak-ca-fr.map.gz
usr/lib/kbd/keymaps/legacy/i386/dvorak/dvorak-es.map.gz
usr/lib/kbd/keymaps/legacy/i386/dvorak/dvorak-fr.map.gz
usr/lib/kbd/keymaps/legacy/i386/dvorak/dvorak-l.map.gz
usr/lib/kbd/keymaps/legacy/i386/dvorak/dvorak.map.gz
usr/lib/kbd/keymaps/legacy/i386/dvorak/dvorak-r.map.gz
usr/lib/kbd/keymaps/legacy/i386/dvorak/dvorak-ru.map.gz
usr/lib/kbd/keymaps/legacy/i386/dvorak/dvorak-sv-a1.map.gz
usr/lib/kbd/keymaps/legacy/i386/dvorak/dvorak-sv-a5.map.gz
usr/lib/kbd/keymaps/legacy/i386/dvorak/dvorak-uk.map.gz
usr/lib/kbd/keymaps/legacy/i386/dvorak/fr-dvorak.map.gz
usr/lib/kbd/keymaps/legacy/i386/dvorak/no-dvorak.map.gz
usr/lib/kbd/keymaps/legacy/i386/fgGIod
usr/lib/kbd/keymaps/legacy/i386/fgGIod/trf-fgGIod.map.gz
usr/lib/kbd/keymaps/legacy/i386/fgGIod/tr_f-latin5.map.gz
usr/lib/kbd/keymaps/legacy/i386/include
usr/lib/kbd/keymaps/legacy/i386/include/applkey.map.gz
usr/lib/kbd/keymaps/legacy/i386/include/azerty-layout.inc
usr/lib/kbd/keymaps/legacy/i386/include/backspace.map.gz
usr/lib/kbd/keymaps/legacy/i386/include/compose.inc
usr/lib/kbd/keymaps/legacy/i386/include/ctrl.map.gz
usr/lib/kbd/keymaps/legacy/i386/include/euro1.inc
usr/lib/kbd/keymaps/legacy/i386/include/euro1.map.gz
usr/lib/kbd/keymaps/legacy/i386/include/euro2.map.gz
usr/lib/kbd/keymaps/legacy/i386/include/euro.map.gz
usr/lib/kbd/keymaps/legacy/i386/include/keypad.map.gz
usr/lib/kbd/keymaps/legacy/i386/include/linux-keys-bare.inc
usr/lib/kbd/keymaps/legacy/i386/include/linux-keys-extd.inc
usr/lib/kbd/keymaps/legacy/i386/include/linux-with-alt-and-altgr.inc
usr/lib/kbd/keymaps/legacy/i386/include/linux-with-modeshift-altgr.inc
usr/lib/kbd/keymaps/legacy/i386/include/linux-with-two-alt-keys.inc
usr/lib/kbd/keymaps/legacy/i386/include/qwerty-layout.inc
usr/lib/kbd/keymaps/legacy/i386/include/qwertz-layout.inc
usr/lib/kbd/keymaps/legacy/i386/include/unicode.map.gz
usr/lib/kbd/keymaps/legacy/i386/include/windowkeys.map.gz
usr/lib/kbd/keymaps/legacy/i386/olpc
usr/lib/kbd/keymaps/legacy/i386/olpc/es-olpc.map.gz
usr/lib/kbd/keymaps/legacy/i386/olpc/pt-olpc.map.gz
usr/lib/kbd/keymaps/legacy/i386/qwerty
usr/lib/kbd/keymaps/legacy/i386/qwerty/bashkir.map.gz
usr/lib/kbd/keymaps/legacy/i386/qwerty/bg_bds-cp1251.map.gz
usr/lib/kbd/keymaps/legacy/i386/qwerty/bg_bds-utf8.map.gz
usr/lib/kbd/keymaps/legacy/i386/qwerty/bg-cp1251.map.gz
usr/lib/kbd/keymaps/legacy/i386/qwerty/bg-cp855.map.gz
usr/lib/kbd/keymaps/legacy/i386/qwerty/bg_pho-cp1251.map.gz
usr/lib/kbd/keymaps/legacy/i386/qwerty/bg_pho-utf8.map.gz
usr/lib/kbd/keymaps/legacy/i386/qwerty/br-abnt2.map.gz
usr/lib/kbd/keymaps/legacy/i386/qwerty/br-abnt.map.gz
usr/lib/kbd/keymaps/legacy/i386/qwerty/br-latin1-abnt2.map.gz
usr/lib/kbd/keymaps/legacy/i386/qwerty/br-latin1-us.map.gz
usr/lib/kbd/keymaps/legacy/i386/qwerty/by-cp1251.map.gz
usr/lib/kbd/keymaps/legacy/i386/qwerty/by.map.gz
usr/lib/kbd/keymaps/legacy/i386/qwerty/bywin-cp1251.map.gz
usr/lib/kbd/keymaps/legacy/i386/qwerty/cf.map.gz
usr/lib/kbd/keymaps/legacy/i386/qwerty/cz-cp1250.map.gz
usr/lib/kbd/keymaps/legacy/i386/qwerty/cz-lat2.map.gz
usr/lib/kbd/keymaps/legacy/i386/qwerty/cz-lat2-prog.map.gz
usr/lib/kbd/keymaps/legacy/i386/qwerty/cz-qwerty.map.gz
usr/lib/kbd/keymaps/legacy/i386/qwerty/defkeymap.map.gz
usr/lib/kbd/keymaps/legacy/i386/qwerty/defkeymap_V1.0.map.gz
usr/lib/kbd/keymaps/legacy/i386/qwerty/dk-latin1.map.gz
usr/lib/kbd/keymaps/legacy/i386/qwerty/dk.map.gz
usr/lib/kbd/keymaps/legacy/i386/qwerty/emacs2.map.gz
usr/lib/kbd/keymaps/legacy/i386/qwerty/emacs.map.gz
usr/lib/kbd/keymaps/legacy/i386/qwerty/es-cp850.map.gz
usr/lib/kbd/keymaps/legacy/i386/qwerty/es.map.gz
usr/lib/kbd/keymaps/legacy/i386/qwerty/et.map.gz
usr/lib/kbd/keymaps/legacy/i386/qwerty/et-nodeadkeys.map.gz
usr/lib/kbd/keymaps/legacy/i386/qwerty/fi-latin1.map.gz
usr/lib/kbd/keymaps/legacy/i386/qwerty/fi-latin9.map.gz
usr/lib/kbd/keymaps/legacy/i386/qwerty/fi.map.gz
usr/lib/kbd/keymaps/legacy/i386/qwerty/fi-old.map.gz
usr/lib/kbd/keymaps/legacy/i386/qwerty/gr.map.gz
usr/lib/kbd/keymaps/legacy/i386/qwerty/gr-pc.map.gz
usr/lib/kbd/keymaps/legacy/i386/qwerty/hu101.map.gz
usr/lib/kbd/keymaps/legacy/i386/qwerty/hypermap.m4
usr/lib/kbd/keymaps/legacy/i386/qwerty/il-heb.map.gz
usr/lib/kbd/keymaps/legacy/i386/qwerty/il.map.gz
usr/lib/kbd/keymaps/legacy/i386/qwerty/il-phonetic.map.gz
usr/lib/kbd/keymaps/legacy/i386/qwerty/is-latin1.map.gz
usr/lib/kbd/keymaps/legacy/i386/qwerty/is-latin1-us.map.gz
usr/lib/kbd/keymaps/legacy/i386/qwerty/it2.map.gz
usr/lib/kbd/keymaps/legacy/i386/qwerty/it-ibm.map.gz
usr/lib/kbd/keymaps/legacy/i386/qwerty/it.map.gz
usr/lib/kbd/keymaps/legacy/i386/qwerty/jp106.map.gz
usr/lib/kbd/keymaps/legacy/i386/qwerty/kazakh.map.gz
usr/lib/kbd/keymaps/legacy/i386/qwerty/ko.map.gz
usr/lib/kbd/keymaps/legacy/i386/qwerty/ky_alt_sh-UTF-8.map.gz
usr/lib/kbd/keymaps/legacy/i386/qwerty/kyrgyz.map.gz
usr/lib/kbd/keymaps/legacy/i386/qwerty/la-latin1.map.gz
usr/lib/kbd/keymaps/legacy/i386/qwerty/lt.baltic.map.gz
usr/lib/kbd/keymaps/legacy/i386/qwerty/lt.l4.map.gz
usr/lib/kbd/keymaps/legacy/i386/qwerty/lt.map.gz
usr/lib/kbd/keymaps/legacy/i386/qwerty/mk0.map.gz
usr/lib/kbd/keymaps/legacy/i386/qwerty/mk-cp1251.map.gz
usr/lib/kbd/keymaps/legacy/i386/qwerty/mk.map.gz
usr/lib/kbd/keymaps/legacy/i386/qwerty/mk-utf.map.gz
usr/lib/kbd/keymaps/legacy/i386/qwerty/nl2.map.gz
usr/lib/kbd/keymaps/legacy/i386/qwerty/nl.map.gz
usr/lib/kbd/keymaps/legacy/i386/qwerty/no-latin1.doc
usr/lib/kbd/keymaps/legacy/i386/qwerty/no-latin1.map.gz
usr/lib/kbd/keymaps/legacy/i386/qwerty/no.map.gz
usr/lib/kbd/keymaps/legacy/i386/qwerty/pc110.map.gz
usr/lib/kbd/keymaps/legacy/i386/qwerty/pl1.map.gz
usr/lib/kbd/keymaps/legacy/i386/qwerty/pl2.map.gz
usr/lib/kbd/keymaps/legacy/i386/qwerty/pl3.map.gz
usr/lib/kbd/keymaps/legacy/i386/qwerty/pl4.map.gz
usr/lib/kbd/keymaps/legacy/i386/qwerty/pl.map.gz
usr/lib/kbd/keymaps/legacy/i386/qwerty/pt-latin1.map.gz
usr/lib/kbd/keymaps/legacy/i386/qwerty/pt-latin9.map.gz
usr/lib/kbd/keymaps/legacy/i386/qwerty/pt.map.gz
usr/lib/kbd/keymaps/legacy/i386/qwerty/ro.map.gz
usr/lib/kbd/keymaps/legacy/i386/qwerty/ro_std.map.gz
usr/lib/kbd/keymaps/legacy/i386/qwerty/ru1.map.gz
usr/lib/kbd/keymaps/legacy/i386/qwerty/ru2.map.gz
usr/lib/kbd/keymaps/legacy/i386/qwerty/ru3.map.gz
usr/lib/kbd/keymaps/legacy/i386/qwerty/ru4.map.gz
usr/lib/kbd/keymaps/legacy/i386/qwerty/ru-cp1251.map.gz
usr/lib/kbd/keymaps/legacy/i386/qwerty/ru.map.gz
usr/lib/kbd/keymaps/legacy/i386/qwerty/ru-ms.map.gz
usr/lib/kbd/keymaps/legacy/i386/qwerty/ruwin_alt-CP1251.map.gz
usr/lib/kbd/keymaps/legacy/i386/qwerty/ruwin_alt-KOI8-R.map.gz
usr/lib/kbd/keymaps/legacy/i386/qwerty/ruwin_alt_sh-UTF-8.map.gz
usr/lib/kbd/keymaps/legacy/i386/qwerty/ruwin_alt-UTF-8.map.gz
usr/lib/kbd/keymaps/legacy/i386/qwerty/ruwin_cplk-CP1251.map.gz
usr/lib/kbd/keymaps/legacy/i386/qwerty/ruwin_cplk-KOI8-R.map.gz
usr/lib/kbd/keymaps/legacy/i386/qwerty/ruwin_cplk-UTF-8.map.gz
usr/lib/kbd/keymaps/legacy/i386/qwerty/ruwin_ctrl-CP1251.map.gz
usr/lib/kbd/keymaps/legacy/i386/qwerty/ruwin_ctrl-KOI8-R.map.gz
usr/lib/kbd/keymaps/legacy/i386/qwerty/ruwin_ctrl-UTF-8.map.gz
usr/lib/kbd/keymaps/legacy/i386/qwerty/ruwin_ct_sh-CP1251.map.gz
usr/lib/kbd/keymaps/legacy/i386/qwerty/ruwin_ct_sh-KOI8-R.map.gz
usr/lib/kbd/keymaps/legacy/i386/qwerty/ruwin_ct_sh-UTF-8.map.gz
usr/lib/kbd/keymaps/legacy/i386/qwerty/ru_win.map.gz
usr/lib/kbd/keymaps/legacy/i386/qwerty/ru-yawerty.map.gz
usr/lib/kbd/keymaps/legacy/i386/qwerty/se-fi-ir209.map.gz
usr/lib/kbd/keymaps/legacy/i386/qwerty/se-fi-lat6.map.gz
usr/lib/kbd/keymaps/legacy/i386/qwerty/se-ir209.map.gz
usr/lib/kbd/keymaps/legacy/i386/qwerty/se-lat6.map.gz
usr/lib/kbd/keymaps/legacy/i386/qwerty/se-latin1.map.gz
usr/lib/kbd/keymaps/legacy/i386/qwerty/sk-prog-qwerty.map.gz
usr/lib/kbd/keymaps/legacy/i386/qwerty/sk-qwerty.map.gz
usr/lib/kbd/keymaps/legacy/i386/qwerty/sr-cy.map.gz
usr/lib/kbd/keymaps/legacy/i386/qwerty/sr-latin.map.gz
usr/lib/kbd/keymaps/legacy/i386/qwerty/sv-latin1.map.gz
usr/lib/kbd/keymaps/legacy/i386/qwerty/tj_alt-UTF8.map.gz
usr/lib/kbd/keymaps/legacy/i386/qwerty/tralt.map.gz
usr/lib/kbd/keymaps/legacy/i386/qwerty/trf.map.gz
usr/lib/kbd/keymaps/legacy/i386/qwerty/tr_q-latin5.map.gz
usr/lib/kbd/keymaps/legacy/i386/qwerty/trq.map.gz
usr/lib/kbd/keymaps/legacy/i386/qwerty/ttwin_alt-UTF-8.map.gz
usr/lib/kbd/keymaps/legacy/i386/qwerty/ttwin_cplk-UTF-8.map.gz
usr/lib/kbd/keymaps/legacy/i386/qwerty/ttwin_ctrl-UTF-8.map.gz
usr/lib/kbd/keymaps/legacy/i386/qwerty/ttwin_ct_sh-UTF-8.map.gz
usr/lib/kbd/keymaps/legacy/i386/qwerty/ua-cp1251.map.gz
usr/lib/kbd/keymaps/legacy/i386/qwerty/ua.map.gz
usr/lib/kbd/keymaps/legacy/i386/qwerty/ua-utf.map.gz
usr/lib/kbd/keymaps/legacy/i386/qwerty/ua-utf-ws.map.gz
usr/lib/kbd/keymaps/legacy/i386/qwerty/ua-ws.map.gz
usr/lib/kbd/keymaps/legacy/i386/qwerty/uk.map.gz
usr/lib/kbd/keymaps/legacy/i386/qwerty/us-acentos.map.gz
usr/lib/kbd/keymaps/legacy/i386/qwerty/us.map.gz
usr/lib/kbd/keymaps/legacy/i386/qwertz
usr/lib/kbd/keymaps/legacy/i386/qwertz/croat.map.gz
usr/lib/kbd/keymaps/legacy/i386/qwertz/cz.map.gz
usr/lib/kbd/keymaps/legacy/i386/qwertz/cz-us-qwertz.map.gz
usr/lib/kbd/keymaps/legacy/i386/qwertz/de_alt_UTF-8.map.gz
usr/lib/kbd/keymaps/legacy/i386/qwertz/de_CH-latin1.map.gz
usr/lib/kbd/keymaps/legacy/i386/qwertz/de-latin1.map.gz
usr/lib/kbd/keymaps/legacy/i386/qwertz/de-latin1-nodeadkeys.map.gz
usr/lib/kbd/keymaps/legacy/i386/qwertz/de.map.gz
usr/lib/kbd/keymaps/legacy/i386/qwertz/de-mobii.map.gz
usr/lib/kbd/keymaps/legacy/i386/qwertz/fr_CH-latin1.map.gz
usr/lib/kbd/keymaps/legacy/i386/qwertz/fr_CH.map.gz
usr/lib/kbd/keymaps/legacy/i386/qwertz/hu.map.gz
usr/lib/kbd/keymaps/legacy/i386/qwertz/sg-latin1-lk450.map.gz
usr/lib/kbd/keymaps/legacy/i386/qwertz/sg-latin1.map.gz
usr/lib/kbd/keymaps/legacy/i386/qwertz/sg.map.gz
usr/lib/kbd/keymaps/legacy/i386/qwertz/sg.map.sg-decimal-separator
usr/lib/kbd/keymaps/legacy/i386/qwertz/sk-prog-qwertz.map.gz
usr/lib/kbd/keymaps/legacy/i386/qwertz/sk-qwertz.map.gz
usr/lib/kbd/keymaps/legacy/i386/qwertz/slovene.map.gz
usr/lib/kbd/keymaps/legacy/include
usr/lib/kbd/keymaps/legacy/include/compose.8859_7
usr/lib/kbd/keymaps/legacy/include/compose.8859_8
usr/lib/kbd/keymaps/legacy/include/compose.latin
usr/lib/kbd/keymaps/legacy/include/compose.latin1
usr/lib/kbd/keymaps/legacy/include/compose.latin2
usr/lib/kbd/keymaps/legacy/include/compose.latin3
usr/lib/kbd/keymaps/legacy/include/compose.latin4
usr/lib/kbd/keymaps/legacy/include/vim-compose.latin1
usr/lib/kbd/keymaps/legacy/mac
usr/lib/kbd/keymaps/legacy/mac/all
usr/lib/kbd/keymaps/legacy/mac/all/mac-be.map.gz
usr/lib/kbd/keymaps/legacy/mac/all/mac-de_CH.map.gz
usr/lib/kbd/keymaps/legacy/mac/all/mac-de-latin1.map.gz
usr/lib/kbd/keymaps/legacy/mac/all/mac-de-latin1-nodeadkeys.map.gz
usr/lib/kbd/keymaps/legacy/mac/all/mac-dk-latin1.map.gz
usr/lib/kbd/keymaps/legacy/mac/all/mac-dvorak.map.gz
usr/lib/kbd/keymaps/legacy/mac/all/mac-es.map.gz
usr/lib/kbd/keymaps/legacy/mac/all/mac-fi-latin1.map.gz
usr/lib/kbd/keymaps/legacy/mac/all/mac-fr_CH-latin1.map.gz
usr/lib/kbd/keymaps/legacy/mac/all/mac-fr.map.gz
usr/lib/kbd/keymaps/legacy/mac/all/mac-it.map.gz
usr/lib/kbd/keymaps/legacy/mac/all/mac-pl.map.gz
usr/lib/kbd/keymaps/legacy/mac/all/mac-pt-latin1.map.gz
usr/lib/kbd/keymaps/legacy/mac/all/mac-se.map.gz
usr/lib/kbd/keymaps/legacy/mac/all/mac-template.map.gz
usr/lib/kbd/keymaps/legacy/mac/all/mac-uk.map.gz
usr/lib/kbd/keymaps/legacy/mac/all/mac-us.map.gz
usr/lib/kbd/keymaps/legacy/mac/include
usr/lib/kbd/keymaps/legacy/mac/include/mac-azerty-layout.inc
usr/lib/kbd/keymaps/legacy/mac/include/mac-euro2.map.gz
usr/lib/kbd/keymaps/legacy/mac/include/mac-euro.map.gz
usr/lib/kbd/keymaps/legacy/mac/include/mac-linux-keys-bare.inc
usr/lib/kbd/keymaps/legacy/mac/include/mac-qwerty-layout.inc
usr/lib/kbd/keymaps/legacy/mac/include/mac-qwertz-layout.inc
usr/lib/kbd/keymaps/legacy/ppc
usr/lib/kbd/keymaps/legacy/ppc/all
usr/lib/kbd/keymaps/legacy/ppc/all/mac-be.map.gz
usr/lib/kbd/keymaps/legacy/ppc/all/mac-de_CH.map.gz
usr/lib/kbd/keymaps/legacy/ppc/all/mac-de-latin1.map.gz
usr/lib/kbd/keymaps/legacy/ppc/all/mac-de-latin1-nodeadkeys.map.gz
usr/lib/kbd/keymaps/legacy/ppc/all/mac-dk-latin1.map.gz
usr/lib/kbd/keymaps/legacy/ppc/all/mac-dvorak.map.gz
usr/lib/kbd/keymaps/legacy/ppc/all/mac-es.map.gz
usr/lib/kbd/keymaps/legacy/ppc/all/mac-fi-latin1.map.gz
usr/lib/kbd/keymaps/legacy/ppc/all/mac-fr_CH-latin1.map.gz
usr/lib/kbd/keymaps/legacy/ppc/all/mac-fr.map.gz
usr/lib/kbd/keymaps/legacy/ppc/all/mac-it.map.gz
usr/lib/kbd/keymaps/legacy/ppc/all/mac-pl.map.gz
usr/lib/kbd/keymaps/legacy/ppc/all/mac-pt-latin1.map.gz
usr/lib/kbd/keymaps/legacy/ppc/all/mac-se.map.gz
usr/lib/kbd/keymaps/legacy/ppc/all/mac-template.map.gz
usr/lib/kbd/keymaps/legacy/ppc/all/mac-uk.map.gz
usr/lib/kbd/keymaps/legacy/ppc/all/mac-us.map.gz
usr/lib/kbd/keymaps/legacy/ppc/include
usr/lib/kbd/keymaps/legacy/ppc/include/mac-azerty-layout.inc
usr/lib/kbd/keymaps/legacy/ppc/include/mac-euro2.map.gz
usr/lib/kbd/keymaps/legacy/ppc/include/mac-euro.map.gz
usr/lib/kbd/keymaps/legacy/ppc/include/mac-linux-keys-bare.inc
usr/lib/kbd/keymaps/legacy/ppc/include/mac-qwerty-layout.inc
usr/lib/kbd/keymaps/legacy/ppc/include/mac-qwertz-layout.inc
usr/lib/kbd/keymaps/legacy/sun
usr/lib/kbd/keymaps/legacy/sun/sundvorak.map.gz
usr/lib/kbd/keymaps/legacy/sun/sunkeymap.map.gz
usr/lib/kbd/keymaps/legacy/sun/sun-pl-altgraph.map.gz
usr/lib/kbd/keymaps/legacy/sun/sun-pl.map.gz
usr/lib/kbd/keymaps/legacy/sun/sunt4-es.map.gz
usr/lib/kbd/keymaps/legacy/sun/sunt4-fi-latin1.map.gz
usr/lib/kbd/keymaps/legacy/sun/sunt4-no-latin1.map.gz
usr/lib/kbd/keymaps/legacy/sun/sunt5-cz-us.map.gz
usr/lib/kbd/keymaps/legacy/sun/sunt5-de-latin1.map.gz
usr/lib/kbd/keymaps/legacy/sun/sunt5-es.map.gz
usr/lib/kbd/keymaps/legacy/sun/sunt5-fi-latin1.map.gz
usr/lib/kbd/keymaps/legacy/sun/sunt5-fr-latin1.map.gz
usr/lib/kbd/keymaps/legacy/sun/sunt5-ru.map.gz
usr/lib/kbd/keymaps/legacy/sun/sunt5-uk.map.gz
usr/lib/kbd/keymaps/legacy/sun/sunt5-us-cz.map.gz
usr/lib/kbd/keymaps/legacy/sun/sunt6-uk.map.gz
usr/lib/kbd/keymaps/xkb
usr/lib/kbd/keymaps/xkb/al.map.gz
usr/lib/kbd/keymaps/xkb/al-plisi.map.gz
usr/lib/kbd/keymaps/xkb/at-mac.map.gz
usr/lib/kbd/keymaps/xkb/at.map.gz
usr/lib/kbd/keymaps/xkb/at-nodeadkeys.map.gz
usr/lib/kbd/keymaps/xkb/at-sundeadkeys.map.gz
usr/lib/kbd/keymaps/xkb/az.map.gz
usr/lib/kbd/keymaps/xkb/ba-alternatequotes.map.gz
usr/lib/kbd/keymaps/xkb/ba.map.gz
usr/lib/kbd/keymaps/xkb/ba-unicode.map.gz
usr/lib/kbd/keymaps/xkb/ba-unicodeus.map.gz
usr/lib/kbd/keymaps/xkb/ba-us.map.gz
usr/lib/kbd/keymaps/xkb/be-iso-alternate.map.gz
usr/lib/kbd/keymaps/xkb/be.map.gz
usr/lib/kbd/keymaps/xkb/be-nodeadkeys.map.gz
usr/lib/kbd/keymaps/xkb/be-oss_latin9.map.gz
usr/lib/kbd/keymaps/xkb/be-oss.map.gz
usr/lib/kbd/keymaps/xkb/be-oss_sundeadkeys.map.gz
usr/lib/kbd/keymaps/xkb/be-sundeadkeys.map.gz
usr/lib/kbd/keymaps/xkb/be-wang.map.gz
usr/lib/kbd/keymaps/xkb/br-dvorak.map.gz
usr/lib/kbd/keymaps/xkb/br.map.gz
usr/lib/kbd/keymaps/xkb/br-nativo-epo.map.gz
usr/lib/kbd/keymaps/xkb/br-nativo.map.gz
usr/lib/kbd/keymaps/xkb/br-nativo-us.map.gz
usr/lib/kbd/keymaps/xkb/br-nodeadkeys.map.gz
usr/lib/kbd/keymaps/xkb/br-thinkpad.map.gz
usr/lib/kbd/keymaps/xkb/by-latin.map.gz
usr/lib/kbd/keymaps/xkb/ca-eng.map.gz
usr/lib/kbd/keymaps/xkb/ca-fr-dvorak.map.gz
usr/lib/kbd/keymaps/xkb/ca-fr-legacy.map.gz
usr/lib/kbd/keymaps/xkb/ca.map.gz
usr/lib/kbd/keymaps/xkb/ca-multi.map.gz
usr/lib/kbd/keymaps/xkb/ca-multix.map.gz
usr/lib/kbd/keymaps/xkb/ch-de_mac.map.gz
usr/lib/kbd/keymaps/xkb/ch-de_nodeadkeys.map.gz
usr/lib/kbd/keymaps/xkb/ch-de_sundeadkeys.map.gz
usr/lib/kbd/keymaps/xkb/ch-fr_mac.map.gz
usr/lib/kbd/keymaps/xkb/ch-fr.map.gz
usr/lib/kbd/keymaps/xkb/ch-fr_nodeadkeys.map.gz
usr/lib/kbd/keymaps/xkb/ch-fr_sundeadkeys.map.gz
usr/lib/kbd/keymaps/xkb/ch-legacy.map.gz
usr/lib/kbd/keymaps/xkb/ch.map.gz
usr/lib/kbd/keymaps/xkb/cm-azerty.map.gz
usr/lib/kbd/keymaps/xkb/cm-dvorak.map.gz
usr/lib/kbd/keymaps/xkb/cm-french.map.gz
usr/lib/kbd/keymaps/xkb/cm.map.gz
usr/lib/kbd/keymaps/xkb/cm-mmuock.map.gz
usr/lib/kbd/keymaps/xkb/cm-qwerty.map.gz
usr/lib/kbd/keymaps/xkb/cn-altgr-pinyin.map.gz
usr/lib/kbd/keymaps/xkb/cn.map.gz
usr/lib/kbd/keymaps/xkb/cz-bksl.map.gz
usr/lib/kbd/keymaps/xkb/cz-dvorak-ucw.map.gz
usr/lib/kbd/keymaps/xkb/cz.map.gz
usr/lib/kbd/keymaps/xkb/cz-qwerty_bksl.map.gz
usr/lib/kbd/keymaps/xkb/cz-qwerty.map.gz
usr/lib/kbd/keymaps/xkb/cz-rus.map.gz
usr/lib/kbd/keymaps/xkb/de-deadacute.map.gz
usr/lib/kbd/keymaps/xkb/de-deadgraveacute.map.gz
usr/lib/kbd/keymaps/xkb/de-deadtilde.map.gz
usr/lib/kbd/keymaps/xkb/de-dsb.map.gz
usr/lib/kbd/keymaps/xkb/de-dsb_qwertz.map.gz
usr/lib/kbd/keymaps/xkb/de-dvorak.map.gz
usr/lib/kbd/keymaps/xkb/de-mac.map.gz
usr/lib/kbd/keymaps/xkb/de-mac_nodeadkeys.map.gz
usr/lib/kbd/keymaps/xkb/de.map.gz
usr/lib/kbd/keymaps/xkb/de-neo.map.gz
usr/lib/kbd/keymaps/xkb/de-nodeadkeys.map.gz
usr/lib/kbd/keymaps/xkb/de-qwerty.map.gz
usr/lib/kbd/keymaps/xkb/de-ro.map.gz
usr/lib/kbd/keymaps/xkb/de-ro_nodeadkeys.map.gz
usr/lib/kbd/keymaps/xkb/de-sundeadkeys.map.gz
usr/lib/kbd/keymaps/xkb/de-T3.map.gz
usr/lib/kbd/keymaps/xkb/de-tr.map.gz
usr/lib/kbd/keymaps/xkb/dk-dvorak.map.gz
usr/lib/kbd/keymaps/xkb/dk-mac.map.gz
usr/lib/kbd/keymaps/xkb/dk-mac_nodeadkeys.map.gz
usr/lib/kbd/keymaps/xkb/dk.map.gz
usr/lib/kbd/keymaps/xkb/dk-nodeadkeys.map.gz
usr/lib/kbd/keymaps/xkb/dk-winkeys.map.gz
usr/lib/kbd/keymaps/xkb/dz.map.gz
usr/lib/kbd/keymaps/xkb/ee-dvorak.map.gz
usr/lib/kbd/keymaps/xkb/ee.map.gz
usr/lib/kbd/keymaps/xkb/ee-nodeadkeys.map.gz
usr/lib/kbd/keymaps/xkb/ee-us.map.gz
usr/lib/kbd/keymaps/xkb/epo-legacy.map.gz
usr/lib/kbd/keymaps/xkb/epo.map.gz
usr/lib/kbd/keymaps/xkb/es-ast.map.gz
usr/lib/kbd/keymaps/xkb/es-cat.map.gz
usr/lib/kbd/keymaps/xkb/es-deadtilde.map.gz
usr/lib/kbd/keymaps/xkb/es-dvorak.map.gz
usr/lib/kbd/keymaps/xkb/es-mac.map.gz
usr/lib/kbd/keymaps/xkb/es.map.gz
usr/lib/kbd/keymaps/xkb/es-nodeadkeys.map.gz
usr/lib/kbd/keymaps/xkb/es-sundeadkeys.map.gz
usr/lib/kbd/keymaps/xkb/es-winkeys.map.gz
usr/lib/kbd/keymaps/xkb/fi-classic.map.gz
usr/lib/kbd/keymaps/xkb/fi-das.map.gz
usr/lib/kbd/keymaps/xkb/fi-mac.map.gz
usr/lib/kbd/keymaps/xkb/fi.map.gz
usr/lib/kbd/keymaps/xkb/fi-nodeadkeys.map.gz
usr/lib/kbd/keymaps/xkb/fi-smi.map.gz
usr/lib/kbd/keymaps/xkb/fi-winkeys.map.gz
usr/lib/kbd/keymaps/xkb/fo.map.gz
usr/lib/kbd/keymaps/xkb/fo-nodeadkeys.map.gz
usr/lib/kbd/keymaps/xkb/fr-azerty.map.gz
usr/lib/kbd/keymaps/xkb/fr-bepo_latin9.map.gz
usr/lib/kbd/keymaps/xkb/fr-bepo.map.gz
usr/lib/kbd/keymaps/xkb/fr-bre.map.gz
usr/lib/kbd/keymaps/xkb/fr-dvorak.map.gz
usr/lib/kbd/keymaps/xkb/fr-latin9.map.gz
usr/lib/kbd/keymaps/xkb/fr-latin9_nodeadkeys.map.gz
usr/lib/kbd/keymaps/xkb/fr-latin9_sundeadkeys.map.gz
usr/lib/kbd/keymaps/xkb/fr-mac.map.gz
usr/lib/kbd/keymaps/xkb/fr.map.gz
usr/lib/kbd/keymaps/xkb/fr-nodeadkeys.map.gz
usr/lib/kbd/keymaps/xkb/fr-oci.map.gz
usr/lib/kbd/keymaps/xkb/fr-oss_latin9.map.gz
usr/lib/kbd/keymaps/xkb/fr-oss.map.gz
usr/lib/kbd/keymaps/xkb/fr-oss_nodeadkeys.map.gz
usr/lib/kbd/keymaps/xkb/fr-oss_sundeadkeys.map.gz
usr/lib/kbd/keymaps/xkb/fr-sundeadkeys.map.gz
usr/lib/kbd/keymaps/xkb/gb-colemak.map.gz
usr/lib/kbd/keymaps/xkb/gb-dvorak.map.gz
usr/lib/kbd/keymaps/xkb/gb-dvorakukp.map.gz
usr/lib/kbd/keymaps/xkb/gb-extd.map.gz
usr/lib/kbd/keymaps/xkb/gb-intl.map.gz
usr/lib/kbd/keymaps/xkb/gb-mac_intl.map.gz
usr/lib/kbd/keymaps/xkb/gb-mac.map.gz
usr/lib/kbd/keymaps/xkb/gb.map.gz
usr/lib/kbd/keymaps/xkb/ge-ergonomic.map.gz
usr/lib/kbd/keymaps/xkb/ge.map.gz
usr/lib/kbd/keymaps/xkb/ge-mess.map.gz
usr/lib/kbd/keymaps/xkb/ge-ru.map.gz
usr/lib/kbd/keymaps/xkb/gh-akan.map.gz
usr/lib/kbd/keymaps/xkb/gh-avn.map.gz
usr/lib/kbd/keymaps/xkb/gh-ewe.map.gz
usr/lib/kbd/keymaps/xkb/gh-fula.map.gz
usr/lib/kbd/keymaps/xkb/gh-ga.map.gz
usr/lib/kbd/keymaps/xkb/gh-generic.map.gz
usr/lib/kbd/keymaps/xkb/gh-gillbt.map.gz
usr/lib/kbd/keymaps/xkb/gh-hausa.map.gz
usr/lib/kbd/keymaps/xkb/gh.map.gz
usr/lib/kbd/keymaps/xkb/hr-alternatequotes.map.gz
usr/lib/kbd/keymaps/xkb/hr.map.gz
usr/lib/kbd/keymaps/xkb/hr-unicode.map.gz
usr/lib/kbd/keymaps/xkb/hr-unicodeus.map.gz
usr/lib/kbd/keymaps/xkb/hr-us.map.gz
usr/lib/kbd/keymaps/xkb/hu-101_qwerty_comma_dead.map.gz
usr/lib/kbd/keymaps/xkb/hu-101_qwerty_comma_nodead.map.gz
usr/lib/kbd/keymaps/xkb/hu-101_qwerty_dot_dead.map.gz
usr/lib/kbd/keymaps/xkb/hu-101_qwerty_dot_nodead.map.gz
usr/lib/kbd/keymaps/xkb/hu-101_qwertz_comma_dead.map.gz
usr/lib/kbd/keymaps/xkb/hu-101_qwertz_comma_nodead.map.gz
usr/lib/kbd/keymaps/xkb/hu-101_qwertz_dot_dead.map.gz
usr/lib/kbd/keymaps/xkb/hu-101_qwertz_dot_nodead.map.gz
usr/lib/kbd/keymaps/xkb/hu-102_qwerty_comma_dead.map.gz
usr/lib/kbd/keymaps/xkb/hu-102_qwerty_comma_nodead.map.gz
usr/lib/kbd/keymaps/xkb/hu-102_qwerty_dot_dead.map.gz
usr/lib/kbd/keymaps/xkb/hu-102_qwerty_dot_nodead.map.gz
usr/lib/kbd/keymaps/xkb/hu-102_qwertz_comma_dead.map.gz
usr/lib/kbd/keymaps/xkb/hu-102_qwertz_comma_nodead.map.gz
usr/lib/kbd/keymaps/xkb/hu-102_qwertz_dot_dead.map.gz
usr/lib/kbd/keymaps/xkb/hu-102_qwertz_dot_nodead.map.gz
usr/lib/kbd/keymaps/xkb/hu.map.gz
usr/lib/kbd/keymaps/xkb/hu-nodeadkeys.map.gz
usr/lib/kbd/keymaps/xkb/hu-qwerty.map.gz
usr/lib/kbd/keymaps/xkb/hu-standard.map.gz
usr/lib/kbd/keymaps/xkb/ie-CloGaelach.map.gz
usr/lib/kbd/keymaps/xkb/ie.map.gz
usr/lib/kbd/keymaps/xkb/ie-ogam_is434.map.gz
usr/lib/kbd/keymaps/xkb/ie-UnicodeExpert.map.gz
usr/lib/kbd/keymaps/xkb/il.map.gz
usr/lib/kbd/keymaps/xkb/in-eng.map.gz
usr/lib/kbd/keymaps/xkb/iq-ku_alt.map.gz
usr/lib/kbd/keymaps/xkb/iq-ku_ara.map.gz
usr/lib/kbd/keymaps/xkb/iq-ku_f.map.gz
usr/lib/kbd/keymaps/xkb/iq-ku.map.gz
usr/lib/kbd/keymaps/xkb/ir-ku_alt.map.gz
usr/lib/kbd/keymaps/xkb/ir-ku_ara.map.gz
usr/lib/kbd/keymaps/xkb/ir-ku_f.map.gz
usr/lib/kbd/keymaps/xkb/ir-ku.map.gz
usr/lib/kbd/keymaps/xkb/is-dvorak.map.gz
usr/lib/kbd/keymaps/xkb/is-mac_legacy.map.gz
usr/lib/kbd/keymaps/xkb/is-mac.map.gz
usr/lib/kbd/keymaps/xkb/is.map.gz
usr/lib/kbd/keymaps/xkb/is-nodeadkeys.map.gz
usr/lib/kbd/keymaps/xkb/is-Sundeadkeys.map.gz
usr/lib/kbd/keymaps/xkb/it-geo.map.gz
usr/lib/kbd/keymaps/xkb/it-ibm.map.gz
usr/lib/kbd/keymaps/xkb/it-intl.map.gz
usr/lib/kbd/keymaps/xkb/it-mac.map.gz
usr/lib/kbd/keymaps/xkb/it.map.gz
usr/lib/kbd/keymaps/xkb/it-nodeadkeys.map.gz
usr/lib/kbd/keymaps/xkb/it-scn.map.gz
usr/lib/kbd/keymaps/xkb/it-us.map.gz
usr/lib/kbd/keymaps/xkb/it-winkeys.map.gz
usr/lib/kbd/keymaps/xkb/jp-dvorak.map.gz
usr/lib/kbd/keymaps/xkb/jp-kana86.map.gz
usr/lib/kbd/keymaps/xkb/jp.map.gz
usr/lib/kbd/keymaps/xkb/jp-OADG109A.map.gz
usr/lib/kbd/keymaps/xkb/ke-kik.map.gz
usr/lib/kbd/keymaps/xkb/ke.map.gz
usr/lib/kbd/keymaps/xkb/kr-kr104.map.gz
usr/lib/kbd/keymaps/xkb/kr.map.gz
usr/lib/kbd/keymaps/xkb/latam-deadtilde.map.gz
usr/lib/kbd/keymaps/xkb/latam-dvorak.map.gz
usr/lib/kbd/keymaps/xkb/latam.map.gz
usr/lib/kbd/keymaps/xkb/latam-nodeadkeys.map.gz
usr/lib/kbd/keymaps/xkb/latam-sundeadkeys.map.gz
usr/lib/kbd/keymaps/xkb/lk-us.map.gz
usr/lib/kbd/keymaps/xkb/lt-ibm.map.gz
usr/lib/kbd/keymaps/xkb/lt-lekpa.map.gz
usr/lib/kbd/keymaps/xkb/lt-lekp.map.gz
usr/lib/kbd/keymaps/xkb/lt.map.gz
usr/lib/kbd/keymaps/xkb/lt-std.map.gz
usr/lib/kbd/keymaps/xkb/lt-us.map.gz
usr/lib/kbd/keymaps/xkb/lv-adapted.map.gz
usr/lib/kbd/keymaps/xkb/lv-apostrophe.map.gz
usr/lib/kbd/keymaps/xkb/lv-ergonomic.map.gz
usr/lib/kbd/keymaps/xkb/lv-fkey.map.gz
usr/lib/kbd/keymaps/xkb/lv.map.gz
usr/lib/kbd/keymaps/xkb/lv-modern.map.gz
usr/lib/kbd/keymaps/xkb/lv-tilde.map.gz
usr/lib/kbd/keymaps/xkb/ma-french.map.gz
usr/lib/kbd/keymaps/xkb/md-gag.map.gz
usr/lib/kbd/keymaps/xkb/md.map.gz
usr/lib/kbd/keymaps/xkb/me-latinalternatequotes.map.gz
usr/lib/kbd/keymaps/xkb/me-latinunicode.map.gz
usr/lib/kbd/keymaps/xkb/me-latinunicodeyz.map.gz
usr/lib/kbd/keymaps/xkb/me-latinyz.map.gz
usr/lib/kbd/keymaps/xkb/me.map.gz
usr/lib/kbd/keymaps/xkb/ml-fr-oss.map.gz
usr/lib/kbd/keymaps/xkb/ml.map.gz
usr/lib/kbd/keymaps/xkb/ml-us-intl.map.gz
usr/lib/kbd/keymaps/xkb/ml-us-mac.map.gz
usr/lib/kbd/keymaps/xkb/mm.map.gz
usr/lib/kbd/keymaps/xkb/mt.map.gz
usr/lib/kbd/keymaps/xkb/mt-us.map.gz
usr/lib/kbd/keymaps/xkb/ng-hausa.map.gz
usr/lib/kbd/keymaps/xkb/ng-igbo.map.gz
usr/lib/kbd/keymaps/xkb/ng.map.gz
usr/lib/kbd/keymaps/xkb/ng-yoruba.map.gz
usr/lib/kbd/keymaps/xkb/nl-mac.map.gz
usr/lib/kbd/keymaps/xkb/nl.map.gz
usr/lib/kbd/keymaps/xkb/nl-std.map.gz
usr/lib/kbd/keymaps/xkb/nl-sundeadkeys.map.gz
usr/lib/kbd/keymaps/xkb/no-colemak.map.gz
usr/lib/kbd/keymaps/xkb/no-dvorak.map.gz
usr/lib/kbd/keymaps/xkb/no-mac.map.gz
usr/lib/kbd/keymaps/xkb/no-mac_nodeadkeys.map.gz
usr/lib/kbd/keymaps/xkb/no.map.gz
usr/lib/kbd/keymaps/xkb/no-nodeadkeys.map.gz
usr/lib/kbd/keymaps/xkb/no-smi.map.gz
usr/lib/kbd/keymaps/xkb/no-smi_nodeadkeys.map.gz
usr/lib/kbd/keymaps/xkb/no-winkeys.map.gz
usr/lib/kbd/keymaps/xkb/ph-capewell-dvorak.map.gz
usr/lib/kbd/keymaps/xkb/ph-capewell-qwerf2k6.map.gz
usr/lib/kbd/keymaps/xkb/ph-colemak.map.gz
usr/lib/kbd/keymaps/xkb/ph-dvorak.map.gz
usr/lib/kbd/keymaps/xkb/ph.map.gz
usr/lib/kbd/keymaps/xkb/pl-csb.map.gz
usr/lib/kbd/keymaps/xkb/pl-dvorak_altquotes.map.gz
usr/lib/kbd/keymaps/xkb/pl-dvorak.map.gz
usr/lib/kbd/keymaps/xkb/pl-dvorak_quotes.map.gz
usr/lib/kbd/keymaps/xkb/pl-dvp.map.gz
usr/lib/kbd/keymaps/xkb/pl-legacy.map.gz
usr/lib/kbd/keymaps/xkb/pl.map.gz
usr/lib/kbd/keymaps/xkb/pl-qwertz.map.gz
usr/lib/kbd/keymaps/xkb/pl-szl.map.gz
usr/lib/kbd/keymaps/xkb/pt-mac.map.gz
usr/lib/kbd/keymaps/xkb/pt-mac_nodeadkeys.map.gz
usr/lib/kbd/keymaps/xkb/pt-mac_sundeadkeys.map.gz
usr/lib/kbd/keymaps/xkb/pt.map.gz
usr/lib/kbd/keymaps/xkb/pt-nativo-epo.map.gz
usr/lib/kbd/keymaps/xkb/pt-nativo.map.gz
usr/lib/kbd/keymaps/xkb/pt-nativo-us.map.gz
usr/lib/kbd/keymaps/xkb/pt-nodeadkeys.map.gz
usr/lib/kbd/keymaps/xkb/pt-sundeadkeys.map.gz
usr/lib/kbd/keymaps/xkb/ro-cedilla.map.gz
usr/lib/kbd/keymaps/xkb/ro.map.gz
usr/lib/kbd/keymaps/xkb/ro-std_cedilla.map.gz
usr/lib/kbd/keymaps/xkb/ro-std.map.gz
usr/lib/kbd/keymaps/xkb/ro-winkeys.map.gz
usr/lib/kbd/keymaps/xkb/rs-latinalternatequotes.map.gz
usr/lib/kbd/keymaps/xkb/rs-latin.map.gz
usr/lib/kbd/keymaps/xkb/rs-latinunicode.map.gz
usr/lib/kbd/keymaps/xkb/rs-latinunicodeyz.map.gz
usr/lib/kbd/keymaps/xkb/rs-latinyz.map.gz
usr/lib/kbd/keymaps/xkb/ru-cv_latin.map.gz
usr/lib/kbd/keymaps/xkb/se-dvorak.map.gz
usr/lib/kbd/keymaps/xkb/se-mac.map.gz
usr/lib/kbd/keymaps/xkb/se.map.gz
usr/lib/kbd/keymaps/xkb/se-nodeadkeys.map.gz
usr/lib/kbd/keymaps/xkb/se-smi.map.gz
usr/lib/kbd/keymaps/xkb/se-svdvorak.map.gz
usr/lib/kbd/keymaps/xkb/se-us_dvorak.map.gz
usr/lib/kbd/keymaps/xkb/se-us.map.gz
usr/lib/kbd/keymaps/xkb/si-alternatequotes.map.gz
usr/lib/kbd/keymaps/xkb/si.map.gz
usr/lib/kbd/keymaps/xkb/si-us.map.gz
usr/lib/kbd/keymaps/xkb/sk-bksl.map.gz
usr/lib/kbd/keymaps/xkb/sk.map.gz
usr/lib/kbd/keymaps/xkb/sk-qwerty_bksl.map.gz
usr/lib/kbd/keymaps/xkb/sk-qwerty.map.gz
usr/lib/kbd/keymaps/xkb/sy-ku_alt.map.gz
usr/lib/kbd/keymaps/xkb/sy-ku_f.map.gz
usr/lib/kbd/keymaps/xkb/sy-ku.map.gz
usr/lib/kbd/keymaps/xkb/tm-alt.map.gz
usr/lib/kbd/keymaps/xkb/tm.map.gz
usr/lib/kbd/keymaps/xkb/tr-alt.map.gz
usr/lib/kbd/keymaps/xkb/tr-crh_alt.map.gz
usr/lib/kbd/keymaps/xkb/tr-crh_f.map.gz
usr/lib/kbd/keymaps/xkb/tr-crh.map.gz
usr/lib/kbd/keymaps/xkb/tr-f.map.gz
usr/lib/kbd/keymaps/xkb/tr-intl.map.gz
usr/lib/kbd/keymaps/xkb/tr-ku_alt.map.gz
usr/lib/kbd/keymaps/xkb/tr-ku_f.map.gz
usr/lib/kbd/keymaps/xkb/tr-ku.map.gz
usr/lib/kbd/keymaps/xkb/tr.map.gz
usr/lib/kbd/keymaps/xkb/tr-sundeadkeys.map.gz
usr/lib/kbd/keymaps/xkb/tw-indigenous.map.gz
usr/lib/kbd/keymaps/xkb/tw.map.gz
usr/lib/kbd/keymaps/xkb/tw-saisiyat.map.gz
usr/lib/kbd/keymaps/xkb/us-altgr-intl.map.gz
usr/lib/kbd/keymaps/xkb/us-alt-intl.map.gz
usr/lib/kbd/keymaps/xkb/us-colemak.map.gz
usr/lib/kbd/keymaps/xkb/us-dvorak-alt-intl.map.gz
usr/lib/kbd/keymaps/xkb/us-dvorak-classic.map.gz
usr/lib/kbd/keymaps/xkb/us-dvorak-intl.map.gz
usr/lib/kbd/keymaps/xkb/us-dvorak-l.map.gz
usr/lib/kbd/keymaps/xkb/us-dvorak.map.gz
usr/lib/kbd/keymaps/xkb/us-dvorak-r.map.gz
usr/lib/kbd/keymaps/xkb/us-dvp.map.gz
usr/lib/kbd/keymaps/xkb/us-euro.map.gz
usr/lib/kbd/keymaps/xkb/us-hbs.map.gz
usr/lib/kbd/keymaps/xkb/us-intl.map.gz
usr/lib/kbd/keymaps/xkb/us-mac.map.gz
usr/lib/kbd/keymaps/xkb/us.map.gz
usr/lib/kbd/keymaps/xkb/us-olpc2.map.gz
usr/lib/kbd/keymaps/xkb/us-workman-intl.map.gz
usr/lib/kbd/keymaps/xkb/us-workman.map.gz
usr/lib/kbd/keymaps/xkb/uz-latin.map.gz
usr/lib/kbd/unimaps
usr/lib/kbd/unimaps/8859-10.a0-ff.uni
usr/lib/kbd/unimaps/8859-13.a0-ff.uni
usr/lib/kbd/unimaps/8859-14.a0-ff.uni
usr/lib/kbd/unimaps/8859-15.a0-ff.uni
usr/lib/kbd/unimaps/8859-1.a0-ff.uni
usr/lib/kbd/unimaps/8859-2.a0-ff.uni
usr/lib/kbd/unimaps/8859-3.a0-ff.uni
usr/lib/kbd/unimaps/8859-4.a0-ff.uni
usr/lib/kbd/unimaps/8859-5.a0-ff.uni
usr/lib/kbd/unimaps/8859-6.a0-ff.uni
usr/lib/kbd/unimaps/8859-7.a0-ff.uni
usr/lib/kbd/unimaps/8859-8.a0-ff.uni
usr/lib/kbd/unimaps/8859-9.a0-ff.uni
usr/lib/kbd/unimaps/armscii8.uni
usr/lib/kbd/unimaps/ascii.20-7f.uni
usr/lib/kbd/unimaps/cp1250.uni
usr/lib/kbd/unimaps/cp437.00-1f.uni
usr/lib/kbd/unimaps/cp437.uni
usr/lib/kbd/unimaps/cp737a.uni
usr/lib/kbd/unimaps/cp737b.uni
usr/lib/kbd/unimaps/cp737c.uni
usr/lib/kbd/unimaps/cp737.uni
usr/lib/kbd/unimaps/cp850a.uni
usr/lib/kbd/unimaps/cp850b.uni
usr/lib/kbd/unimaps/cp850.uni
usr/lib/kbd/unimaps/cp850z.uni
usr/lib/kbd/unimaps/cp865a.uni
usr/lib/kbd/unimaps/cp865.uni
usr/lib/kbd/unimaps/cp866a.uni
usr/lib/kbd/unimaps/cp866.uni
usr/lib/kbd/unimaps/cybercafe.uni
usr/lib/kbd/unimaps/cyralt.uni
usr/lib/kbd/unimaps/def.uni
usr/lib/kbd/unimaps/ECMA144.uni
usr/lib/kbd/unimaps/empty.uni
usr/lib/kbd/unimaps/ethiopic.uni
usr/lib/kbd/unimaps/iso01.uni
usr/lib/kbd/unimaps/iso02.uni
usr/lib/kbd/unimaps/iso03.uni
usr/lib/kbd/unimaps/iso04.uni
usr/lib/kbd/unimaps/iso05.uni
usr/lib/kbd/unimaps/iso06.uni
usr/lib/kbd/unimaps/iso07.uni
usr/lib/kbd/unimaps/iso07u.uni
usr/lib/kbd/unimaps/iso08.uni
usr/lib/kbd/unimaps/iso09.uni
usr/lib/kbd/unimaps/iso10.uni
usr/lib/kbd/unimaps/iso15.uni
usr/lib/kbd/unimaps/koi8r.uni
usr/lib/kbd/unimaps/koi8u.uni
usr/lib/kbd/unimaps/lat1.uni
usr/lib/kbd/unimaps/lat1u.uni
usr/lib/kbd/unimaps/lat2.uni
usr/lib/kbd/unimaps/lat2u.uni
usr/lib/kbd/unimaps/lat4.uni
usr/lib/kbd/unimaps/lat4u.uni
usr/lib/kbd/unimaps/lat7.uni
usr/lib/kbd/unimaps/lat9u.uni
usr/lib/kbd/unimaps/lat9v.uni
usr/lib/kbd/unimaps/lat9w.uni
usr/lib/kbd/unimaps/ruscii.uni
usr/lib/kbd/unimaps/tcvn.uni
usr/lib/kbd/unimaps/viscii.uni
usr/lib/ld-linux-aarch64.so.1 -> ../lib64/ld-2.17.so
usr/lib/modprobe.d
usr/lib/modprobe.d/dist-alsa.conf
usr/lib/modprobe.d/dist-blacklist.conf
usr/lib/modprobe.d/libmlx4.conf
usr/lib/modules
usr/lib/modules/4.14.0
usr/lib/modules/4.14.0/kernel
usr/lib/modules/4.14.0/kernel/crypto
usr/lib/modules/4.14.0/kernel/crypto/async_tx
usr/lib/modules/4.14.0/kernel/crypto/async_tx/async_memcpy.ko
usr/lib/modules/4.14.0/kernel/crypto/async_tx/async_pq.ko
usr/lib/modules/4.14.0/kernel/crypto/async_tx/async_raid6_recov.ko
usr/lib/modules/4.14.0/kernel/crypto/async_tx/async_tx.ko
usr/lib/modules/4.14.0/kernel/crypto/async_tx/async_xor.ko
usr/lib/modules/4.14.0/kernel/crypto/xor.ko
usr/lib/modules/4.14.0/kernel/drivers
usr/lib/modules/4.14.0/kernel/drivers/ata
usr/lib/modules/4.14.0/kernel/drivers/ata/ata_generic.ko
usr/lib/modules/4.14.0/kernel/drivers/block
usr/lib/modules/4.14.0/kernel/drivers/block/loop.ko
usr/lib/modules/4.14.0/kernel/drivers/block/virtio_blk.ko
usr/lib/modules/4.14.0/kernel/drivers/cdrom
usr/lib/modules/4.14.0/kernel/drivers/cdrom/cdrom.ko
usr/lib/modules/4.14.0/kernel/drivers/char
usr/lib/modules/4.14.0/kernel/drivers/char/virtio_console.ko
usr/lib/modules/4.14.0/kernel/drivers/md
usr/lib/modules/4.14.0/kernel/drivers/md/dm-bufio.ko
usr/lib/modules/4.14.0/kernel/drivers/md/dm-crypt.ko
usr/lib/modules/4.14.0/kernel/drivers/md/dm-log.ko
usr/lib/modules/4.14.0/kernel/drivers/md/dm-mirror.ko
usr/lib/modules/4.14.0/kernel/drivers/md/dm-mod.ko
usr/lib/modules/4.14.0/kernel/drivers/md/dm-multipath.ko
usr/lib/modules/4.14.0/kernel/drivers/md/dm-region-hash.ko
usr/lib/modules/4.14.0/kernel/drivers/md/dm-round-robin.ko
usr/lib/modules/4.14.0/kernel/drivers/md/dm-snapshot.ko
usr/lib/modules/4.14.0/kernel/drivers/md/dm-zero.ko
usr/lib/modules/4.14.0/kernel/drivers/md/linear.ko
usr/lib/modules/4.14.0/kernel/drivers/md/raid0.ko
usr/lib/modules/4.14.0/kernel/drivers/md/raid10.ko
usr/lib/modules/4.14.0/kernel/drivers/md/raid1.ko
usr/lib/modules/4.14.0/kernel/drivers/md/raid456.ko
usr/lib/modules/4.14.0/kernel/drivers/net
usr/lib/modules/4.14.0/kernel/drivers/net/ethernet
usr/lib/modules/4.14.0/kernel/drivers/net/ethernet/realtek
usr/lib/modules/4.14.0/kernel/drivers/net/ethernet/realtek/8139cp.ko
usr/lib/modules/4.14.0/kernel/drivers/net/mii.ko
usr/lib/modules/4.14.0/kernel/drivers/net/virtio_net.ko
usr/lib/modules/4.14.0/kernel/drivers/scsi
usr/lib/modules/4.14.0/kernel/drivers/scsi/fcoe
usr/lib/modules/4.14.0/kernel/drivers/scsi/fcoe/fcoe.ko
usr/lib/modules/4.14.0/kernel/drivers/scsi/fcoe/libfcoe.ko
usr/lib/modules/4.14.0/kernel/drivers/scsi/iscsi_boot_sysfs.ko
usr/lib/modules/4.14.0/kernel/drivers/scsi/libfc
usr/lib/modules/4.14.0/kernel/drivers/scsi/libfc/libfc.ko
usr/lib/modules/4.14.0/kernel/drivers/scsi/libiscsi.ko
usr/lib/modules/4.14.0/kernel/drivers/scsi/scsi_transport_fc.ko
usr/lib/modules/4.14.0/kernel/drivers/scsi/scsi_transport_iscsi.ko
usr/lib/modules/4.14.0/kernel/drivers/scsi/sr_mod.ko
usr/lib/modules/4.14.0/kernel/drivers/scsi/virtio_scsi.ko
usr/lib/modules/4.14.0/kernel/drivers/usb
usr/lib/modules/4.14.0/kernel/drivers/usb/host
usr/lib/modules/4.14.0/kernel/drivers/usb/host/ehci-platform.ko
usr/lib/modules/4.14.0/kernel/drivers/virtio
usr/lib/modules/4.14.0/kernel/drivers/virtio/virtio.ko
usr/lib/modules/4.14.0/kernel/drivers/virtio/virtio_mmio.ko
usr/lib/modules/4.14.0/kernel/drivers/virtio/virtio_pci.ko
usr/lib/modules/4.14.0/kernel/drivers/virtio/virtio_ring.ko
usr/lib/modules/4.14.0/kernel/fs
usr/lib/modules/4.14.0/kernel/fs/fat
usr/lib/modules/4.14.0/kernel/fs/fat/fat.ko
usr/lib/modules/4.14.0/kernel/fs/fat/vfat.ko
usr/lib/modules/4.14.0/kernel/fs/xfs
usr/lib/modules/4.14.0/kernel/fs/xfs/xfs.ko
usr/lib/modules/4.14.0/kernel/lib
usr/lib/modules/4.14.0/kernel/lib/libcrc32c.ko
usr/lib/modules/4.14.0/kernel/lib/raid6
usr/lib/modules/4.14.0/kernel/lib/raid6/raid6_pq.ko
usr/lib/modules/4.14.0/modules.alias
usr/lib/modules/4.14.0/modules.alias.bin
usr/lib/modules/4.14.0/modules.builtin
usr/lib/modules/4.14.0/modules.builtin.bin
usr/lib/modules/4.14.0/modules.dep
usr/lib/modules/4.14.0/modules.dep.bin
usr/lib/modules/4.14.0/modules.devname
usr/lib/modules/4.14.0/modules.order
usr/lib/modules/4.14.0/modules.softdep
usr/lib/modules/4.14.0/modules.symbols
usr/lib/modules/4.14.0/modules.symbols.bin
usr/lib/net-lib.sh
usr/lib/sysctl.d
usr/lib/sysctl.d/00-system.conf
usr/lib/sysctl.d/10-default-yama-scope.conf
usr/lib/sysctl.d/50-default.conf
usr/lib/sysctl.d/60-libvirtd.conf
usr/lib/systemd
usr/lib/systemd/system
usr/lib/systemd/system/basic.target
usr/lib/systemd/system/cryptsetup.target
usr/lib/systemd/system/ctrl-alt-del.target -> reboot.target
usr/lib/systemd/systemd
usr/lib/systemd/systemd-cgroups-agent
usr/lib/systemd/system/default.target -> initrd.target
usr/lib/systemd/systemd-fsck
usr/lib/systemd/systemd-journald
usr/lib/systemd/systemd-modules-load
usr/lib/systemd/system/dracut-cmdline-ask.service
usr/lib/systemd/system/dracut-cmdline.service
usr/lib/systemd/system/dracut-emergency.service
usr/lib/systemd/system/dracut-emergency.service.wants
usr/lib/systemd/system/dracut-emergency.service.wants/systemd-vconsole-setup.service -> ../systemd-vconsole-setup.service
usr/lib/systemd/system/dracut-initqueue.service
usr/lib/systemd/system/dracut-mount.service
usr/lib/systemd/system/dracut-pre-mount.service
usr/lib/systemd/system/dracut-pre-pivot.service
usr/lib/systemd/system/dracut-pre-trigger.service
usr/lib/systemd/system/dracut-pre-udev.service
usr/lib/systemd/systemd-reply-password
usr/lib/systemd/systemd-shutdown
usr/lib/systemd/systemd-sysctl
usr/lib/systemd/systemd-udevd
usr/lib/systemd/systemd-vconsole-setup
usr/lib/systemd/system/emergency.service
usr/lib/systemd/system/emergency.target
usr/lib/systemd/system/emergency.target.wants
usr/lib/systemd/system/emergency.target.wants/systemd-vconsole-setup.service -> ../systemd-vconsole-setup.service
usr/lib/systemd/system/final.target
usr/lib/systemd/system-generators
usr/lib/systemd/system-generators/dracut-rootfs-generator
usr/lib/systemd/system-generators/systemd-fstab-generator
usr/lib/systemd/system/halt.target
usr/lib/systemd/system/halt.target.wants
usr/lib/systemd/system/halt.target.wants/plymouth-halt.service -> ../plymouth-halt.service
usr/lib/systemd/system/initrd-cleanup.service
usr/lib/systemd/system/initrd-fs.target
usr/lib/systemd/system/initrd-parse-etc.service
usr/lib/systemd/system/initrd-root-fs.target
usr/lib/systemd/system/initrd-switch-root.service
usr/lib/systemd/system/initrd-switch-root.target
usr/lib/systemd/system/initrd-switch-root.target.wants
usr/lib/systemd/system/initrd-switch-root.target.wants/plymouth-start.service -> ../plymouth-start.service
usr/lib/systemd/system/initrd-switch-root.target.wants/plymouth-switch-root.service -> ../plymouth-switch-root.service
usr/lib/systemd/system/initrd.target
usr/lib/systemd/system/initrd.target.wants
usr/lib/systemd/system/initrd.target.wants/dracut-cmdline-ask.service -> ../dracut-cmdline-ask.service
usr/lib/systemd/system/initrd.target.wants/dracut-cmdline.service -> ../dracut-cmdline.service
usr/lib/systemd/system/initrd.target.wants/dracut-initqueue.service -> ../dracut-initqueue.service
usr/lib/systemd/system/initrd.target.wants/dracut-mount.service -> ../dracut-mount.service
usr/lib/systemd/system/initrd.target.wants/dracut-pre-mount.service -> ../dracut-pre-mount.service
usr/lib/systemd/system/initrd.target.wants/dracut-pre-pivot.service -> ../dracut-pre-pivot.service
usr/lib/systemd/system/initrd.target.wants/dracut-pre-trigger.service -> ../dracut-pre-trigger.service
usr/lib/systemd/system/initrd.target.wants/dracut-pre-udev.service -> ../dracut-pre-udev.service
usr/lib/systemd/system/initrd-udevadm-cleanup-db.service
usr/lib/systemd/system/kexec.target
usr/lib/systemd/system/kexec.target.wants
usr/lib/systemd/system/kexec.target.wants/plymouth-kexec.service -> ../plymouth-kexec.service
usr/lib/systemd/system/kmod-static-nodes.service
usr/lib/systemd/system/local-fs-pre.target
usr/lib/systemd/system/local-fs.target
usr/lib/systemd/system/multi-user.target.wants
usr/lib/systemd/system/multi-user.target.wants/plymouth-quit.service -> ../plymouth-quit.service
usr/lib/systemd/system/multi-user.target.wants/plymouth-quit-wait.service -> ../plymouth-quit-wait.service
usr/lib/systemd/system/network.target
usr/lib/systemd/system/nss-lookup.target
usr/lib/systemd/system/nss-user-lookup.target
usr/lib/systemd/system/paths.target
usr/lib/systemd/system/plymouth-halt.service
usr/lib/systemd/system/plymouth-kexec.service
usr/lib/systemd/system/plymouth-poweroff.service
usr/lib/systemd/system/plymouth-quit.service
usr/lib/systemd/system/plymouth-quit-wait.service
usr/lib/systemd/system/plymouth-reboot.service
usr/lib/systemd/system/plymouth-start.service
usr/lib/systemd/system/plymouth-switch-root.service
usr/lib/systemd/system/poweroff.target
usr/lib/systemd/system/poweroff.target.wants
usr/lib/systemd/system/poweroff.target.wants/plymouth-poweroff.service -> ../plymouth-poweroff.service
usr/lib/systemd/system/reboot.target
usr/lib/systemd/system/reboot.target.wants
usr/lib/systemd/system/reboot.target.wants/plymouth-reboot.service -> ../plymouth-reboot.service
usr/lib/systemd/system/remote-fs-pre.target
usr/lib/systemd/system/remote-fs.target
usr/lib/systemd/system/rescue.service
usr/lib/systemd/system/rescue.service.wants
usr/lib/systemd/system/rescue.service.wants/systemd-vconsole-setup.service -> ../systemd-vconsole-setup.service
usr/lib/systemd/system/rescue.target
usr/lib/systemd/system/rpcbind.target
usr/lib/systemd/system/shutdown.target
usr/lib/systemd/system/sigpwr.target
usr/lib/systemd/system/-.slice
usr/lib/systemd/system/slices.target
usr/lib/systemd/system/sockets.target
usr/lib/systemd/system/sockets.target.wants
usr/lib/systemd/system/sockets.target.wants/systemd-journald.socket -> ../systemd-journald.socket
usr/lib/systemd/system/sockets.target.wants/systemd-udevd-control.socket -> ../systemd-udevd-control.socket
usr/lib/systemd/system/sockets.target.wants/systemd-udevd-kernel.socket -> ../systemd-udevd-kernel.socket
usr/lib/systemd/system/swap.target
usr/lib/systemd/system/sysinit.target
usr/lib/systemd/system/sysinit.target.wants
usr/lib/systemd/system/sysinit.target.wants/kmod-static-nodes.service -> ../kmod-static-nodes.service
usr/lib/systemd/system/sysinit.target.wants/plymouth-start.service -> ../plymouth-start.service
usr/lib/systemd/system/sysinit.target.wants/systemd-ask-password-console.path -> ../systemd-ask-password-console.path
usr/lib/systemd/system/sysinit.target.wants/systemd-journald.service -> ../systemd-journald.service
usr/lib/systemd/system/sysinit.target.wants/systemd-modules-load.service -> ../systemd-modules-load.service
usr/lib/systemd/system/sysinit.target.wants/systemd-sysctl.service -> ../systemd-sysctl.service
usr/lib/systemd/system/sysinit.target.wants/systemd-tmpfiles-setup-dev.service -> ../systemd-tmpfiles-setup-dev.service
usr/lib/systemd/system/sysinit.target.wants/systemd-udevd.service -> ../systemd-udevd.service
usr/lib/systemd/system/sysinit.target.wants/systemd-udev-trigger.service -> ../systemd-udev-trigger.service
usr/lib/systemd/system/sys-kernel-config.mount
usr/lib/systemd/system/syslog.socket
usr/lib/systemd/system/systemd-ask-password-console.path
usr/lib/systemd/system/systemd-ask-password-console.service
usr/lib/systemd/system/systemd-ask-password-console.service.wants
usr/lib/systemd/system/systemd-ask-password-console.service.wants/systemd-vconsole-setup.service -> ../systemd-vconsole-setup.service
usr/lib/systemd/system/systemd-ask-password-plymouth.path
usr/lib/systemd/system/systemd-ask-password-plymouth.service
usr/lib/systemd/system/systemd-ask-password-plymouth.service.wants
usr/lib/systemd/system/systemd-ask-password-plymouth.service.wants/systemd-vconsole-setup.service -> ../systemd-vconsole-setup.service
usr/lib/systemd/system/systemd-fsck@.service
usr/lib/systemd/system/systemd-halt.service
usr/lib/systemd/system/systemd-journald.service
usr/lib/systemd/system/systemd-journald.socket
usr/lib/systemd/system/systemd-kexec.service
usr/lib/systemd/system/systemd-modules-load.service
usr/lib/systemd/system/systemd-poweroff.service
usr/lib/systemd/system/systemd-reboot.service
usr/lib/systemd/system/systemd-sysctl.service
usr/lib/systemd/system/systemd-tmpfiles-setup-dev.service
usr/lib/systemd/system/systemd-udevd-control.socket
usr/lib/systemd/system/systemd-udevd-kernel.socket
usr/lib/systemd/system/systemd-udevd.service
usr/lib/systemd/system/systemd-udev-settle.service
usr/lib/systemd/system/systemd-udev-trigger.service
usr/lib/systemd/system/systemd-vconsole-setup.service
usr/lib/systemd/system/system.slice
usr/lib/systemd/system/timers.target
usr/lib/systemd/system/umount.target
usr/lib/tmpfiles.d
usr/lib/tmpfiles.d/dracut-tmpfiles.conf
usr/lib/tmpfiles.d/systemd.conf
usr/lib/udev
usr/lib/udev/ata_id
usr/lib/udev/cdrom_id
usr/lib/udev/phys-port-name-gen
usr/lib/udev/rules.d
usr/lib/udev/rules.d/10-dm.rules
usr/lib/udev/rules.d/11-dm-lvm.rules
usr/lib/udev/rules.d/13-dm-disk.rules
usr/lib/udev/rules.d/40-redhat.rules
usr/lib/udev/rules.d/50-udev-default.rules
usr/lib/udev/rules.d/60-persistent-storage.rules
usr/lib/udev/rules.d/69-dm-lvm-metad.rules
usr/lib/udev/rules.d/70-uaccess.rules
usr/lib/udev/rules.d/71-seat.rules
usr/lib/udev/rules.d/73-idrac.rules
usr/lib/udev/rules.d/73-seat-late.rules
usr/lib/udev/rules.d/75-net-description.rules
usr/lib/udev/rules.d/76-phys-port-name.rules
usr/lib/udev/rules.d/80-drivers.rules
usr/lib/udev/rules.d/80-net-name-slot.rules
usr/lib/udev/rules.d/90-vconsole.rules
usr/lib/udev/rules.d/95-dm-notify.rules
usr/lib/udev/rules.d/95-udev-late.rules
usr/lib/udev/rules.d/99-systemd.rules
usr/lib/udev/scsi_id
usr/sbin
usr/sbin/arping
usr/sbin/blkid
usr/sbin/brctl
usr/sbin/chroot
usr/sbin/dhclient
usr/sbin/dhclient-script
usr/sbin/dmeventd
usr/sbin/dmsetup
usr/sbin/fsck
usr/sbin/fsck.fat
usr/sbin/fsck.vfat -> fsck.fat
usr/sbin/fsck.xfs
usr/sbin/halt -> ../bin/systemctl
usr/sbin/ifup
usr/sbin/init -> ../lib/systemd/systemd
usr/sbin/initqueue
usr/sbin/insmodpost.sh
usr/sbin/ip
usr/sbin/kexec
usr/sbin/loginit
usr/sbin/losetup
usr/sbin/lvm
usr/sbin/lvm_scan
usr/sbin/modprobe -> ../bin/kmod
usr/sbin/netroot
usr/sbin/nologin
usr/sbin/ping6 -> ../bin/ping
usr/sbin/plymouthd
usr/sbin/poweroff -> ../bin/systemctl
usr/sbin/rdsosreport
usr/sbin/reboot -> ../bin/systemctl
usr/sbin/rmmod -> ../bin/kmod
usr/sbin/swapoff
usr/sbin/tracekomem
usr/sbin/udevadm -> ../bin/udevadm
usr/sbin/xfs_db
usr/sbin/xfs_metadump
usr/sbin/xfs_repair
usr/share
usr/share/pixmaps
usr/share/pixmaps/system-logo-white.png
usr/share/plymouth
usr/share/plymouth/plymouthd.defaults
usr/share/plymouth/themes
usr/share/plymouth/themes/details
usr/share/plymouth/themes/details/details.plymouth
usr/share/plymouth/themes/text
usr/share/plymouth/themes/text/text.plymouth
usr/share/terminfo
usr/share/terminfo/l
usr/share/terminfo/l/linux
usr/share/terminfo/v
usr/share/terminfo/v/vt100
usr/share/terminfo/v/vt102
usr/share/terminfo/v/vt220
var
var/lock -> ../run/lock
var/run -> ../run
========================================================================
