[二 12月  5 14:38:33 2023] [drm] can not get n_m for link_rate(540000) and sample_rate(0)
[二 12月  5 14:38:33 2023] [drm:phytium_plane_atomic_check [phytium_dc_drm]] *ERROR* plane out of crtc region
[二 12月  5 14:38:33 2023] d5500-vxd 0000:03:00.1: vxd_prepare_fw: failed to fetch firmware (err:-11)!
[二 12月  5 14:38:33 2023] d5500-vxd 0000:03:00.1: vxd_add_dev: pvdec_full_bin.fw acquire failed!
[二 12月  5 14:38:33 2023] vxd_deinit: Total kernel memory used: 0.0 MB
[二 12月  5 14:38:33 2023] d5500-vxd 0000:03:00.1: failed to initialize driver core!
[二 12月  5 14:38:33 2023] ------------[ cut here ]------------
[二 12月  5 14:38:33 2023] WARNING: CPU: 4 PID: 400 at lib/devres.c:112 devm_iounmap+0x38/0x50
[二 12月  5 14:38:33 2023] Modules linked in: vfs_monitor(O) udl nfnetlink_queue nfnetlink_log nfnetlink fuse bnep st cpufreq_powersave bluetooth ecdh_generic arc4 nls_iso8859_1 nls_cp437 rtl8xxxu aes_ce_blk crypto_simd cryptd mac80211 aes_ce_cipher crct10dif_ce ghash_ce aes_arm64 sha2_ce sha256_arm64 sha1_ce cfg80211 rfkill phytium_uart vxd(+) img_mem snd_soc_hdmi_codec scpi_hwmon at24 snd_soc_pmdk_dp uos_resources(O) uos_bluetooth_connection_control(O) lightorange lightnut lightfig lightcherry filearmor(O) smc_dri(O) binder_linux(O) ashmem_linux(O) efivarfs ip_tables x_tables hid_generic pvrsrvkm phytium_x100_i2s_lsd usbkbd usbhid phytium_dc_drm phytium_x100_i2s_mmd phytium_sdci spidev i2c_hid mmc_core button spi_phytium_plat spi_phytium mars
[二 12月  5 14:38:33 2023] CPU: 4 PID: 400 Comm: systemd-udevd Tainted: G           O      4.19.0-arm64-desktop #6108
[二 12月  5 14:38:33 2023] Hardware name: PHYTIUM LTD D2000/Phytium D2000, BIOS  
[二 12月  5 14:38:33 2023] pstate: 80000005 (Nzcv daif -PAN -UAO)
[二 12月  5 14:38:33 2023] pc : devm_iounmap+0x38/0x50
[二 12月  5 14:38:33 2023] lr : devm_iounmap+0x38/0x50
[二 12月  5 14:38:33 2023] sp : ffff801ff56f79d0
[二 12月  5 14:38:33 2023] x29: ffff801ff56f79d0 x28: ffff0000080a3ed8 
[二 12月  5 14:38:33 2023] x27: ffff00000102c050 x26: ffff00000102c000 
[二 12月  5 14:38:33 2023] x25: ffff000001029db0 x24: 0000000000000021 
[二 12月  5 14:38:33 2023] x23: ffff00000da00000 x22: ffff0000010224d8 
[二 12月  5 14:38:33 2023] x21: 00000000fffffff5 x20: ffff801ff683f000 
[二 12月  5 14:38:33 2023] x19: ffff00000da00000 x18: ffff000009824000 
[二 12月  5 14:38:33 2023] x17: 0000000000000000 x16: 0000000000000000 
[二 12月  5 14:38:33 2023] x15: 00000000fffffff0 x14: ffff00000995f752 
[二 12月  5 14:38:33 2023] x13: 0000000000000000 x12: ffff00000995e000 
[二 12月  5 14:38:33 2023] x11: ffff000009824000 x10: ffff00000995eda8 
[二 12月  5 14:38:33 2023] x9 : 0000000000000000 x8 : 0000000000000004 
[二 12月  5 14:38:33 2023] x7 : ffff00000995e000 x6 : 0000000000000bd5 
[二 12月  5 14:38:33 2023] x5 : 0000000000000001 x4 : 0000000000000001 
[二 12月  5 14:38:33 2023] x3 : 0000000000000007 x2 : 0000000000000006 
[二 12月  5 14:38:33 2023] x1 : 0000000000000007 x0 : 0000000000000024 
[二 12月  5 14:38:33 2023] Call trace:
[二 12月  5 14:38:33 2023]  devm_iounmap+0x38/0x50
[二 12月  5 14:38:33 2023]  vxd_pci_probe+0x324/0x380 [vxd]
[二 12月  5 14:38:33 2023]  pci_device_probe+0xdc/0x188
[二 12月  5 14:38:33 2023]  really_probe+0x23c/0x3c8
[二 12月  5 14:38:33 2023]  driver_probe_device+0x64/0x130
[二 12月  5 14:38:33 2023]  __driver_attach+0x128/0x150
[二 12月  5 14:38:33 2023]  bus_for_each_dev+0x60/0x98
[二 12月  5 14:38:33 2023]  driver_attach+0x20/0x28
[二 12月  5 14:38:33 2023]  bus_add_driver+0x1a0/0x280
[二 12月  5 14:38:33 2023]  driver_register+0x60/0x110
[二 12月  5 14:38:33 2023]  __pci_register_driver+0x40/0x48
[二 12月  5 14:38:33 2023]  vxd_plat_init+0x2c/0x50 [vxd]
[二 12月  5 14:38:33 2023]  vxd_api_init+0x34/0x1000 [vxd]
[二 12月  5 14:38:33 2023]  do_one_initcall+0x30/0x19c
[二 12月  5 14:38:33 2023]  do_init_module+0x58/0x1c8
[二 12月  5 14:38:33 2023]  load_module+0x128c/0x1490
[二 12月  5 14:38:33 2023]  __se_sys_finit_module+0x84/0xc8
[二 12月  5 14:38:33 2023]  __arm64_sys_finit_module+0x18/0x20
[二 12月  5 14:38:33 2023]  el0_svc_common+0x90/0x178
[二 12月  5 14:38:33 2023]  el0_svc_handler+0x9c/0xa8
[二 12月  5 14:38:33 2023]  el0_svc+0x8/0xc
[二 12月  5 14:38:33 2023] ---[ end trace 4ffbaf7d7f38c8b8 ]---
[二 12月  5 14:38:33 2023] d5500-vxd: probe of 0000:03:00.1 - -11
[二 12月  5 14:38:33 2023] probe of 0000:03:00.1 returned 0 after 61749182 usecs
[二 12月  5 14:38:33 2023] initcall vxd_api_init+0x0/0x1000 [vxd] returned 0 after 40035780 usecs
