
PID: 0      TASK: ffff3eb87f1df240  CPU: 0   COMMAND: "swapper/0"
 #0 [ffff00000800fda0] crash_save_cpu at ffff3eb87e0e24cc
 #1 [ffff00000800ff60] handle_IPI at ffff3eb87dfb824c
 #2 [ffff00000800ffd0] gic_handle_irq at ffff3eb87dfa17d8
--- <IRQ stack> ---
 #3 [ffff3eb87f1afe80] el1_irq at ffff3eb87dfa34b4
     PC: ffff3eb87dfa84a8  [arch_cpu_idle+56]
     LR: ffff3eb87e9777fc  [default_idle_call+36]
     SP: ffff3eb87f1afe90  PSTATE: 40c00009
    X29: ffff3eb87f1afe90  X28: 0000003b6f382330  X27: 0000000000000000
    X26: 0000000000000000  X25: 0000000000000000  X24: ffff3eb87f1d5aa4
    X23: ffff3eb87eebc2b8  X22: ffff3eb87f1d3000  X21: ffff3eb87f1d5000
    X20: 0000000000000001  X19: ffff3eb87eea0000  X18: ffff3eb87ec30518
    X17: 0000000000000000  X16: 0000000000000000  X15: 0000000000000001
    X14: ffffbf657f9d2408  X13: 0000000000000004  X12: 0000000000000000
    X11: 0000000000000000  X10: 0000000000000b90   X9: ffff3eb87f1afe20
     X8: ffff3eb87f1dfe30   X7: 0000000000000000   X6: ffffbf657f9d9220
     X5: ffff3eb87f1afe40   X4: 000080ad00b30000   X3: ffff3eb87f1d5000
     X2: ffff3eb87f1afe90   X1: ffffbf657f9d64c0   X0: 00000000000000e0
 #4 [ffff3eb87f1afe90] arch_cpu_idle at ffff3eb87dfa84a4
 #5 [ffff3eb87f1afed0] default_idle_call at ffff3eb87e9777f8
 #6 [ffff3eb87f1afee0] do_idle at ffff3eb87e052750
 #7 [ffff3eb87f1aff50] cpu_startup_entry at ffff3eb87e0529fc
 #8 [ffff3eb87f1aff70] rest_init at ffff3eb87e96d644
 #9 [ffff3eb87f1aff90] start_kernel at ffff3eb87ed6110c

PID: 0      TASK: ffffbf6546faf800  CPU: 2   COMMAND: "swapper/2"
WARNING: cannot determine starting stack frame for task ffffbf6546faf800

PID: 0      TASK: ffffbf6546fa2e80  CPU: 5   COMMAND: "swapper/5"
WARNING: cannot determine starting stack frame for task ffffbf6546fa2e80

PID: 3393   TASK: ffffbf6559ff0780  CPU: 6   COMMAND: "titanagent"
WARNING: cannot determine starting stack frame for task ffffbf6559ff0780

PID: 3435   TASK: ffffbf63c8d8f800  CPU: 7   COMMAND: "titanagent"
WARNING: cannot determine starting stack frame for task ffffbf63c8d8f800

PID: 0      TASK: ffffbf6546fa0f80  CPU: 9   COMMAND: "swapper/9"
WARNING: cannot determine starting stack frame for task ffffbf6546fa0f80

PID: 0      TASK: ffffbf6546fbf000  CPU: 11  COMMAND: "swapper/11"
 #0 [ffff00001a28fc70] __crash_kexec at ffff3eb87e0e20f0
 #1 [ffff00001a28fe00] panic at ffff3eb87e0115bc
 #2 [ffff00001a28fee0] nmi_panic at ffff3eb87e0110ec
 #3 [ffff00001a28ff00] watchdog_hardlockup_check at ffff3eb87e11b6bc
 #4 [ffff00001a28ff40] sdei_watchdog_callback at ffff3eb87dfc8950
 #5 [ffff00001a28ff60] sdei_event_handler at ffff3eb87e76963c
 #6 [ffff00001a28ff90] __sdei_handler at ffff3eb87e978294
 #7 [ffff00001a28fff0] __sdei_asm_handler at ffff3eb87dfa65bc
 #8 [ffff00000816fe00] queued_spin_lock_slowpath at ffff3eb87e07e72c

PID: 3465   TASK: ffffbf63e5a15500  CPU: 12  COMMAND: "titanagent"
WARNING: cannot determine starting stack frame for task ffffbf63e5a15500

PID: 0      TASK: ffffbf6546fb4580  CPU: 13  COMMAND: "swapper/13"
WARNING: cannot determine starting stack frame for task ffffbf6546fb4580

PID: 0      TASK: ffffbf6546fb9300  CPU: 15  COMMAND: "swapper/15"
 #0 [ffff0000081efda0] crash_save_cpu at ffff3eb87e0e24cc
 #1 [ffff0000081eff60] handle_IPI at ffff3eb87dfb824c
 #2 [ffff0000081effd0] gic_handle_irq at ffff3eb87dfa17d8
--- <IRQ stack> ---
 #3 [ffff0000095afee0] el1_irq at ffff3eb87dfa34b4
     PC: ffff3eb87dfa84a8  [arch_cpu_idle+56]
     LR: ffff3eb87e9777fc  [default_idle_call+36]
     SP: ffff0000095afef0  PSTATE: 40c00009
    X29: ffff0000095afef0  X28: 0000000000000000  X27: 0000000000000000
    X26: 0000000000000000  X25: 0000000000000000  X24: ffff3eb87f1d5aa4
    X23: ffff3eb87eebc2b8  X22: ffff3eb87f1d3000  X21: ffff3eb87f1d5000
    X20: 0000000000008000  X19: ffff3eb87eea0000  X18: ffff3eb87ec30518
    X17: 0000000000000000  X16: 0000000000000000  X15: 0000000000000001
    X14: ffffbf657fca2408  X13: 0000000000000004  X12: 0000000000000000
    X11: 0000000000000000  X10: 0000000000000b90   X9: ffff0000095afe80
     X8: ffffbf6546fb9ef0   X7: 0000000000000000   X6: 00000019f94449a5
     X5: ffff0000095afea0   X4: 000080ad00e00000   X3: ffff3eb87f1d5000
     X2: ffff0000095afef0   X1: ffffbf657fca64c0   X0: 00000000000000e0
 #4 [ffff0000095afef0] arch_cpu_idle at ffff3eb87dfa84a4
 #5 [ffff0000095aff30] default_idle_call at ffff3eb87e9777f8
 #6 [ffff0000095aff40] do_idle at ffff3eb87e052750
 #7 [ffff0000095affb0] cpu_startup_entry at ffff3eb87e0529fc
 #8 [ffff0000095affd0] secondary_start_kernel at ffff3eb87dfb7950

PID: 6214   TASK: ffffbf655d94d900  CPU: 23  COMMAND: "kworker/23:0"
WARNING: cannot determine starting stack frame for task ffffbf655d94d900

PID: 0      TASK: ffffbf6547201f00  CPU: 25  COMMAND: "swapper/25"
 #0 [ffff00000832fda0] crash_save_cpu at ffff3eb87e0e24cc
 #1 [ffff00000832ff60] handle_IPI at ffff3eb87dfb824c
 #2 [ffff00000832ffd0] gic_handle_irq at ffff3eb87dfa17d8
--- <IRQ stack> ---
 #3 [ffff000009aafee0] el1_irq at ffff3eb87dfa34b4
     PC: ffff3eb87dfa84a8  [arch_cpu_idle+56]
     LR: ffff3eb87e9777fc  [default_idle_call+36]
     SP: ffff000009aafef0  PSTATE: 40c00009
    X29: ffff000009aafef0  X28: 0000000000000000  X27: 0000000000000000
    X26: 0000000000000000  X25: 0000000000000000  X24: ffff3eb87f1d5aa4
    X23: ffff3eb87eebc2b8  X22: ffff3eb87f1d3000  X21: ffff3eb87f1d5000
    X20: 0000000002000000  X19: ffff3eb87eea0000  X18: ffff3eb87ec30518
    X17: 0000000000000000  X16: 0000000000000000  X15: 0000000000000001
    X14: ffffbf657fe82408  X13: 0000000000000004  X12: 0000000000000000
    X11: 0000000000000000  X10: 0000000000000b90   X9: ffff000009aafe80
     X8: ffffbf6547202af0   X7: 0000000000000000   X6: 00000019f94449a5
     X5: ffff000009aafea0   X4: 000080ad00fe0000   X3: ffff3eb87f1d5000
     X2: ffff000009aafef0   X1: ffffbf657fe864c0   X0: 00000000000000e0
 #4 [ffff000009aafef0] arch_cpu_idle at ffff3eb87dfa84a4
 #5 [ffff000009aaff30] default_idle_call at ffff3eb87e9777f8
 #6 [ffff000009aaff40] do_idle at ffff3eb87e052750
 #7 [ffff000009aaffb0] cpu_startup_entry at ffff3eb87e0529fc
 #8 [ffff000009aaffd0] secondary_start_kernel at ffff3eb87dfb7950

PID: 0      TASK: ffffbf654721b200  CPU: 26  COMMAND: "swapper/26"
 #0 [ffff00000834fda0] crash_save_cpu at ffff3eb87e0e24cc
 #1 [ffff00000834ff60] handle_IPI at ffff3eb87dfb824c
 #2 [ffff00000834ffd0] gic_handle_irq at ffff3eb87dfa17d8
--- <IRQ stack> ---
 #3 [ffff000009b2fee0] el1_irq at ffff3eb87dfa34b4
     PC: ffff3eb87dfa84a8  [arch_cpu_idle+56]
     LR: ffff3eb87e9777fc  [default_idle_call+36]
     SP: ffff000009b2fef0  PSTATE: 40c00009
    X29: ffff000009b2fef0  X28: 0000000000000000  X27: 0000000000000000
    X26: 0000000000000000  X25: 0000000000000000  X24: ffff3eb87f1d5aa4
    X23: ffff3eb87eebc2b8  X22: ffff3eb87f1d3000  X21: ffff3eb87f1d5000
    X20: 0000000004000000  X19: ffff3eb87eea0000  X18: ffff3eb87ec30518
    X17: 0000000000000000  X16: 0000000000000000  X15: 0000000000000001
    X14: ffffbf657feb2408  X13: 0000000000000004  X12: 0000000000000000
    X11: 0000000000000000  X10: 0000000000000b90   X9: ffff000009b2fe80
     X8: ffffbf654721bdf0   X7: 00000000bd08a39e   X6: 00000019f94449a5
     X5: ffff000009b2fea0   X4: 000080ad01010000   X3: ffff3eb87f1d5000
     X2: ffff000009b2fef0   X1: ffffbf657feb64c0   X0: 00000000000000e0
 #4 [ffff000009b2fef0] arch_cpu_idle at ffff3eb87dfa84a4
 #5 [ffff000009b2ff30] default_idle_call at ffff3eb87e9777f8
 #6 [ffff000009b2ff40] do_idle at ffff3eb87e052750
 #7 [ffff000009b2ffb0] cpu_startup_entry at ffff3eb87e052a00
 #8 [ffff000009b2ffd0] secondary_start_kernel at ffff3eb87dfb7950

PID: 0      TASK: ffffbf6547217400  CPU: 28  COMMAND: "swapper/28"
 #0 [ffff00000838fda0] crash_save_cpu at ffff3eb87e0e24cc
 #1 [ffff00000838ff60] handle_IPI at ffff3eb87dfb824c
 #2 [ffff00000838ffd0] gic_handle_irq at ffff3eb87dfa17d8
--- <IRQ stack> ---
 #3 [ffff000009c2fee0] el1_irq at ffff3eb87dfa34b4
     PC: ffff3eb87dfa84a8  [arch_cpu_idle+56]
     LR: ffff3eb87e9777fc  [default_idle_call+36]
     SP: ffff000009c2fef0  PSTATE: 40c00009
    X29: ffff000009c2fef0  X28: 0000000000000000  X27: 0000000000000000
    X26: 0000000000000000  X25: 0000000000000000  X24: ffff3eb87f1d5aa4
    X23: ffff3eb87eebc2b8  X22: ffff3eb87f1d3000  X21: ffff3eb87f1d5000
    X20: 0000000010000000  X19: ffff3eb87eea0000  X18: ffff3eb87ec30518
    X17: 0000000000000000  X16: 0000000000000000  X15: 0000000000000001
    X14: ffffbf657ff12408  X13: 0000000000000004  X12: 0000000000000000
    X11: 0000000000000000  X10: 0000000000000b90   X9: ffff000009c2fe80
     X8: ffffbf6547217ff0   X7: 0000000000000000   X6: 00000019f94449a5
     X5: ffff000009c2fea0   X4: 000080ad01070000   X3: ffff3eb87f1d5000
     X2: ffff000009c2fef0   X1: ffffbf657ff164c0   X0: 00000000000000e0
 #4 [ffff000009c2fef0] arch_cpu_idle at ffff3eb87dfa84a4
 #5 [ffff000009c2ff30] default_idle_call at ffff3eb87e9777f8
 #6 [ffff000009c2ff40] do_idle at ffff3eb87e052750
 #7 [ffff000009c2ffb0] cpu_startup_entry at ffff3eb87e052a00
 #8 [ffff000009c2ffd0] secondary_start_kernel at ffff3eb87dfb7950

PID: 0      TASK: ffffbf6547202e80  CPU: 30  COMMAND: "swapper/30"
 #0 [ffff0000083cfda0] crash_save_cpu at ffff3eb87e0e24cc
 #1 [ffff0000083cff60] handle_IPI at ffff3eb87dfb824c
 #2 [ffff0000083cffd0] gic_handle_irq at ffff3eb87dfa17d8
--- <IRQ stack> ---
 #3 [ffff000009d2fee0] el1_irq at ffff3eb87dfa34b4
     PC: ffff3eb87dfa84a8  [arch_cpu_idle+56]
     LR: ffff3eb87e9777fc  [default_idle_call+36]
     SP: ffff000009d2fef0  PSTATE: 40c00009
    X29: ffff000009d2fef0  X28: 0000000000000000  X27: 0000000000000000
    X26: 0000000000000000  X25: 0000000000000000  X24: ffff3eb87f1d5aa4
    X23: ffff3eb87eebc2b8  X22: ffff3eb87f1d3000  X21: ffff3eb87f1d5000
    X20: 0000000040000000  X19: ffff3eb87eea0000  X18: ffff3eb87ec30518
    X17: 0000000000000000  X16: 0000000000000000  X15: 0000000000000001
    X14: ffffbf657ff72408  X13: 0000000000000004  X12: 0000000000000000
    X11: 0000000000000000  X10: 0000000000000b90   X9: ffff000009d2fe80
     X8: ffffbf6547203a70   X7: 0000000000000000   X6: ffff000079c8fdd0
     X5: ffff000009d2fea0   X4: 000080ad010d0000   X3: ffff3eb87f1d5000
     X2: ffff000009d2fef0   X1: ffffbf657ff764c0   X0: 00000000000000e0
 #4 [ffff000009d2fef0] arch_cpu_idle at ffff3eb87dfa84a4
 #5 [ffff000009d2ff30] default_idle_call at ffff3eb87e9777f8
 #6 [ffff000009d2ff40] do_idle at ffff3eb87e052750
 #7 [ffff000009d2ffb0] cpu_startup_entry at ffff3eb87e052a00
 #8 [ffff000009d2ffd0] secondary_start_kernel at ffff3eb87dfb7950

PID: 0      TASK: ffffdf64e642d900  CPU: 32  COMMAND: "swapper/32"
 #0 [ffff00000840fda0] crash_save_cpu at ffff3eb87e0e24cc
 #1 [ffff00000840ff60] handle_IPI at ffff3eb87dfb824c
 #2 [ffff00000840ffd0] gic_handle_irq at ffff3eb87dfa17d8
--- <IRQ stack> ---
 #3 [ffff000009e2fee0] el1_irq at ffff3eb87dfa34b4
     PC: ffff3eb87dfa84a8  [arch_cpu_idle+56]
     LR: ffff3eb87e9777fc  [default_idle_call+36]
     SP: ffff000009e2fef0  PSTATE: 40c00009
    X29: ffff000009e2fef0  X28: 0000000000000000  X27: 0000000000000000
    X26: 0000000000000000  X25: 0000000000000000  X24: ffff3eb87f1d5aa4
    X23: ffff3eb87eebc2b8  X22: ffff3eb87f1d3000  X21: ffff3eb87f1d5000
    X20: 0000000100000000  X19: ffff3eb87eea0000  X18: ffff3eb87ec30518
    X17: 0000000000000000  X16: 0000000000000000  X15: 0000000000000001
    X14: ffffdf653f912408  X13: 0000000000000004  X12: 0000000000000000
    X11: 0000000000000000  X10: 0000000000000b90   X9: ffff000009e2fe80
     X8: ffffdf64e642e4f0   X7: 0000000000000000   X6: 00000019f94449a5
     X5: ffff000009e2fea0   X4: 0000a0acc0a70000   X3: ffff3eb87f1d5000
     X2: ffff000009e2fef0   X1: ffffdf653f9164c0   X0: 00000000000000e0
 #4 [ffff000009e2fef0] arch_cpu_idle at ffff3eb87dfa84a4
 #5 [ffff000009e2ff30] default_idle_call at ffff3eb87e9777f8
 #6 [ffff000009e2ff40] do_idle at ffff3eb87e052750
 #7 [ffff000009e2ffb0] cpu_startup_entry at ffff3eb87e0529fc
 #8 [ffff000009e2ffd0] secondary_start_kernel at ffff3eb87dfb7950

PID: 0      TASK: ffffdf64e6424d80  CPU: 33  COMMAND: "swapper/33"
 #0 [ffff00000842fda0] crash_save_cpu at ffff3eb87e0e24cc
 #1 [ffff00000842ff60] handle_IPI at ffff3eb87dfb824c
 #2 [ffff00000842ffd0] gic_handle_irq at ffff3eb87dfa17d8
--- <IRQ stack> ---
 #3 [ffff000009eafee0] el1_irq at ffff3eb87dfa34b4
     PC: ffff3eb87dfa84a8  [arch_cpu_idle+56]
     LR: ffff3eb87e9777fc  [default_idle_call+36]
     SP: ffff000009eafef0  PSTATE: 40c00009
    X29: ffff000009eafef0  X28: 0000000000000000  X27: 0000000000000000
    X26: 0000000000000000  X25: 0000000000000000  X24: ffff3eb87f1d5aa4
    X23: ffff3eb87eebc2b8  X22: ffff3eb87f1d3000  X21: ffff3eb87f1d5000
    X20: 0000000200000000  X19: ffff3eb87eea0000  X18: ffff3eb87ec30518
    X17: 0000000000000000  X16: 0000000000000000  X15: 0000000000000001
    X14: ffffdf653f942408  X13: 0000000000000004  X12: 0000000000000000
    X11: 0000000000000000  X10: 0000000000000b90   X9: ffff000009eafe80
     X8: ffffdf64e6425970   X7: 0000000000000000   X6: 00000019f94449a5
     X5: ffff000009eafea0   X4: 0000a0acc0aa0000   X3: ffff3eb87f1d5000
     X2: ffff000009eafef0   X1: ffffdf653f9464c0   X0: 00000000000000e0
 #4 [ffff000009eafef0] arch_cpu_idle at ffff3eb87dfa84a4
 #5 [ffff000009eaff30] default_idle_call at ffff3eb87e9777f8
 #6 [ffff000009eaff40] do_idle at ffff3eb87e052750
 #7 [ffff000009eaffb0] cpu_startup_entry at ffff3eb87e052a00
 #8 [ffff000009eaffd0] secondary_start_kernel at ffff3eb87dfb7950

PID: 0      TASK: ffffdf64e6436480  CPU: 36  COMMAND: "swapper/36"
 #0 [ffff00000848fda0] crash_save_cpu at ffff3eb87e0e24cc
 #1 [ffff00000848ff60] handle_IPI at ffff3eb87dfb824c
 #2 [ffff00000848ffd0] gic_handle_irq at ffff3eb87dfa17d8
--- <IRQ stack> ---
 #3 [ffff00000a02fee0] el1_irq at ffff3eb87dfa34b4
     PC: ffff3eb87dfa84a8  [arch_cpu_idle+56]
     LR: ffff3eb87e9777fc  [default_idle_call+36]
     SP: ffff00000a02fef0  PSTATE: 40c00009
    X29: ffff00000a02fef0  X28: 0000000000000000  X27: 0000000000000000
    X26: 0000000000000000  X25: 0000000000000000  X24: ffff3eb87f1d5aa4
    X23: ffff3eb87eebc2b8  X22: ffff3eb87f1d3000  X21: ffff3eb87f1d5000
    X20: 0000001000000000  X19: ffff3eb87eea0000  X18: ffff3eb87ec30518
    X17: 0000000000000000  X16: 0000000000000000  X15: 0000000000000001
    X14: ffffdf653f9d2408  X13: 0000000000000004  X12: 0000000000000000
    X11: 0000000000000000  X10: 0000000000000b90   X9: ffff00000a02fe80
     X8: ffffdf64e6437070   X7: 0000000000000000   X6: 00000019f94449a5
     X5: ffff00000a02fea0   X4: 0000a0acc0b30000   X3: ffff3eb87f1d5000
     X2: ffff00000a02fef0   X1: ffffdf653f9d64c0   X0: 00000000000000e0
 #4 [ffff00000a02fef0] arch_cpu_idle at ffff3eb87dfa84a4
 #5 [ffff00000a02ff30] default_idle_call at ffff3eb87e9777f8
 #6 [ffff00000a02ff40] do_idle at ffff3eb87e052750
 #7 [ffff00000a02ffb0] cpu_startup_entry at ffff3eb87e0529fc
 #8 [ffff00000a02ffd0] secondary_start_kernel at ffff3eb87dfb7950

PID: 0      TASK: ffffdf64e6438380  CPU: 37  COMMAND: "swapper/37"
 #0 [ffff0000084afda0] crash_save_cpu at ffff3eb87e0e24cc
 #1 [ffff0000084aff60] handle_IPI at ffff3eb87dfb824c
 #2 [ffff0000084affd0] gic_handle_irq at ffff3eb87dfa17d8
--- <IRQ stack> ---
 #3 [ffff00000a0afee0] el1_irq at ffff3eb87dfa34b4
     PC: ffff3eb87dfa84a8  [arch_cpu_idle+56]
     LR: ffff3eb87e9777fc  [default_idle_call+36]
     SP: ffff00000a0afef0  PSTATE: 40c00009
    X29: ffff00000a0afef0  X28: 0000000000000000  X27: 0000000000000000
    X26: 0000000000000000  X25: 0000000000000000  X24: ffff3eb87f1d5aa4
    X23: ffff3eb87eebc2b8  X22: ffff3eb87f1d3000  X21: ffff3eb87f1d5000
    X20: 0000002000000000  X19: ffff3eb87eea0000  X18: ffff3eb87ec30518
    X17: 0000000000000000  X16: 0000000000000000  X15: 0000000000000001
    X14: ffffdf653fa02408  X13: 0000000000000004  X12: 0000000000000000
    X11: 0000000000000000  X10: 0000000000000b90   X9: ffff00000a0afe80
     X8: ffffdf64e6438f70   X7: 0000000000000000   X6: 00000019f94449a5
     X5: ffff00000a0afea0   X4: 0000a0acc0b60000   X3: ffff3eb87f1d5000
     X2: ffff00000a0afef0   X1: ffffdf653fa064c0   X0: 00000000000000e0
 #4 [ffff00000a0afef0] arch_cpu_idle at ffff3eb87dfa84a4
 #5 [ffff00000a0aff30] default_idle_call at ffff3eb87e9777f8
 #6 [ffff00000a0aff40] do_idle at ffff3eb87e052750
 #7 [ffff00000a0affb0] cpu_startup_entry at ffff3eb87e0529fc
 #8 [ffff00000a0affd0] secondary_start_kernel at ffff3eb87dfb7950

PID: 0      TASK: ffffdf64e6439300  CPU: 40  COMMAND: "swapper/40"
 #0 [ffff00000850fda0] crash_save_cpu at ffff3eb87e0e24cc
 #1 [ffff00000850ff60] handle_IPI at ffff3eb87dfb824c
 #2 [ffff00000850ffd0] gic_handle_irq at ffff3eb87dfa17d8
--- <IRQ stack> ---
 #3 [ffff00000a22fee0] el1_irq at ffff3eb87dfa34b4
     PC: ffff3eb87dfa84a8  [arch_cpu_idle+56]
     LR: ffff3eb87e9777fc  [default_idle_call+36]
     SP: ffff00000a22fef0  PSTATE: 40c00009
    X29: ffff00000a22fef0  X28: 0000000000000000  X27: 0000000000000000
    X26: 0000000000000000  X25: 0000000000000000  X24: ffff3eb87f1d5aa4
    X23: ffff3eb87eebc2b8  X22: ffff3eb87f1d3000  X21: ffff3eb87f1d5000
    X20: 0000010000000000  X19: ffff3eb87eea0000  X18: ffff3eb87ec30518
    X17: 0000000000000000  X16: 0000000000000000  X15: 0000000000000001
    X14: ffffdf653fa92408  X13: 0000000000000004  X12: 0000000000000000
    X11: 0000000000000000  X10: 0000000000000b90   X9: ffff00000a22fe80
     X8: ffffdf64e6439ef0   X7: 0000000000000000   X6: 00000019f94449a5
     X5: ffff00000a22fea0   X4: 0000a0acc0bf0000   X3: ffff3eb87f1d5000
     X2: ffff00000a22fef0   X1: ffffdf653fa964c0   X0: 00000000000000e0
 #4 [ffff00000a22fef0] arch_cpu_idle at ffff3eb87dfa84a4
 #5 [ffff00000a22ff30] default_idle_call at ffff3eb87e9777f8
 #6 [ffff00000a22ff40] do_idle at ffff3eb87e052750
 #7 [ffff00000a22ffb0] cpu_startup_entry at ffff3eb87e052a00
 #8 [ffff00000a22ffd0] secondary_start_kernel at ffff3eb87dfb7950

PID: 0      TASK: ffffdf64e6430780  CPU: 41  COMMAND: "swapper/41"
 #0 [ffff00000852fda0] crash_save_cpu at ffff3eb87e0e24cc
 #1 [ffff00000852ff60] handle_IPI at ffff3eb87dfb824c
 #2 [ffff00000852ffd0] gic_handle_irq at ffff3eb87dfa17d8
--- <IRQ stack> ---
 #3 [ffff00000a2afee0] el1_irq at ffff3eb87dfa34b4
     PC: ffff3eb87dfa84a8  [arch_cpu_idle+56]
     LR: ffff3eb87e9777fc  [default_idle_call+36]
     SP: ffff00000a2afef0  PSTATE: 40c00009
    X29: ffff00000a2afef0  X28: 0000000000000000  X27: 0000000000000000
    X26: 0000000000000000  X25: 0000000000000000  X24: ffff3eb87f1d5aa4
    X23: ffff3eb87eebc2b8  X22: ffff3eb87f1d3000  X21: ffff3eb87f1d5000
    X20: 0000020000000000  X19: ffff3eb87eea0000  X18: ffff3eb87ec30518
    X17: 0000000000000000  X16: 0000000000000000  X15: 0000000000000001
    X14: ffffdf653fac2408  X13: 0000000000000004  X12: 0000000000000000
    X11: 0000000000000000  X10: 0000000000000b90   X9: ffff00000a2afe80
     X8: ffffdf64e6431370   X7: 0000000000000000   X6: 00000019f94449a5
     X5: ffff00000a2afea0   X4: 0000a0acc0c20000   X3: ffff3eb87f1d5000
     X2: ffff00000a2afef0   X1: ffffdf653fac64c0   X0: 00000000000000e0
 #4 [ffff00000a2afef0] arch_cpu_idle at ffff3eb87dfa84a4
 #5 [ffff00000a2aff30] default_idle_call at ffff3eb87e9777f8
 #6 [ffff00000a2aff40] do_idle at ffff3eb87e052750
 #7 [ffff00000a2affb0] cpu_startup_entry at ffff3eb87e052a00
 #8 [ffff00000a2affd0] secondary_start_kernel at ffff3eb87dfb7950

PID: 0      TASK: ffffdf64e643f000  CPU: 44  COMMAND: "swapper/44"
WARNING: cannot determine starting stack frame for task ffffdf64e643f000

PID: 0      TASK: ffffdf64e6431700  CPU: 45  COMMAND: "swapper/45"
 #0 [ffff0000085afda0] crash_save_cpu at ffff3eb87e0e24cc
 #1 [ffff0000085aff60] handle_IPI at ffff3eb87dfb824c
 #2 [ffff0000085affd0] gic_handle_irq at ffff3eb87dfa17d8
--- <IRQ stack> ---
 #3 [ffff00000a4afee0] el1_irq at ffff3eb87dfa34b4
     PC: ffff3eb87dfa84a8  [arch_cpu_idle+56]
     LR: ffff3eb87e9777fc  [default_idle_call+36]
     SP: ffff00000a4afef0  PSTATE: 40c00009
    X29: ffff00000a4afef0  X28: 0000000000000000  X27: 0000000000000000
    X26: 0000000000000000  X25: 0000000000000000  X24: ffff3eb87f1d5aa4
    X23: ffff3eb87eebc2b8  X22: ffff3eb87f1d3000  X21: ffff3eb87f1d5000
    X20: 0000200000000000  X19: ffff3eb87eea0000  X18: ffff3eb87ec30518
    X17: 0000000000000000  X16: ffff3eb87e244978  X15: 0000000000000001
    X14: ffffdf653fb82408  X13: 0000000000000004  X12: 002003df00000000
    X11: 001003df00000000  X10: 0000000000000b90   X9: ffff00000a4afe80
     X8: ffffdf64e64322f0   X7: ffffdf648737c000   X6: 00000019f94449a5
     X5: ffff00000a4afea0   X4: 0000a0acc0ce0000   X3: ffff3eb87f1d5000
     X2: ffff00000a4afef0   X1: ffffdf653fb864c0   X0: 00000000000000e0
 #4 [ffff00000a4afef0] arch_cpu_idle at ffff3eb87dfa84a4
 #5 [ffff00000a4aff30] default_idle_call at ffff3eb87e9777f8
 #6 [ffff00000a4aff40] do_idle at ffff3eb87e052750
 #7 [ffff00000a4affb0] cpu_startup_entry at ffff3eb87e052a00
 #8 [ffff00000a4affd0] secondary_start_kernel at ffff3eb87dfb7950

PID: 0      TASK: ffffdf64e6420f80  CPU: 46  COMMAND: "swapper/46"
 #0 [ffff0000085cfda0] crash_save_cpu at ffff3eb87e0e24cc
 #1 [ffff0000085cff60] handle_IPI at ffff3eb87dfb824c
 #2 [ffff0000085cffd0] gic_handle_irq at ffff3eb87dfa17d8
--- <IRQ stack> ---
 #3 [ffff00000a52fee0] el1_irq at ffff3eb87dfa34b4
     PC: ffff3eb87dfa84a8  [arch_cpu_idle+56]
     LR: ffff3eb87e9777fc  [default_idle_call+36]
     SP: ffff00000a52fef0  PSTATE: 40c00009
    X29: ffff00000a52fef0  X28: 0000000000000000  X27: 0000000000000000
    X26: 0000000000000000  X25: 0000000000000000  X24: ffff3eb87f1d5aa4
    X23: ffff3eb87eebc2b8  X22: ffff3eb87f1d3000  X21: ffff3eb87f1d5000
    X20: 0000400000000000  X19: ffff3eb87eea0000  X18: ffff3eb87ec30518
    X17: 0000000000000000  X16: 0000000000000000  X15: 0000000000000001
    X14: ffffdf653fbb2408  X13: 0000000000000004  X12: 0000000000000000
    X11: 0000000000000000  X10: 0000000000000b90   X9: ffff00000a52fe80
     X8: ffffdf64e6421b70   X7: 0000000000000000   X6: 00000019f94449a5
     X5: ffff00000a52fea0   X4: 0000a0acc0d10000   X3: ffff3eb87f1d5000
     X2: ffff00000a52fef0   X1: ffffdf653fbb64c0   X0: 00000000000000e0
 #4 [ffff00000a52fef0] arch_cpu_idle at ffff3eb87dfa84a4
 #5 [ffff00000a52ff30] default_idle_call at ffff3eb87e9777f8
 #6 [ffff00000a52ff40] do_idle at ffff3eb87e052750
 #7 [ffff00000a52ffb0] cpu_startup_entry at ffff3eb87e052a00
 #8 [ffff00000a52ffd0] secondary_start_kernel at ffff3eb87dfb7950

PID: 0      TASK: ffffdf64e6423e00  CPU: 47  COMMAND: "swapper/47"
 #0 [ffff0000085efda0] crash_save_cpu at ffff3eb87e0e24cc
 #1 [ffff0000085eff60] handle_IPI at ffff3eb87dfb824c
 #2 [ffff0000085effd0] gic_handle_irq at ffff3eb87dfa17d8
--- <IRQ stack> ---
 #3 [ffff00000a5afee0] el1_irq at ffff3eb87dfa34b4
     PC: ffff3eb87dfa84a8  [arch_cpu_idle+56]
     LR: ffff3eb87e9777fc  [default_idle_call+36]
     SP: ffff00000a5afef0  PSTATE: 40c00009
    X29: ffff00000a5afef0  X28: 0000000000000000  X27: 0000000000000000
    X26: 0000000000000000  X25: 0000000000000000  X24: ffff3eb87f1d5aa4
    X23: ffff3eb87eebc2b8  X22: ffff3eb87f1d3000  X21: ffff3eb87f1d5000
    X20: 0000800000000000  X19: ffff3eb87eea0000  X18: ffff3eb87ec30518
    X17: 0000000000000000  X16: 0000000000000000  X15: 0000000000000001
    X14: ffffdf653fbe2408  X13: 0000000000000004  X12: 0000000000000000
    X11: 0000000000000000  X10: 0000000000000b90   X9: ffff00000a5afe80
     X8: ffffdf64e64249f0   X7: 0000000000000000   X6: 00000019f94449a5
     X5: ffff00000a5afea0   X4: 0000a0acc0d40000   X3: ffff3eb87f1d5000
     X2: ffff00000a5afef0   X1: ffffdf653fbe64c0   X0: 00000000000000e0
 #4 [ffff00000a5afef0] arch_cpu_idle at ffff3eb87dfa84a4
 #5 [ffff00000a5aff30] default_idle_call at ffff3eb87e9777f8
 #6 [ffff00000a5aff40] do_idle at ffff3eb87e052750
 #7 [ffff00000a5affb0] cpu_startup_entry at ffff3eb87e052a00
 #8 [ffff00000a5affd0] secondary_start_kernel at ffff3eb87dfb7950

PID: 0      TASK: ffffdf64e6422e80  CPU: 50  COMMAND: "swapper/50"
 #0 [ffff00000864fda0] crash_save_cpu at ffff3eb87e0e24cc
 #1 [ffff00000864ff60] handle_IPI at ffff3eb87dfb824c
 #2 [ffff00000864ffd0] gic_handle_irq at ffff3eb87dfa17d8
--- <IRQ stack> ---
 #3 [ffff00000a72fee0] el1_irq at ffff3eb87dfa34b4
     PC: ffff3eb87dfa84a8  [arch_cpu_idle+56]
     LR: ffff3eb87e9777fc  [default_idle_call+36]
     SP: ffff00000a72fef0  PSTATE: 40c00009
    X29: ffff00000a72fef0  X28: 0000000000000000  X27: 0000000000000000
    X26: 0000000000000000  X25: 0000000000000000  X24: ffff3eb87f1d5aa4
    X23: ffff3eb87eebc2b8  X22: ffff3eb87f1d3000  X21: ffff3eb87f1d5000
    X20: 0004000000000000  X19: ffff3eb87eea0000  X18: ffff3eb87ec30518
    X17: 0000000000000000  X16: 0000000000000000  X15: 0000000000000001
    X14: ffffdf653fc72408  X13: 0000000000000004  X12: 0000000000000000
    X11: 0000000000000000  X10: 0000000000000b90   X9: ffff00000a72fe80
     X8: ffffdf64e6423a70   X7: 00000000bd08a39e   X6: 00000019f94449a5
     X5: 00ffffffffffffff   X4: 0000a0acc0dd0000   X3: 0000000000000001
     X2: ffff00000a72fef0   X1: ffffdf653fc764c0   X0: 00000000000000e0
 #4 [ffff00000a72fef0] arch_cpu_idle at ffff3eb87dfa84a4
 #5 [ffff00000a72ff30] default_idle_call at ffff3eb87e9777f8
 #6 [ffff00000a72ff40] do_idle at ffff3eb87e052750
 #7 [ffff00000a72ffb0] cpu_startup_entry at ffff3eb87e052a00
 #8 [ffff00000a72ffd0] secondary_start_kernel at ffff3eb87dfb7950

PID: 0      TASK: ffffdf64e643d100  CPU: 51  COMMAND: "swapper/51"
 #0 [ffff00000866fda0] crash_save_cpu at ffff3eb87e0e24cc
 #1 [ffff00000866ff60] handle_IPI at ffff3eb87dfb824c
 #2 [ffff00000866ffd0] gic_handle_irq at ffff3eb87dfa17d8
--- <IRQ stack> ---
 #3 [ffff00000a7afee0] el1_irq at ffff3eb87dfa34b4
     PC: ffff3eb87dfa84a8  [arch_cpu_idle+56]
     LR: ffff3eb87e9777fc  [default_idle_call+36]
     SP: ffff00000a7afef0  PSTATE: 40c00009
    X29: ffff00000a7afef0  X28: 0000000000000000  X27: 0000000000000000
    X26: 0000000000000000  X25: 0000000000000000  X24: ffff3eb87f1d5aa4
    X23: ffff3eb87eebc2b8  X22: ffff3eb87f1d3000  X21: ffff3eb87f1d5000
    X20: 0008000000000000  X19: ffff3eb87eea0000  X18: ffff3eb87ec30518
    X17: 0000000000000000  X16: 0000000000000000  X15: 0000000000000001
    X14: ffffdf653fca2408  X13: 0000000000000004  X12: 0000000000000000
    X11: 0000000000000000  X10: 0000000000000b90   X9: ffff00000a7afe80
     X8: ffffdf64e643dcf0   X7: 0000000000000000   X6: 00000019f94449a5
     X5: 00ffffffffffffff   X4: 0000a0acc0e00000   X3: 0000000000000001
     X2: ffff00000a7afef0   X1: ffffdf653fca64c0   X0: 00000000000000e0
 #4 [ffff00000a7afef0] arch_cpu_idle at ffff3eb87dfa84a4
 #5 [ffff00000a7aff30] default_idle_call at ffff3eb87e9777f8
 #6 [ffff00000a7aff40] do_idle at ffff3eb87e052750
 #7 [ffff00000a7affb0] cpu_startup_entry at ffff3eb87e0529fc
 #8 [ffff00000a7affd0] secondary_start_kernel at ffff3eb87dfb7950

PID: 0      TASK: ffffdf64e642f800  CPU: 53  COMMAND: "swapper/53"
 #0 [ffff0000086afda0] crash_save_cpu at ffff3eb87e0e24cc
 #1 [ffff0000086aff60] handle_IPI at ffff3eb87dfb824c
 #2 [ffff0000086affd0] gic_handle_irq at ffff3eb87dfa17d8
--- <IRQ stack> ---
 #3 [ffff000016d0fee0] el1_irq at ffff3eb87dfa34b4
     PC: ffff3eb87dfa84a8  [arch_cpu_idle+56]
     LR: ffff3eb87e9777fc  [default_idle_call+36]
     SP: ffff000016d0fef0  PSTATE: 40c00009
    X29: ffff000016d0fef0  X28: 0000000000000000  X27: 0000000000000000
    X26: 0000000000000000  X25: 0000000000000000  X24: ffff3eb87f1d5aa4
    X23: ffff3eb87eebc2b8  X22: ffff3eb87f1d3000  X21: ffff3eb87f1d5000
    X20: 0020000000000000  X19: ffff3eb87eea0000  X18: ffff3eb87ec30518
    X17: 0000000000000000  X16: 0000000000000000  X15: 0000000000000001
    X14: ffffdf653fd02408  X13: 0000000000000004  X12: 0000000000000000
    X11: 0000000000000000  X10: 0000000000000b90   X9: ffff000016d0fe80
     X8: ffffdf64e64303f0   X7: 00000001f50765b4   X6: ffff00005c3efc40
     X5: ffffdf653fd09220   X4: 0000a0acc0e60000   X3: 0000000000000001
     X2: ffff000016d0fef0   X1: ffffdf653fd064c0   X0: 00000000000000e0
 #4 [ffff000016d0fef0] arch_cpu_idle at ffff3eb87dfa84a4
 #5 [ffff000016d0ff30] default_idle_call at ffff3eb87e9777f8
 #6 [ffff000016d0ff40] do_idle at ffff3eb87e052750
 #7 [ffff000016d0ffb0] cpu_startup_entry at ffff3eb87e0529fc
 #8 [ffff000016d0ffd0] secondary_start_kernel at ffff3eb87dfb7950

PID: 0      TASK: ffffdf64e643b200  CPU: 54  COMMAND: "swapper/54"
 #0 [ffff0000086cfda0] crash_save_cpu at ffff3eb87e0e24cc
 #1 [ffff0000086cff60] handle_IPI at ffff3eb87dfb824c
 #2 [ffff0000086cffd0] gic_handle_irq at ffff3eb87dfa17d8
--- <IRQ stack> ---
 #3 [ffff000016d2fee0] el1_irq at ffff3eb87dfa34b4
     PC: ffff3eb87dfa84a8  [arch_cpu_idle+56]
     LR: ffff3eb87e9777fc  [default_idle_call+36]
     SP: ffff000016d2fef0  PSTATE: 40c00009
    X29: ffff000016d2fef0  X28: 0000000000000000  X27: 0000000000000000
    X26: 0000000000000000  X25: 0000000000000000  X24: ffff3eb87f1d5aa4
    X23: ffff3eb87eebc2b8  X22: ffff3eb87f1d3000  X21: ffff3eb87f1d5000
    X20: 0040000000000000  X19: ffff3eb87eea0000  X18: ffff3eb87ec30518
    X17: 0000000000000000  X16: 0000000000000000  X15: 0000000000000001
    X14: ffffdf653fd32408  X13: 0000000000000004  X12: 0000000000000000
    X11: 0000000000000000  X10: 0000000000000b90   X9: ffff000016d2fe80
     X8: ffffdf64e643bdf0   X7: 0000000000000000   X6: 00000019f94449a5
     X5: 00ffffffffffffff   X4: 0000a0acc0e90000   X3: 0000000000000001
     X2: ffff000016d2fef0   X1: ffffdf653fd364c0   X0: 00000000000000e0
 #4 [ffff000016d2fef0] arch_cpu_idle at ffff3eb87dfa84a4
 #5 [ffff000016d2ff30] default_idle_call at ffff3eb87e9777f8
 #6 [ffff000016d2ff40] do_idle at ffff3eb87e052750
 #7 [ffff000016d2ffb0] cpu_startup_entry at ffff3eb87e0529fc
 #8 [ffff000016d2ffd0] secondary_start_kernel at ffff3eb87dfb7950

PID: 0      TASK: ffffdf64e6425d00  CPU: 56  COMMAND: "swapper/56"
 #0 [ffff00000870fda0] crash_save_cpu at ffff3eb87e0e24cc
 #1 [ffff00000870ff60] handle_IPI at ffff3eb87dfb824c
 #2 [ffff00000870ffd0] gic_handle_irq at ffff3eb87dfa17d8
--- <IRQ stack> ---
 #3 [ffff000016d6fee0] el1_irq at ffff3eb87dfa34b4
     PC: ffff3eb87dfa84a8  [arch_cpu_idle+56]
     LR: ffff3eb87e9777fc  [default_idle_call+36]
     SP: ffff000016d6fef0  PSTATE: 40c00009
    X29: ffff000016d6fef0  X28: 0000000000000000  X27: 0000000000000000
    X26: 0000000000000000  X25: 0000000000000000  X24: ffff3eb87f1d5aa4
    X23: ffff3eb87eebc2b8  X22: ffff3eb87f1d3000  X21: ffff3eb87f1d5000
    X20: 0100000000000000  X19: ffff3eb87eea0000  X18: ffff3eb87ec30518
    X17: 0000000000000000  X16: 0000000000000000  X15: 0000000000000001
    X14: ffffdf653fd92408  X13: 0000000000000004  X12: 0000000000000000
    X11: 0000000000000000  X10: 0000000000000b90   X9: ffff000016d6fe80
     X8: ffffdf64e64268f0   X7: 0000000000000000   X6: 00000019f94449a5
     X5: 00ffffffffffffff   X4: 0000a0acc0ef0000   X3: 0000000000000001
     X2: ffff000016d6fef0   X1: ffffdf653fd964c0   X0: 00000000000000e0
 #4 [ffff000016d6fef0] arch_cpu_idle at ffff3eb87dfa84a4
 #5 [ffff000016d6ff30] default_idle_call at ffff3eb87e9777f8
 #6 [ffff000016d6ff40] do_idle at ffff3eb87e052750
 #7 [ffff000016d6ffb0] cpu_startup_entry at ffff3eb87e0529fc
 #8 [ffff000016d6ffd0] secondary_start_kernel at ffff3eb87dfb7950

PID: 0      TASK: ffffdf64e642aa80  CPU: 58  COMMAND: "swapper/58"
 #0 [ffff00000874fda0] crash_save_cpu at ffff3eb87e0e24cc
 #1 [ffff00000874ff60] handle_IPI at ffff3eb87dfb824c
 #2 [ffff00000874ffd0] gic_handle_irq at ffff3eb87dfa17d8
--- <IRQ stack> ---
 #3 [ffff000016dafee0] el1_irq at ffff3eb87dfa34b4
     PC: ffff3eb87dfa84a8  [arch_cpu_idle+56]
     LR: ffff3eb87e9777fc  [default_idle_call+36]
     SP: ffff000016dafef0  PSTATE: 40c00009
    X29: ffff000016dafef0  X28: 0000000000000000  X27: 0000000000000000
    X26: 0000000000000000  X25: 0000000000000000  X24: ffff3eb87f1d5aa4
    X23: ffff3eb87eebc2b8  X22: ffff3eb87f1d3000  X21: ffff3eb87f1d5000
    X20: 0400000000000000  X19: ffff3eb87eea0000  X18: ffff3eb87ec30518
    X17: 0000000000000000  X16: 0000000000000000  X15: 0000000000000001
    X14: ffffdf653fdf2408  X13: 0000000000000004  X12: 0000000000000000
    X11: 0000000000000000  X10: 0000000000000b90   X9: ffff000016dafe80
     X8: ffffdf64e642b670   X7: 00000000bd08a39e   X6: ffff00007b08fdd0
     X5: ffffdf653fdf9220   X4: 0000a0acc0f50000   X3: 0000000000000001
     X2: ffff000016dafef0   X1: ffffdf653fdf64c0   X0: 00000000000000e0
 #4 [ffff000016dafef0] arch_cpu_idle at ffff3eb87dfa84a4
 #5 [ffff000016daff30] default_idle_call at ffff3eb87e9777f8
 #6 [ffff000016daff40] do_idle at ffff3eb87e052750
 #7 [ffff000016daffb0] cpu_startup_entry at ffff3eb87e052a00
 #8 [ffff000016daffd0] secondary_start_kernel at ffff3eb87dfb7950

PID: 11     TASK: ffffbf6546fae880  CPU: 60  COMMAND: "rcu_sched"
WARNING: cannot determine starting stack frame for task ffffbf6546fae880

PID: 0      TASK: ffffdf64e6663e00  CPU: 61  COMMAND: "swapper/61"
 #0 [ffff0000087afda0] crash_save_cpu at ffff3eb87e0e24cc
 #1 [ffff0000087aff60] handle_IPI at ffff3eb87dfb824c
 #2 [ffff0000087affd0] gic_handle_irq at ffff3eb87dfa17d8
--- <IRQ stack> ---
 #3 [ffff000016e0fee0] el1_irq at ffff3eb87dfa34b4
     PC: ffff3eb87dfa84a8  [arch_cpu_idle+56]
     LR: ffff3eb87e9777fc  [default_idle_call+36]
     SP: ffff000016e0fef0  PSTATE: 40c00009
    X29: ffff000016e0fef0  X28: 0000000000000000  X27: 0000000000000000
    X26: 0000000000000000  X25: 0000000000000000  X24: ffff3eb87f1d5aa4
    X23: ffff3eb87eebc2b8  X22: ffff3eb87f1d3000  X21: ffff3eb87f1d5000
    X20: 2000000000000000  X19: ffff3eb87eea0000  X18: ffff3eb87ec30518
    X17: 0000000000000000  X16: 0000000000000000  X15: 0000000000000001
    X14: ffffdf653fe82408  X13: 0000000000000004  X12: 0000000000000000
    X11: 0000000000000000  X10: 0000000000000b90   X9: ffff000016e0fe80
     X8: ffffdf64e66649f0   X7: 0000000000000000   X6: 00000019f94449a5
     X5: 00ffffffffffffff   X4: 0000a0acc0fe0000   X3: 0000000000000001
     X2: ffff000016e0fef0   X1: ffffdf653fe864c0   X0: 00000000000000e0
 #4 [ffff000016e0fef0] arch_cpu_idle at ffff3eb87dfa84a4
 #5 [ffff000016e0ff30] default_idle_call at ffff3eb87e9777f8
 #6 [ffff000016e0ff40] do_idle at ffff3eb87e052750
 #7 [ffff000016e0ffb0] cpu_startup_entry at ffff3eb87e052a00
 #8 [ffff000016e0ffd0] secondary_start_kernel at ffff3eb87dfb7950
