ffffbf657fade2b8
struct callback_head {
  next = 0xffffbf6521b07e68, 
  func = 0xffffbf657fade2b8
}
ffffbf6521b07e68
struct callback_head {
  next = 0xffffbf6521b0e990, 
  func = 0xffff3eb87e2986d8
}
ffffbf6521b0e990
struct callback_head {
  next = 0xffffbf6521b08888, 
  func = 0xffff3eb87e2986d8
}
ffffbf6521b08888
struct callback_head {
  next = 0xffffbf6521b00848, 
  func = 0xffff3eb87e2986d8
}
ffffbf6521b00848
struct callback_head {
  next = 0xffffbf6521b0f7e8, 
  func = 0xffff3eb87e2986d8
}
ffffbf6521b0f7e8
struct callback_head {
  next = 0xffffbf6521b00920, 
  func = 0xffff3eb87e2986d8
}
ffffbf6521b00920
struct callback_head {
  next = 0xffffbf6521b03500, 
  func = 0xffff3eb87e2986d8
}
ffffbf6521b03500
struct callback_head {
  next = 0xffffbf6521b056c0, 
  func = 0xffff3eb87e2986d8
}
ffffbf6521b056c0
struct callback_head {
  next = 0xffffbf6521b04bc8, 
  func = 0xffff3eb87e2986d8
}
ffffbf6521b04bc8
struct callback_head {
  next = 0xffffbf6521b0fdd0, 
  func = 0xffff3eb87e2986d8
}
ffffbf6521b0fdd0
struct callback_head {
  next = 0xffffbf6521b0aa48, 
  func = 0xffff3eb87e2986d8
}
ffffbf6521b0aa48
struct callback_head {
  next = 0xffffbf6521b009f8, 
  func = 0xffff3eb87e2986d8
}
ffffbf6521b009f8
struct callback_head {
  next = 0xffffbf6521b00d58, 
  func = 0xffff3eb87e2986d8
}
ffffbf6521b00d58
struct callback_head {
  next = 0xffffbf6521b055e8, 
  func = 0xffff3eb87e2986d8
}
ffffbf6521b055e8
struct callback_head {
  next = 0xffffbf6521b0d550, 
  func = 0xffff3eb87e2986d8
}
ffffbf6521b0d550
struct callback_head {
  next = 0xffffbf6521b05288, 
  func = 0xffff3eb87e2986d8
}
ffffbf6521b05288
struct callback_head {
  next = 0xffffbf6521b09458, 
  func = 0xffff3eb87e2986d8
}
ffffbf6521b09458
struct callback_head {
  next = 0xffffbf6521b040d0, 
  func = 0xffff3eb87e2986d8
}
ffffbf6521b040d0
struct callback_head {
  next = 0xffffbf6521b05bd0, 
  func = 0xffff3eb87e2986d8
}
ffffbf6521b05bd0
struct callback_head {
  next = 0xffffbf6521b06a28, 
  func = 0xffff3eb87e2986d8
}
ffffbf6521b06a28
struct callback_head {
  next = 0xffffbf6521b06950, 
  func = 0xffff3eb87e2986d8
}
ffffbf6521b06950
struct callback_head {
  next = 0xffffbf6521b0b978, 
  func = 0xffff3eb87e2986d8
}
ffffbf6521b0b978
struct callback_head {
  next = 0xffffbf6521b060e0, 
  func = 0xffff3eb87e2986d8
}
ffffbf6521b060e0
struct callback_head {
  next = 0xffffbf6521b07f40, 
  func = 0xffff3eb87e2986d8
}
ffffbf6521b07f40
struct callback_head {
  next = 0xffffbf6521b0cc08, 
  func = 0xffff3eb87e2986d8
}
ffffbf6521b0cc08
struct callback_head {
  next = 0xffffbf6521b05d80, 
  func = 0xffff3eb87e2986d8
}
ffffbf6521b05d80
struct callback_head {
  next = 0xffffbf6521b0d118, 
  func = 0xffff3eb87e2986d8
}
ffffbf6521b0d118
struct callback_head {
  next = 0xffffbf6521b0e8b8, 
  func = 0xffff3eb87e2986d8
}
ffffbf6521b0e8b8
struct callback_head {
  next = 0xffffbf6521b0be88, 
  func = 0xffff3eb87e2986d8
}
ffffbf6521b0be88
struct callback_head {
  next = 0xffffbf6521b02e40, 
  func = 0xffff3eb87e2986d8
}
ffffbf6521b02e40
struct callback_head {
  next = 0xffffbf6521b0fcf8, 
  func = 0xffff3eb87e2986d8
}
ffffbf6521b0fcf8
struct callback_head {
  next = 0xffffbf6521b0f998, 
  func = 0xffff3eb87e2986d8
}
ffffbf6521b0f998
struct callback_head {
  next = 0xffffbf6521b01f10, 
  func = 0xffff3eb87e2986d8
}
ffffbf6521b01f10
struct callback_head {
  next = 0xffffbf6521b07d90, 
  func = 0xffff3eb87e2986d8
}
ffffbf6521b07d90
struct callback_head {
  next = 0xffffbf6521b08018, 
  func = 0xffff3eb87e2986d8
}
ffffbf6521b08018
struct callback_head {
  next = 0xffffbf6521b0c548, 
  func = 0xffff3eb87e2986d8
}
ffffbf6521b0c548
struct callback_head {
  next = 0xffffbf6521b0eb40, 
  func = 0xffff3eb87e2986d8
}
ffffbf6521b0eb40
struct callback_head {
  next = 0xffffbf6521b01e38, 
  func = 0xffff3eb87e2986d8
}
ffffbf6521b01e38
struct callback_head {
  next = 0xffffbf6521b00698, 
  func = 0xffff3eb87e2986d8
}
ffffbf6521b00698
struct callback_head {
  next = 0xffffbf6521b0d2c8, 
  func = 0xffff3eb87e2986d8
}
ffffbf6521b0d2c8
struct callback_head {
  next = 0xffffbf6521b07cb8, 
  func = 0xffff3eb87e2986d8
}
ffffbf6521b07cb8
struct callback_head {
  next = 0xffffbf6521b0db38, 
  func = 0xffff3eb87e2986d8
}
ffffbf6521b0db38
struct callback_head {
  next = 0xffffbf6521b014f0, 
  func = 0xffff3eb87e2986d8
}
ffffbf6521b014f0
struct callback_head {
  next = 0xffffbf6521b04280, 
  func = 0xffff3eb87e2986d8
}
ffffbf6521b04280
struct callback_head {
  next = 0xffffbf6521b01c88, 
  func = 0xffff3eb87e2986d8
}
ffffbf6521b01c88
struct callback_head {
  next = 0xffffbf6555e4bd00, 
  func = 0xffff3eb87e2986d8
}
ffffbf6555e4bd00
struct callback_head {
  next = 0x0, 
  func = 0xffff3eb87e2db538
}
