per_cpu(rcu_sched_data, 0) = $18 = {
  gp_seq = 65421, 
  gp_seq_needed = 65428, 
  rcu_qs_ctr_snap = 0, 
  cpu_no_qs = {
    b = {
      norm = 0 '\000', 
      exp = 0 '\000'
    }, 
    s = 0
  }, 
  core_needs_qs = true, 
  beenonline = true, 
  gpwrap = false, 
  mynode = 0xffff3eb87f209280, 
  grpmask = 1, 
  ticks_this_gp = 0, 
  cblist = {
    head = 0x0, 
    tails = {0xffffbf657f9ee2b8, 0xffffbf657f9ee2b8, 0xffffbf657f9ee2b8, 0xffffbf657f9ee2b8}, 
    gp_seq = {0, 64888, 64892, 0}, 
    len = 0, 
    len_lazy = 0
  }, 
  qlen_last_fqs_check = 0, 
  n_force_qs_snap = 882, 
  blimit = 10, 
  dynticks = 0xffffbf657f9d64b0, 
  dynticks_snap = 299972, 
  dynticks_fqs = 1178, 
  cond_resched_completed = 0, 
  barrier_head = {
    next = 0x0, 
    func = 0xffff3eb87e0a64e0
  }, 
  exp_dynticks_snap = 0, 
  nocb_head = 0x0, 
  nocb_tail = 0xffffbf657f9ee360, 
  nocb_q_count = {
    counter = 0
  }, 
  nocb_q_count_lazy = {
    counter = 0
  }, 
  nocb_follower_head = 0x0, 
  nocb_follower_tail = 0xffffbf657f9ee380, 
  nocb_wq = {
    lock = {
      raw_lock = {
        {
          val = {
            counter = 0
          }, 
          {
            locked = 0 '\000', 
            pending = 0 '\000'
          }, 
          {
            locked_pending = 0, 
            tail = 0
          }
        }
      }
    }, 
    task_list = {
      next = 0xffffbf657f9ee398, 
      prev = 0xffffbf657f9ee398
    }
  }, 
  nocb_kthread = 0x0, 
  nocb_lock = {
    raw_lock = {
      {
        val = {
          counter = 0
        }, 
        {
          locked = 0 '\000', 
          pending = 0 '\000'
        }, 
        {
          locked_pending = 0, 
          tail = 0
        }
      }
    }
  }, 
  nocb_defer_wakeup = 0, 
  nocb_timer = {
    entry = {
      next = 0x0, 
      pprev = 0x0
    }, 
    expires = 0, 
    function = 0xffff3eb87e0a60f0, 
    flags = 0, 
    kabi_reserved1 = 0, 
    kabi_reserved2 = 0, 
    kabi_reserved3 = 0, 
    kabi_reserved4 = 0
  }, 
  nocb_gp_head = 0x0, 
  nocb_gp_tail = 0x0, 
  nocb_leader_sleep = false, 
  nocb_next_follower = 0x0, 
  nocb_leader = 0x0, 
  softirq_snap = 9308, 
  rcu_iw = {
    flags = 0, 
    llnode = {
      next = 0x0
    }, 
    func = 0x0
  }, 
  rcu_iw_pending = false, 
  rcu_iw_gp_seq = 18446744073709550415, 
  rcu_ofl_gp_seq = 18446744073709550416, 
  rcu_ofl_gp_flags = 8, 
  rcu_onl_gp_seq = 18446744073709550416, 
  rcu_onl_gp_flags = 0, 
  cpu = 0, 
  rsp = 0xffff3eb87f209000
}

----------------------------------------
per_cpu(rcu_sched_data, 2) = $20 = {
  gp_seq = 65421, 
  gp_seq_needed = 65428, 
  rcu_qs_ctr_snap = 9, 
  cpu_no_qs = {
    b = {
      norm = 0 '\000', 
      exp = 0 '\000'
    }, 
    s = 0
  }, 
  core_needs_qs = true, 
  beenonline = true, 
  gpwrap = false, 
  mynode = 0xffff3eb87f209280, 
  grpmask = 4, 
  ticks_this_gp = 1, 
  cblist = {
    head = 0xffffbf65229d1418, 
    tails = {0xffffbf657fa4e2b8, 0xffffbf657fa4e2b8, 0xffffbf657fa4e2b8, 0xffffbf65229d76d0}, 
    gp_seq = {0, 64728, 64732, 0}, 
    len = 29, 
    len_lazy = 0
  }, 
  qlen_last_fqs_check = 0, 
  n_force_qs_snap = 0, 
  blimit = 10, 
  dynticks = 0xffffbf657fa364b0, 
  dynticks_snap = 113120, 
  dynticks_fqs = 116, 
  cond_resched_completed = 0, 
  barrier_head = {
    next = 0x0, 
    func = 0xffff3eb87e0a64e0
  }, 
  exp_dynticks_snap = 112646, 
  nocb_head = 0x0, 
  nocb_tail = 0xffffbf657fa4e360, 
  nocb_q_count = {
    counter = 0
  }, 
  nocb_q_count_lazy = {
    counter = 0
  }, 
  nocb_follower_head = 0x0, 
  nocb_follower_tail = 0xffffbf657fa4e380, 
  nocb_wq = {
    lock = {
      raw_lock = {
        {
          val = {
            counter = 0
          }, 
          {
            locked = 0 '\000', 
            pending = 0 '\000'
          }, 
          {
            locked_pending = 0, 
            tail = 0
          }
        }
      }
    }, 
    task_list = {
      next = 0xffffbf657fa4e398, 
      prev = 0xffffbf657fa4e398
    }
  }, 
  nocb_kthread = 0x0, 
  nocb_lock = {
    raw_lock = {
      {
        val = {
          counter = 0
        }, 
        {
          locked = 0 '\000', 
          pending = 0 '\000'
        }, 
        {
          locked_pending = 0, 
          tail = 0
        }
      }
    }
  }, 
  nocb_defer_wakeup = 0, 
  nocb_timer = {
    entry = {
      next = 0x0, 
      pprev = 0x0
    }, 
    expires = 0, 
    function = 0xffff3eb87e0a60f0, 
    flags = 0, 
    kabi_reserved1 = 0, 
    kabi_reserved2 = 0, 
    kabi_reserved3 = 0, 
    kabi_reserved4 = 0
  }, 
  nocb_gp_head = 0x0, 
  nocb_gp_tail = 0x0, 
  nocb_leader_sleep = false, 
  nocb_next_follower = 0x0, 
  nocb_leader = 0x0, 
  softirq_snap = 3912, 
  rcu_iw = {
    flags = 0, 
    llnode = {
      next = 0x0
    }, 
    func = 0x0
  }, 
  rcu_iw_pending = false, 
  rcu_iw_gp_seq = 18446744073709550415, 
  rcu_ofl_gp_seq = 18446744073709550416, 
  rcu_ofl_gp_flags = 8, 
  rcu_onl_gp_seq = 18446744073709550416, 
  rcu_onl_gp_flags = 0, 
  cpu = 2, 
  rsp = 0xffff3eb87f209000
}

----------------------------------------
per_cpu(rcu_sched_data, 5) = $23 = {
  gp_seq = 65421, 
  gp_seq_needed = 65428, 
  rcu_qs_ctr_snap = 8, 
  cpu_no_qs = {
    b = {
      norm = 0 '\000', 
      exp = 0 '\000'
    }, 
    s = 0
  }, 
  core_needs_qs = true, 
  beenonline = true, 
  gpwrap = false, 
  mynode = 0xffff3eb87f209280, 
  grpmask = 32, 
  ticks_this_gp = 1, 
  cblist = {
    head = 0xffffbf6521b07e68, 
    tails = {0xffffbf657fade2b8, 0xffffbf657fade2b8, 0xffffbf657fade2b8, 0xffffbf6555e4bd00}, 
    gp_seq = {0, 65060, 65060, 0}, 
    len = 46, 
    len_lazy = 0
  }, 
  qlen_last_fqs_check = 0, 
  n_force_qs_snap = 567, 
  blimit = 10, 
  dynticks = 0xffffbf657fac64b0, 
  dynticks_snap = 179380, 
  dynticks_fqs = 193, 
  cond_resched_completed = 0, 
  barrier_head = {
    next = 0x0, 
    func = 0x0
  }, 
  exp_dynticks_snap = 115082, 
  nocb_head = 0x0, 
  nocb_tail = 0xffffbf657fade360, 
  nocb_q_count = {
    counter = 0
  }, 
  nocb_q_count_lazy = {
    counter = 0
  }, 
  nocb_follower_head = 0x0, 
  nocb_follower_tail = 0xffffbf657fade380, 
  nocb_wq = {
    lock = {
      raw_lock = {
        {
          val = {
            counter = 0
          }, 
          {
            locked = 0 '\000', 
            pending = 0 '\000'
          }, 
          {
            locked_pending = 0, 
            tail = 0
          }
        }
      }
    }, 
    task_list = {
      next = 0xffffbf657fade398, 
      prev = 0xffffbf657fade398
    }
  }, 
  nocb_kthread = 0x0, 
  nocb_lock = {
    raw_lock = {
      {
        val = {
          counter = 0
        }, 
        {
          locked = 0 '\000', 
          pending = 0 '\000'
        }, 
        {
          locked_pending = 0, 
          tail = 0
        }
      }
    }
  }, 
  nocb_defer_wakeup = 0, 
  nocb_timer = {
    entry = {
      next = 0x0, 
      pprev = 0x0
    }, 
    expires = 0, 
    function = 0xffff3eb87e0a60f0, 
    flags = 0, 
    kabi_reserved1 = 0, 
    kabi_reserved2 = 0, 
    kabi_reserved3 = 0, 
    kabi_reserved4 = 0
  }, 
  nocb_gp_head = 0x0, 
  nocb_gp_tail = 0x0, 
  nocb_leader_sleep = false, 
  nocb_next_follower = 0x0, 
  nocb_leader = 0x0, 
  softirq_snap = 6024, 
  rcu_iw = {
    flags = 0, 
    llnode = {
      next = 0x0
    }, 
    func = 0x0
  }, 
  rcu_iw_pending = false, 
  rcu_iw_gp_seq = 18446744073709550416, 
  rcu_ofl_gp_seq = 18446744073709550416, 
  rcu_ofl_gp_flags = 8, 
  rcu_onl_gp_seq = 18446744073709550417, 
  rcu_onl_gp_flags = 0, 
  cpu = 5, 
  rsp = 0xffff3eb87f209000
}

----------------------------------------
per_cpu(rcu_sched_data, 6) = $24 = {
  gp_seq = 65421, 
  gp_seq_needed = 65428, 
  rcu_qs_ctr_snap = 8, 
  cpu_no_qs = {
    b = {
      norm = 0 '\000', 
      exp = 0 '\000'
    }, 
    s = 0
  }, 
  core_needs_qs = true, 
  beenonline = true, 
  gpwrap = false, 
  mynode = 0xffff3eb87f209280, 
  grpmask = 64, 
  ticks_this_gp = 1, 
  cblist = {
    head = 0x0, 
    tails = {0xffffbf657fb0e2b8, 0xffffbf657fb0e2b8, 0xffffbf657fb0e2b8, 0xffffbf657fb0e2b8}, 
    gp_seq = {0, 64708, 64712, 0}, 
    len = 0, 
    len_lazy = 0
  }, 
  qlen_last_fqs_check = 0, 
  n_force_qs_snap = 0, 
  blimit = 10, 
  dynticks = 0xffffbf657faf64b0, 
  dynticks_snap = 159740, 
  dynticks_fqs = 184, 
  cond_resched_completed = 0, 
  barrier_head = {
    next = 0x0, 
    func = 0xffff3eb87e0a64e0
  }, 
  exp_dynticks_snap = 151582, 
  nocb_head = 0x0, 
  nocb_tail = 0xffffbf657fb0e360, 
  nocb_q_count = {
    counter = 0
  }, 
  nocb_q_count_lazy = {
    counter = 0
  }, 
  nocb_follower_head = 0x0, 
  nocb_follower_tail = 0xffffbf657fb0e380, 
  nocb_wq = {
    lock = {
      raw_lock = {
        {
          val = {
            counter = 0
          }, 
          {
            locked = 0 '\000', 
            pending = 0 '\000'
          }, 
          {
            locked_pending = 0, 
            tail = 0
          }
        }
      }
    }, 
    task_list = {
      next = 0xffffbf657fb0e398, 
      prev = 0xffffbf657fb0e398
    }
  }, 
  nocb_kthread = 0x0, 
  nocb_lock = {
    raw_lock = {
      {
        val = {
          counter = 0
        }, 
        {
          locked = 0 '\000', 
          pending = 0 '\000'
        }, 
        {
          locked_pending = 0, 
          tail = 0
        }
      }
    }
  }, 
  nocb_defer_wakeup = 0, 
  nocb_timer = {
    entry = {
      next = 0x0, 
      pprev = 0x0
    }, 
    expires = 0, 
    function = 0xffff3eb87e0a60f0, 
    flags = 0, 
    kabi_reserved1 = 0, 
    kabi_reserved2 = 0, 
    kabi_reserved3 = 0, 
    kabi_reserved4 = 0
  }, 
  nocb_gp_head = 0x0, 
  nocb_gp_tail = 0x0, 
  nocb_leader_sleep = false, 
  nocb_next_follower = 0x0, 
  nocb_leader = 0x0, 
  softirq_snap = 6126, 
  rcu_iw = {
    flags = 0, 
    llnode = {
      next = 0x0
    }, 
    func = 0x0
  }, 
  rcu_iw_pending = false, 
  rcu_iw_gp_seq = 18446744073709550416, 
  rcu_ofl_gp_seq = 18446744073709550416, 
  rcu_ofl_gp_flags = 8, 
  rcu_onl_gp_seq = 18446744073709550417, 
  rcu_onl_gp_flags = 0, 
  cpu = 6, 
  rsp = 0xffff3eb87f209000
}

----------------------------------------
per_cpu(rcu_sched_data, 7) = $25 = {
  gp_seq = 65421, 
  gp_seq_needed = 65420, 
  rcu_qs_ctr_snap = 7, 
  cpu_no_qs = {
    b = {
      norm = 0 '\000', 
      exp = 0 '\000'
    }, 
    s = 0
  }, 
  core_needs_qs = true, 
  beenonline = true, 
  gpwrap = false, 
  mynode = 0xffff3eb87f209280, 
  grpmask = 128, 
  ticks_this_gp = 1, 
  cblist = {
    head = 0x0, 
    tails = {0xffffbf657fb3e2b8, 0xffffbf657fb3e2b8, 0xffffbf657fb3e2b8, 0xffffbf657fb3e2b8}, 
    gp_seq = {0, 64484, 64484, 0}, 
    len = 0, 
    len_lazy = 0
  }, 
  qlen_last_fqs_check = 0, 
  n_force_qs_snap = 0, 
  blimit = 10, 
  dynticks = 0xffffbf657fb264b0, 
  dynticks_snap = 168052, 
  dynticks_fqs = 110, 
  cond_resched_completed = 0, 
  barrier_head = {
    next = 0x0, 
    func = 0x0
  }, 
  exp_dynticks_snap = 106058, 
  nocb_head = 0x0, 
  nocb_tail = 0xffffbf657fb3e360, 
  nocb_q_count = {
    counter = 0
  }, 
  nocb_q_count_lazy = {
    counter = 0
  }, 
  nocb_follower_head = 0x0, 
  nocb_follower_tail = 0xffffbf657fb3e380, 
  nocb_wq = {
    lock = {
      raw_lock = {
        {
          val = {
            counter = 0
          }, 
          {
            locked = 0 '\000', 
            pending = 0 '\000'
          }, 
          {
            locked_pending = 0, 
            tail = 0
          }
        }
      }
    }, 
    task_list = {
      next = 0xffffbf657fb3e398, 
      prev = 0xffffbf657fb3e398
    }
  }, 
  nocb_kthread = 0x0, 
  nocb_lock = {
    raw_lock = {
      {
        val = {
          counter = 0
        }, 
        {
          locked = 0 '\000', 
          pending = 0 '\000'
        }, 
        {
          locked_pending = 0, 
          tail = 0
        }
      }
    }
  }, 
  nocb_defer_wakeup = 0, 
  nocb_timer = {
    entry = {
      next = 0x0, 
      pprev = 0x0
    }, 
    expires = 0, 
    function = 0xffff3eb87e0a60f0, 
    flags = 0, 
    kabi_reserved1 = 0, 
    kabi_reserved2 = 0, 
    kabi_reserved3 = 0, 
    kabi_reserved4 = 0
  }, 
  nocb_gp_head = 0x0, 
  nocb_gp_tail = 0x0, 
  nocb_leader_sleep = false, 
  nocb_next_follower = 0x0, 
  nocb_leader = 0x0, 
  softirq_snap = 4920, 
  rcu_iw = {
    flags = 0, 
    llnode = {
      next = 0x0
    }, 
    func = 0x0
  }, 
  rcu_iw_pending = false, 
  rcu_iw_gp_seq = 18446744073709550416, 
  rcu_ofl_gp_seq = 18446744073709550416, 
  rcu_ofl_gp_flags = 8, 
  rcu_onl_gp_seq = 18446744073709550417, 
  rcu_onl_gp_flags = 0, 
  cpu = 7, 
  rsp = 0xffff3eb87f209000
}

----------------------------------------
per_cpu(rcu_sched_data, 9) = $27 = {
  gp_seq = 65421, 
  gp_seq_needed = 65420, 
  rcu_qs_ctr_snap = 4, 
  cpu_no_qs = {
    b = {
      norm = 0 '\000', 
      exp = 0 '\000'
    }, 
    s = 0
  }, 
  core_needs_qs = true, 
  beenonline = true, 
  gpwrap = false, 
  mynode = 0xffff3eb87f209280, 
  grpmask = 512, 
  ticks_this_gp = 1, 
  cblist = {
    head = 0xffffbf63c97c1700, 
    tails = {0xffffbf657fb9e2b8, 0xffffbf657fb9e2b8, 0xffffbf657fb9e2b8, 0xffffbf6522d5cb30}, 
    gp_seq = {0, 64708, 64712, 0}, 
    len = 2, 
    len_lazy = 0
  }, 
  qlen_last_fqs_check = 0, 
  n_force_qs_snap = 0, 
  blimit = 10, 
  dynticks = 0xffffbf657fb864b0, 
  dynticks_snap = 177388, 
  dynticks_fqs = 113, 
  cond_resched_completed = 0, 
  barrier_head = {
    next = 0x0, 
    func = 0xffff3eb87e0a64e0
  }, 
  exp_dynticks_snap = 16338, 
  nocb_head = 0x0, 
  nocb_tail = 0xffffbf657fb9e360, 
  nocb_q_count = {
    counter = 0
  }, 
  nocb_q_count_lazy = {
    counter = 0
  }, 
  nocb_follower_head = 0x0, 
  nocb_follower_tail = 0xffffbf657fb9e380, 
  nocb_wq = {
    lock = {
      raw_lock = {
        {
          val = {
            counter = 0
          }, 
          {
            locked = 0 '\000', 
            pending = 0 '\000'
          }, 
          {
            locked_pending = 0, 
            tail = 0
          }
        }
      }
    }, 
    task_list = {
      next = 0xffffbf657fb9e398, 
      prev = 0xffffbf657fb9e398
    }
  }, 
  nocb_kthread = 0x0, 
  nocb_lock = {
    raw_lock = {
      {
        val = {
          counter = 0
        }, 
        {
          locked = 0 '\000', 
          pending = 0 '\000'
        }, 
        {
          locked_pending = 0, 
          tail = 0
        }
      }
    }
  }, 
  nocb_defer_wakeup = 0, 
  nocb_timer = {
    entry = {
      next = 0x0, 
      pprev = 0x0
    }, 
    expires = 0, 
    function = 0xffff3eb87e0a60f0, 
    flags = 0, 
    kabi_reserved1 = 0, 
    kabi_reserved2 = 0, 
    kabi_reserved3 = 0, 
    kabi_reserved4 = 0
  }, 
  nocb_gp_head = 0x0, 
  nocb_gp_tail = 0x0, 
  nocb_leader_sleep = false, 
  nocb_next_follower = 0x0, 
  nocb_leader = 0x0, 
  softirq_snap = 3971, 
  rcu_iw = {
    flags = 0, 
    llnode = {
      next = 0x0
    }, 
    func = 0x0
  }, 
  rcu_iw_pending = false, 
  rcu_iw_gp_seq = 18446744073709550416, 
  rcu_ofl_gp_seq = 18446744073709550416, 
  rcu_ofl_gp_flags = 8, 
  rcu_onl_gp_seq = 18446744073709550417, 
  rcu_onl_gp_flags = 0, 
  cpu = 9, 
  rsp = 0xffff3eb87f209000
}

----------------------------------------
per_cpu(rcu_sched_data, 11) = $29 = {
  gp_seq = 65329, 
  gp_seq_needed = 65332, 
  rcu_qs_ctr_snap = 11, 
  cpu_no_qs = {
    b = {
      norm = 0 '\000', 
      exp = 0 '\000'
    }, 
    s = 0
  }, 
  core_needs_qs = true, 
  beenonline = true, 
  gpwrap = false, 
  mynode = 0xffff3eb87f209280, 
  grpmask = 2048, 
  ticks_this_gp = 1, 
  cblist = {
    head = 0xffffbf6411c007e8, 
    tails = {0xffffbf657fbfe2b8, 0xffffbf657fbfe2b8, 0xffffbf657fbfe2b8, 0xffffbf63c9d5d000}, 
    gp_seq = {0, 65328, 65332, 0}, 
    len = 6, 
    len_lazy = 2
  }, 
  qlen_last_fqs_check = 0, 
  n_force_qs_snap = 0, 
  blimit = 10, 
  dynticks = 0xffffbf657fbe64b0, 
  dynticks_snap = 189208, 
  dynticks_fqs = 117, 
  cond_resched_completed = 0, 
  barrier_head = {
    next = 0x0, 
    func = 0xffff3eb87e0a64e0
  }, 
  exp_dynticks_snap = 116410, 
  nocb_head = 0x0, 
  nocb_tail = 0xffffbf657fbfe360, 
  nocb_q_count = {
    counter = 0
  }, 
  nocb_q_count_lazy = {
    counter = 0
  }, 
  nocb_follower_head = 0x0, 
  nocb_follower_tail = 0xffffbf657fbfe380, 
  nocb_wq = {
    lock = {
      raw_lock = {
        {
          val = {
            counter = 0
          }, 
          {
            locked = 0 '\000', 
            pending = 0 '\000'
          }, 
          {
            locked_pending = 0, 
            tail = 0
          }
        }
      }
    }, 
    task_list = {
      next = 0xffffbf657fbfe398, 
      prev = 0xffffbf657fbfe398
    }
  }, 
  nocb_kthread = 0x0, 
  nocb_lock = {
    raw_lock = {
      {
        val = {
          counter = 0
        }, 
        {
          locked = 0 '\000', 
          pending = 0 '\000'
        }, 
        {
          locked_pending = 0, 
          tail = 0
        }
      }
    }
  }, 
  nocb_defer_wakeup = 0, 
  nocb_timer = {
    entry = {
      next = 0x0, 
      pprev = 0x0
    }, 
    expires = 0, 
    function = 0xffff3eb87e0a60f0, 
    flags = 0, 
    kabi_reserved1 = 0, 
    kabi_reserved2 = 0, 
    kabi_reserved3 = 0, 
    kabi_reserved4 = 0
  }, 
  nocb_gp_head = 0x0, 
  nocb_gp_tail = 0x0, 
  nocb_leader_sleep = false, 
  nocb_next_follower = 0x0, 
  nocb_leader = 0x0, 
  softirq_snap = 5690, 
  rcu_iw = {
    flags = 0, 
    llnode = {
      next = 0x0
    }, 
    func = 0x0
  }, 
  rcu_iw_pending = false, 
  rcu_iw_gp_seq = 18446744073709550420, 
  rcu_ofl_gp_seq = 18446744073709550416, 
  rcu_ofl_gp_flags = 8, 
  rcu_onl_gp_seq = 18446744073709550421, 
  rcu_onl_gp_flags = 0, 
  cpu = 11, 
  rsp = 0xffff3eb87f209000
}

----------------------------------------
per_cpu(rcu_sched_data, 12) = $30 = {
  gp_seq = 65421, 
  gp_seq_needed = 65428, 
  rcu_qs_ctr_snap = 16, 
  cpu_no_qs = {
    b = {
      norm = 0 '\000', 
      exp = 0 '\000'
    }, 
    s = 0
  }, 
  core_needs_qs = true, 
  beenonline = true, 
  gpwrap = false, 
  mynode = 0xffff3eb87f209280, 
  grpmask = 4096, 
  ticks_this_gp = 1, 
  cblist = {
    head = 0x0, 
    tails = {0xffffbf657fc2e2b8, 0xffffbf657fc2e2b8, 0xffffbf657fc2e2b8, 0xffffbf657fc2e2b8}, 
    gp_seq = {0, 65348, 65352, 0}, 
    len = 0, 
    len_lazy = 0
  }, 
  qlen_last_fqs_check = 0, 
  n_force_qs_snap = 0, 
  blimit = 10, 
  dynticks = 0xffffbf657fc164b0, 
  dynticks_snap = 190476, 
  dynticks_fqs = 104, 
  cond_resched_completed = 0, 
  barrier_head = {
    next = 0x0, 
    func = 0xffff3eb87e0a64e0
  }, 
  exp_dynticks_snap = 115442, 
  nocb_head = 0x0, 
  nocb_tail = 0xffffbf657fc2e360, 
  nocb_q_count = {
    counter = 0
  }, 
  nocb_q_count_lazy = {
    counter = 0
  }, 
  nocb_follower_head = 0x0, 
  nocb_follower_tail = 0xffffbf657fc2e380, 
  nocb_wq = {
    lock = {
      raw_lock = {
        {
          val = {
            counter = 0
          }, 
          {
            locked = 0 '\000', 
            pending = 0 '\000'
          }, 
          {
            locked_pending = 0, 
            tail = 0
          }
        }
      }
    }, 
    task_list = {
      next = 0xffffbf657fc2e398, 
      prev = 0xffffbf657fc2e398
    }
  }, 
  nocb_kthread = 0x0, 
  nocb_lock = {
    raw_lock = {
      {
        val = {
          counter = 0
        }, 
        {
          locked = 0 '\000', 
          pending = 0 '\000'
        }, 
        {
          locked_pending = 0, 
          tail = 0
        }
      }
    }
  }, 
  nocb_defer_wakeup = 0, 
  nocb_timer = {
    entry = {
      next = 0x0, 
      pprev = 0x0
    }, 
    expires = 0, 
    function = 0xffff3eb87e0a60f0, 
    flags = 0, 
    kabi_reserved1 = 0, 
    kabi_reserved2 = 0, 
    kabi_reserved3 = 0, 
    kabi_reserved4 = 0
  }, 
  nocb_gp_head = 0x0, 
  nocb_gp_tail = 0x0, 
  nocb_leader_sleep = false, 
  nocb_next_follower = 0x0, 
  nocb_leader = 0x0, 
  softirq_snap = 4982, 
  rcu_iw = {
    flags = 0, 
    llnode = {
      next = 0x0
    }, 
    func = 0x0
  }, 
  rcu_iw_pending = false, 
  rcu_iw_gp_seq = 18446744073709550420, 
  rcu_ofl_gp_seq = 18446744073709550416, 
  rcu_ofl_gp_flags = 8, 
  rcu_onl_gp_seq = 18446744073709550421, 
  rcu_onl_gp_flags = 0, 
  cpu = 12, 
  rsp = 0xffff3eb87f209000
}

----------------------------------------
per_cpu(rcu_sched_data, 13) = $31 = {
  gp_seq = 65421, 
  gp_seq_needed = 65420, 
  rcu_qs_ctr_snap = 14, 
  cpu_no_qs = {
    b = {
      norm = 0 '\000', 
      exp = 0 '\000'
    }, 
    s = 0
  }, 
  core_needs_qs = true, 
  beenonline = true, 
  gpwrap = false, 
  mynode = 0xffff3eb87f209280, 
  grpmask = 8192, 
  ticks_this_gp = 1, 
  cblist = {
    head = 0xffffdf64bd5f4228, 
    tails = {0xffffbf657fc5e2b8, 0xffffbf657fc5e2b8, 0xffffbf657fc5e2b8, 0xffffbf63ec6c6100}, 
    gp_seq = {0, 65208, 65212, 0}, 
    len = 4, 
    len_lazy = 2
  }, 
  qlen_last_fqs_check = 0, 
  n_force_qs_snap = 0, 
  blimit = 10, 
  dynticks = 0xffffbf657fc464b0, 
  dynticks_snap = 239844, 
  dynticks_fqs = 121, 
  cond_resched_completed = 0, 
  barrier_head = {
    next = 0x0, 
    func = 0xffff3eb87e0a64e0
  }, 
  exp_dynticks_snap = 230470, 
  nocb_head = 0x0, 
  nocb_tail = 0xffffbf657fc5e360, 
  nocb_q_count = {
    counter = 0
  }, 
  nocb_q_count_lazy = {
    counter = 0
  }, 
  nocb_follower_head = 0x0, 
  nocb_follower_tail = 0xffffbf657fc5e380, 
  nocb_wq = {
    lock = {
      raw_lock = {
        {
          val = {
            counter = 0
          }, 
          {
            locked = 0 '\000', 
            pending = 0 '\000'
          }, 
          {
            locked_pending = 0, 
            tail = 0
          }
        }
      }
    }, 
    task_list = {
      next = 0xffffbf657fc5e398, 
      prev = 0xffffbf657fc5e398
    }
  }, 
  nocb_kthread = 0x0, 
  nocb_lock = {
    raw_lock = {
      {
        val = {
          counter = 0
        }, 
        {
          locked = 0 '\000', 
          pending = 0 '\000'
        }, 
        {
          locked_pending = 0, 
          tail = 0
        }
      }
    }
  }, 
  nocb_defer_wakeup = 0, 
  nocb_timer = {
    entry = {
      next = 0x0, 
      pprev = 0x0
    }, 
    expires = 0, 
    function = 0xffff3eb87e0a60f0, 
    flags = 0, 
    kabi_reserved1 = 0, 
    kabi_reserved2 = 0, 
    kabi_reserved3 = 0, 
    kabi_reserved4 = 0
  }, 
  nocb_gp_head = 0x0, 
  nocb_gp_tail = 0x0, 
  nocb_leader_sleep = false, 
  nocb_next_follower = 0x0, 
  nocb_leader = 0x0, 
  softirq_snap = 7576, 
  rcu_iw = {
    flags = 0, 
    llnode = {
      next = 0x0
    }, 
    func = 0x0
  }, 
  rcu_iw_pending = false, 
  rcu_iw_gp_seq = 18446744073709550420, 
  rcu_ofl_gp_seq = 18446744073709550416, 
  rcu_ofl_gp_flags = 8, 
  rcu_onl_gp_seq = 18446744073709550421, 
  rcu_onl_gp_flags = 0, 
  cpu = 13, 
  rsp = 0xffff3eb87f209000
}

----------------------------------------
per_cpu(rcu_sched_data, 15) = $33 = {
  gp_seq = 64749, 
  gp_seq_needed = 64752, 
  rcu_qs_ctr_snap = 8, 
  cpu_no_qs = {
    b = {
      norm = 0 '\000', 
      exp = 0 '\000'
    }, 
    s = 0
  }, 
  core_needs_qs = true, 
  beenonline = true, 
  gpwrap = false, 
  mynode = 0xffff3eb87f209280, 
  grpmask = 32768, 
  ticks_this_gp = 0, 
  cblist = {
    head = 0x0, 
    tails = {0xffffbf657fcbe2b8, 0xffffbf657fcbe2b8, 0xffffbf657fcbe2b8, 0xffffbf657fcbe2b8}, 
    gp_seq = {0, 64748, 64752, 0}, 
    len = 0, 
    len_lazy = 0
  }, 
  qlen_last_fqs_check = 0, 
  n_force_qs_snap = 1, 
  blimit = 10, 
  dynticks = 0xffffbf657fca64b0, 
  dynticks_snap = 224068, 
  dynticks_fqs = 98, 
  cond_resched_completed = 0, 
  barrier_head = {
    next = 0x0, 
    func = 0x0
  }, 
  exp_dynticks_snap = 215590, 
  nocb_head = 0x0, 
  nocb_tail = 0xffffbf657fcbe360, 
  nocb_q_count = {
    counter = 0
  }, 
  nocb_q_count_lazy = {
    counter = 0
  }, 
  nocb_follower_head = 0x0, 
  nocb_follower_tail = 0xffffbf657fcbe380, 
  nocb_wq = {
    lock = {
      raw_lock = {
        {
          val = {
            counter = 0
          }, 
          {
            locked = 0 '\000', 
            pending = 0 '\000'
          }, 
          {
            locked_pending = 0, 
            tail = 0
          }
        }
      }
    }, 
    task_list = {
      next = 0xffffbf657fcbe398, 
      prev = 0xffffbf657fcbe398
    }
  }, 
  nocb_kthread = 0x0, 
  nocb_lock = {
    raw_lock = {
      {
        val = {
          counter = 0
        }, 
        {
          locked = 0 '\000', 
          pending = 0 '\000'
        }, 
        {
          locked_pending = 0, 
          tail = 0
        }
      }
    }
  }, 
  nocb_defer_wakeup = 0, 
  nocb_timer = {
    entry = {
      next = 0x0, 
      pprev = 0x0
    }, 
    expires = 0, 
    function = 0xffff3eb87e0a60f0, 
    flags = 0, 
    kabi_reserved1 = 0, 
    kabi_reserved2 = 0, 
    kabi_reserved3 = 0, 
    kabi_reserved4 = 0
  }, 
  nocb_gp_head = 0x0, 
  nocb_gp_tail = 0x0, 
  nocb_leader_sleep = false, 
  nocb_next_follower = 0x0, 
  nocb_leader = 0x0, 
  softirq_snap = 6006, 
  rcu_iw = {
    flags = 0, 
    llnode = {
      next = 0x0
    }, 
    func = 0x0
  }, 
  rcu_iw_pending = false, 
  rcu_iw_gp_seq = 18446744073709550424, 
  rcu_ofl_gp_seq = 18446744073709550416, 
  rcu_ofl_gp_flags = 8, 
  rcu_onl_gp_seq = 18446744073709550425, 
  rcu_onl_gp_flags = 0, 
  cpu = 15, 
  rsp = 0xffff3eb87f209000
}

----------------------------------------
per_cpu(rcu_sched_data, 23) = $41 = {
  gp_seq = 64813, 
  gp_seq_needed = 64816, 
  rcu_qs_ctr_snap = 9, 
  cpu_no_qs = {
    b = {
      norm = 0 '\000', 
      exp = 0 '\000'
    }, 
    s = 0
  }, 
  core_needs_qs = true, 
  beenonline = true, 
  gpwrap = false, 
  mynode = 0xffff3eb87f209500, 
  grpmask = 128, 
  ticks_this_gp = 0, 
  cblist = {
    head = 0xffffbf63e40d0128, 
    tails = {0xffffbf657fe3e2b8, 0xffffbf657fe3e2b8, 0xffffbf657fe3e2b8, 0xffffbf650ae90000}, 
    gp_seq = {0, 64812, 64816, 0}, 
    len = 15, 
    len_lazy = 4
  }, 
  qlen_last_fqs_check = 0, 
  n_force_qs_snap = 1, 
  blimit = 10, 
  dynticks = 0xffffbf657fe264b0, 
  dynticks_snap = 165800, 
  dynticks_fqs = 48, 
  cond_resched_completed = 0, 
  barrier_head = {
    next = 0x0, 
    func = 0x0
  }, 
  exp_dynticks_snap = 161002, 
  nocb_head = 0x0, 
  nocb_tail = 0xffffbf657fe3e360, 
  nocb_q_count = {
    counter = 0
  }, 
  nocb_q_count_lazy = {
    counter = 0
  }, 
  nocb_follower_head = 0x0, 
  nocb_follower_tail = 0xffffbf657fe3e380, 
  nocb_wq = {
    lock = {
      raw_lock = {
        {
          val = {
            counter = 0
          }, 
          {
            locked = 0 '\000', 
            pending = 0 '\000'
          }, 
          {
            locked_pending = 0, 
            tail = 0
          }
        }
      }
    }, 
    task_list = {
      next = 0xffffbf657fe3e398, 
      prev = 0xffffbf657fe3e398
    }
  }, 
  nocb_kthread = 0x0, 
  nocb_lock = {
    raw_lock = {
      {
        val = {
          counter = 0
        }, 
        {
          locked = 0 '\000', 
          pending = 0 '\000'
        }, 
        {
          locked_pending = 0, 
          tail = 0
        }
      }
    }
  }, 
  nocb_defer_wakeup = 0, 
  nocb_timer = {
    entry = {
      next = 0x0, 
      pprev = 0x0
    }, 
    expires = 0, 
    function = 0xffff3eb87e0a60f0, 
    flags = 0, 
    kabi_reserved1 = 0, 
    kabi_reserved2 = 0, 
    kabi_reserved3 = 0, 
    kabi_reserved4 = 0
  }, 
  nocb_gp_head = 0x0, 
  nocb_gp_tail = 0x0, 
  nocb_leader_sleep = false, 
  nocb_next_follower = 0x0, 
  nocb_leader = 0x0, 
  softirq_snap = 6560, 
  rcu_iw = {
    flags = 0, 
    llnode = {
      next = 0x0
    }, 
    func = 0x0
  }, 
  rcu_iw_pending = false, 
  rcu_iw_gp_seq = 18446744073709550428, 
  rcu_ofl_gp_seq = 18446744073709550416, 
  rcu_ofl_gp_flags = 8, 
  rcu_onl_gp_seq = 18446744073709550429, 
  rcu_onl_gp_flags = 0, 
  cpu = 23, 
  rsp = 0xffff3eb87f209000
}

----------------------------------------
per_cpu(rcu_sched_data, 25) = $43 = {
  gp_seq = 64485, 
  gp_seq_needed = 64488, 
  rcu_qs_ctr_snap = 10, 
  cpu_no_qs = {
    b = {
      norm = 0 '\000', 
      exp = 0 '\000'
    }, 
    s = 0
  }, 
  core_needs_qs = true, 
  beenonline = true, 
  gpwrap = false, 
  mynode = 0xffff3eb87f209500, 
  grpmask = 512, 
  ticks_this_gp = 0, 
  cblist = {
    head = 0x0, 
    tails = {0xffffbf657fe9e2b8, 0xffffbf657fe9e2b8, 0xffffbf657fe9e2b8, 0xffffbf657fe9e2b8}, 
    gp_seq = {0, 64484, 64488, 0}, 
    len = 0, 
    len_lazy = 0
  }, 
  qlen_last_fqs_check = 0, 
  n_force_qs_snap = 1, 
  blimit = 10, 
  dynticks = 0xffffbf657fe864b0, 
  dynticks_snap = 186136, 
  dynticks_fqs = 64, 
  cond_resched_completed = 0, 
  barrier_head = {
    next = 0x0, 
    func = 0xffff3eb87e0a64e0
  }, 
  exp_dynticks_snap = 180070, 
  nocb_head = 0x0, 
  nocb_tail = 0xffffbf657fe9e360, 
  nocb_q_count = {
    counter = 0
  }, 
  nocb_q_count_lazy = {
    counter = 0
  }, 
  nocb_follower_head = 0x0, 
  nocb_follower_tail = 0xffffbf657fe9e380, 
  nocb_wq = {
    lock = {
      raw_lock = {
        {
          val = {
            counter = 0
          }, 
          {
            locked = 0 '\000', 
            pending = 0 '\000'
          }, 
          {
            locked_pending = 0, 
            tail = 0
          }
        }
      }
    }, 
    task_list = {
      next = 0xffffbf657fe9e398, 
      prev = 0xffffbf657fe9e398
    }
  }, 
  nocb_kthread = 0x0, 
  nocb_lock = {
    raw_lock = {
      {
        val = {
          counter = 0
        }, 
        {
          locked = 0 '\000', 
          pending = 0 '\000'
        }, 
        {
          locked_pending = 0, 
          tail = 0
        }
      }
    }
  }, 
  nocb_defer_wakeup = 0, 
  nocb_timer = {
    entry = {
      next = 0x0, 
      pprev = 0x0
    }, 
    expires = 0, 
    function = 0xffff3eb87e0a60f0, 
    flags = 0, 
    kabi_reserved1 = 0, 
    kabi_reserved2 = 0, 
    kabi_reserved3 = 0, 
    kabi_reserved4 = 0
  }, 
  nocb_gp_head = 0x0, 
  nocb_gp_tail = 0x0, 
  nocb_leader_sleep = false, 
  nocb_next_follower = 0x0, 
  nocb_leader = 0x0, 
  softirq_snap = 4083, 
  rcu_iw = {
    flags = 0, 
    llnode = {
      next = 0x0
    }, 
    func = 0x0
  }, 
  rcu_iw_pending = false, 
  rcu_iw_gp_seq = 18446744073709550428, 
  rcu_ofl_gp_seq = 18446744073709550416, 
  rcu_ofl_gp_flags = 8, 
  rcu_onl_gp_seq = 18446744073709550429, 
  rcu_onl_gp_flags = 0, 
  cpu = 25, 
  rsp = 0xffff3eb87f209000
}

----------------------------------------
per_cpu(rcu_sched_data, 26) = $44 = {
  gp_seq = 65421, 
  gp_seq_needed = 65428, 
  rcu_qs_ctr_snap = 4, 
  cpu_no_qs = {
    b = {
      norm = 0 '\000', 
      exp = 0 '\000'
    }, 
    s = 0
  }, 
  core_needs_qs = true, 
  beenonline = true, 
  gpwrap = false, 
  mynode = 0xffff3eb87f209500, 
  grpmask = 1024, 
  ticks_this_gp = 0, 
  cblist = {
    head = 0x0, 
    tails = {0xffffbf657fece2b8, 0xffffbf657fece2b8, 0xffffbf657fece2b8, 0xffffbf657fece2b8}, 
    gp_seq = {0, 64484, 64488, 0}, 
    len = 0, 
    len_lazy = 0
  }, 
  qlen_last_fqs_check = 0, 
  n_force_qs_snap = 1, 
  blimit = 10, 
  dynticks = 0xffffbf657feb64b0, 
  dynticks_snap = 159856, 
  dynticks_fqs = 83, 
  cond_resched_completed = 0, 
  barrier_head = {
    next = 0x0, 
    func = 0xffff3eb87e0a64e0
  }, 
  exp_dynticks_snap = 12078, 
  nocb_head = 0x0, 
  nocb_tail = 0xffffbf657fece360, 
  nocb_q_count = {
    counter = 0
  }, 
  nocb_q_count_lazy = {
    counter = 0
  }, 
  nocb_follower_head = 0x0, 
  nocb_follower_tail = 0xffffbf657fece380, 
  nocb_wq = {
    lock = {
      raw_lock = {
        {
          val = {
            counter = 0
          }, 
          {
            locked = 0 '\000', 
            pending = 0 '\000'
          }, 
          {
            locked_pending = 0, 
            tail = 0
          }
        }
      }
    }, 
    task_list = {
      next = 0xffffbf657fece398, 
      prev = 0xffffbf657fece398
    }
  }, 
  nocb_kthread = 0x0, 
  nocb_lock = {
    raw_lock = {
      {
        val = {
          counter = 0
        }, 
        {
          locked = 0 '\000', 
          pending = 0 '\000'
        }, 
        {
          locked_pending = 0, 
          tail = 0
        }
      }
    }
  }, 
  nocb_defer_wakeup = 0, 
  nocb_timer = {
    entry = {
      next = 0x0, 
      pprev = 0x0
    }, 
    expires = 0, 
    function = 0xffff3eb87e0a60f0, 
    flags = 0, 
    kabi_reserved1 = 0, 
    kabi_reserved2 = 0, 
    kabi_reserved3 = 0, 
    kabi_reserved4 = 0
  }, 
  nocb_gp_head = 0x0, 
  nocb_gp_tail = 0x0, 
  nocb_leader_sleep = false, 
  nocb_next_follower = 0x0, 
  nocb_leader = 0x0, 
  softirq_snap = 5799, 
  rcu_iw = {
    flags = 0, 
    llnode = {
      next = 0x0
    }, 
    func = 0x0
  }, 
  rcu_iw_pending = false, 
  rcu_iw_gp_seq = 18446744073709550428, 
  rcu_ofl_gp_seq = 18446744073709550416, 
  rcu_ofl_gp_flags = 8, 
  rcu_onl_gp_seq = 18446744073709550429, 
  rcu_onl_gp_flags = 0, 
  cpu = 26, 
  rsp = 0xffff3eb87f209000
}

----------------------------------------
per_cpu(rcu_sched_data, 28) = $46 = {
  gp_seq = 64481, 
  gp_seq_needed = 64488, 
  rcu_qs_ctr_snap = 9, 
  cpu_no_qs = {
    b = {
      norm = 0 '\000', 
      exp = 0 '\000'
    }, 
    s = 0
  }, 
  core_needs_qs = true, 
  beenonline = true, 
  gpwrap = false, 
  mynode = 0xffff3eb87f209500, 
  grpmask = 4096, 
  ticks_this_gp = 0, 
  cblist = {
    head = 0x0, 
    tails = {0xffffbf657ff2e2b8, 0xffffbf657ff2e2b8, 0xffffbf657ff2e2b8, 0xffffbf657ff2e2b8}, 
    gp_seq = {0, 64480, 64484, 0}, 
    len = 0, 
    len_lazy = 0
  }, 
  qlen_last_fqs_check = 0, 
  n_force_qs_snap = 2, 
  blimit = 10, 
  dynticks = 0xffffbf657ff164b0, 
  dynticks_snap = 199920, 
  dynticks_fqs = 91, 
  cond_resched_completed = 0, 
  barrier_head = {
    next = 0x0, 
    func = 0xffff3eb87e0a64e0
  }, 
  exp_dynticks_snap = 133162, 
  nocb_head = 0x0, 
  nocb_tail = 0xffffbf657ff2e360, 
  nocb_q_count = {
    counter = 0
  }, 
  nocb_q_count_lazy = {
    counter = 0
  }, 
  nocb_follower_head = 0x0, 
  nocb_follower_tail = 0xffffbf657ff2e380, 
  nocb_wq = {
    lock = {
      raw_lock = {
        {
          val = {
            counter = 0
          }, 
          {
            locked = 0 '\000', 
            pending = 0 '\000'
          }, 
          {
            locked_pending = 0, 
            tail = 0
          }
        }
      }
    }, 
    task_list = {
      next = 0xffffbf657ff2e398, 
      prev = 0xffffbf657ff2e398
    }
  }, 
  nocb_kthread = 0x0, 
  nocb_lock = {
    raw_lock = {
      {
        val = {
          counter = 0
        }, 
        {
          locked = 0 '\000', 
          pending = 0 '\000'
        }, 
        {
          locked_pending = 0, 
          tail = 0
        }
      }
    }
  }, 
  nocb_defer_wakeup = 0, 
  nocb_timer = {
    entry = {
      next = 0x0, 
      pprev = 0x0
    }, 
    expires = 0, 
    function = 0xffff3eb87e0a60f0, 
    flags = 0, 
    kabi_reserved1 = 0, 
    kabi_reserved2 = 0, 
    kabi_reserved3 = 0, 
    kabi_reserved4 = 0
  }, 
  nocb_gp_head = 0x0, 
  nocb_gp_tail = 0x0, 
  nocb_leader_sleep = false, 
  nocb_next_follower = 0x0, 
  nocb_leader = 0x0, 
  softirq_snap = 6038, 
  rcu_iw = {
    flags = 0, 
    llnode = {
      next = 0x0
    }, 
    func = 0x0
  }, 
  rcu_iw_pending = false, 
  rcu_iw_gp_seq = 18446744073709550432, 
  rcu_ofl_gp_seq = 18446744073709550416, 
  rcu_ofl_gp_flags = 8, 
  rcu_onl_gp_seq = 18446744073709550433, 
  rcu_onl_gp_flags = 0, 
  cpu = 28, 
  rsp = 0xffff3eb87f209000
}

----------------------------------------
per_cpu(rcu_sched_data, 30) = $48 = {
  gp_seq = 65421, 
  gp_seq_needed = 65428, 
  rcu_qs_ctr_snap = 11, 
  cpu_no_qs = {
    b = {
      norm = 0 '\000', 
      exp = 0 '\000'
    }, 
    s = 0
  }, 
  core_needs_qs = true, 
  beenonline = true, 
  gpwrap = false, 
  mynode = 0xffff3eb87f209500, 
  grpmask = 16384, 
  ticks_this_gp = 0, 
  cblist = {
    head = 0x0, 
    tails = {0xffffbf657ff8e2b8, 0xffffbf657ff8e2b8, 0xffffbf657ff8e2b8, 0xffffbf657ff8e2b8}, 
    gp_seq = {0, 65012, 65016, 0}, 
    len = 0, 
    len_lazy = 0
  }, 
  qlen_last_fqs_check = 0, 
  n_force_qs_snap = 2, 
  blimit = 10, 
  dynticks = 0xffffbf657ff764b0, 
  dynticks_snap = 198268, 
  dynticks_fqs = 74, 
  cond_resched_completed = 0, 
  barrier_head = {
    next = 0x0, 
    func = 0xffff3eb87e0a64e0
  }, 
  exp_dynticks_snap = 157806, 
  nocb_head = 0x0, 
  nocb_tail = 0xffffbf657ff8e360, 
  nocb_q_count = {
    counter = 0
  }, 
  nocb_q_count_lazy = {
    counter = 0
  }, 
  nocb_follower_head = 0x0, 
  nocb_follower_tail = 0xffffbf657ff8e380, 
  nocb_wq = {
    lock = {
      raw_lock = {
        {
          val = {
            counter = 0
          }, 
          {
            locked = 0 '\000', 
            pending = 0 '\000'
          }, 
          {
            locked_pending = 0, 
            tail = 0
          }
        }
      }
    }, 
    task_list = {
      next = 0xffffbf657ff8e398, 
      prev = 0xffffbf657ff8e398
    }
  }, 
  nocb_kthread = 0x0, 
  nocb_lock = {
    raw_lock = {
      {
        val = {
          counter = 0
        }, 
        {
          locked = 0 '\000', 
          pending = 0 '\000'
        }, 
        {
          locked_pending = 0, 
          tail = 0
        }
      }
    }
  }, 
  nocb_defer_wakeup = 0, 
  nocb_timer = {
    entry = {
      next = 0x0, 
      pprev = 0x0
    }, 
    expires = 0, 
    function = 0xffff3eb87e0a60f0, 
    flags = 0, 
    kabi_reserved1 = 0, 
    kabi_reserved2 = 0, 
    kabi_reserved3 = 0, 
    kabi_reserved4 = 0
  }, 
  nocb_gp_head = 0x0, 
  nocb_gp_tail = 0x0, 
  nocb_leader_sleep = false, 
  nocb_next_follower = 0x0, 
  nocb_leader = 0x0, 
  softirq_snap = 5571, 
  rcu_iw = {
    flags = 0, 
    llnode = {
      next = 0x0
    }, 
    func = 0x0
  }, 
  rcu_iw_pending = false, 
  rcu_iw_gp_seq = 18446744073709550432, 
  rcu_ofl_gp_seq = 18446744073709550416, 
  rcu_ofl_gp_flags = 8, 
  rcu_onl_gp_seq = 18446744073709550433, 
  rcu_onl_gp_flags = 0, 
  cpu = 30, 
  rsp = 0xffff3eb87f209000
}

----------------------------------------
per_cpu(rcu_sched_data, 32) = $50 = {
  gp_seq = 65421, 
  gp_seq_needed = 65420, 
  rcu_qs_ctr_snap = 0, 
  cpu_no_qs = {
    b = {
      norm = 0 '\000', 
      exp = 0 '\000'
    }, 
    s = 0
  }, 
  core_needs_qs = true, 
  beenonline = true, 
  gpwrap = false, 
  mynode = 0xffff3eb87f209780, 
  grpmask = 1, 
  ticks_this_gp = 0, 
  cblist = {
    head = 0x0, 
    tails = {0xffffdf653f92e2b8, 0xffffdf653f92e2b8, 0xffffdf653f92e2b8, 0xffffdf653f92e2b8}, 
    gp_seq = {0, 60580, 60584, 0}, 
    len = 0, 
    len_lazy = 0
  }, 
  qlen_last_fqs_check = 0, 
  n_force_qs_snap = 2, 
  blimit = 10, 
  dynticks = 0xffffdf653f9164b0, 
  dynticks_snap = 199064, 
  dynticks_fqs = 173, 
  cond_resched_completed = 0, 
  barrier_head = {
    next = 0x0, 
    func = 0xffff3eb87e0a64e0
  }, 
  exp_dynticks_snap = 0, 
  nocb_head = 0x0, 
  nocb_tail = 0xffffdf653f92e360, 
  nocb_q_count = {
    counter = 0
  }, 
  nocb_q_count_lazy = {
    counter = 0
  }, 
  nocb_follower_head = 0x0, 
  nocb_follower_tail = 0xffffdf653f92e380, 
  nocb_wq = {
    lock = {
      raw_lock = {
        {
          val = {
            counter = 0
          }, 
          {
            locked = 0 '\000', 
            pending = 0 '\000'
          }, 
          {
            locked_pending = 0, 
            tail = 0
          }
        }
      }
    }, 
    task_list = {
      next = 0xffffdf653f92e398, 
      prev = 0xffffdf653f92e398
    }
  }, 
  nocb_kthread = 0x0, 
  nocb_lock = {
    raw_lock = {
      {
        val = {
          counter = 0
        }, 
        {
          locked = 0 '\000', 
          pending = 0 '\000'
        }, 
        {
          locked_pending = 0, 
          tail = 0
        }
      }
    }
  }, 
  nocb_defer_wakeup = 0, 
  nocb_timer = {
    entry = {
      next = 0x0, 
      pprev = 0x0
    }, 
    expires = 0, 
    function = 0xffff3eb87e0a60f0, 
    flags = 0, 
    kabi_reserved1 = 0, 
    kabi_reserved2 = 0, 
    kabi_reserved3 = 0, 
    kabi_reserved4 = 0
  }, 
  nocb_gp_head = 0x0, 
  nocb_gp_tail = 0x0, 
  nocb_leader_sleep = false, 
  nocb_next_follower = 0x0, 
  nocb_leader = 0x0, 
  softirq_snap = 3379, 
  rcu_iw = {
    flags = 0, 
    llnode = {
      next = 0x0
    }, 
    func = 0x0
  }, 
  rcu_iw_pending = false, 
  rcu_iw_gp_seq = 18446744073709550432, 
  rcu_ofl_gp_seq = 18446744073709550416, 
  rcu_ofl_gp_flags = 8, 
  rcu_onl_gp_seq = 18446744073709550433, 
  rcu_onl_gp_flags = 0, 
  cpu = 32, 
  rsp = 0xffff3eb87f209000
}

----------------------------------------
per_cpu(rcu_sched_data, 33) = $51 = {
  gp_seq = 65421, 
  gp_seq_needed = 65420, 
  rcu_qs_ctr_snap = 2, 
  cpu_no_qs = {
    b = {
      norm = 0 '\000', 
      exp = 0 '\000'
    }, 
    s = 0
  }, 
  core_needs_qs = true, 
  beenonline = true, 
  gpwrap = false, 
  mynode = 0xffff3eb87f209780, 
  grpmask = 2, 
  ticks_this_gp = 0, 
  cblist = {
    head = 0x0, 
    tails = {0xffffdf653f95e2b8, 0xffffdf653f95e2b8, 0xffffdf653f95e2b8, 0xffffdf653f95e2b8}, 
    gp_seq = {0, 53792, 53796, 0}, 
    len = 0, 
    len_lazy = 0
  }, 
  qlen_last_fqs_check = 0, 
  n_force_qs_snap = 2, 
  blimit = 10, 
  dynticks = 0xffffdf653f9464b0, 
  dynticks_snap = 139568, 
  dynticks_fqs = 125, 
  cond_resched_completed = 0, 
  barrier_head = {
    next = 0xffffbf6549b99430, 
    func = 0xffff3eb87e0a64e0
  }, 
  exp_dynticks_snap = 38206, 
  nocb_head = 0x0, 
  nocb_tail = 0xffffdf653f95e360, 
  nocb_q_count = {
    counter = 0
  }, 
  nocb_q_count_lazy = {
    counter = 0
  }, 
  nocb_follower_head = 0x0, 
  nocb_follower_tail = 0xffffdf653f95e380, 
  nocb_wq = {
    lock = {
      raw_lock = {
        {
          val = {
            counter = 0
          }, 
          {
            locked = 0 '\000', 
            pending = 0 '\000'
          }, 
          {
            locked_pending = 0, 
            tail = 0
          }
        }
      }
    }, 
    task_list = {
      next = 0xffffdf653f95e398, 
      prev = 0xffffdf653f95e398
    }
  }, 
  nocb_kthread = 0x0, 
  nocb_lock = {
    raw_lock = {
      {
        val = {
          counter = 0
        }, 
        {
          locked = 0 '\000', 
          pending = 0 '\000'
        }, 
        {
          locked_pending = 0, 
          tail = 0
        }
      }
    }
  }, 
  nocb_defer_wakeup = 0, 
  nocb_timer = {
    entry = {
      next = 0x0, 
      pprev = 0x0
    }, 
    expires = 0, 
    function = 0xffff3eb87e0a60f0, 
    flags = 0, 
    kabi_reserved1 = 0, 
    kabi_reserved2 = 0, 
    kabi_reserved3 = 0, 
    kabi_reserved4 = 0
  }, 
  nocb_gp_head = 0x0, 
  nocb_gp_tail = 0x0, 
  nocb_leader_sleep = false, 
  nocb_next_follower = 0x0, 
  nocb_leader = 0x0, 
  softirq_snap = 2256, 
  rcu_iw = {
    flags = 0, 
    llnode = {
      next = 0x0
    }, 
    func = 0x0
  }, 
  rcu_iw_pending = false, 
  rcu_iw_gp_seq = 18446744073709550432, 
  rcu_ofl_gp_seq = 18446744073709550416, 
  rcu_ofl_gp_flags = 8, 
  rcu_onl_gp_seq = 18446744073709550433, 
  rcu_onl_gp_flags = 0, 
  cpu = 33, 
  rsp = 0xffff3eb87f209000
}

----------------------------------------
per_cpu(rcu_sched_data, 36) = $54 = {
  gp_seq = 65421, 
  gp_seq_needed = 65420, 
  rcu_qs_ctr_snap = 0, 
  cpu_no_qs = {
    b = {
      norm = 0 '\000', 
      exp = 0 '\000'
    }, 
    s = 0
  }, 
  core_needs_qs = true, 
  beenonline = true, 
  gpwrap = false, 
  mynode = 0xffff3eb87f209780, 
  grpmask = 16, 
  ticks_this_gp = 0, 
  cblist = {
    head = 0x0, 
    tails = {0xffffdf653f9ee2b8, 0xffffdf653f9ee2b8, 0xffffdf653f9ee2b8, 0xffffdf653f9ee2b8}, 
    gp_seq = {0, 48576, 48580, 0}, 
    len = 0, 
    len_lazy = 0
  }, 
  qlen_last_fqs_check = 0, 
  n_force_qs_snap = 2, 
  blimit = 10, 
  dynticks = 0xffffdf653f9d64b0, 
  dynticks_snap = 55896, 
  dynticks_fqs = 60, 
  cond_resched_completed = 0, 
  barrier_head = {
    next = 0x0, 
    func = 0x0
  }, 
  exp_dynticks_snap = 0, 
  nocb_head = 0x0, 
  nocb_tail = 0xffffdf653f9ee360, 
  nocb_q_count = {
    counter = 0
  }, 
  nocb_q_count_lazy = {
    counter = 0
  }, 
  nocb_follower_head = 0x0, 
  nocb_follower_tail = 0xffffdf653f9ee380, 
  nocb_wq = {
    lock = {
      raw_lock = {
        {
          val = {
            counter = 0
          }, 
          {
            locked = 0 '\000', 
            pending = 0 '\000'
          }, 
          {
            locked_pending = 0, 
            tail = 0
          }
        }
      }
    }, 
    task_list = {
      next = 0xffffdf653f9ee398, 
      prev = 0xffffdf653f9ee398
    }
  }, 
  nocb_kthread = 0x0, 
  nocb_lock = {
    raw_lock = {
      {
        val = {
          counter = 0
        }, 
        {
          locked = 0 '\000', 
          pending = 0 '\000'
        }, 
        {
          locked_pending = 0, 
          tail = 0
        }
      }
    }
  }, 
  nocb_defer_wakeup = 0, 
  nocb_timer = {
    entry = {
      next = 0x0, 
      pprev = 0x0
    }, 
    expires = 0, 
    function = 0xffff3eb87e0a60f0, 
    flags = 0, 
    kabi_reserved1 = 0, 
    kabi_reserved2 = 0, 
    kabi_reserved3 = 0, 
    kabi_reserved4 = 0
  }, 
  nocb_gp_head = 0x0, 
  nocb_gp_tail = 0x0, 
  nocb_leader_sleep = false, 
  nocb_next_follower = 0x0, 
  nocb_leader = 0x0, 
  softirq_snap = 1521, 
  rcu_iw = {
    flags = 0, 
    llnode = {
      next = 0x0
    }, 
    func = 0x0
  }, 
  rcu_iw_pending = false, 
  rcu_iw_gp_seq = 18446744073709550436, 
  rcu_ofl_gp_seq = 18446744073709550416, 
  rcu_ofl_gp_flags = 8, 
  rcu_onl_gp_seq = 18446744073709550437, 
  rcu_onl_gp_flags = 0, 
  cpu = 36, 
  rsp = 0xffff3eb87f209000
}

----------------------------------------
per_cpu(rcu_sched_data, 37) = $55 = {
  gp_seq = 65421, 
  gp_seq_needed = 65428, 
  rcu_qs_ctr_snap = 0, 
  cpu_no_qs = {
    b = {
      norm = 0 '\000', 
      exp = 0 '\000'
    }, 
    s = 0
  }, 
  core_needs_qs = true, 
  beenonline = true, 
  gpwrap = false, 
  mynode = 0xffff3eb87f209780, 
  grpmask = 32, 
  ticks_this_gp = 0, 
  cblist = {
    head = 0x0, 
    tails = {0xffffdf653fa1e2b8, 0xffffdf653fa1e2b8, 0xffffdf653fa1e2b8, 0xffffdf653fa1e2b8}, 
    gp_seq = {0, 49940, 49944, 0}, 
    len = 0, 
    len_lazy = 0
  }, 
  qlen_last_fqs_check = 0, 
  n_force_qs_snap = 2, 
  blimit = 10, 
  dynticks = 0xffffdf653fa064b0, 
  dynticks_snap = 42700, 
  dynticks_fqs = 17, 
  cond_resched_completed = 0, 
  barrier_head = {
    next = 0x0, 
    func = 0x0
  }, 
  exp_dynticks_snap = 0, 
  nocb_head = 0x0, 
  nocb_tail = 0xffffdf653fa1e360, 
  nocb_q_count = {
    counter = 0
  }, 
  nocb_q_count_lazy = {
    counter = 0
  }, 
  nocb_follower_head = 0x0, 
  nocb_follower_tail = 0xffffdf653fa1e380, 
  nocb_wq = {
    lock = {
      raw_lock = {
        {
          val = {
            counter = 0
          }, 
          {
            locked = 0 '\000', 
            pending = 0 '\000'
          }, 
          {
            locked_pending = 0, 
            tail = 0
          }
        }
      }
    }, 
    task_list = {
      next = 0xffffdf653fa1e398, 
      prev = 0xffffdf653fa1e398
    }
  }, 
  nocb_kthread = 0x0, 
  nocb_lock = {
    raw_lock = {
      {
        val = {
          counter = 0
        }, 
        {
          locked = 0 '\000', 
          pending = 0 '\000'
        }, 
        {
          locked_pending = 0, 
          tail = 0
        }
      }
    }
  }, 
  nocb_defer_wakeup = 0, 
  nocb_timer = {
    entry = {
      next = 0x0, 
      pprev = 0x0
    }, 
    expires = 0, 
    function = 0xffff3eb87e0a60f0, 
    flags = 0, 
    kabi_reserved1 = 0, 
    kabi_reserved2 = 0, 
    kabi_reserved3 = 0, 
    kabi_reserved4 = 0
  }, 
  nocb_gp_head = 0x0, 
  nocb_gp_tail = 0x0, 
  nocb_leader_sleep = false, 
  nocb_next_follower = 0x0, 
  nocb_leader = 0x0, 
  softirq_snap = 673, 
  rcu_iw = {
    flags = 0, 
    llnode = {
      next = 0x0
    }, 
    func = 0x0
  }, 
  rcu_iw_pending = false, 
  rcu_iw_gp_seq = 18446744073709550436, 
  rcu_ofl_gp_seq = 18446744073709550416, 
  rcu_ofl_gp_flags = 8, 
  rcu_onl_gp_seq = 18446744073709550437, 
  rcu_onl_gp_flags = 0, 
  cpu = 37, 
  rsp = 0xffff3eb87f209000
}

----------------------------------------
per_cpu(rcu_sched_data, 40) = $58 = {
  gp_seq = 65421, 
  gp_seq_needed = 65420, 
  rcu_qs_ctr_snap = 0, 
  cpu_no_qs = {
    b = {
      norm = 0 '\000', 
      exp = 0 '\000'
    }, 
    s = 0
  }, 
  core_needs_qs = true, 
  beenonline = true, 
  gpwrap = false, 
  mynode = 0xffff3eb87f209780, 
  grpmask = 256, 
  ticks_this_gp = 0, 
  cblist = {
    head = 0x0, 
    tails = {0xffffdf653faae2b8, 0xffffdf653faae2b8, 0xffffdf653faae2b8, 0xffffdf653faae2b8}, 
    gp_seq = {0, 59812, 59816, 0}, 
    len = 0, 
    len_lazy = 0
  }, 
  qlen_last_fqs_check = 0, 
  n_force_qs_snap = 3, 
  blimit = 10, 
  dynticks = 0xffffdf653fa964b0, 
  dynticks_snap = 54868, 
  dynticks_fqs = 52, 
  cond_resched_completed = 0, 
  barrier_head = {
    next = 0x0, 
    func = 0x0
  }, 
  exp_dynticks_snap = 0, 
  nocb_head = 0x0, 
  nocb_tail = 0xffffdf653faae360, 
  nocb_q_count = {
    counter = 0
  }, 
  nocb_q_count_lazy = {
    counter = 0
  }, 
  nocb_follower_head = 0x0, 
  nocb_follower_tail = 0xffffdf653faae380, 
  nocb_wq = {
    lock = {
      raw_lock = {
        {
          val = {
            counter = 0
          }, 
          {
            locked = 0 '\000', 
            pending = 0 '\000'
          }, 
          {
            locked_pending = 0, 
            tail = 0
          }
        }
      }
    }, 
    task_list = {
      next = 0xffffdf653faae398, 
      prev = 0xffffdf653faae398
    }
  }, 
  nocb_kthread = 0x0, 
  nocb_lock = {
    raw_lock = {
      {
        val = {
          counter = 0
        }, 
        {
          locked = 0 '\000', 
          pending = 0 '\000'
        }, 
        {
          locked_pending = 0, 
          tail = 0
        }
      }
    }
  }, 
  nocb_defer_wakeup = 0, 
  nocb_timer = {
    entry = {
      next = 0x0, 
      pprev = 0x0
    }, 
    expires = 0, 
    function = 0xffff3eb87e0a60f0, 
    flags = 0, 
    kabi_reserved1 = 0, 
    kabi_reserved2 = 0, 
    kabi_reserved3 = 0, 
    kabi_reserved4 = 0
  }, 
  nocb_gp_head = 0x0, 
  nocb_gp_tail = 0x0, 
  nocb_leader_sleep = false, 
  nocb_next_follower = 0x0, 
  nocb_leader = 0x0, 
  softirq_snap = 850, 
  rcu_iw = {
    flags = 0, 
    llnode = {
      next = 0x0
    }, 
    func = 0x0
  }, 
  rcu_iw_pending = false, 
  rcu_iw_gp_seq = 18446744073709550440, 
  rcu_ofl_gp_seq = 18446744073709550416, 
  rcu_ofl_gp_flags = 8, 
  rcu_onl_gp_seq = 18446744073709550441, 
  rcu_onl_gp_flags = 0, 
  cpu = 40, 
  rsp = 0xffff3eb87f209000
}

----------------------------------------
per_cpu(rcu_sched_data, 41) = $59 = {
  gp_seq = 65421, 
  gp_seq_needed = 65420, 
  rcu_qs_ctr_snap = 2, 
  cpu_no_qs = {
    b = {
      norm = 0 '\000', 
      exp = 0 '\000'
    }, 
    s = 0
  }, 
  core_needs_qs = true, 
  beenonline = true, 
  gpwrap = false, 
  mynode = 0xffff3eb87f209780, 
  grpmask = 512, 
  ticks_this_gp = 0, 
  cblist = {
    head = 0x0, 
    tails = {0xffffdf653fade2b8, 0xffffdf653fade2b8, 0xffffdf653fade2b8, 0xffffdf653fade2b8}, 
    gp_seq = {0, 52132, 52136, 0}, 
    len = 0, 
    len_lazy = 0
  }, 
  qlen_last_fqs_check = 0, 
  n_force_qs_snap = 3, 
  blimit = 10, 
  dynticks = 0xffffdf653fac64b0, 
  dynticks_snap = 34940, 
  dynticks_fqs = 14, 
  cond_resched_completed = 0, 
  barrier_head = {
    next = 0x0, 
    func = 0xffff3eb87e0a64e0
  }, 
  exp_dynticks_snap = 4774, 
  nocb_head = 0x0, 
  nocb_tail = 0xffffdf653fade360, 
  nocb_q_count = {
    counter = 0
  }, 
  nocb_q_count_lazy = {
    counter = 0
  }, 
  nocb_follower_head = 0x0, 
  nocb_follower_tail = 0xffffdf653fade380, 
  nocb_wq = {
    lock = {
      raw_lock = {
        {
          val = {
            counter = 0
          }, 
          {
            locked = 0 '\000', 
            pending = 0 '\000'
          }, 
          {
            locked_pending = 0, 
            tail = 0
          }
        }
      }
    }, 
    task_list = {
      next = 0xffffdf653fade398, 
      prev = 0xffffdf653fade398
    }
  }, 
  nocb_kthread = 0x0, 
  nocb_lock = {
    raw_lock = {
      {
        val = {
          counter = 0
        }, 
        {
          locked = 0 '\000', 
          pending = 0 '\000'
        }, 
        {
          locked_pending = 0, 
          tail = 0
        }
      }
    }
  }, 
  nocb_defer_wakeup = 0, 
  nocb_timer = {
    entry = {
      next = 0x0, 
      pprev = 0x0
    }, 
    expires = 0, 
    function = 0xffff3eb87e0a60f0, 
    flags = 0, 
    kabi_reserved1 = 0, 
    kabi_reserved2 = 0, 
    kabi_reserved3 = 0, 
    kabi_reserved4 = 0
  }, 
  nocb_gp_head = 0x0, 
  nocb_gp_tail = 0x0, 
  nocb_leader_sleep = false, 
  nocb_next_follower = 0x0, 
  nocb_leader = 0x0, 
  softirq_snap = 320, 
  rcu_iw = {
    flags = 0, 
    llnode = {
      next = 0x0
    }, 
    func = 0x0
  }, 
  rcu_iw_pending = false, 
  rcu_iw_gp_seq = 18446744073709550440, 
  rcu_ofl_gp_seq = 18446744073709550416, 
  rcu_ofl_gp_flags = 8, 
  rcu_onl_gp_seq = 18446744073709550441, 
  rcu_onl_gp_flags = 0, 
  cpu = 41, 
  rsp = 0xffff3eb87f209000
}

----------------------------------------
per_cpu(rcu_sched_data, 44) = $62 = {
  gp_seq = 65421, 
  gp_seq_needed = 65420, 
  rcu_qs_ctr_snap = 0, 
  cpu_no_qs = {
    b = {
      norm = 0 '\000', 
      exp = 0 '\000'
    }, 
    s = 0
  }, 
  core_needs_qs = true, 
  beenonline = true, 
  gpwrap = false, 
  mynode = 0xffff3eb87f209780, 
  grpmask = 4096, 
  ticks_this_gp = 1, 
  cblist = {
    head = 0x0, 
    tails = {0xffffdf653fb6e2b8, 0xffffdf653fb6e2b8, 0xffffdf653fb6e2b8, 0xffffdf653fb6e2b8}, 
    gp_seq = {0, 56200, 56204, 0}, 
    len = 0, 
    len_lazy = 0
  }, 
  qlen_last_fqs_check = 0, 
  n_force_qs_snap = 3, 
  blimit = 10, 
  dynticks = 0xffffdf653fb564b0, 
  dynticks_snap = 34364, 
  dynticks_fqs = 9, 
  cond_resched_completed = 0, 
  barrier_head = {
    next = 0x0, 
    func = 0x0
  }, 
  exp_dynticks_snap = 0, 
  nocb_head = 0x0, 
  nocb_tail = 0xffffdf653fb6e360, 
  nocb_q_count = {
    counter = 0
  }, 
  nocb_q_count_lazy = {
    counter = 0
  }, 
  nocb_follower_head = 0x0, 
  nocb_follower_tail = 0xffffdf653fb6e380, 
  nocb_wq = {
    lock = {
      raw_lock = {
        {
          val = {
            counter = 0
          }, 
          {
            locked = 0 '\000', 
            pending = 0 '\000'
          }, 
          {
            locked_pending = 0, 
            tail = 0
          }
        }
      }
    }, 
    task_list = {
      next = 0xffffdf653fb6e398, 
      prev = 0xffffdf653fb6e398
    }
  }, 
  nocb_kthread = 0x0, 
  nocb_lock = {
    raw_lock = {
      {
        val = {
          counter = 0
        }, 
        {
          locked = 0 '\000', 
          pending = 0 '\000'
        }, 
        {
          locked_pending = 0, 
          tail = 0
        }
      }
    }
  }, 
  nocb_defer_wakeup = 0, 
  nocb_timer = {
    entry = {
      next = 0x0, 
      pprev = 0x0
    }, 
    expires = 0, 
    function = 0xffff3eb87e0a60f0, 
    flags = 0, 
    kabi_reserved1 = 0, 
    kabi_reserved2 = 0, 
    kabi_reserved3 = 0, 
    kabi_reserved4 = 0
  }, 
  nocb_gp_head = 0x0, 
  nocb_gp_tail = 0x0, 
  nocb_leader_sleep = false, 
  nocb_next_follower = 0x0, 
  nocb_leader = 0x0, 
  softirq_snap = 1046, 
  rcu_iw = {
    flags = 0, 
    llnode = {
      next = 0x0
    }, 
    func = 0x0
  }, 
  rcu_iw_pending = false, 
  rcu_iw_gp_seq = 18446744073709550440, 
  rcu_ofl_gp_seq = 18446744073709550416, 
  rcu_ofl_gp_flags = 8, 
  rcu_onl_gp_seq = 18446744073709550441, 
  rcu_onl_gp_flags = 0, 
  cpu = 44, 
  rsp = 0xffff3eb87f209000
}

----------------------------------------
per_cpu(rcu_sched_data, 45) = $63 = {
  gp_seq = 65421, 
  gp_seq_needed = 65420, 
  rcu_qs_ctr_snap = 0, 
  cpu_no_qs = {
    b = {
      norm = 0 '\000', 
      exp = 0 '\000'
    }, 
    s = 0
  }, 
  core_needs_qs = true, 
  beenonline = true, 
  gpwrap = false, 
  mynode = 0xffff3eb87f209780, 
  grpmask = 8192, 
  ticks_this_gp = 0, 
  cblist = {
    head = 0x0, 
    tails = {0xffffdf653fb9e2b8, 0xffffdf653fb9e2b8, 0xffffdf653fb9e2b8, 0xffffdf653fb9e2b8}, 
    gp_seq = {0, 56396, 56400, 0}, 
    len = 0, 
    len_lazy = 0
  }, 
  qlen_last_fqs_check = 0, 
  n_force_qs_snap = 3, 
  blimit = 10, 
  dynticks = 0xffffdf653fb864b0, 
  dynticks_snap = 59152, 
  dynticks_fqs = 110, 
  cond_resched_completed = 0, 
  barrier_head = {
    next = 0x0, 
    func = 0x0
  }, 
  exp_dynticks_snap = 0, 
  nocb_head = 0x0, 
  nocb_tail = 0xffffdf653fb9e360, 
  nocb_q_count = {
    counter = 0
  }, 
  nocb_q_count_lazy = {
    counter = 0
  }, 
  nocb_follower_head = 0x0, 
  nocb_follower_tail = 0xffffdf653fb9e380, 
  nocb_wq = {
    lock = {
      raw_lock = {
        {
          val = {
            counter = 0
          }, 
          {
            locked = 0 '\000', 
            pending = 0 '\000'
          }, 
          {
            locked_pending = 0, 
            tail = 0
          }
        }
      }
    }, 
    task_list = {
      next = 0xffffdf653fb9e398, 
      prev = 0xffffdf653fb9e398
    }
  }, 
  nocb_kthread = 0x0, 
  nocb_lock = {
    raw_lock = {
      {
        val = {
          counter = 0
        }, 
        {
          locked = 0 '\000', 
          pending = 0 '\000'
        }, 
        {
          locked_pending = 0, 
          tail = 0
        }
      }
    }
  }, 
  nocb_defer_wakeup = 0, 
  nocb_timer = {
    entry = {
      next = 0x0, 
      pprev = 0x0
    }, 
    expires = 0, 
    function = 0xffff3eb87e0a60f0, 
    flags = 0, 
    kabi_reserved1 = 0, 
    kabi_reserved2 = 0, 
    kabi_reserved3 = 0, 
    kabi_reserved4 = 0
  }, 
  nocb_gp_head = 0x0, 
  nocb_gp_tail = 0x0, 
  nocb_leader_sleep = false, 
  nocb_next_follower = 0x0, 
  nocb_leader = 0x0, 
  softirq_snap = 2255, 
  rcu_iw = {
    flags = 0, 
    llnode = {
      next = 0x0
    }, 
    func = 0x0
  }, 
  rcu_iw_pending = false, 
  rcu_iw_gp_seq = 18446744073709550440, 
  rcu_ofl_gp_seq = 18446744073709550416, 
  rcu_ofl_gp_flags = 8, 
  rcu_onl_gp_seq = 18446744073709550441, 
  rcu_onl_gp_flags = 0, 
  cpu = 45, 
  rsp = 0xffff3eb87f209000
}

----------------------------------------
per_cpu(rcu_sched_data, 46) = $64 = {
  gp_seq = 65421, 
  gp_seq_needed = 65420, 
  rcu_qs_ctr_snap = 2, 
  cpu_no_qs = {
    b = {
      norm = 0 '\000', 
      exp = 0 '\000'
    }, 
    s = 0
  }, 
  core_needs_qs = true, 
  beenonline = true, 
  gpwrap = false, 
  mynode = 0xffff3eb87f209780, 
  grpmask = 16384, 
  ticks_this_gp = 0, 
  cblist = {
    head = 0x0, 
    tails = {0xffffdf653fbce2b8, 0xffffdf653fbce2b8, 0xffffdf653fbce2b8, 0xffffdf653fbce2b8}, 
    gp_seq = {0, 64708, 64712, 0}, 
    len = 0, 
    len_lazy = 0
  }, 
  qlen_last_fqs_check = 0, 
  n_force_qs_snap = 3, 
  blimit = 10, 
  dynticks = 0xffffdf653fbb64b0, 
  dynticks_snap = 34084, 
  dynticks_fqs = 34, 
  cond_resched_completed = 0, 
  barrier_head = {
    next = 0x0, 
    func = 0x0
  }, 
  exp_dynticks_snap = 30986, 
  nocb_head = 0x0, 
  nocb_tail = 0xffffdf653fbce360, 
  nocb_q_count = {
    counter = 0
  }, 
  nocb_q_count_lazy = {
    counter = 0
  }, 
  nocb_follower_head = 0x0, 
  nocb_follower_tail = 0xffffdf653fbce380, 
  nocb_wq = {
    lock = {
      raw_lock = {
        {
          val = {
            counter = 0
          }, 
          {
            locked = 0 '\000', 
            pending = 0 '\000'
          }, 
          {
            locked_pending = 0, 
            tail = 0
          }
        }
      }
    }, 
    task_list = {
      next = 0xffffdf653fbce398, 
      prev = 0xffffdf653fbce398
    }
  }, 
  nocb_kthread = 0x0, 
  nocb_lock = {
    raw_lock = {
      {
        val = {
          counter = 0
        }, 
        {
          locked = 0 '\000', 
          pending = 0 '\000'
        }, 
        {
          locked_pending = 0, 
          tail = 0
        }
      }
    }
  }, 
  nocb_defer_wakeup = 0, 
  nocb_timer = {
    entry = {
      next = 0x0, 
      pprev = 0x0
    }, 
    expires = 0, 
    function = 0xffff3eb87e0a60f0, 
    flags = 0, 
    kabi_reserved1 = 0, 
    kabi_reserved2 = 0, 
    kabi_reserved3 = 0, 
    kabi_reserved4 = 0
  }, 
  nocb_gp_head = 0x0, 
  nocb_gp_tail = 0x0, 
  nocb_leader_sleep = false, 
  nocb_next_follower = 0x0, 
  nocb_leader = 0x0, 
  softirq_snap = 668, 
  rcu_iw = {
    flags = 0, 
    llnode = {
      next = 0x0
    }, 
    func = 0x0
  }, 
  rcu_iw_pending = false, 
  rcu_iw_gp_seq = 18446744073709550440, 
  rcu_ofl_gp_seq = 18446744073709550416, 
  rcu_ofl_gp_flags = 8, 
  rcu_onl_gp_seq = 18446744073709550441, 
  rcu_onl_gp_flags = 0, 
  cpu = 46, 
  rsp = 0xffff3eb87f209000
}

----------------------------------------
per_cpu(rcu_sched_data, 47) = $65 = {
  gp_seq = 65421, 
  gp_seq_needed = 65428, 
  rcu_qs_ctr_snap = 0, 
  cpu_no_qs = {
    b = {
      norm = 0 '\000', 
      exp = 0 '\000'
    }, 
    s = 0
  }, 
  core_needs_qs = true, 
  beenonline = true, 
  gpwrap = false, 
  mynode = 0xffff3eb87f209780, 
  grpmask = 32768, 
  ticks_this_gp = 0, 
  cblist = {
    head = 0x0, 
    tails = {0xffffdf653fbfe2b8, 0xffffdf653fbfe2b8, 0xffffdf653fbfe2b8, 0xffffdf653fbfe2b8}, 
    gp_seq = {0, 62984, 62988, 0}, 
    len = 0, 
    len_lazy = 0
  }, 
  qlen_last_fqs_check = 0, 
  n_force_qs_snap = 3, 
  blimit = 10, 
  dynticks = 0xffffdf653fbe64b0, 
  dynticks_snap = 45852, 
  dynticks_fqs = 107, 
  cond_resched_completed = 0, 
  barrier_head = {
    next = 0x0, 
    func = 0x0
  }, 
  exp_dynticks_snap = 0, 
  nocb_head = 0x0, 
  nocb_tail = 0xffffdf653fbfe360, 
  nocb_q_count = {
    counter = 0
  }, 
  nocb_q_count_lazy = {
    counter = 0
  }, 
  nocb_follower_head = 0x0, 
  nocb_follower_tail = 0xffffdf653fbfe380, 
  nocb_wq = {
    lock = {
      raw_lock = {
        {
          val = {
            counter = 0
          }, 
          {
            locked = 0 '\000', 
            pending = 0 '\000'
          }, 
          {
            locked_pending = 0, 
            tail = 0
          }
        }
      }
    }, 
    task_list = {
      next = 0xffffdf653fbfe398, 
      prev = 0xffffdf653fbfe398
    }
  }, 
  nocb_kthread = 0x0, 
  nocb_lock = {
    raw_lock = {
      {
        val = {
          counter = 0
        }, 
        {
          locked = 0 '\000', 
          pending = 0 '\000'
        }, 
        {
          locked_pending = 0, 
          tail = 0
        }
      }
    }
  }, 
  nocb_defer_wakeup = 0, 
  nocb_timer = {
    entry = {
      next = 0x0, 
      pprev = 0x0
    }, 
    expires = 0, 
    function = 0xffff3eb87e0a60f0, 
    flags = 0, 
    kabi_reserved1 = 0, 
    kabi_reserved2 = 0, 
    kabi_reserved3 = 0, 
    kabi_reserved4 = 0
  }, 
  nocb_gp_head = 0x0, 
  nocb_gp_tail = 0x0, 
  nocb_leader_sleep = false, 
  nocb_next_follower = 0x0, 
  nocb_leader = 0x0, 
  softirq_snap = 1379, 
  rcu_iw = {
    flags = 0, 
    llnode = {
      next = 0x0
    }, 
    func = 0x0
  }, 
  rcu_iw_pending = false, 
  rcu_iw_gp_seq = 18446744073709550444, 
  rcu_ofl_gp_seq = 18446744073709550416, 
  rcu_ofl_gp_flags = 8, 
  rcu_onl_gp_seq = 18446744073709550445, 
  rcu_onl_gp_flags = 0, 
  cpu = 47, 
  rsp = 0xffff3eb87f209000
}

----------------------------------------
per_cpu(rcu_sched_data, 50) = $68 = {
  gp_seq = 65421, 
  gp_seq_needed = 65420, 
  rcu_qs_ctr_snap = 1, 
  cpu_no_qs = {
    b = {
      norm = 0 '\000', 
      exp = 0 '\000'
    }, 
    s = 0
  }, 
  core_needs_qs = true, 
  beenonline = true, 
  gpwrap = false, 
  mynode = 0xffff3eb87f209a00, 
  grpmask = 4, 
  ticks_this_gp = 0, 
  cblist = {
    head = 0x0, 
    tails = {0xffffdf653fc8e2b8, 0xffffdf653fc8e2b8, 0xffffdf653fc8e2b8, 0xffffdf653fc8e2b8}, 
    gp_seq = {0, 56404, 56408, 0}, 
    len = 0, 
    len_lazy = 0
  }, 
  qlen_last_fqs_check = 0, 
  n_force_qs_snap = 3, 
  blimit = 10, 
  dynticks = 0xffffdf653fc764b0, 
  dynticks_snap = 30664, 
  dynticks_fqs = 27, 
  cond_resched_completed = 0, 
  barrier_head = {
    next = 0x0, 
    func = 0x0
  }, 
  exp_dynticks_snap = 0, 
  nocb_head = 0x0, 
  nocb_tail = 0xffffdf653fc8e360, 
  nocb_q_count = {
    counter = 0
  }, 
  nocb_q_count_lazy = {
    counter = 0
  }, 
  nocb_follower_head = 0x0, 
  nocb_follower_tail = 0xffffdf653fc8e380, 
  nocb_wq = {
    lock = {
      raw_lock = {
        {
          val = {
            counter = 0
          }, 
          {
            locked = 0 '\000', 
            pending = 0 '\000'
          }, 
          {
            locked_pending = 0, 
            tail = 0
          }
        }
      }
    }, 
    task_list = {
      next = 0xffffdf653fc8e398, 
      prev = 0xffffdf653fc8e398
    }
  }, 
  nocb_kthread = 0x0, 
  nocb_lock = {
    raw_lock = {
      {
        val = {
          counter = 0
        }, 
        {
          locked = 0 '\000', 
          pending = 0 '\000'
        }, 
        {
          locked_pending = 0, 
          tail = 0
        }
      }
    }
  }, 
  nocb_defer_wakeup = 0, 
  nocb_timer = {
    entry = {
      next = 0x0, 
      pprev = 0x0
    }, 
    expires = 0, 
    function = 0xffff3eb87e0a60f0, 
    flags = 0, 
    kabi_reserved1 = 0, 
    kabi_reserved2 = 0, 
    kabi_reserved3 = 0, 
    kabi_reserved4 = 0
  }, 
  nocb_gp_head = 0x0, 
  nocb_gp_tail = 0x0, 
  nocb_leader_sleep = false, 
  nocb_next_follower = 0x0, 
  nocb_leader = 0x0, 
  softirq_snap = 446, 
  rcu_iw = {
    flags = 0, 
    llnode = {
      next = 0x0
    }, 
    func = 0x0
  }, 
  rcu_iw_pending = false, 
  rcu_iw_gp_seq = 18446744073709550444, 
  rcu_ofl_gp_seq = 18446744073709550416, 
  rcu_ofl_gp_flags = 8, 
  rcu_onl_gp_seq = 18446744073709550445, 
  rcu_onl_gp_flags = 0, 
  cpu = 50, 
  rsp = 0xffff3eb87f209000
}

----------------------------------------
per_cpu(rcu_sched_data, 51) = $69 = {
  gp_seq = 65421, 
  gp_seq_needed = 65420, 
  rcu_qs_ctr_snap = 1, 
  cpu_no_qs = {
    b = {
      norm = 0 '\000', 
      exp = 0 '\000'
    }, 
    s = 0
  }, 
  core_needs_qs = true, 
  beenonline = true, 
  gpwrap = false, 
  mynode = 0xffff3eb87f209a00, 
  grpmask = 8, 
  ticks_this_gp = 0, 
  cblist = {
    head = 0x0, 
    tails = {0xffffdf653fcbe2b8, 0xffffdf653fcbe2b8, 0xffffdf653fcbe2b8, 0xffffdf653fcbe2b8}, 
    gp_seq = {0, 53592, 53596, 0}, 
    len = 0, 
    len_lazy = 0
  }, 
  qlen_last_fqs_check = 0, 
  n_force_qs_snap = 3, 
  blimit = 10, 
  dynticks = 0xffffdf653fca64b0, 
  dynticks_snap = 27792, 
  dynticks_fqs = 19, 
  cond_resched_completed = 0, 
  barrier_head = {
    next = 0x0, 
    func = 0x0
  }, 
  exp_dynticks_snap = 0, 
  nocb_head = 0x0, 
  nocb_tail = 0xffffdf653fcbe360, 
  nocb_q_count = {
    counter = 0
  }, 
  nocb_q_count_lazy = {
    counter = 0
  }, 
  nocb_follower_head = 0x0, 
  nocb_follower_tail = 0xffffdf653fcbe380, 
  nocb_wq = {
    lock = {
      raw_lock = {
        {
          val = {
            counter = 0
          }, 
          {
            locked = 0 '\000', 
            pending = 0 '\000'
          }, 
          {
            locked_pending = 0, 
            tail = 0
          }
        }
      }
    }, 
    task_list = {
      next = 0xffffdf653fcbe398, 
      prev = 0xffffdf653fcbe398
    }
  }, 
  nocb_kthread = 0x0, 
  nocb_lock = {
    raw_lock = {
      {
        val = {
          counter = 0
        }, 
        {
          locked = 0 '\000', 
          pending = 0 '\000'
        }, 
        {
          locked_pending = 0, 
          tail = 0
        }
      }
    }
  }, 
  nocb_defer_wakeup = 0, 
  nocb_timer = {
    entry = {
      next = 0x0, 
      pprev = 0x0
    }, 
    expires = 0, 
    function = 0xffff3eb87e0a60f0, 
    flags = 0, 
    kabi_reserved1 = 0, 
    kabi_reserved2 = 0, 
    kabi_reserved3 = 0, 
    kabi_reserved4 = 0
  }, 
  nocb_gp_head = 0x0, 
  nocb_gp_tail = 0x0, 
  nocb_leader_sleep = false, 
  nocb_next_follower = 0x0, 
  nocb_leader = 0x0, 
  softirq_snap = 352, 
  rcu_iw = {
    flags = 0, 
    llnode = {
      next = 0x0
    }, 
    func = 0x0
  }, 
  rcu_iw_pending = false, 
  rcu_iw_gp_seq = 18446744073709550444, 
  rcu_ofl_gp_seq = 18446744073709550416, 
  rcu_ofl_gp_flags = 8, 
  rcu_onl_gp_seq = 18446744073709550445, 
  rcu_onl_gp_flags = 0, 
  cpu = 51, 
  rsp = 0xffff3eb87f209000
}

----------------------------------------
per_cpu(rcu_sched_data, 53) = $71 = {
  gp_seq = 65421, 
  gp_seq_needed = 65420, 
  rcu_qs_ctr_snap = 0, 
  cpu_no_qs = {
    b = {
      norm = 0 '\000', 
      exp = 0 '\000'
    }, 
    s = 0
  }, 
  core_needs_qs = true, 
  beenonline = true, 
  gpwrap = false, 
  mynode = 0xffff3eb87f209a00, 
  grpmask = 32, 
  ticks_this_gp = 0, 
  cblist = {
    head = 0x0, 
    tails = {0xffffdf653fd1e2b8, 0xffffdf653fd1e2b8, 0xffffdf653fd1e2b8, 0xffffdf653fd1e2b8}, 
    gp_seq = {0, 63708, 63712, 0}, 
    len = 0, 
    len_lazy = 0
  }, 
  qlen_last_fqs_check = 0, 
  n_force_qs_snap = 3, 
  blimit = 10, 
  dynticks = 0xffffdf653fd064b0, 
  dynticks_snap = 49468, 
  dynticks_fqs = 7, 
  cond_resched_completed = 0, 
  barrier_head = {
    next = 0x0, 
    func = 0x0
  }, 
  exp_dynticks_snap = 0, 
  nocb_head = 0x0, 
  nocb_tail = 0xffffdf653fd1e360, 
  nocb_q_count = {
    counter = 0
  }, 
  nocb_q_count_lazy = {
    counter = 0
  }, 
  nocb_follower_head = 0x0, 
  nocb_follower_tail = 0xffffdf653fd1e380, 
  nocb_wq = {
    lock = {
      raw_lock = {
        {
          val = {
            counter = 0
          }, 
          {
            locked = 0 '\000', 
            pending = 0 '\000'
          }, 
          {
            locked_pending = 0, 
            tail = 0
          }
        }
      }
    }, 
    task_list = {
      next = 0xffffdf653fd1e398, 
      prev = 0xffffdf653fd1e398
    }
  }, 
  nocb_kthread = 0x0, 
  nocb_lock = {
    raw_lock = {
      {
        val = {
          counter = 0
        }, 
        {
          locked = 0 '\000', 
          pending = 0 '\000'
        }, 
        {
          locked_pending = 0, 
          tail = 0
        }
      }
    }
  }, 
  nocb_defer_wakeup = 0, 
  nocb_timer = {
    entry = {
      next = 0x0, 
      pprev = 0x0
    }, 
    expires = 0, 
    function = 0xffff3eb87e0a60f0, 
    flags = 0, 
    kabi_reserved1 = 0, 
    kabi_reserved2 = 0, 
    kabi_reserved3 = 0, 
    kabi_reserved4 = 0
  }, 
  nocb_gp_head = 0x0, 
  nocb_gp_tail = 0x0, 
  nocb_leader_sleep = false, 
  nocb_next_follower = 0x0, 
  nocb_leader = 0x0, 
  softirq_snap = 1062, 
  rcu_iw = {
    flags = 0, 
    llnode = {
      next = 0x0
    }, 
    func = 0x0
  }, 
  rcu_iw_pending = false, 
  rcu_iw_gp_seq = 18446744073709550444, 
  rcu_ofl_gp_seq = 18446744073709550416, 
  rcu_ofl_gp_flags = 8, 
  rcu_onl_gp_seq = 18446744073709550445, 
  rcu_onl_gp_flags = 0, 
  cpu = 53, 
  rsp = 0xffff3eb87f209000
}

----------------------------------------
per_cpu(rcu_sched_data, 54) = $72 = {
  gp_seq = 65161, 
  gp_seq_needed = 65160, 
  rcu_qs_ctr_snap = 0, 
  cpu_no_qs = {
    b = {
      norm = 0 '\000', 
      exp = 0 '\000'
    }, 
    s = 0
  }, 
  core_needs_qs = true, 
  beenonline = true, 
  gpwrap = false, 
  mynode = 0xffff3eb87f209a00, 
  grpmask = 64, 
  ticks_this_gp = 1, 
  cblist = {
    head = 0x0, 
    tails = {0xffffdf653fd4e2b8, 0xffffdf653fd4e2b8, 0xffffdf653fd4e2b8, 0xffffdf653fd4e2b8}, 
    gp_seq = {0, 65084, 65088, 0}, 
    len = 0, 
    len_lazy = 0
  }, 
  qlen_last_fqs_check = 0, 
  n_force_qs_snap = 3, 
  blimit = 10, 
  dynticks = 0xffffdf653fd364b0, 
  dynticks_snap = 37712, 
  dynticks_fqs = 21, 
  cond_resched_completed = 0, 
  barrier_head = {
    next = 0x0, 
    func = 0x0
  }, 
  exp_dynticks_snap = 0, 
  nocb_head = 0x0, 
  nocb_tail = 0xffffdf653fd4e360, 
  nocb_q_count = {
    counter = 0
  }, 
  nocb_q_count_lazy = {
    counter = 0
  }, 
  nocb_follower_head = 0x0, 
  nocb_follower_tail = 0xffffdf653fd4e380, 
  nocb_wq = {
    lock = {
      raw_lock = {
        {
          val = {
            counter = 0
          }, 
          {
            locked = 0 '\000', 
            pending = 0 '\000'
          }, 
          {
            locked_pending = 0, 
            tail = 0
          }
        }
      }
    }, 
    task_list = {
      next = 0xffffdf653fd4e398, 
      prev = 0xffffdf653fd4e398
    }
  }, 
  nocb_kthread = 0x0, 
  nocb_lock = {
    raw_lock = {
      {
        val = {
          counter = 0
        }, 
        {
          locked = 0 '\000', 
          pending = 0 '\000'
        }, 
        {
          locked_pending = 0, 
          tail = 0
        }
      }
    }
  }, 
  nocb_defer_wakeup = 0, 
  nocb_timer = {
    entry = {
      next = 0x0, 
      pprev = 0x0
    }, 
    expires = 0, 
    function = 0xffff3eb87e0a60f0, 
    flags = 0, 
    kabi_reserved1 = 0, 
    kabi_reserved2 = 0, 
    kabi_reserved3 = 0, 
    kabi_reserved4 = 0
  }, 
  nocb_gp_head = 0x0, 
  nocb_gp_tail = 0x0, 
  nocb_leader_sleep = false, 
  nocb_next_follower = 0x0, 
  nocb_leader = 0x0, 
  softirq_snap = 823, 
  rcu_iw = {
    flags = 0, 
    llnode = {
      next = 0x0
    }, 
    func = 0x0
  }, 
  rcu_iw_pending = false, 
  rcu_iw_gp_seq = 18446744073709550444, 
  rcu_ofl_gp_seq = 18446744073709550416, 
  rcu_ofl_gp_flags = 8, 
  rcu_onl_gp_seq = 18446744073709550445, 
  rcu_onl_gp_flags = 0, 
  cpu = 54, 
  rsp = 0xffff3eb87f209000
}

----------------------------------------
per_cpu(rcu_sched_data, 56) = $74 = {
  gp_seq = 65421, 
  gp_seq_needed = 65420, 
  rcu_qs_ctr_snap = 1, 
  cpu_no_qs = {
    b = {
      norm = 0 '\000', 
      exp = 0 '\000'
    }, 
    s = 0
  }, 
  core_needs_qs = true, 
  beenonline = true, 
  gpwrap = false, 
  mynode = 0xffff3eb87f209a00, 
  grpmask = 256, 
  ticks_this_gp = 0, 
  cblist = {
    head = 0x0, 
    tails = {0xffffdf653fdae2b8, 0xffffdf653fdae2b8, 0xffffdf653fdae2b8, 0xffffdf653fdae2b8}, 
    gp_seq = {0, 48572, 48576, 0}, 
    len = 0, 
    len_lazy = 0
  }, 
  qlen_last_fqs_check = 0, 
  n_force_qs_snap = 4, 
  blimit = 10, 
  dynticks = 0xffffdf653fd964b0, 
  dynticks_snap = 117796, 
  dynticks_fqs = 22, 
  cond_resched_completed = 0, 
  barrier_head = {
    next = 0x0, 
    func = 0x0
  }, 
  exp_dynticks_snap = 67410, 
  nocb_head = 0x0, 
  nocb_tail = 0xffffdf653fdae360, 
  nocb_q_count = {
    counter = 0
  }, 
  nocb_q_count_lazy = {
    counter = 0
  }, 
  nocb_follower_head = 0x0, 
  nocb_follower_tail = 0xffffdf653fdae380, 
  nocb_wq = {
    lock = {
      raw_lock = {
        {
          val = {
            counter = 0
          }, 
          {
            locked = 0 '\000', 
            pending = 0 '\000'
          }, 
          {
            locked_pending = 0, 
            tail = 0
          }
        }
      }
    }, 
    task_list = {
      next = 0xffffdf653fdae398, 
      prev = 0xffffdf653fdae398
    }
  }, 
  nocb_kthread = 0x0, 
  nocb_lock = {
    raw_lock = {
      {
        val = {
          counter = 0
        }, 
        {
          locked = 0 '\000', 
          pending = 0 '\000'
        }, 
        {
          locked_pending = 0, 
          tail = 0
        }
      }
    }
  }, 
  nocb_defer_wakeup = 0, 
  nocb_timer = {
    entry = {
      next = 0x0, 
      pprev = 0x0
    }, 
    expires = 0, 
    function = 0xffff3eb87e0a60f0, 
    flags = 0, 
    kabi_reserved1 = 0, 
    kabi_reserved2 = 0, 
    kabi_reserved3 = 0, 
    kabi_reserved4 = 0
  }, 
  nocb_gp_head = 0x0, 
  nocb_gp_tail = 0x0, 
  nocb_leader_sleep = false, 
  nocb_next_follower = 0x0, 
  nocb_leader = 0x0, 
  softirq_snap = 5883, 
  rcu_iw = {
    flags = 0, 
    llnode = {
      next = 0x0
    }, 
    func = 0x0
  }, 
  rcu_iw_pending = false, 
  rcu_iw_gp_seq = 18446744073709550448, 
  rcu_ofl_gp_seq = 18446744073709550416, 
  rcu_ofl_gp_flags = 8, 
  rcu_onl_gp_seq = 18446744073709550449, 
  rcu_onl_gp_flags = 0, 
  cpu = 56, 
  rsp = 0xffff3eb87f209000
}

----------------------------------------
per_cpu(rcu_sched_data, 58) = $76 = {
  gp_seq = 65421, 
  gp_seq_needed = 65420, 
  rcu_qs_ctr_snap = 0, 
  cpu_no_qs = {
    b = {
      norm = 0 '\000', 
      exp = 0 '\000'
    }, 
    s = 0
  }, 
  core_needs_qs = true, 
  beenonline = true, 
  gpwrap = false, 
  mynode = 0xffff3eb87f209a00, 
  grpmask = 1024, 
  ticks_this_gp = 0, 
  cblist = {
    head = 0x0, 
    tails = {0xffffdf653fe0e2b8, 0xffffdf653fe0e2b8, 0xffffdf653fe0e2b8, 0xffffdf653fe0e2b8}, 
    gp_seq = {0, 0, 0, 0}, 
    len = 0, 
    len_lazy = 0
  }, 
  qlen_last_fqs_check = 0, 
  n_force_qs_snap = 4, 
  blimit = 10, 
  dynticks = 0xffffdf653fdf64b0, 
  dynticks_snap = 42996, 
  dynticks_fqs = 16, 
  cond_resched_completed = 0, 
  barrier_head = {
    next = 0x0, 
    func = 0x0
  }, 
  exp_dynticks_snap = 0, 
  nocb_head = 0x0, 
  nocb_tail = 0xffffdf653fe0e360, 
  nocb_q_count = {
    counter = 0
  }, 
  nocb_q_count_lazy = {
    counter = 0
  }, 
  nocb_follower_head = 0x0, 
  nocb_follower_tail = 0xffffdf653fe0e380, 
  nocb_wq = {
    lock = {
      raw_lock = {
        {
          val = {
            counter = 0
          }, 
          {
            locked = 0 '\000', 
            pending = 0 '\000'
          }, 
          {
            locked_pending = 0, 
            tail = 0
          }
        }
      }
    }, 
    task_list = {
      next = 0xffffdf653fe0e398, 
      prev = 0xffffdf653fe0e398
    }
  }, 
  nocb_kthread = 0x0, 
  nocb_lock = {
    raw_lock = {
      {
        val = {
          counter = 0
        }, 
        {
          locked = 0 '\000', 
          pending = 0 '\000'
        }, 
        {
          locked_pending = 0, 
          tail = 0
        }
      }
    }
  }, 
  nocb_defer_wakeup = 0, 
  nocb_timer = {
    entry = {
      next = 0x0, 
      pprev = 0x0
    }, 
    expires = 0, 
    function = 0xffff3eb87e0a60f0, 
    flags = 0, 
    kabi_reserved1 = 0, 
    kabi_reserved2 = 0, 
    kabi_reserved3 = 0, 
    kabi_reserved4 = 0
  }, 
  nocb_gp_head = 0x0, 
  nocb_gp_tail = 0x0, 
  nocb_leader_sleep = false, 
  nocb_next_follower = 0x0, 
  nocb_leader = 0x0, 
  softirq_snap = 747, 
  rcu_iw = {
    flags = 0, 
    llnode = {
      next = 0x0
    }, 
    func = 0x0
  }, 
  rcu_iw_pending = false, 
  rcu_iw_gp_seq = 18446744073709550448, 
  rcu_ofl_gp_seq = 18446744073709550416, 
  rcu_ofl_gp_flags = 8, 
  rcu_onl_gp_seq = 18446744073709550449, 
  rcu_onl_gp_flags = 0, 
  cpu = 58, 
  rsp = 0xffff3eb87f209000
}

----------------------------------------
per_cpu(rcu_sched_data, 60) = $78 = {
  gp_seq = 65285, 
  gp_seq_needed = 65284, 
  rcu_qs_ctr_snap = 0, 
  cpu_no_qs = {
    b = {
      norm = 0 '\000', 
      exp = 0 '\000'
    }, 
    s = 0
  }, 
  core_needs_qs = true, 
  beenonline = true, 
  gpwrap = false, 
  mynode = 0xffff3eb87f209a00, 
  grpmask = 4096, 
  ticks_this_gp = 1, 
  cblist = {
    head = 0x0, 
    tails = {0xffffdf653fe6e2b8, 0xffffdf653fe6e2b8, 0xffffdf653fe6e2b8, 0xffffdf653fe6e2b8}, 
    gp_seq = {0, 63688, 63692, 0}, 
    len = 0, 
    len_lazy = 0
  }, 
  qlen_last_fqs_check = 0, 
  n_force_qs_snap = 4, 
  blimit = 10, 
  dynticks = 0xffffdf653fe564b0, 
  dynticks_snap = 40892, 
  dynticks_fqs = 9, 
  cond_resched_completed = 0, 
  barrier_head = {
    next = 0x0, 
    func = 0x0
  }, 
  exp_dynticks_snap = 0, 
  nocb_head = 0x0, 
  nocb_tail = 0xffffdf653fe6e360, 
  nocb_q_count = {
    counter = 0
  }, 
  nocb_q_count_lazy = {
    counter = 0
  }, 
  nocb_follower_head = 0x0, 
  nocb_follower_tail = 0xffffdf653fe6e380, 
  nocb_wq = {
    lock = {
      raw_lock = {
        {
          val = {
            counter = 0
          }, 
          {
            locked = 0 '\000', 
            pending = 0 '\000'
          }, 
          {
            locked_pending = 0, 
            tail = 0
          }
        }
      }
    }, 
    task_list = {
      next = 0xffffdf653fe6e398, 
      prev = 0xffffdf653fe6e398
    }
  }, 
  nocb_kthread = 0x0, 
  nocb_lock = {
    raw_lock = {
      {
        val = {
          counter = 0
        }, 
        {
          locked = 0 '\000', 
          pending = 0 '\000'
        }, 
        {
          locked_pending = 0, 
          tail = 0
        }
      }
    }
  }, 
  nocb_defer_wakeup = 0, 
  nocb_timer = {
    entry = {
      next = 0x0, 
      pprev = 0x0
    }, 
    expires = 0, 
    function = 0xffff3eb87e0a60f0, 
    flags = 0, 
    kabi_reserved1 = 0, 
    kabi_reserved2 = 0, 
    kabi_reserved3 = 0, 
    kabi_reserved4 = 0
  }, 
  nocb_gp_head = 0x0, 
  nocb_gp_tail = 0x0, 
  nocb_leader_sleep = false, 
  nocb_next_follower = 0x0, 
  nocb_leader = 0x0, 
  softirq_snap = 359, 
  rcu_iw = {
    flags = 0, 
    llnode = {
      next = 0x0
    }, 
    func = 0x0
  }, 
  rcu_iw_pending = false, 
  rcu_iw_gp_seq = 18446744073709550448, 
  rcu_ofl_gp_seq = 18446744073709550416, 
  rcu_ofl_gp_flags = 8, 
  rcu_onl_gp_seq = 18446744073709550449, 
  rcu_onl_gp_flags = 0, 
  cpu = 60, 
  rsp = 0xffff3eb87f209000
}

----------------------------------------
per_cpu(rcu_sched_data, 61) = $79 = {
  gp_seq = 65421, 
  gp_seq_needed = 65420, 
  rcu_qs_ctr_snap = 1, 
  cpu_no_qs = {
    b = {
      norm = 0 '\000', 
      exp = 0 '\000'
    }, 
    s = 0
  }, 
  core_needs_qs = true, 
  beenonline = true, 
  gpwrap = false, 
  mynode = 0xffff3eb87f209a00, 
  grpmask = 8192, 
  ticks_this_gp = 0, 
  cblist = {
    head = 0x0, 
    tails = {0xffffdf653fe9e2b8, 0xffffdf653fe9e2b8, 0xffffdf653fe9e2b8, 0xffffdf653fe9e2b8}, 
    gp_seq = {0, 52132, 52136, 0}, 
    len = 0, 
    len_lazy = 0
  }, 
  qlen_last_fqs_check = 0, 
  n_force_qs_snap = 4, 
  blimit = 10, 
  dynticks = 0xffffdf653fe864b0, 
  dynticks_snap = 59324, 
  dynticks_fqs = 15, 
  cond_resched_completed = 0, 
  barrier_head = {
    next = 0x0, 
    func = 0x0
  }, 
  exp_dynticks_snap = 18358, 
  nocb_head = 0x0, 
  nocb_tail = 0xffffdf653fe9e360, 
  nocb_q_count = {
    counter = 0
  }, 
  nocb_q_count_lazy = {
    counter = 0
  }, 
  nocb_follower_head = 0x0, 
  nocb_follower_tail = 0xffffdf653fe9e380, 
  nocb_wq = {
    lock = {
      raw_lock = {
        {
          val = {
            counter = 0
          }, 
          {
            locked = 0 '\000', 
            pending = 0 '\000'
          }, 
          {
            locked_pending = 0, 
            tail = 0
          }
        }
      }
    }, 
    task_list = {
      next = 0xffffdf653fe9e398, 
      prev = 0xffffdf653fe9e398
    }
  }, 
  nocb_kthread = 0x0, 
  nocb_lock = {
    raw_lock = {
      {
        val = {
          counter = 0
        }, 
        {
          locked = 0 '\000', 
          pending = 0 '\000'
        }, 
        {
          locked_pending = 0, 
          tail = 0
        }
      }
    }
  }, 
  nocb_defer_wakeup = 0, 
  nocb_timer = {
    entry = {
      next = 0x0, 
      pprev = 0x0
    }, 
    expires = 0, 
    function = 0xffff3eb87e0a60f0, 
    flags = 0, 
    kabi_reserved1 = 0, 
    kabi_reserved2 = 0, 
    kabi_reserved3 = 0, 
    kabi_reserved4 = 0
  }, 
  nocb_gp_head = 0x0, 
  nocb_gp_tail = 0x0, 
  nocb_leader_sleep = false, 
  nocb_next_follower = 0x0, 
  nocb_leader = 0x0, 
  softirq_snap = 1483, 
  rcu_iw = {
    flags = 0, 
    llnode = {
      next = 0x0
    }, 
    func = 0x0
  }, 
  rcu_iw_pending = false, 
  rcu_iw_gp_seq = 18446744073709550448, 
  rcu_ofl_gp_seq = 18446744073709550416, 
  rcu_ofl_gp_flags = 8, 
  rcu_onl_gp_seq = 18446744073709550449, 
  rcu_onl_gp_flags = 0, 
  cpu = 61, 
  rsp = 0xffff3eb87f209000
}

----------------------------------------
