/usr/src/debug/kernel-4.19.90-2102.2.0.0062.ctl2.aarch64/linux-4.19.90-2102.2.0.0062.ctl2.aarch64/kernel/locking/qspinlock.c: 355
0xffff3eb87e07e558 <queued_spin_lock_slowpath>:	stp	x29, x30, [sp,#-32]!
0xffff3eb87e07e55c <queued_spin_lock_slowpath+0x4>:	mov	x29, sp
0xffff3eb87e07e560 <queued_spin_lock_slowpath+0x8>:	stp	x19, x20, [sp,#16]
0xffff3eb87e07e564 <queued_spin_lock_slowpath+0xc>:	mov	w20, w1
0xffff3eb87e07e568 <queued_spin_lock_slowpath+0x10>:	mov	x19, x0
0xffff3eb87e07e56c <queued_spin_lock_slowpath+0x14>:	mov	x0, x30
0xffff3eb87e07e570 <queued_spin_lock_slowpath+0x18>:	nop
/usr/src/debug/kernel-4.19.90-2102.2.0.0062.ctl2.aarch64/linux-4.19.90-2102.2.0.0062.ctl2.aarch64/kernel/locking/qspinlock.c: 374
0xffff3eb87e07e574 <queued_spin_lock_slowpath+0x1c>:	cmp	w20, #0x100
0xffff3eb87e07e578 <queued_spin_lock_slowpath+0x20>:	b.eq	0xffff3eb87e07e7b0
/usr/src/debug/kernel-4.19.90-2102.2.0.0062.ctl2.aarch64/linux-4.19.90-2102.2.0.0062.ctl2.aarch64/kernel/locking/qspinlock.c: 383
0xffff3eb87e07e57c <queued_spin_lock_slowpath+0x24>:	tst	w20, #0xffffff00
0xffff3eb87e07e580 <queued_spin_lock_slowpath+0x28>:	b.ne	0xffff3eb87e07e5ec
/usr/src/debug/kernel-4.19.90-2102.2.0.0062.ctl2.aarch64/linux-4.19.90-2102.2.0.0062.ctl2.aarch64/./arch/arm64/include/asm/atomic_lse.h: 78
0xffff3eb87e07e584 <queued_spin_lock_slowpath+0x2c>:	mov	w0, #0x100                 	// #256
0xffff3eb87e07e588 <queued_spin_lock_slowpath+0x30>:	mov	x1, x19
0xffff3eb87e07e58c <queued_spin_lock_slowpath+0x34>:	.inst	0xb8a03260 ; undefined
/usr/src/debug/kernel-4.19.90-2102.2.0.0062.ctl2.aarch64/linux-4.19.90-2102.2.0.0062.ctl2.aarch64/kernel/locking/qspinlock.c: 397
0xffff3eb87e07e590 <queued_spin_lock_slowpath+0x38>:	tst	w0, #0xffffff00
0xffff3eb87e07e594 <queued_spin_lock_slowpath+0x3c>:	b.ne	0xffff3eb87e07e5e0
/usr/src/debug/kernel-4.19.90-2102.2.0.0062.ctl2.aarch64/linux-4.19.90-2102.2.0.0062.ctl2.aarch64/kernel/locking/qspinlock.c: 414
0xffff3eb87e07e598 <queued_spin_lock_slowpath+0x40>:	cbnz	w0, 0xffff3eb87e07e5bc
0xffff3eb87e07e59c <queued_spin_lock_slowpath+0x44>:	b	0xffff3eb87e07e5c8
/usr/src/debug/kernel-4.19.90-2102.2.0.0062.ctl2.aarch64/linux-4.19.90-2102.2.0.0062.ctl2.aarch64/kernel/locking/qspinlock.c: 415
0xffff3eb87e07e5a0 <queued_spin_lock_slowpath+0x48>:	sxtw	x0, w0
/usr/src/debug/kernel-4.19.90-2102.2.0.0062.ctl2.aarch64/linux-4.19.90-2102.2.0.0062.ctl2.aarch64/./arch/arm64/include/asm/cmpxchg.h: 220
0xffff3eb87e07e5a4 <queued_spin_lock_slowpath+0x4c>:	sevl
0xffff3eb87e07e5a8 <queued_spin_lock_slowpath+0x50>:	wfe
0xffff3eb87e07e5ac <queued_spin_lock_slowpath+0x54>:	ldxr	w1, [x19]
0xffff3eb87e07e5b0 <queued_spin_lock_slowpath+0x58>:	eor	w1, w1, w0
0xffff3eb87e07e5b4 <queued_spin_lock_slowpath+0x5c>:	cbnz	w1, 0xffff3eb87e07e5bc
0xffff3eb87e07e5b8 <queued_spin_lock_slowpath+0x60>:	wfe
/usr/src/debug/kernel-4.19.90-2102.2.0.0062.ctl2.aarch64/linux-4.19.90-2102.2.0.0062.ctl2.aarch64/kernel/locking/qspinlock.c: 415
0xffff3eb87e07e5bc <queued_spin_lock_slowpath+0x64>:	ldar	w0, [x19]
0xffff3eb87e07e5c0 <queued_spin_lock_slowpath+0x68>:	and	w1, w0, #0xff
0xffff3eb87e07e5c4 <queued_spin_lock_slowpath+0x6c>:	cbnz	w1, 0xffff3eb87e07e5a0
/usr/src/debug/kernel-4.19.90-2102.2.0.0062.ctl2.aarch64/linux-4.19.90-2102.2.0.0062.ctl2.aarch64/./include/linux/compiler.h: 218
0xffff3eb87e07e5c8 <queued_spin_lock_slowpath+0x70>:	mov	w0, #0x1                   	// #1
0xffff3eb87e07e5cc <queued_spin_lock_slowpath+0x74>:	strh	w0, [x19]
/usr/src/debug/kernel-4.19.90-2102.2.0.0062.ctl2.aarch64/linux-4.19.90-2102.2.0.0062.ctl2.aarch64/kernel/locking/qspinlock.c: 585
0xffff3eb87e07e5d0 <queued_spin_lock_slowpath+0x78>:	ldp	x19, x20, [sp,#16]
0xffff3eb87e07e5d4 <queued_spin_lock_slowpath+0x7c>:	ldp	x29, x30, [sp],#32
0xffff3eb87e07e5d8 <queued_spin_lock_slowpath+0x80>:	ret
0xffff3eb87e07e5dc <queued_spin_lock_slowpath+0x84>:	nop
/usr/src/debug/kernel-4.19.90-2102.2.0.0062.ctl2.aarch64/linux-4.19.90-2102.2.0.0062.ctl2.aarch64/kernel/locking/qspinlock.c: 398
0xffff3eb87e07e5e0 <queued_spin_lock_slowpath+0x88>:	tst	w0, #0xff00
0xffff3eb87e07e5e4 <queued_spin_lock_slowpath+0x8c>:	b.ne	0xffff3eb87e07e5ec
/usr/src/debug/kernel-4.19.90-2102.2.0.0062.ctl2.aarch64/linux-4.19.90-2102.2.0.0062.ctl2.aarch64/./include/linux/compiler.h: 217
0xffff3eb87e07e5e8 <queued_spin_lock_slowpath+0x90>:	strb	wzr, [x19,#1]
/usr/src/debug/kernel-4.19.90-2102.2.0.0062.ctl2.aarch64/linux-4.19.90-2102.2.0.0062.ctl2.aarch64/./arch/arm64/include/asm/percpu.h: 45
0xffff3eb87e07e5ec <queued_spin_lock_slowpath+0x94>:	mov	x1, sp
/usr/src/debug/kernel-4.19.90-2102.2.0.0062.ctl2.aarch64/linux-4.19.90-2102.2.0.0062.ctl2.aarch64/kernel/locking/qspinlock.c: 433
0xffff3eb87e07e5f0 <queued_spin_lock_slowpath+0x98>:	adrp	x3, 0xffff3eb87eebe000
/usr/src/debug/kernel-4.19.90-2102.2.0.0062.ctl2.aarch64/linux-4.19.90-2102.2.0.0062.ctl2.aarch64/./arch/arm64/include/asm/percpu.h: 41
0xffff3eb87e07e5f4 <queued_spin_lock_slowpath+0x9c>:	mrs	x0, tpidr_el2
/usr/src/debug/kernel-4.19.90-2102.2.0.0062.ctl2.aarch64/linux-4.19.90-2102.2.0.0062.ctl2.aarch64/kernel/locking/qspinlock.c: 433
0xffff3eb87e07e5f8 <queued_spin_lock_slowpath+0xa0>:	add	x4, x3, #0x240
0xffff3eb87e07e5fc <queued_spin_lock_slowpath+0xa4>:	add	x4, x4, x0
/usr/src/debug/kernel-4.19.90-2102.2.0.0062.ctl2.aarch64/linux-4.19.90-2102.2.0.0062.ctl2.aarch64/kernel/locking/qspinlock.c: 435
0xffff3eb87e07e600 <queued_spin_lock_slowpath+0xa8>:	adrp	x0, 0xffff3eb87eea0000
0xffff3eb87e07e604 <queued_spin_lock_slowpath+0xac>:	add	x0, x0, #0x18
/usr/src/debug/kernel-4.19.90-2102.2.0.0062.ctl2.aarch64/linux-4.19.90-2102.2.0.0062.ctl2.aarch64/kernel/locking/qspinlock.c: 434
0xffff3eb87e07e608 <queued_spin_lock_slowpath+0xb0>:	ldr	w5, [x4,#12]
0xffff3eb87e07e60c <queued_spin_lock_slowpath+0xb4>:	add	w2, w5, #0x1
0xffff3eb87e07e610 <queued_spin_lock_slowpath+0xb8>:	str	w2, [x4,#12]
/usr/src/debug/kernel-4.19.90-2102.2.0.0062.ctl2.aarch64/linux-4.19.90-2102.2.0.0062.ctl2.aarch64/kernel/locking/qspinlock.c: 446
0xffff3eb87e07e614 <queued_spin_lock_slowpath+0xbc>:	cmp	w5, #0x3
/usr/src/debug/kernel-4.19.90-2102.2.0.0062.ctl2.aarch64/linux-4.19.90-2102.2.0.0062.ctl2.aarch64/./arch/arm64/include/asm/percpu.h: 41
0xffff3eb87e07e618 <queued_spin_lock_slowpath+0xc0>:	mrs	x1, tpidr_el2
/usr/src/debug/kernel-4.19.90-2102.2.0.0062.ctl2.aarch64/linux-4.19.90-2102.2.0.0062.ctl2.aarch64/kernel/locking/qspinlock.c: 435
0xffff3eb87e07e61c <queued_spin_lock_slowpath+0xc4>:	ldr	w7, [x0,x1]
/usr/src/debug/kernel-4.19.90-2102.2.0.0062.ctl2.aarch64/linux-4.19.90-2102.2.0.0062.ctl2.aarch64/kernel/locking/qspinlock.c: 446
0xffff3eb87e07e620 <queued_spin_lock_slowpath+0xc8>:	b.gt	0xffff3eb87e07e694
/usr/src/debug/kernel-4.19.90-2102.2.0.0062.ctl2.aarch64/linux-4.19.90-2102.2.0.0062.ctl2.aarch64/kernel/locking/qspinlock.c: 147
0xffff3eb87e07e624 <queued_spin_lock_slowpath+0xcc>:	sbfiz	x8, x5, #4, #32
0xffff3eb87e07e628 <queued_spin_lock_slowpath+0xd0>:	add	x6, x4, x8
/usr/src/debug/kernel-4.19.90-2102.2.0.0062.ctl2.aarch64/linux-4.19.90-2102.2.0.0062.ctl2.aarch64/kernel/locking/qspinlock.c: 467
0xffff3eb87e07e62c <queued_spin_lock_slowpath+0xd4>:	str	wzr, [x6,#8]
/usr/src/debug/kernel-4.19.90-2102.2.0.0062.ctl2.aarch64/linux-4.19.90-2102.2.0.0062.ctl2.aarch64/kernel/locking/qspinlock.c: 468
0xffff3eb87e07e630 <queued_spin_lock_slowpath+0xd8>:	str	xzr, [x4,x8]
/usr/src/debug/kernel-4.19.90-2102.2.0.0062.ctl2.aarch64/linux-4.19.90-2102.2.0.0062.ctl2.aarch64/./include/linux/compiler.h: 193
0xffff3eb87e07e634 <queued_spin_lock_slowpath+0xdc>:	ldr	w0, [x19]
/usr/src/debug/kernel-4.19.90-2102.2.0.0062.ctl2.aarch64/linux-4.19.90-2102.2.0.0062.ctl2.aarch64/./include/asm-generic/qspinlock.h: 69
0xffff3eb87e07e638 <queued_spin_lock_slowpath+0xe0>:	cbnz	w0, 0xffff3eb87e07e6b0
/usr/src/debug/kernel-4.19.90-2102.2.0.0062.ctl2.aarch64/linux-4.19.90-2102.2.0.0062.ctl2.aarch64/./arch/arm64/include/asm/atomic_lse.h: 515
0xffff3eb87e07e63c <queued_spin_lock_slowpath+0xe4>:	mov	x0, x19
0xffff3eb87e07e640 <queued_spin_lock_slowpath+0xe8>:	mov	x1, #0x0                   	// #0
0xffff3eb87e07e644 <queued_spin_lock_slowpath+0xec>:	mov	x2, #0x1                   	// #1
0xffff3eb87e07e648 <queued_spin_lock_slowpath+0xf0>:	mov	w30, w1
0xffff3eb87e07e64c <queued_spin_lock_slowpath+0xf4>:	.inst	0x88fe7e62 ; undefined
0xffff3eb87e07e650 <queued_spin_lock_slowpath+0xf8>:	mov	w0, w30
/usr/src/debug/kernel-4.19.90-2102.2.0.0062.ctl2.aarch64/linux-4.19.90-2102.2.0.0062.ctl2.aarch64/./include/asm-generic/qspinlock.h: 69
0xffff3eb87e07e654 <queued_spin_lock_slowpath+0xfc>:	cbnz	w0, 0xffff3eb87e07e6b0
/usr/src/debug/kernel-4.19.90-2102.2.0.0062.ctl2.aarch64/linux-4.19.90-2102.2.0.0062.ctl2.aarch64/kernel/locking/qspinlock.c: 584
0xffff3eb87e07e658 <queued_spin_lock_slowpath+0x100>:	add	x0, x3, #0x240
/usr/src/debug/kernel-4.19.90-2102.2.0.0062.ctl2.aarch64/linux-4.19.90-2102.2.0.0062.ctl2.aarch64/./arch/arm64/include/asm/percpu.h: 41
0xffff3eb87e07e65c <queued_spin_lock_slowpath+0x104>:	mrs	x2, tpidr_el2
/usr/src/debug/kernel-4.19.90-2102.2.0.0062.ctl2.aarch64/linux-4.19.90-2102.2.0.0062.ctl2.aarch64/kernel/locking/qspinlock.c: 584
0xffff3eb87e07e660 <queued_spin_lock_slowpath+0x108>:	add	x0, x0, #0xc
0xffff3eb87e07e664 <queued_spin_lock_slowpath+0x10c>:	ldr	w1, [x0,x2]
0xffff3eb87e07e668 <queued_spin_lock_slowpath+0x110>:	sub	w1, w1, #0x1
0xffff3eb87e07e66c <queued_spin_lock_slowpath+0x114>:	str	w1, [x0,x2]
/usr/src/debug/kernel-4.19.90-2102.2.0.0062.ctl2.aarch64/linux-4.19.90-2102.2.0.0062.ctl2.aarch64/kernel/locking/qspinlock.c: 585
0xffff3eb87e07e670 <queued_spin_lock_slowpath+0x118>:	ldp	x19, x20, [sp,#16]
0xffff3eb87e07e674 <queued_spin_lock_slowpath+0x11c>:	ldp	x29, x30, [sp],#32
0xffff3eb87e07e678 <queued_spin_lock_slowpath+0x120>:	ret
0xffff3eb87e07e67c <queued_spin_lock_slowpath+0x124>:	nop
/usr/src/debug/kernel-4.19.90-2102.2.0.0062.ctl2.aarch64/linux-4.19.90-2102.2.0.0062.ctl2.aarch64/./arch/arm64/include/asm/atomic_lse.h: 515
0xffff3eb87e07e680 <queued_spin_lock_slowpath+0x128>:	mov	w30, w1
0xffff3eb87e07e684 <queued_spin_lock_slowpath+0x12c>:	.inst	0x88fe7e62 ; undefined
0xffff3eb87e07e688 <queued_spin_lock_slowpath+0x130>:	mov	w0, w30
/usr/src/debug/kernel-4.19.90-2102.2.0.0062.ctl2.aarch64/linux-4.19.90-2102.2.0.0062.ctl2.aarch64/./include/asm-generic/qspinlock.h: 69
0xffff3eb87e07e68c <queued_spin_lock_slowpath+0x134>:	cbz	w0, 0xffff3eb87e07e658
/usr/src/debug/kernel-4.19.90-2102.2.0.0062.ctl2.aarch64/linux-4.19.90-2102.2.0.0062.ctl2.aarch64/./arch/arm64/include/asm/processor.h: 244
0xffff3eb87e07e690 <queued_spin_lock_slowpath+0x138>:	yield
/usr/src/debug/kernel-4.19.90-2102.2.0.0062.ctl2.aarch64/linux-4.19.90-2102.2.0.0062.ctl2.aarch64/./include/linux/compiler.h: 193
0xffff3eb87e07e694 <queued_spin_lock_slowpath+0x13c>:	ldr	w4, [x19]
/usr/src/debug/kernel-4.19.90-2102.2.0.0062.ctl2.aarch64/linux-4.19.90-2102.2.0.0062.ctl2.aarch64/./arch/arm64/include/asm/atomic_lse.h: 515
0xffff3eb87e07e698 <queued_spin_lock_slowpath+0x140>:	mov	x0, x19
0xffff3eb87e07e69c <queued_spin_lock_slowpath+0x144>:	mov	x1, #0x0                   	// #0
0xffff3eb87e07e6a0 <queued_spin_lock_slowpath+0x148>:	mov	x2, #0x1                   	// #1
/usr/src/debug/kernel-4.19.90-2102.2.0.0062.ctl2.aarch64/linux-4.19.90-2102.2.0.0062.ctl2.aarch64/./include/asm-generic/qspinlock.h: 69
0xffff3eb87e07e6a4 <queued_spin_lock_slowpath+0x14c>:	cbnz	w4, 0xffff3eb87e07e690
0xffff3eb87e07e6a8 <queued_spin_lock_slowpath+0x150>:	b	0xffff3eb87e07e680
0xffff3eb87e07e6ac <queued_spin_lock_slowpath+0x154>:	nop
/usr/src/debug/kernel-4.19.90-2102.2.0.0062.ctl2.aarch64/linux-4.19.90-2102.2.0.0062.ctl2.aarch64/kernel/locking/qspinlock.c: 130
0xffff3eb87e07e6b0 <queued_spin_lock_slowpath+0x158>:	add	w2, w7, #0x1
/usr/src/debug/kernel-4.19.90-2102.2.0.0062.ctl2.aarch64/linux-4.19.90-2102.2.0.0062.ctl2.aarch64/kernel/locking/qspinlock.c: 131
0xffff3eb87e07e6b4 <queued_spin_lock_slowpath+0x15c>:	lsl	w5, w5, #16
0xffff3eb87e07e6b8 <queued_spin_lock_slowpath+0x160>:	orr	w2, w5, w2, lsl #18
/usr/src/debug/kernel-4.19.90-2102.2.0.0062.ctl2.aarch64/linux-4.19.90-2102.2.0.0062.ctl2.aarch64/kernel/locking/qspinlock.c: 484
0xffff3eb87e07e6bc <queued_spin_lock_slowpath+0x164>:	dmb	ishst
/usr/src/debug/kernel-4.19.90-2102.2.0.0062.ctl2.aarch64/linux-4.19.90-2102.2.0.0062.ctl2.aarch64/kernel/locking/qspinlock.c: 193
0xffff3eb87e07e6c0 <queued_spin_lock_slowpath+0x168>:	lsr	w1, w2, #16
/usr/src/debug/kernel-4.19.90-2102.2.0.0062.ctl2.aarch64/linux-4.19.90-2102.2.0.0062.ctl2.aarch64/./arch/arm64/include/asm/cmpxchg.h: 58
0xffff3eb87e07e6c4 <queued_spin_lock_slowpath+0x16c>:	add	x7, x19, #0x2
0xffff3eb87e07e6c8 <queued_spin_lock_slowpath+0x170>:	.inst	0x782180e0 ; undefined
0xffff3eb87e07e6cc <queued_spin_lock_slowpath+0x174>:	nop
0xffff3eb87e07e6d0 <queued_spin_lock_slowpath+0x178>:	nop
0xffff3eb87e07e6d4 <queued_spin_lock_slowpath+0x17c>:	nop
/usr/src/debug/kernel-4.19.90-2102.2.0.0062.ctl2.aarch64/linux-4.19.90-2102.2.0.0062.ctl2.aarch64/kernel/locking/qspinlock.c: 193
0xffff3eb87e07e6d8 <queued_spin_lock_slowpath+0x180>:	and	w0, w0, #0xffff
/usr/src/debug/kernel-4.19.90-2102.2.0.0062.ctl2.aarch64/linux-4.19.90-2102.2.0.0062.ctl2.aarch64/kernel/locking/qspinlock.c: 194
0xffff3eb87e07e6dc <queued_spin_lock_slowpath+0x184>:	lsl	w1, w0, #16
/usr/src/debug/kernel-4.19.90-2102.2.0.0062.ctl2.aarch64/linux-4.19.90-2102.2.0.0062.ctl2.aarch64/kernel/locking/qspinlock.c: 500
0xffff3eb87e07e6e0 <queued_spin_lock_slowpath+0x188>:	cbz	w1, 0xffff3eb87e07e748
/usr/src/debug/kernel-4.19.90-2102.2.0.0062.ctl2.aarch64/linux-4.19.90-2102.2.0.0062.ctl2.aarch64/kernel/locking/qspinlock.c: 138
0xffff3eb87e07e6e4 <queued_spin_lock_slowpath+0x18c>:	lsr	w1, w1, #18
/usr/src/debug/kernel-4.19.90-2102.2.0.0062.ctl2.aarch64/linux-4.19.90-2102.2.0.0062.ctl2.aarch64/kernel/locking/qspinlock.c: 141
0xffff3eb87e07e6e8 <queued_spin_lock_slowpath+0x190>:	adrp	x7, 0xffff3eb87f1d3000
/usr/src/debug/kernel-4.19.90-2102.2.0.0062.ctl2.aarch64/linux-4.19.90-2102.2.0.0062.ctl2.aarch64/kernel/locking/qspinlock.c: 138
0xffff3eb87e07e6ec <queued_spin_lock_slowpath+0x194>:	sub	w5, w1, #0x1
/usr/src/debug/kernel-4.19.90-2102.2.0.0062.ctl2.aarch64/linux-4.19.90-2102.2.0.0062.ctl2.aarch64/kernel/locking/qspinlock.c: 141
0xffff3eb87e07e6f0 <queued_spin_lock_slowpath+0x198>:	add	x7, x7, #0x7c8
0xffff3eb87e07e6f4 <queued_spin_lock_slowpath+0x19c>:	add	x1, x3, #0x240
0xffff3eb87e07e6f8 <queued_spin_lock_slowpath+0x1a0>:	ubfiz	x0, x0, #4, #2
0xffff3eb87e07e6fc <queued_spin_lock_slowpath+0x1a4>:	add	x1, x1, x0
/usr/src/debug/kernel-4.19.90-2102.2.0.0062.ctl2.aarch64/linux-4.19.90-2102.2.0.0062.ctl2.aarch64/kernel/locking/qspinlock.c: 507
0xffff3eb87e07e700 <queued_spin_lock_slowpath+0x1a8>:	add	x0, x6, #0x8
/usr/src/debug/kernel-4.19.90-2102.2.0.0062.ctl2.aarch64/linux-4.19.90-2102.2.0.0062.ctl2.aarch64/kernel/locking/qspinlock.c: 141
0xffff3eb87e07e704 <queued_spin_lock_slowpath+0x1ac>:	ldr	x5, [x7,w5,sxtw #3]
/usr/src/debug/kernel-4.19.90-2102.2.0.0062.ctl2.aarch64/linux-4.19.90-2102.2.0.0062.ctl2.aarch64/./include/linux/compiler.h: 220
0xffff3eb87e07e708 <queued_spin_lock_slowpath+0x1b0>:	str	x6, [x1,x5]
/usr/src/debug/kernel-4.19.90-2102.2.0.0062.ctl2.aarch64/linux-4.19.90-2102.2.0.0062.ctl2.aarch64/kernel/locking/qspinlock.c: 507
0xffff3eb87e07e70c <queued_spin_lock_slowpath+0x1b4>:	ldar	w1, [x0]
0xffff3eb87e07e710 <queued_spin_lock_slowpath+0x1b8>:	cbnz	w1, 0xffff3eb87e07e738
/usr/src/debug/kernel-4.19.90-2102.2.0.0062.ctl2.aarch64/linux-4.19.90-2102.2.0.0062.ctl2.aarch64/./arch/arm64/include/asm/cmpxchg.h: 220
0xffff3eb87e07e714 <queued_spin_lock_slowpath+0x1bc>:	mov	x1, #0x0                   	// #0
0xffff3eb87e07e718 <queued_spin_lock_slowpath+0x1c0>:	sevl
0xffff3eb87e07e71c <queued_spin_lock_slowpath+0x1c4>:	wfe
0xffff3eb87e07e720 <queued_spin_lock_slowpath+0x1c8>:	ldxr	w5, [x0]
0xffff3eb87e07e724 <queued_spin_lock_slowpath+0x1cc>:	eor	w5, w5, w1
0xffff3eb87e07e728 <queued_spin_lock_slowpath+0x1d0>:	cbnz	w5, 0xffff3eb87e07e730
0xffff3eb87e07e72c <queued_spin_lock_slowpath+0x1d4>:	wfe
/usr/src/debug/kernel-4.19.90-2102.2.0.0062.ctl2.aarch64/linux-4.19.90-2102.2.0.0062.ctl2.aarch64/kernel/locking/qspinlock.c: 507
0xffff3eb87e07e730 <queued_spin_lock_slowpath+0x1d8>:	ldar	w5, [x0]
0xffff3eb87e07e734 <queued_spin_lock_slowpath+0x1dc>:	cbz	w5, 0xffff3eb87e07e718
/usr/src/debug/kernel-4.19.90-2102.2.0.0062.ctl2.aarch64/linux-4.19.90-2102.2.0.0062.ctl2.aarch64/./include/linux/compiler.h: 193
0xffff3eb87e07e738 <queued_spin_lock_slowpath+0x1e0>:	ldr	x7, [x4,x8]
/usr/src/debug/kernel-4.19.90-2102.2.0.0062.ctl2.aarch64/linux-4.19.90-2102.2.0.0062.ctl2.aarch64/kernel/locking/qspinlock.c: 516
0xffff3eb87e07e73c <queued_spin_lock_slowpath+0x1e4>:	cbz	x7, 0xffff3eb87e07e748
/usr/src/debug/kernel-4.19.90-2102.2.0.0062.ctl2.aarch64/linux-4.19.90-2102.2.0.0062.ctl2.aarch64/./arch/arm64/include/asm/processor.h: 269
0xffff3eb87e07e740 <queued_spin_lock_slowpath+0x1e8>:	prfm	pstl1keep, [x7]
0xffff3eb87e07e744 <queued_spin_lock_slowpath+0x1ec>:	b	0xffff3eb87e07e74c
/usr/src/debug/kernel-4.19.90-2102.2.0.0062.ctl2.aarch64/linux-4.19.90-2102.2.0.0062.ctl2.aarch64/kernel/locking/qspinlock.c: 494
0xffff3eb87e07e748 <queued_spin_lock_slowpath+0x1f0>:	mov	x7, #0x0                   	// #0
/usr/src/debug/kernel-4.19.90-2102.2.0.0062.ctl2.aarch64/linux-4.19.90-2102.2.0.0062.ctl2.aarch64/kernel/locking/qspinlock.c: 544
0xffff3eb87e07e74c <queued_spin_lock_slowpath+0x1f4>:	ldar	w5, [x19]
0xffff3eb87e07e750 <queued_spin_lock_slowpath+0x1f8>:	mov	w0, w5
0xffff3eb87e07e754 <queued_spin_lock_slowpath+0x1fc>:	and	w1, w5, #0xffff
0xffff3eb87e07e758 <queued_spin_lock_slowpath+0x200>:	cbz	w1, 0xffff3eb87e07e788
0xffff3eb87e07e75c <queued_spin_lock_slowpath+0x204>:	sxtw	x0, w0
/usr/src/debug/kernel-4.19.90-2102.2.0.0062.ctl2.aarch64/linux-4.19.90-2102.2.0.0062.ctl2.aarch64/./arch/arm64/include/asm/cmpxchg.h: 220
0xffff3eb87e07e760 <queued_spin_lock_slowpath+0x208>:	sevl
0xffff3eb87e07e764 <queued_spin_lock_slowpath+0x20c>:	wfe
0xffff3eb87e07e768 <queued_spin_lock_slowpath+0x210>:	ldxr	w1, [x19]
0xffff3eb87e07e76c <queued_spin_lock_slowpath+0x214>:	eor	w1, w1, w0
0xffff3eb87e07e770 <queued_spin_lock_slowpath+0x218>:	cbnz	w1, 0xffff3eb87e07e778
0xffff3eb87e07e774 <queued_spin_lock_slowpath+0x21c>:	wfe
/usr/src/debug/kernel-4.19.90-2102.2.0.0062.ctl2.aarch64/linux-4.19.90-2102.2.0.0062.ctl2.aarch64/kernel/locking/qspinlock.c: 544
0xffff3eb87e07e778 <queued_spin_lock_slowpath+0x220>:	ldar	w0, [x19]
0xffff3eb87e07e77c <queued_spin_lock_slowpath+0x224>:	mov	w5, w0
0xffff3eb87e07e780 <queued_spin_lock_slowpath+0x228>:	and	w1, w0, #0xffff
0xffff3eb87e07e784 <queued_spin_lock_slowpath+0x22c>:	cbnz	w1, 0xffff3eb87e07e75c
/usr/src/debug/kernel-4.19.90-2102.2.0.0062.ctl2.aarch64/linux-4.19.90-2102.2.0.0062.ctl2.aarch64/kernel/locking/qspinlock.c: 564
0xffff3eb87e07e788 <queued_spin_lock_slowpath+0x230>:	and	w0, w5, #0xffff0000
0xffff3eb87e07e78c <queued_spin_lock_slowpath+0x234>:	cmp	w0, w2
0xffff3eb87e07e790 <queued_spin_lock_slowpath+0x238>:	b.eq	0xffff3eb87e07e810
/usr/src/debug/kernel-4.19.90-2102.2.0.0062.ctl2.aarch64/linux-4.19.90-2102.2.0.0062.ctl2.aarch64/./include/linux/compiler.h: 217
0xffff3eb87e07e794 <queued_spin_lock_slowpath+0x23c>:	mov	w0, #0x1                   	// #1
0xffff3eb87e07e798 <queued_spin_lock_slowpath+0x240>:	strb	w0, [x19]
/usr/src/debug/kernel-4.19.90-2102.2.0.0062.ctl2.aarch64/linux-4.19.90-2102.2.0.0062.ctl2.aarch64/kernel/locking/qspinlock.c: 574
0xffff3eb87e07e79c <queued_spin_lock_slowpath+0x244>:	cbz	x7, 0xffff3eb87e07e7e0
/usr/src/debug/kernel-4.19.90-2102.2.0.0062.ctl2.aarch64/linux-4.19.90-2102.2.0.0062.ctl2.aarch64/kernel/locking/qspinlock.c: 325
0xffff3eb87e07e7a0 <queued_spin_lock_slowpath+0x248>:	mov	w0, #0x1                   	// #1
0xffff3eb87e07e7a4 <queued_spin_lock_slowpath+0x24c>:	add	x1, x7, #0x8
0xffff3eb87e07e7a8 <queued_spin_lock_slowpath+0x250>:	stlr	w0, [x1]
0xffff3eb87e07e7ac <queued_spin_lock_slowpath+0x254>:	b	0xffff3eb87e07e658
/usr/src/debug/kernel-4.19.90-2102.2.0.0062.ctl2.aarch64/linux-4.19.90-2102.2.0.0062.ctl2.aarch64/./include/linux/compiler.h: 193
0xffff3eb87e07e7b0 <queued_spin_lock_slowpath+0x258>:	ldr	w20, [x19]
/usr/src/debug/kernel-4.19.90-2102.2.0.0062.ctl2.aarch64/linux-4.19.90-2102.2.0.0062.ctl2.aarch64/kernel/locking/qspinlock.c: 376
0xffff3eb87e07e7b4 <queued_spin_lock_slowpath+0x25c>:	cmp	w20, #0x100
0xffff3eb87e07e7b8 <queued_spin_lock_slowpath+0x260>:	b.ne	0xffff3eb87e07e57c
/usr/src/debug/kernel-4.19.90-2102.2.0.0062.ctl2.aarch64/linux-4.19.90-2102.2.0.0062.ctl2.aarch64/./arch/arm64/include/asm/cmpxchg.h: 220
0xffff3eb87e07e7bc <queued_spin_lock_slowpath+0x264>:	mov	x0, #0x100                 	// #256
0xffff3eb87e07e7c0 <queued_spin_lock_slowpath+0x268>:	sevl
0xffff3eb87e07e7c4 <queued_spin_lock_slowpath+0x26c>:	wfe
0xffff3eb87e07e7c8 <queued_spin_lock_slowpath+0x270>:	ldxr	w1, [x19]
0xffff3eb87e07e7cc <queued_spin_lock_slowpath+0x274>:	eor	w1, w1, w0
0xffff3eb87e07e7d0 <queued_spin_lock_slowpath+0x278>:	cbnz	w1, 0xffff3eb87e07e7d8
0xffff3eb87e07e7d4 <queued_spin_lock_slowpath+0x27c>:	wfe
/usr/src/debug/kernel-4.19.90-2102.2.0.0062.ctl2.aarch64/linux-4.19.90-2102.2.0.0062.ctl2.aarch64/./include/linux/compiler.h: 193
0xffff3eb87e07e7d8 <queued_spin_lock_slowpath+0x280>:	ldr	w20, [x19]
0xffff3eb87e07e7dc <queued_spin_lock_slowpath+0x284>:	b	0xffff3eb87e07e57c
0xffff3eb87e07e7e0 <queued_spin_lock_slowpath+0x288>:	ldr	x7, [x4,x8]
/usr/src/debug/kernel-4.19.90-2102.2.0.0062.ctl2.aarch64/linux-4.19.90-2102.2.0.0062.ctl2.aarch64/./arch/arm64/include/asm/cmpxchg.h: 221
0xffff3eb87e07e7e4 <queued_spin_lock_slowpath+0x28c>:	mov	x0, #0x0                   	// #0
/usr/src/debug/kernel-4.19.90-2102.2.0.0062.ctl2.aarch64/linux-4.19.90-2102.2.0.0062.ctl2.aarch64/kernel/locking/qspinlock.c: 575
0xffff3eb87e07e7e8 <queued_spin_lock_slowpath+0x290>:	cbnz	x7, 0xffff3eb87e07e7a0
/usr/src/debug/kernel-4.19.90-2102.2.0.0062.ctl2.aarch64/linux-4.19.90-2102.2.0.0062.ctl2.aarch64/./arch/arm64/include/asm/cmpxchg.h: 221
0xffff3eb87e07e7ec <queued_spin_lock_slowpath+0x294>:	sevl
0xffff3eb87e07e7f0 <queued_spin_lock_slowpath+0x298>:	wfe
0xffff3eb87e07e7f4 <queued_spin_lock_slowpath+0x29c>:	ldxr	x1, [x6]
0xffff3eb87e07e7f8 <queued_spin_lock_slowpath+0x2a0>:	eor	x1, x1, x0
0xffff3eb87e07e7fc <queued_spin_lock_slowpath+0x2a4>:	cbnz	x1, 0xffff3eb87e07e804
0xffff3eb87e07e800 <queued_spin_lock_slowpath+0x2a8>:	wfe
/usr/src/debug/kernel-4.19.90-2102.2.0.0062.ctl2.aarch64/linux-4.19.90-2102.2.0.0062.ctl2.aarch64/./include/linux/compiler.h: 193
0xffff3eb87e07e804 <queued_spin_lock_slowpath+0x2ac>:	ldr	x7, [x6]
/usr/src/debug/kernel-4.19.90-2102.2.0.0062.ctl2.aarch64/linux-4.19.90-2102.2.0.0062.ctl2.aarch64/kernel/locking/qspinlock.c: 575
0xffff3eb87e07e808 <queued_spin_lock_slowpath+0x2b0>:	cbz	x7, 0xffff3eb87e07e7ec
0xffff3eb87e07e80c <queued_spin_lock_slowpath+0x2b4>:	b	0xffff3eb87e07e7a0
/usr/src/debug/kernel-4.19.90-2102.2.0.0062.ctl2.aarch64/linux-4.19.90-2102.2.0.0062.ctl2.aarch64/./arch/arm64/include/asm/atomic_lse.h: 511
0xffff3eb87e07e810 <queued_spin_lock_slowpath+0x2b8>:	mov	x0, x19
0xffff3eb87e07e814 <queued_spin_lock_slowpath+0x2bc>:	mov	w1, w5
0xffff3eb87e07e818 <queued_spin_lock_slowpath+0x2c0>:	mov	x2, #0x1                   	// #1
0xffff3eb87e07e81c <queued_spin_lock_slowpath+0x2c4>:	mov	w30, w1
0xffff3eb87e07e820 <queued_spin_lock_slowpath+0x2c8>:	.inst	0x88be7e62 ; undefined
0xffff3eb87e07e824 <queued_spin_lock_slowpath+0x2cc>:	mov	w0, w30
/usr/src/debug/kernel-4.19.90-2102.2.0.0062.ctl2.aarch64/linux-4.19.90-2102.2.0.0062.ctl2.aarch64/kernel/locking/qspinlock.c: 564
0xffff3eb87e07e828 <queued_spin_lock_slowpath+0x2d0>:	cmp	w5, w0
0xffff3eb87e07e82c <queued_spin_lock_slowpath+0x2d4>:	b.eq	0xffff3eb87e07e658
0xffff3eb87e07e830 <queued_spin_lock_slowpath+0x2d8>:	b	0xffff3eb87e07e794

0xffff3eb87e07e834 <queued_spin_lock_slowpath+0x2dc>:	.inst	0xb8a03260 ; undefined
0xffff3eb87e07e838 <queued_spin_lock_slowpath+0x2e0>:	mrs	x0, tpidr_el2
0xffff3eb87e07e83c <queued_spin_lock_slowpath+0x2e4>:	mrs	x1, tpidr_el2
0xffff3eb87e07e840 <queued_spin_lock_slowpath+0x2e8>:	mov	w30, w1
0xffff3eb87e07e844 <queued_spin_lock_slowpath+0x2ec>:	.inst	0x88fe7e62 ; undefined
0xffff3eb87e07e848 <queued_spin_lock_slowpath+0x2f0>:	mov	w0, w30
0xffff3eb87e07e84c <queued_spin_lock_slowpath+0x2f4>:	mrs	x2, tpidr_el2
0xffff3eb87e07e850 <queued_spin_lock_slowpath+0x2f8>:	mov	w30, w1
0xffff3eb87e07e854 <queued_spin_lock_slowpath+0x2fc>:	.inst	0x88fe7e62 ; undefined
0xffff3eb87e07e858 <queued_spin_lock_slowpath+0x300>:	mov	w0, w30
0xffff3eb87e07e85c <queued_spin_lock_slowpath+0x304>:	.inst	0x782180e0 ; undefined
0xffff3eb87e07e860 <queued_spin_lock_slowpath+0x308>:	nop
0xffff3eb87e07e864 <queued_spin_lock_slowpath+0x30c>:	nop
0xffff3eb87e07e868 <queued_spin_lock_slowpath+0x310>:	nop
0xffff3eb87e07e86c <queued_spin_lock_slowpath+0x314>:	mov	w30, w1
0xffff3eb87e07e870 <queued_spin_lock_slowpath+0x318>:	.inst	0x88be7e62 ; undefined
0xffff3eb87e07e874 <queued_spin_lock_slowpath+0x31c>:	mov	w0, w30
