per_cpu(qnodes, 0) = $75 = 
 {{
    mcs = {
      next = 0xffffdf653fd1e240, 
      locked = 1, 
      count = 0
    }
  }, {
    mcs = {
      next = 0x0, 
      locked = 0, 
      count = 0
    }
  }, {
    mcs = {
      next = 0x0, 
      locked = 0, 
      count = 0
    }
  }, {
    mcs = {
      next = 0x0, 
      locked = 0, 
      count = 0
    }
  }}
per_cpu(qnodes, 1) = $76 = 
 {{
    mcs = {
      next = 0xffffdf653f98e240, 
      locked = 1, 
      count = 0
    }
  }, {
    mcs = {
      next = 0x0, 
      locked = 0, 
      count = 0
    }
  }, {
    mcs = {
      next = 0x0, 
      locked = 0, 
      count = 0
    }
  }, {
    mcs = {
      next = 0x0, 
      locked = 0, 
      count = 0
    }
  }}
per_cpu(qnodes, 2) = $77 = 
 {{
    mcs = {
      next = 0xffffbf657fb9e240, 
      locked = 0, 
      count = 1
    }
  }, {
    mcs = {
      next = 0x0, 
      locked = 0, 
      count = 0
    }
  }, {
    mcs = {
      next = 0x0, 
      locked = 0, 
      count = 0
    }
  }, {
    mcs = {
      next = 0x0, 
      locked = 0, 
      count = 0
    }
  }}
per_cpu(qnodes, 3) = $78 = 
 {{
    mcs = {
      next = 0x0, 
      locked = 0, 
      count = 0
    }
  }, {
    mcs = {
      next = 0x0, 
      locked = 0, 
      count = 0
    }
  }, {
    mcs = {
      next = 0x0, 
      locked = 0, 
      count = 0
    }
  }, {
    mcs = {
      next = 0x0, 
      locked = 0, 
      count = 0
    }
  }}
per_cpu(qnodes, 4) = $79 = 
 {{
    mcs = {
      next = 0x0, 
      locked = 1, 
      count = 0
    }
  }, {
    mcs = {
      next = 0x0, 
      locked = 0, 
      count = 0
    }
  }, {
    mcs = {
      next = 0x0, 
      locked = 0, 
      count = 0
    }
  }, {
    mcs = {
      next = 0x0, 
      locked = 0, 
      count = 0
    }
  }}
per_cpu(qnodes, 5) = $80 = 
 {{
    mcs = {
      next = 0xffffbf657fa4e240, 
      locked = 0, 
      count = 1
    }
  }, {
    mcs = {
      next = 0x0, 
      locked = 0, 
      count = 0
    }
  }, {
    mcs = {
      next = 0x0, 
      locked = 0, 
      count = 0
    }
  }, {
    mcs = {
      next = 0x0, 
      locked = 0, 
      count = 0
    }
  }}
per_cpu(qnodes, 6) = $81 = 
 {{
    mcs = {
      next = 0xffffbf657fb3e240, 
      locked = 0, 
      count = 1
    }
  }, {
    mcs = {
      next = 0x0, 
      locked = 0, 
      count = 0
    }
  }, {
    mcs = {
      next = 0x0, 
      locked = 0, 
      count = 0
    }
  }, {
    mcs = {
      next = 0x0, 
      locked = 0, 
      count = 0
    }
  }}
per_cpu(qnodes, 7) = $82 = 
 {{
    mcs = {
      next = 0xffffbf657fc2e240, 
      locked = 0, 
      count = 1
    }
  }, {
    mcs = {
      next = 0x0, 
      locked = 0, 
      count = 0
    }
  }, {
    mcs = {
      next = 0x0, 
      locked = 0, 
      count = 0
    }
  }, {
    mcs = {
      next = 0x0, 
      locked = 0, 
      count = 0
    }
  }}
per_cpu(qnodes, 8) = $83 = 
 {{
    mcs = {
      next = 0xffffdf653fa4e240, 
      locked = 1, 
      count = 0
    }
  }, {
    mcs = {
      next = 0x0, 
      locked = 0, 
      count = 0
    }
  }, {
    mcs = {
      next = 0x0, 
      locked = 0, 
      count = 0
    }
  }, {
    mcs = {
      next = 0x0, 
      locked = 0, 
      count = 0
    }
  }}
per_cpu(qnodes, 9) = $84 = 
 {{
    mcs = {
      next = 0xffffbf657fc5e240, 
      locked = 0, 
      count = 1
    }
  }, {
    mcs = {
      next = 0x0, 
      locked = 0, 
      count = 0
    }
  }, {
    mcs = {
      next = 0x0, 
      locked = 0, 
      count = 0
    }
  }, {
    mcs = {
      next = 0x0, 
      locked = 0, 
      count = 0
    }
  }}
per_cpu(qnodes, 10) = $85 = 
 {{
    mcs = {
      next = 0xffffdf653fc8e240, 
      locked = 1, 
      count = 0
    }
  }, {
    mcs = {
      next = 0x0, 
      locked = 0, 
      count = 0
    }
  }, {
    mcs = {
      next = 0x0, 
      locked = 0, 
      count = 0
    }
  }, {
    mcs = {
      next = 0x0, 
      locked = 0, 
      count = 0
    }
  }}
per_cpu(qnodes, 11) = $86 = 
 {{
    mcs = {
      next = 0xffffbf657fb0e240, 
      locked = 0, 
      count = 1
    }
  }, {
    mcs = {
      next = 0x0, 
      locked = 0, 
      count = 0
    }
  }, {
    mcs = {
      next = 0x0, 
      locked = 0, 
      count = 0
    }
  }, {
    mcs = {
      next = 0x0, 
      locked = 0, 
      count = 0
    }
  }}
per_cpu(qnodes, 12) = $87 = 
 {{
    mcs = {
      next = 0xffffbf657fe3e240, 
      locked = 0, 
      count = 1
    }
  }, {
    mcs = {
      next = 0x0, 
      locked = 0, 
      count = 0
    }
  }, {
    mcs = {
      next = 0x0, 
      locked = 0, 
      count = 0
    }
  }, {
    mcs = {
      next = 0x0, 
      locked = 0, 
      count = 0
    }
  }}
per_cpu(qnodes, 13) = $88 = 
 {{
    mcs = {
      next = 0xffffbf657fbfe240, 
      locked = 0, 
      count = 1
    }
  }, {
    mcs = {
      next = 0x0, 
      locked = 0, 
      count = 0
    }
  }, {
    mcs = {
      next = 0x0, 
      locked = 0, 
      count = 0
    }
  }, {
    mcs = {
      next = 0x0, 
      locked = 0, 
      count = 0
    }
  }}
per_cpu(qnodes, 14) = $89 = 
 {{
    mcs = {
      next = 0xffffbf657fcee240, 
      locked = 1, 
      count = 0
    }
  }, {
    mcs = {
      next = 0x0, 
      locked = 0, 
      count = 0
    }
  }, {
    mcs = {
      next = 0x0, 
      locked = 0, 
      count = 0
    }
  }, {
    mcs = {
      next = 0x0, 
      locked = 0, 
      count = 0
    }
  }}
per_cpu(qnodes, 15) = $90 = 
 {{
    mcs = {
      next = 0xffffbf657ff5e240, 
      locked = 1, 
      count = 0
    }
  }, {
    mcs = {
      next = 0x0, 
      locked = 0, 
      count = 0
    }
  }, {
    mcs = {
      next = 0x0, 
      locked = 0, 
      count = 0
    }
  }, {
    mcs = {
      next = 0x0, 
      locked = 0, 
      count = 0
    }
  }}
per_cpu(qnodes, 16) = $91 = 
 {{
    mcs = {
      next = 0xffffbf657fd1e240, 
      locked = 1, 
      count = 0
    }
  }, {
    mcs = {
      next = 0x0, 
      locked = 0, 
      count = 0
    }
  }, {
    mcs = {
      next = 0x0, 
      locked = 0, 
      count = 0
    }
  }, {
    mcs = {
      next = 0x0, 
      locked = 0, 
      count = 0
    }
  }}
per_cpu(qnodes, 17) = $92 = 
 {{
    mcs = {
      next = 0xffffbf657fd4e240, 
      locked = 1, 
      count = 0
    }
  }, {
    mcs = {
      next = 0x0, 
      locked = 0, 
      count = 0
    }
  }, {
    mcs = {
      next = 0x0, 
      locked = 0, 
      count = 0
    }
  }, {
    mcs = {
      next = 0x0, 
      locked = 0, 
      count = 0
    }
  }}
per_cpu(qnodes, 18) = $93 = 
 {{
    mcs = {
      next = 0xffffbf657fd7e240, 
      locked = 1, 
      count = 0
    }
  }, {
    mcs = {
      next = 0x0, 
      locked = 0, 
      count = 0
    }
  }, {
    mcs = {
      next = 0x0, 
      locked = 0, 
      count = 0
    }
  }, {
    mcs = {
      next = 0x0, 
      locked = 0, 
      count = 0
    }
  }}
per_cpu(qnodes, 19) = $94 = 
 {{
    mcs = {
      next = 0xffffbf657fe9e240, 
      locked = 1, 
      count = 0
    }
  }, {
    mcs = {
      next = 0x0, 
      locked = 0, 
      count = 0
    }
  }, {
    mcs = {
      next = 0x0, 
      locked = 0, 
      count = 0
    }
  }, {
    mcs = {
      next = 0x0, 
      locked = 0, 
      count = 0
    }
  }}
per_cpu(qnodes, 20) = $95 = 
 {{
    mcs = {
      next = 0xffffdf653f9be240, 
      locked = 1, 
      count = 0
    }
  }, {
    mcs = {
      next = 0x0, 
      locked = 0, 
      count = 0
    }
  }, {
    mcs = {
      next = 0x0, 
      locked = 0, 
      count = 0
    }
  }, {
    mcs = {
      next = 0x0, 
      locked = 0, 
      count = 0
    }
  }}
per_cpu(qnodes, 21) = $96 = 
 {{
    mcs = {
      next = 0xffffbf657fe3e240, 
      locked = 1, 
      count = 0
    }
  }, {
    mcs = {
      next = 0x0, 
      locked = 0, 
      count = 0
    }
  }, {
    mcs = {
      next = 0x0, 
      locked = 0, 
      count = 0
    }
  }, {
    mcs = {
      next = 0x0, 
      locked = 0, 
      count = 0
    }
  }}
per_cpu(qnodes, 22) = $97 = 
 {{
    mcs = {
      next = 0x0, 
      locked = 1, 
      count = 0
    }
  }, {
    mcs = {
      next = 0x0, 
      locked = 0, 
      count = 0
    }
  }, {
    mcs = {
      next = 0x0, 
      locked = 0, 
      count = 0
    }
  }, {
    mcs = {
      next = 0x0, 
      locked = 0, 
      count = 0
    }
  }}
per_cpu(qnodes, 23) = $98 = 
 {{
    mcs = {
      next = 0x0, 
      locked = 0, 
      count = 1
    }
  }, {
    mcs = {
      next = 0x0, 
      locked = 0, 
      count = 0
    }
  }, {
    mcs = {
      next = 0x0, 
      locked = 0, 
      count = 0
    }
  }, {
    mcs = {
      next = 0x0, 
      locked = 0, 
      count = 0
    }
  }}
per_cpu(qnodes, 24) = $99 = 
 {{
    mcs = {
      next = 0xffffdf653fcee240, 
      locked = 1, 
      count = 0
    }
  }, {
    mcs = {
      next = 0x0, 
      locked = 0, 
      count = 0
    }
  }, {
    mcs = {
      next = 0x0, 
      locked = 0, 
      count = 0
    }
  }, {
    mcs = {
      next = 0x0, 
      locked = 0, 
      count = 0
    }
  }}
per_cpu(qnodes, 25) = $100 = 
 {{
    mcs = {
      next = 0xffffdf653fe0e240, 
      locked = 1, 
      count = 0
    }
  }, {
    mcs = {
      next = 0x0, 
      locked = 0, 
      count = 0
    }
  }, {
    mcs = {
      next = 0x0, 
      locked = 0, 
      count = 0
    }
  }, {
    mcs = {
      next = 0x0, 
      locked = 0, 
      count = 0
    }
  }}
per_cpu(qnodes, 26) = $101 = 
 {{
    mcs = {
      next = 0xffffdf653fbce240, 
      locked = 1, 
      count = 0
    }
  }, {
    mcs = {
      next = 0x0, 
      locked = 0, 
      count = 0
    }
  }, {
    mcs = {
      next = 0x0, 
      locked = 0, 
      count = 0
    }
  }, {
    mcs = {
      next = 0x0, 
      locked = 0, 
      count = 0
    }
  }}
per_cpu(qnodes, 27) = $102 = 
 {{
    mcs = {
      next = 0xffffdf653fb3e240, 
      locked = 1, 
      count = 0
    }
  }, {
    mcs = {
      next = 0x0, 
      locked = 0, 
      count = 0
    }
  }, {
    mcs = {
      next = 0x0, 
      locked = 0, 
      count = 0
    }
  }, {
    mcs = {
      next = 0x0, 
      locked = 0, 
      count = 0
    }
  }}
per_cpu(qnodes, 28) = $103 = 
 {{
    mcs = {
      next = 0xffffbf657fcbe240, 
      locked = 1, 
      count = 0
    }
  }, {
    mcs = {
      next = 0x0, 
      locked = 0, 
      count = 0
    }
  }, {
    mcs = {
      next = 0x0, 
      locked = 0, 
      count = 0
    }
  }, {
    mcs = {
      next = 0x0, 
      locked = 0, 
      count = 0
    }
  }}
per_cpu(qnodes, 29) = $104 = 
 {{
    mcs = {
      next = 0xffffdf653fc5e240, 
      locked = 1, 
      count = 0
    }
  }, {
    mcs = {
      next = 0x0, 
      locked = 0, 
      count = 0
    }
  }, {
    mcs = {
      next = 0x0, 
      locked = 0, 
      count = 0
    }
  }, {
    mcs = {
      next = 0x0, 
      locked = 0, 
      count = 0
    }
  }}
per_cpu(qnodes, 30) = $105 = 
 {{
    mcs = {
      next = 0xffffbf657fbce240, 
      locked = 1, 
      count = 0
    }
  }, {
    mcs = {
      next = 0x0, 
      locked = 0, 
      count = 0
    }
  }, {
    mcs = {
      next = 0x0, 
      locked = 0, 
      count = 0
    }
  }, {
    mcs = {
      next = 0x0, 
      locked = 0, 
      count = 0
    }
  }}
per_cpu(qnodes, 31) = $106 = 
 {{
    mcs = {
      next = 0xffffbf657ff5e240, 
      locked = 1, 
      count = 0
    }
  }, {
    mcs = {
      next = 0x0, 
      locked = 0, 
      count = 0
    }
  }, {
    mcs = {
      next = 0x0, 
      locked = 0, 
      count = 0
    }
  }, {
    mcs = {
      next = 0x0, 
      locked = 0, 
      count = 0
    }
  }}
per_cpu(qnodes, 32) = $107 = 
 {{
    mcs = {
      next = 0xffffdf653faae240, 
      locked = 1, 
      count = 0
    }
  }, {
    mcs = {
      next = 0x0, 
      locked = 0, 
      count = 0
    }
  }, {
    mcs = {
      next = 0x0, 
      locked = 0, 
      count = 0
    }
  }, {
    mcs = {
      next = 0x0, 
      locked = 0, 
      count = 0
    }
  }}
per_cpu(qnodes, 33) = $108 = 
 {{
    mcs = {
      next = 0xffffdf653f9ee240, 
      locked = 1, 
      count = 0
    }
  }, {
    mcs = {
      next = 0x0, 
      locked = 0, 
      count = 0
    }
  }, {
    mcs = {
      next = 0x0, 
      locked = 0, 
      count = 0
    }
  }, {
    mcs = {
      next = 0x0, 
      locked = 0, 
      count = 0
    }
  }}
per_cpu(qnodes, 34) = $109 = 
 {{
    mcs = {
      next = 0xffffbf657fb6e240, 
      locked = 1, 
      count = 0
    }
  }, {
    mcs = {
      next = 0x0, 
      locked = 0, 
      count = 0
    }
  }, {
    mcs = {
      next = 0x0, 
      locked = 0, 
      count = 0
    }
  }, {
    mcs = {
      next = 0x0, 
      locked = 0, 
      count = 0
    }
  }}
per_cpu(qnodes, 35) = $110 = 
 {{
    mcs = {
      next = 0xffffbf657ff8e240, 
      locked = 1, 
      count = 0
    }
  }, {
    mcs = {
      next = 0x0, 
      locked = 0, 
      count = 0
    }
  }, {
    mcs = {
      next = 0x0, 
      locked = 0, 
      count = 0
    }
  }, {
    mcs = {
      next = 0x0, 
      locked = 0, 
      count = 0
    }
  }}
per_cpu(qnodes, 36) = $111 = 
 {{
    mcs = {
      next = 0xffffdf653fade240, 
      locked = 1, 
      count = 0
    }
  }, {
    mcs = {
      next = 0x0, 
      locked = 0, 
      count = 0
    }
  }, {
    mcs = {
      next = 0x0, 
      locked = 0, 
      count = 0
    }
  }, {
    mcs = {
      next = 0x0, 
      locked = 0, 
      count = 0
    }
  }}
per_cpu(qnodes, 37) = $112 = 
 {{
    mcs = {
      next = 0xffffbf657fa1e240, 
      locked = 0, 
      count = 0
    }
  }, {
    mcs = {
      next = 0x0, 
      locked = 0, 
      count = 0
    }
  }, {
    mcs = {
      next = 0x0, 
      locked = 0, 
      count = 0
    }
  }, {
    mcs = {
      next = 0x0, 
      locked = 0, 
      count = 0
    }
  }}
per_cpu(qnodes, 38) = $113 = 
 {{
    mcs = {
      next = 0xffffbf657fc8e240, 
      locked = 1, 
      count = 0
    }
  }, {
    mcs = {
      next = 0x0, 
      locked = 0, 
      count = 0
    }
  }, {
    mcs = {
      next = 0x0, 
      locked = 0, 
      count = 0
    }
  }, {
    mcs = {
      next = 0x0, 
      locked = 0, 
      count = 0
    }
  }}
per_cpu(qnodes, 39) = $114 = 
 {{
    mcs = {
      next = 0xffffdf653f92e240, 
      locked = 1, 
      count = 0
    }
  }, {
    mcs = {
      next = 0x0, 
      locked = 0, 
      count = 0
    }
  }, {
    mcs = {
      next = 0x0, 
      locked = 0, 
      count = 0
    }
  }, {
    mcs = {
      next = 0x0, 
      locked = 0, 
      count = 0
    }
  }}
per_cpu(qnodes, 40) = $115 = 
 {{
    mcs = {
      next = 0xffffdf653fcbe240, 
      locked = 1, 
      count = 0
    }
  }, {
    mcs = {
      next = 0x0, 
      locked = 0, 
      count = 0
    }
  }, {
    mcs = {
      next = 0x0, 
      locked = 0, 
      count = 0
    }
  }, {
    mcs = {
      next = 0x0, 
      locked = 0, 
      count = 0
    }
  }}
per_cpu(qnodes, 41) = $116 = 
 {{
    mcs = {
      next = 0xffffbf657fe6e240, 
      locked = 1, 
      count = 0
    }
  }, {
    mcs = {
      next = 0x0, 
      locked = 0, 
      count = 0
    }
  }, {
    mcs = {
      next = 0x0, 
      locked = 0, 
      count = 0
    }
  }, {
    mcs = {
      next = 0x0, 
      locked = 0, 
      count = 0
    }
  }}
per_cpu(qnodes, 42) = $117 = 
 {{
    mcs = {
      next = 0xffffdf653fe3e240, 
      locked = 1, 
      count = 0
    }
  }, {
    mcs = {
      next = 0x0, 
      locked = 0, 
      count = 0
    }
  }, {
    mcs = {
      next = 0x0, 
      locked = 0, 
      count = 0
    }
  }, {
    mcs = {
      next = 0x0, 
      locked = 0, 
      count = 0
    }
  }}
per_cpu(qnodes, 43) = $118 = 
 {{
    mcs = {
      next = 0xffffbf657ff2e240, 
      locked = 1, 
      count = 0
    }
  }, {
    mcs = {
      next = 0x0, 
      locked = 0, 
      count = 0
    }
  }, {
    mcs = {
      next = 0x0, 
      locked = 0, 
      count = 0
    }
  }, {
    mcs = {
      next = 0x0, 
      locked = 0, 
      count = 0
    }
  }}
per_cpu(qnodes, 44) = $119 = 
 {{
    mcs = {
      next = 0xffffdf653fece240, 
      locked = 1, 
      count = 0
    }
  }, {
    mcs = {
      next = 0x0, 
      locked = 0, 
      count = 0
    }
  }, {
    mcs = {
      next = 0x0, 
      locked = 0, 
      count = 0
    }
  }, {
    mcs = {
      next = 0x0, 
      locked = 0, 
      count = 0
    }
  }}
per_cpu(qnodes, 45) = $120 = 
 {{
    mcs = {
      next = 0x0, 
      locked = 1, 
      count = 0
    }
  }, {
    mcs = {
      next = 0x0, 
      locked = 0, 
      count = 0
    }
  }, {
    mcs = {
      next = 0x0, 
      locked = 0, 
      count = 0
    }
  }, {
    mcs = {
      next = 0x0, 
      locked = 0, 
      count = 0
    }
  }}
per_cpu(qnodes, 46) = $121 = 
 {{
    mcs = {
      next = 0xffffdf653fb9e240, 
      locked = 1, 
      count = 0
    }
  }, {
    mcs = {
      next = 0x0, 
      locked = 0, 
      count = 0
    }
  }, {
    mcs = {
      next = 0x0, 
      locked = 0, 
      count = 0
    }
  }, {
    mcs = {
      next = 0x0, 
      locked = 0, 
      count = 0
    }
  }}
per_cpu(qnodes, 47) = $122 = 
 {{
    mcs = {
      next = 0xffffbf657fece240, 
      locked = 1, 
      count = 0
    }
  }, {
    mcs = {
      next = 0x0, 
      locked = 0, 
      count = 0
    }
  }, {
    mcs = {
      next = 0x0, 
      locked = 0, 
      count = 0
    }
  }, {
    mcs = {
      next = 0x0, 
      locked = 0, 
      count = 0
    }
  }}
per_cpu(qnodes, 48) = $123 = 
 {{
    mcs = {
      next = 0xffffbf657fdde240, 
      locked = 1, 
      count = 0
    }
  }, {
    mcs = {
      next = 0x0, 
      locked = 0, 
      count = 0
    }
  }, {
    mcs = {
      next = 0x0, 
      locked = 0, 
      count = 0
    }
  }, {
    mcs = {
      next = 0x0, 
      locked = 0, 
      count = 0
    }
  }}
per_cpu(qnodes, 49) = $124 = 
 {{
    mcs = {
      next = 0xffffbf657fdae240, 
      locked = 1, 
      count = 0
    }
  }, {
    mcs = {
      next = 0x0, 
      locked = 0, 
      count = 0
    }
  }, {
    mcs = {
      next = 0x0, 
      locked = 0, 
      count = 0
    }
  }, {
    mcs = {
      next = 0x0, 
      locked = 0, 
      count = 0
    }
  }}
per_cpu(qnodes, 50) = $125 = 
 {{
    mcs = {
      next = 0xffffdf653fe9e240, 
      locked = 1, 
      count = 0
    }
  }, {
    mcs = {
      next = 0x0, 
      locked = 0, 
      count = 0
    }
  }, {
    mcs = {
      next = 0x0, 
      locked = 0, 
      count = 0
    }
  }, {
    mcs = {
      next = 0x0, 
      locked = 0, 
      count = 0
    }
  }}
per_cpu(qnodes, 51) = $126 = 
 {{
    mcs = {
      next = 0xffffdf653f95e240, 
      locked = 1, 
      count = 0
    }
  }, {
    mcs = {
      next = 0x0, 
      locked = 0, 
      count = 0
    }
  }, {
    mcs = {
      next = 0x0, 
      locked = 0, 
      count = 0
    }
  }, {
    mcs = {
      next = 0x0, 
      locked = 0, 
      count = 0
    }
  }}
per_cpu(qnodes, 52) = $127 = 
 {{
    mcs = {
      next = 0xffffbf657f9ee240, 
      locked = 1, 
      count = 0
    }
  }, {
    mcs = {
      next = 0x0, 
      locked = 0, 
      count = 0
    }
  }, {
    mcs = {
      next = 0x0, 
      locked = 0, 
      count = 0
    }
  }, {
    mcs = {
      next = 0x0, 
      locked = 0, 
      count = 0
    }
  }}
per_cpu(qnodes, 53) = $128 = 
 {{
    mcs = {
      next = 0xffffdf653fd4e240, 
      locked = 1, 
      count = 0
    }
  }, {
    mcs = {
      next = 0x0, 
      locked = 0, 
      count = 0
    }
  }, {
    mcs = {
      next = 0x0, 
      locked = 0, 
      count = 0
    }
  }, {
    mcs = {
      next = 0x0, 
      locked = 0, 
      count = 0
    }
  }}
per_cpu(qnodes, 54) = $129 = 
 {{
    mcs = {
      next = 0xffffdf653fd7e240, 
      locked = 1, 
      count = 0
    }
  }, {
    mcs = {
      next = 0x0, 
      locked = 0, 
      count = 0
    }
  }, {
    mcs = {
      next = 0x0, 
      locked = 0, 
      count = 0
    }
  }, {
    mcs = {
      next = 0x0, 
      locked = 0, 
      count = 0
    }
  }}
per_cpu(qnodes, 55) = $130 = 
 {{
    mcs = {
      next = 0xffffdf653fb0e240, 
      locked = 1, 
      count = 0
    }
  }, {
    mcs = {
      next = 0x0, 
      locked = 0, 
      count = 0
    }
  }, {
    mcs = {
      next = 0x0, 
      locked = 0, 
      count = 0
    }
  }, {
    mcs = {
      next = 0x0, 
      locked = 0, 
      count = 0
    }
  }}
per_cpu(qnodes, 56) = $131 = 
 {{
    mcs = {
      next = 0xffffdf653fdde240, 
      locked = 1, 
      count = 0
    }
  }, {
    mcs = {
      next = 0x0, 
      locked = 0, 
      count = 0
    }
  }, {
    mcs = {
      next = 0x0, 
      locked = 0, 
      count = 0
    }
  }, {
    mcs = {
      next = 0x0, 
      locked = 0, 
      count = 0
    }
  }}
per_cpu(qnodes, 57) = $132 = 
 {{
    mcs = {
      next = 0xffffdf653fece240, 
      locked = 1, 
      count = 0
    }
  }, {
    mcs = {
      next = 0x0, 
      locked = 0, 
      count = 0
    }
  }, {
    mcs = {
      next = 0x0, 
      locked = 0, 
      count = 0
    }
  }, {
    mcs = {
      next = 0x0, 
      locked = 0, 
      count = 0
    }
  }}
per_cpu(qnodes, 58) = $133 = 
 {{
    mcs = {
      next = 0xffffdf653fefe240, 
      locked = 1, 
      count = 0
    }
  }, {
    mcs = {
      next = 0x0, 
      locked = 0, 
      count = 0
    }
  }, {
    mcs = {
      next = 0x0, 
      locked = 0, 
      count = 0
    }
  }, {
    mcs = {
      next = 0x0, 
      locked = 0, 
      count = 0
    }
  }}
per_cpu(qnodes, 59) = $134 = 
 {{
    mcs = {
      next = 0xffffdf653fdae240, 
      locked = 1, 
      count = 0
    }
  }, {
    mcs = {
      next = 0x0, 
      locked = 0, 
      count = 0
    }
  }, {
    mcs = {
      next = 0x0, 
      locked = 0, 
      count = 0
    }
  }, {
    mcs = {
      next = 0x0, 
      locked = 0, 
      count = 0
    }
  }}
per_cpu(qnodes, 60) = $135 = 
 {{
    mcs = {
      next = 0xffffdf653fa7e240, 
      locked = 1, 
      count = 0
    }
  }, {
    mcs = {
      next = 0x0, 
      locked = 0, 
      count = 0
    }
  }, {
    mcs = {
      next = 0x0, 
      locked = 0, 
      count = 0
    }
  }, {
    mcs = {
      next = 0x0, 
      locked = 0, 
      count = 0
    }
  }}
per_cpu(qnodes, 61) = $136 = 
 {{
    mcs = {
      next = 0xffffdf653fa7e240, 
      locked = 1, 
      count = 0
    }
  }, {
    mcs = {
      next = 0x0, 
      locked = 0, 
      count = 0
    }
  }, {
    mcs = {
      next = 0x0, 
      locked = 0, 
      count = 0
    }
  }, {
    mcs = {
      next = 0x0, 
      locked = 0, 
      count = 0
    }
  }}
per_cpu(qnodes, 62) = $137 = 
 {{
    mcs = {
      next = 0xffffdf653fbfe240, 
      locked = 1, 
      count = 0
    }
  }, {
    mcs = {
      next = 0x0, 
      locked = 0, 
      count = 0
    }
  }, {
    mcs = {
      next = 0x0, 
      locked = 0, 
      count = 0
    }
  }, {
    mcs = {
      next = 0x0, 
      locked = 0, 
      count = 0
    }
  }}
per_cpu(qnodes, 63) = $138 = 
 {{
    mcs = {
      next = 0xffffdf653fb3e240, 
      locked = 1, 
      count = 0
    }
  }, {
    mcs = {
      next = 0x0, 
      locked = 0, 
      count = 0
    }
  }, {
    mcs = {
      next = 0x0, 
      locked = 0, 
      count = 0
    }
  }, {
    mcs = {
      next = 0x0, 
      locked = 0, 
      count = 0
    }
  }}
