struct rcu_data {
  gp_seq = 65421, 
  gp_seq_needed = 65420, 
  rcu_qs_ctr_snap = 0, 
  cpu_no_qs = {
    b = {
      norm = 0 '\000', 
      exp = 0 '\000'
    }, 
    s = 0
  }, 
  core_needs_qs = true, 
  beenonline = true, 
  gpwrap = false, 
  mynode = 0xffff3eb87f209780, 
  grpmask = 4096, 
  ticks_this_gp = 1, 
  cblist = {
    head = 0x0, 
    tails = {0xffffdf653fb6e2b8, 0xffffdf653fb6e2b8, 0xffffdf653fb6e2b8, 0xffffdf653fb6e2b8}, 
    gp_seq = {0, 56200, 56204, 0}, 
    len = 0, 
    len_lazy = 0
  }, 
  qlen_last_fqs_check = 0, 
  n_force_qs_snap = 3, 
  blimit = 10, 
  dynticks = 0xffffdf653fb564b0, 
  dynticks_snap = 34364, 
  dynticks_fqs = 9, 
  cond_resched_completed = 0, 
  barrier_head = {
    next = 0x0, 
    func = 0x0
  }, 
  exp_dynticks_snap = 0, 
  nocb_head = 0x0, 
  nocb_tail = 0xffffdf653fb6e360, 
  nocb_q_count = {
    counter = 0
  }, 
  nocb_q_count_lazy = {
    counter = 0
  }, 
  nocb_follower_head = 0x0, 
  nocb_follower_tail = 0xffffdf653fb6e380, 
  nocb_wq = {
    lock = {
      raw_lock = {
        {
          val = {
            counter = 0
          }, 
          {
            locked = 0 '\000', 
            pending = 0 '\000'
          }, 
          {
            locked_pending = 0, 
            tail = 0
          }
        }
      }
    }, 
    task_list = {
      next = 0xffffdf653fb6e398, 
      prev = 0xffffdf653fb6e398
    }
  }, 
  nocb_kthread = 0x0, 
  nocb_lock = {
    raw_lock = {
      {
        val = {
          counter = 0
        }, 
        {
          locked = 0 '\000', 
          pending = 0 '\000'
        }, 
        {
          locked_pending = 0, 
          tail = 0
        }
      }
    }
  }, 
  nocb_defer_wakeup = 0, 
  nocb_timer = {
    entry = {
      next = 0x0, 
      pprev = 0x0
    }, 
    expires = 0, 
    function = 0xffff3eb87e0a60f0, 
    flags = 0, 
    kabi_reserved1 = 0, 
    kabi_reserved2 = 0, 
    kabi_reserved3 = 0, 
    kabi_reserved4 = 0
  }, 
  nocb_gp_head = 0x0, 
  nocb_gp_tail = 0x0, 
  nocb_leader_sleep = false, 
  nocb_next_follower = 0x0, 
  nocb_leader = 0x0, 
  softirq_snap = 1046, 
  rcu_iw = {
    flags = 0, 
    llnode = {
      next = 0x0
    }, 
    func = 0x0
  }, 
  rcu_iw_pending = false, 
  rcu_iw_gp_seq = 18446744073709550440, 
  rcu_ofl_gp_seq = 18446744073709550416, 
  rcu_ofl_gp_flags = 8, 
  rcu_onl_gp_seq = 18446744073709550441, 
  rcu_onl_gp_flags = 0, 
  cpu = 44, 
  rsp = 0xffff3eb87f209000
}
