struct rcu_node {
  lock = {
    raw_lock = {
      {
        val = {
          counter = 6291713
        }, 
        {
          locked = 1 '\001', 
          pending = 1 '\001'
        }, 
        {
          locked_pending = 257, 
          tail = 96
        }
      }
    }
  }, 
  gp_seq = 65421, 
  gp_seq_needed = 65428, 
  completedqs = 65417, 
  qsmask = 49141, 
  rcu_gp_init_mask = 0, 
  qsmaskinit = 65535, 
  qsmaskinitnext = 65535, 
  expmask = 0, 
  expmaskinit = 65535, 
  expmaskinitnext = 65535, 
  ffmask = 65535, 
  grpmask = 1, 
  grplo = 0, 
  grphi = 15, 
  grpnum = 0 '\000', 
  level = 1 '\001', 
  wait_blkd_tasks = false, 
  parent = 0xffff3eb87f209000, 
  blkd_tasks = {
    next = 0xffff3eb87f209300, 
    prev = 0xffff3eb87f209300
  }, 
  gp_tasks = 0x0, 
  exp_tasks = 0x0, 
  boost_tasks = 0x0, 
  boost_mtx = {
    wait_lock = {
      raw_lock = {
        {
          val = {
            counter = 0
          }, 
          {
            locked = 0 '\000', 
            pending = 0 '\000'
          }, 
          {
            locked_pending = 0, 
            tail = 0
          }
        }
      }
    }, 
    waiters = {
      rb_root = {
        rb_node = 0x0
      }, 
      rb_leftmost = 0x0
    }, 
    owner = 0x0
  }, 
  boost_time = 0, 
  boost_kthread_task = 0x0, 
  boost_kthread_status = 0, 
  nocb_gp_wq = {{
      lock = {
        raw_lock = {
          {
            val = {
              counter = 0
            }, 
            {
              locked = 0 '\000', 
              pending = 0 '\000'
            }, 
            {
              locked_pending = 0, 
              tail = 0
            }
          }
        }
      }, 
      task_list = {
        next = 0xffff3eb87f209368, 
        prev = 0xffff3eb87f209368
      }
    }, {
      lock = {
        raw_lock = {
          {
            val = {
              counter = 0
            }, 
            {
              locked = 0 '\000', 
              pending = 0 '\000'
            }, 
            {
              locked_pending = 0, 
              tail = 0
            }
          }
        }
      }, 
      task_list = {
        next = 0xffff3eb87f209380, 
        prev = 0xffff3eb87f209380
      }
    }}, 
  fqslock = {
    raw_lock = {
      {
        val = {
          counter = 0
        }, 
        {
          locked = 0 '\000', 
          pending = 0 '\000'
        }, 
        {
          locked_pending = 0, 
          tail = 0
        }
      }
    }
  }, 
  exp_lock = {
    {
      rlock = {
        raw_lock = {
          {
            val = {
              counter = 0
            }, 
            {
              locked = 0 '\000', 
              pending = 0 '\000'
            }, 
            {
              locked_pending = 0, 
              tail = 0
            }
          }
        }
      }
    }
  }, 
  exp_seq_rq = 764, 
  exp_wq = {{
      lock = {
        {
          rlock = {
            raw_lock = {
              {
                val = {
                  counter = 0
                }, 
                {
                  locked = 0 '\000', 
                  pending = 0 '\000'
                }, 
                {
                  locked_pending = 0, 
                  tail = 0
                }
              }
            }
          }
        }
      }, 
      head = {
        next = 0xffff3eb87f209418, 
        prev = 0xffff3eb87f209418
      }
    }, {
      lock = {
        {
          rlock = {
            raw_lock = {
              {
                val = {
                  counter = 0
                }, 
                {
                  locked = 0 '\000', 
                  pending = 0 '\000'
                }, 
                {
                  locked_pending = 0, 
                  tail = 0
                }
              }
            }
          }
        }
      }, 
      head = {
        next = 0xffff3eb87f209430, 
        prev = 0xffff3eb87f209430
      }
    }, {
      lock = {
        {
          rlock = {
            raw_lock = {
              {
                val = {
                  counter = 0
                }, 
                {
                  locked = 0 '\000', 
                  pending = 0 '\000'
                }, 
                {
                  locked_pending = 0, 
                  tail = 0
                }
              }
            }
          }
        }
      }, 
      head = {
        next = 0xffff3eb87f209448, 
        prev = 0xffff3eb87f209448
      }
    }, {
      lock = {
        {
          rlock = {
            raw_lock = {
              {
                val = {
                  counter = 0
                }, 
                {
                  locked = 0 '\000', 
                  pending = 0 '\000'
                }, 
                {
                  locked_pending = 0, 
                  tail = 0
                }
              }
            }
          }
        }
      }, 
      head = {
        next = 0xffff3eb87f209460, 
        prev = 0xffff3eb87f209460
      }
    }}, 
  rew = {
    rew_func = 0xffff3eb87e0a61c8, 
    rew_rsp = 0xffff3eb87f209000, 
    rew_s = 0, 
    rew_work = {
      data = {
        counter = 0
      }, 
      entry = {
        next = 0xffff3eb87f209490, 
        prev = 0xffff3eb87f209490
      }, 
      func = 0xffff3eb87e0aa180, 
      kabi_reserved1 = 0, 
      kabi_reserved2 = 0, 
      kabi_reserved3 = 0, 
      kabi_reserved4 = 0
    }
  }, 
  exp_need_flush = true
}
