per_cpu(rcu_sched_data, 1) = $19 = {
  gp_seq = 65421, 
  gp_seq_needed = 65428, 
  rcu_qs_ctr_snap = 12, 
  cpu_no_qs = {
    b = {
      norm = 0 '\000', 
      exp = 0 '\000'
    }, 
    s = 0
  }, 
  core_needs_qs = false, 
  beenonline = true, 
  gpwrap = false, 
  mynode = 0xffff3eb87f209280, 
  grpmask = 2, 
  ticks_this_gp = 3265, 
  cblist = {
    head = 0xffffbf63c7897d28, 
    tails = {0xffffbf657fa1e2b8, 0xffffbf6556214c00, 0xffffbf6556214c00, 0xffffbf654cb29100}, 
    gp_seq = {0, 65428, 65428, 0}, 
    len = 31, 
    len_lazy = 4
  }, 
  qlen_last_fqs_check = 0, 
  n_force_qs_snap = 0, 
  blimit = 10, 
  dynticks = 0xffffbf657fa064b0, 
  dynticks_snap = 147436, 
  dynticks_fqs = 219, 
  cond_resched_completed = 0, 
  barrier_head = {
    next = 0x0, 
    func = 0xffff3eb87e0a64e0
  }, 
  exp_dynticks_snap = 94130, 
  nocb_head = 0x0, 
  nocb_tail = 0xffffbf657fa1e360, 
  nocb_q_count = {
    counter = 0
  }, 
  nocb_q_count_lazy = {
    counter = 0
  }, 
  nocb_follower_head = 0x0, 
  nocb_follower_tail = 0xffffbf657fa1e380, 
  nocb_wq = {
    lock = {
      raw_lock = {
        {
          val = {
            counter = 0
          }, 
          {
            locked = 0 '\000', 
            pending = 0 '\000'
          }, 
          {
            locked_pending = 0, 
            tail = 0
          }
        }
      }
    }, 
    task_list = {
      next = 0xffffbf657fa1e398, 
      prev = 0xffffbf657fa1e398
    }
  }, 
  nocb_kthread = 0x0, 
  nocb_lock = {
    raw_lock = {
      {
        val = {
          counter = 0
        }, 
        {
          locked = 0 '\000', 
          pending = 0 '\000'
        }, 
        {
          locked_pending = 0, 
          tail = 0
        }
      }
    }
  }, 
  nocb_defer_wakeup = 0, 
  nocb_timer = {
    entry = {
      next = 0x0, 
      pprev = 0x0
    }, 
    expires = 0, 
    function = 0xffff3eb87e0a60f0, 
    flags = 0, 
    kabi_reserved1 = 0, 
    kabi_reserved2 = 0, 
    kabi_reserved3 = 0, 
    kabi_reserved4 = 0
  }, 
  nocb_gp_head = 0x0, 
  nocb_gp_tail = 0x0, 
  nocb_leader_sleep = false, 
  nocb_next_follower = 0x0, 
  nocb_leader = 0x0, 
  softirq_snap = 6167, 
  rcu_iw = {
    flags = 0, 
    llnode = {
      next = 0x0
    }, 
    func = 0x0
  }, 
  rcu_iw_pending = false, 
  rcu_iw_gp_seq = 18446744073709550415, 
  rcu_ofl_gp_seq = 18446744073709550416, 
  rcu_ofl_gp_flags = 8, 
  rcu_onl_gp_seq = 18446744073709550416, 
  rcu_onl_gp_flags = 0, 
  cpu = 1, 
  rsp = 0xffff3eb87f209000
}

----------------------------------------
per_cpu(rcu_sched_data, 2) = $20 = {
  gp_seq = 65421, 
  gp_seq_needed = 65428, 
  rcu_qs_ctr_snap = 9, 
  cpu_no_qs = {
    b = {
      norm = 0 '\000', 
      exp = 0 '\000'
    }, 
    s = 0
  }, 
  core_needs_qs = true, 
  beenonline = true, 
  gpwrap = false, 
  mynode = 0xffff3eb87f209280, 
  grpmask = 4, 
  ticks_this_gp = 1, 
  cblist = {
    head = 0xffffbf65229d1418, 
    tails = {0xffffbf657fa4e2b8, 0xffffbf657fa4e2b8, 0xffffbf657fa4e2b8, 0xffffbf65229d76d0}, 
    gp_seq = {0, 64728, 64732, 0}, 
    len = 29, 
    len_lazy = 0
  }, 
  qlen_last_fqs_check = 0, 
  n_force_qs_snap = 0, 
  blimit = 10, 
  dynticks = 0xffffbf657fa364b0, 
  dynticks_snap = 113120, 
  dynticks_fqs = 116, 
  cond_resched_completed = 0, 
  barrier_head = {
    next = 0x0, 
    func = 0xffff3eb87e0a64e0
  }, 
  exp_dynticks_snap = 112646, 
  nocb_head = 0x0, 
  nocb_tail = 0xffffbf657fa4e360, 
  nocb_q_count = {
    counter = 0
  }, 
  nocb_q_count_lazy = {
    counter = 0
  }, 
  nocb_follower_head = 0x0, 
  nocb_follower_tail = 0xffffbf657fa4e380, 
  nocb_wq = {
    lock = {
      raw_lock = {
        {
          val = {
            counter = 0
          }, 
          {
            locked = 0 '\000', 
            pending = 0 '\000'
          }, 
          {
            locked_pending = 0, 
            tail = 0
          }
        }
      }
    }, 
    task_list = {
      next = 0xffffbf657fa4e398, 
      prev = 0xffffbf657fa4e398
    }
  }, 
  nocb_kthread = 0x0, 
  nocb_lock = {
    raw_lock = {
      {
        val = {
          counter = 0
        }, 
        {
          locked = 0 '\000', 
          pending = 0 '\000'
        }, 
        {
          locked_pending = 0, 
          tail = 0
        }
      }
    }
  }, 
  nocb_defer_wakeup = 0, 
  nocb_timer = {
    entry = {
      next = 0x0, 
      pprev = 0x0
    }, 
    expires = 0, 
    function = 0xffff3eb87e0a60f0, 
    flags = 0, 
    kabi_reserved1 = 0, 
    kabi_reserved2 = 0, 
    kabi_reserved3 = 0, 
    kabi_reserved4 = 0
  }, 
  nocb_gp_head = 0x0, 
  nocb_gp_tail = 0x0, 
  nocb_leader_sleep = false, 
  nocb_next_follower = 0x0, 
  nocb_leader = 0x0, 
  softirq_snap = 3912, 
  rcu_iw = {
    flags = 0, 
    llnode = {
      next = 0x0
    }, 
    func = 0x0
  }, 
  rcu_iw_pending = false, 
  rcu_iw_gp_seq = 18446744073709550415, 
  rcu_ofl_gp_seq = 18446744073709550416, 
  rcu_ofl_gp_flags = 8, 
  rcu_onl_gp_seq = 18446744073709550416, 
  rcu_onl_gp_flags = 0, 
  cpu = 2, 
  rsp = 0xffff3eb87f209000
}

----------------------------------------
per_cpu(rcu_sched_data, 3) = $21 = {
  gp_seq = 65421, 
  gp_seq_needed = 65428, 
  rcu_qs_ctr_snap = 10, 
  cpu_no_qs = {
    b = {
      norm = 0 '\000', 
      exp = 0 '\000'
    }, 
    s = 0
  }, 
  core_needs_qs = false, 
  beenonline = true, 
  gpwrap = false, 
  mynode = 0xffff3eb87f209280, 
  grpmask = 8, 
  ticks_this_gp = 3265, 
  cblist = {
    head = 0xffffbf655827de00, 
    tails = {0xffffbf657fa7e2b8, 0xffffbf6558279500, 0xffffbf6558279500, 0xffffbf6558278900}, 
    gp_seq = {0, 65428, 65428, 0}, 
    len = 108, 
    len_lazy = 0
  }, 
  qlen_last_fqs_check = 0, 
  n_force_qs_snap = 0, 
  blimit = 10, 
  dynticks = 0xffffbf657fa664b0, 
  dynticks_snap = 162060, 
  dynticks_fqs = 275, 
  cond_resched_completed = 0, 
  barrier_head = {
    next = 0x0, 
    func = 0xffff3eb87e0a64e0
  }, 
  exp_dynticks_snap = 160418, 
  nocb_head = 0x0, 
  nocb_tail = 0xffffbf657fa7e360, 
  nocb_q_count = {
    counter = 0
  }, 
  nocb_q_count_lazy = {
    counter = 0
  }, 
  nocb_follower_head = 0x0, 
  nocb_follower_tail = 0xffffbf657fa7e380, 
  nocb_wq = {
    lock = {
      raw_lock = {
        {
          val = {
            counter = 0
          }, 
          {
            locked = 0 '\000', 
            pending = 0 '\000'
          }, 
          {
            locked_pending = 0, 
            tail = 0
          }
        }
      }
    }, 
    task_list = {
      next = 0xffffbf657fa7e398, 
      prev = 0xffffbf657fa7e398
    }
  }, 
  nocb_kthread = 0x0, 
  nocb_lock = {
    raw_lock = {
      {
        val = {
          counter = 0
        }, 
        {
          locked = 0 '\000', 
          pending = 0 '\000'
        }, 
        {
          locked_pending = 0, 
          tail = 0
        }
      }
    }
  }, 
  nocb_defer_wakeup = 0, 
  nocb_timer = {
    entry = {
      next = 0x0, 
      pprev = 0x0
    }, 
    expires = 0, 
    function = 0xffff3eb87e0a60f0, 
    flags = 0, 
    kabi_reserved1 = 0, 
    kabi_reserved2 = 0, 
    kabi_reserved3 = 0, 
    kabi_reserved4 = 0
  }, 
  nocb_gp_head = 0x0, 
  nocb_gp_tail = 0x0, 
  nocb_leader_sleep = false, 
  nocb_next_follower = 0x0, 
  nocb_leader = 0x0, 
  softirq_snap = 5099, 
  rcu_iw = {
    flags = 0, 
    llnode = {
      next = 0x0
    }, 
    func = 0x0
  }, 
  rcu_iw_pending = false, 
  rcu_iw_gp_seq = 18446744073709550416, 
  rcu_ofl_gp_seq = 18446744073709550416, 
  rcu_ofl_gp_flags = 8, 
  rcu_onl_gp_seq = 18446744073709550417, 
  rcu_onl_gp_flags = 0, 
  cpu = 3, 
  rsp = 0xffff3eb87f209000
}

----------------------------------------
per_cpu(rcu_sched_data, 4) = $22 = {
  gp_seq = 65212, 
  gp_seq_needed = 65212, 
  rcu_qs_ctr_snap = 9, 
  cpu_no_qs = {
    b = {
      norm = 0 '\000', 
      exp = 0 '\000'
    }, 
    s = 0
  }, 
  core_needs_qs = false, 
  beenonline = true, 
  gpwrap = false, 
  mynode = 0xffff3eb87f209280, 
  grpmask = 16, 
  ticks_this_gp = 3003, 
  cblist = {
    head = 0xffffbf6524412870, 
    tails = {0xffffbf657faae2b8, 0xffffbf657faae2b8, 0xffffbf657faae2b8, 0xffffbf6549fa6768}, 
    gp_seq = {0, 64720, 64724, 0}, 
    len = 24, 
    len_lazy = 0
  }, 
  qlen_last_fqs_check = 0, 
  n_force_qs_snap = 0, 
  blimit = 10, 
  dynticks = 0xffffbf657fa964b0, 
  dynticks_snap = 176808, 
  dynticks_fqs = 158, 
  cond_resched_completed = 0, 
  barrier_head = {
    next = 0x0, 
    func = 0x0
  }, 
  exp_dynticks_snap = 107718, 
  nocb_head = 0x0, 
  nocb_tail = 0xffffbf657faae360, 
  nocb_q_count = {
    counter = 0
  }, 
  nocb_q_count_lazy = {
    counter = 0
  }, 
  nocb_follower_head = 0x0, 
  nocb_follower_tail = 0xffffbf657faae380, 
  nocb_wq = {
    lock = {
      raw_lock = {
        {
          val = {
            counter = 0
          }, 
          {
            locked = 0 '\000', 
            pending = 0 '\000'
          }, 
          {
            locked_pending = 0, 
            tail = 0
          }
        }
      }
    }, 
    task_list = {
      next = 0xffffbf657faae398, 
      prev = 0xffffbf657faae398
    }
  }, 
  nocb_kthread = 0x0, 
  nocb_lock = {
    raw_lock = {
      {
        val = {
          counter = 0
        }, 
        {
          locked = 0 '\000', 
          pending = 0 '\000'
        }, 
        {
          locked_pending = 0, 
          tail = 0
        }
      }
    }
  }, 
  nocb_defer_wakeup = 0, 
  nocb_timer = {
    entry = {
      next = 0x0, 
      pprev = 0x0
    }, 
    expires = 0, 
    function = 0xffff3eb87e0a60f0, 
    flags = 0, 
    kabi_reserved1 = 0, 
    kabi_reserved2 = 0, 
    kabi_reserved3 = 0, 
    kabi_reserved4 = 0
  }, 
  nocb_gp_head = 0x0, 
  nocb_gp_tail = 0x0, 
  nocb_leader_sleep = false, 
  nocb_next_follower = 0x0, 
  nocb_leader = 0x0, 
  softirq_snap = 4541, 
  rcu_iw = {
    flags = 0, 
    llnode = {
      next = 0x0
    }, 
    func = 0x0
  }, 
  rcu_iw_pending = false, 
  rcu_iw_gp_seq = 18446744073709550416, 
  rcu_ofl_gp_seq = 18446744073709550416, 
  rcu_ofl_gp_flags = 8, 
  rcu_onl_gp_seq = 18446744073709550417, 
  rcu_onl_gp_flags = 0, 
  cpu = 4, 
  rsp = 0xffff3eb87f209000
}

----------------------------------------
per_cpu(rcu_sched_data, 5) = $23 = {
  gp_seq = 65421, 
  gp_seq_needed = 65428, 
  rcu_qs_ctr_snap = 8, 
  cpu_no_qs = {
    b = {
      norm = 0 '\000', 
      exp = 0 '\000'
    }, 
    s = 0
  }, 
  core_needs_qs = true, 
  beenonline = true, 
  gpwrap = false, 
  mynode = 0xffff3eb87f209280, 
  grpmask = 32, 
  ticks_this_gp = 1, 
  cblist = {
    head = 0xffffbf6521b07e68, 
    tails = {0xffffbf657fade2b8, 0xffffbf657fade2b8, 0xffffbf657fade2b8, 0xffffbf6555e4bd00}, 
    gp_seq = {0, 65060, 65060, 0}, 
    len = 46, 
    len_lazy = 0
  }, 
  qlen_last_fqs_check = 0, 
  n_force_qs_snap = 567, 
  blimit = 10, 
  dynticks = 0xffffbf657fac64b0, 
  dynticks_snap = 179380, 
  dynticks_fqs = 193, 
  cond_resched_completed = 0, 
  barrier_head = {
    next = 0x0, 
    func = 0x0
  }, 
  exp_dynticks_snap = 115082, 
  nocb_head = 0x0, 
  nocb_tail = 0xffffbf657fade360, 
  nocb_q_count = {
    counter = 0
  }, 
  nocb_q_count_lazy = {
    counter = 0
  }, 
  nocb_follower_head = 0x0, 
  nocb_follower_tail = 0xffffbf657fade380, 
  nocb_wq = {
    lock = {
      raw_lock = {
        {
          val = {
            counter = 0
          }, 
          {
            locked = 0 '\000', 
            pending = 0 '\000'
          }, 
          {
            locked_pending = 0, 
            tail = 0
          }
        }
      }
    }, 
    task_list = {
      next = 0xffffbf657fade398, 
      prev = 0xffffbf657fade398
    }
  }, 
  nocb_kthread = 0x0, 
  nocb_lock = {
    raw_lock = {
      {
        val = {
          counter = 0
        }, 
        {
          locked = 0 '\000', 
          pending = 0 '\000'
        }, 
        {
          locked_pending = 0, 
          tail = 0
        }
      }
    }
  }, 
  nocb_defer_wakeup = 0, 
  nocb_timer = {
    entry = {
      next = 0x0, 
      pprev = 0x0
    }, 
    expires = 0, 
    function = 0xffff3eb87e0a60f0, 
    flags = 0, 
    kabi_reserved1 = 0, 
    kabi_reserved2 = 0, 
    kabi_reserved3 = 0, 
    kabi_reserved4 = 0
  }, 
  nocb_gp_head = 0x0, 
  nocb_gp_tail = 0x0, 
  nocb_leader_sleep = false, 
  nocb_next_follower = 0x0, 
  nocb_leader = 0x0, 
  softirq_snap = 6024, 
  rcu_iw = {
    flags = 0, 
    llnode = {
      next = 0x0
    }, 
    func = 0x0
  }, 
  rcu_iw_pending = false, 
  rcu_iw_gp_seq = 18446744073709550416, 
  rcu_ofl_gp_seq = 18446744073709550416, 
  rcu_ofl_gp_flags = 8, 
  rcu_onl_gp_seq = 18446744073709550417, 
  rcu_onl_gp_flags = 0, 
  cpu = 5, 
  rsp = 0xffff3eb87f209000
}

----------------------------------------
per_cpu(rcu_sched_data, 8) = $26 = {
  gp_seq = 65420, 
  gp_seq_needed = 65420, 
  rcu_qs_ctr_snap = 6, 
  cpu_no_qs = {
    b = {
      norm = 0 '\000', 
      exp = 0 '\000'
    }, 
    s = 0
  }, 
  core_needs_qs = false, 
  beenonline = true, 
  gpwrap = false, 
  mynode = 0xffff3eb87f209280, 
  grpmask = 256, 
  ticks_this_gp = 3253, 
  cblist = {
    head = 0xffffbf63c95ae300, 
    tails = {0xffffbf657fb6e2b8, 0xffffbf657fb6e2b8, 0xffffbf657fb6e2b8, 0xffffbf63c95a7700}, 
    gp_seq = {0, 65400, 65404, 0}, 
    len = 15, 
    len_lazy = 0
  }, 
  qlen_last_fqs_check = 0, 
  n_force_qs_snap = 0, 
  blimit = 10, 
  dynticks = 0xffffbf657fb564b0, 
  dynticks_snap = 181856, 
  dynticks_fqs = 264, 
  cond_resched_completed = 0, 
  barrier_head = {
    next = 0x0, 
    func = 0x0
  }, 
  exp_dynticks_snap = 180642, 
  nocb_head = 0x0, 
  nocb_tail = 0xffffbf657fb6e360, 
  nocb_q_count = {
    counter = 0
  }, 
  nocb_q_count_lazy = {
    counter = 0
  }, 
  nocb_follower_head = 0x0, 
  nocb_follower_tail = 0xffffbf657fb6e380, 
  nocb_wq = {
    lock = {
      raw_lock = {
        {
          val = {
            counter = 0
          }, 
          {
            locked = 0 '\000', 
            pending = 0 '\000'
          }, 
          {
            locked_pending = 0, 
            tail = 0
          }
        }
      }
    }, 
    task_list = {
      next = 0xffffbf657fb6e398, 
      prev = 0xffffbf657fb6e398
    }
  }, 
  nocb_kthread = 0x0, 
  nocb_lock = {
    raw_lock = {
      {
        val = {
          counter = 0
        }, 
        {
          locked = 0 '\000', 
          pending = 0 '\000'
        }, 
        {
          locked_pending = 0, 
          tail = 0
        }
      }
    }
  }, 
  nocb_defer_wakeup = 0, 
  nocb_timer = {
    entry = {
      next = 0x0, 
      pprev = 0x0
    }, 
    expires = 0, 
    function = 0xffff3eb87e0a60f0, 
    flags = 0, 
    kabi_reserved1 = 0, 
    kabi_reserved2 = 0, 
    kabi_reserved3 = 0, 
    kabi_reserved4 = 0
  }, 
  nocb_gp_head = 0x0, 
  nocb_gp_tail = 0x0, 
  nocb_leader_sleep = false, 
  nocb_next_follower = 0x0, 
  nocb_leader = 0x0, 
  softirq_snap = 6413, 
  rcu_iw = {
    flags = 0, 
    llnode = {
      next = 0x0
    }, 
    func = 0x0
  }, 
  rcu_iw_pending = false, 
  rcu_iw_gp_seq = 18446744073709550416, 
  rcu_ofl_gp_seq = 18446744073709550416, 
  rcu_ofl_gp_flags = 8, 
  rcu_onl_gp_seq = 18446744073709550417, 
  rcu_onl_gp_flags = 0, 
  cpu = 8, 
  rsp = 0xffff3eb87f209000
}

----------------------------------------
per_cpu(rcu_sched_data, 9) = $27 = {
  gp_seq = 65421, 
  gp_seq_needed = 65420, 
  rcu_qs_ctr_snap = 4, 
  cpu_no_qs = {
    b = {
      norm = 0 '\000', 
      exp = 0 '\000'
    }, 
    s = 0
  }, 
  core_needs_qs = true, 
  beenonline = true, 
  gpwrap = false, 
  mynode = 0xffff3eb87f209280, 
  grpmask = 512, 
  ticks_this_gp = 1, 
  cblist = {
    head = 0xffffbf63c97c1700, 
    tails = {0xffffbf657fb9e2b8, 0xffffbf657fb9e2b8, 0xffffbf657fb9e2b8, 0xffffbf6522d5cb30}, 
    gp_seq = {0, 64708, 64712, 0}, 
    len = 2, 
    len_lazy = 0
  }, 
  qlen_last_fqs_check = 0, 
  n_force_qs_snap = 0, 
  blimit = 10, 
  dynticks = 0xffffbf657fb864b0, 
  dynticks_snap = 177388, 
  dynticks_fqs = 113, 
  cond_resched_completed = 0, 
  barrier_head = {
    next = 0x0, 
    func = 0xffff3eb87e0a64e0
  }, 
  exp_dynticks_snap = 16338, 
  nocb_head = 0x0, 
  nocb_tail = 0xffffbf657fb9e360, 
  nocb_q_count = {
    counter = 0
  }, 
  nocb_q_count_lazy = {
    counter = 0
  }, 
  nocb_follower_head = 0x0, 
  nocb_follower_tail = 0xffffbf657fb9e380, 
  nocb_wq = {
    lock = {
      raw_lock = {
        {
          val = {
            counter = 0
          }, 
          {
            locked = 0 '\000', 
            pending = 0 '\000'
          }, 
          {
            locked_pending = 0, 
            tail = 0
          }
        }
      }
    }, 
    task_list = {
      next = 0xffffbf657fb9e398, 
      prev = 0xffffbf657fb9e398
    }
  }, 
  nocb_kthread = 0x0, 
  nocb_lock = {
    raw_lock = {
      {
        val = {
          counter = 0
        }, 
        {
          locked = 0 '\000', 
          pending = 0 '\000'
        }, 
        {
          locked_pending = 0, 
          tail = 0
        }
      }
    }
  }, 
  nocb_defer_wakeup = 0, 
  nocb_timer = {
    entry = {
      next = 0x0, 
      pprev = 0x0
    }, 
    expires = 0, 
    function = 0xffff3eb87e0a60f0, 
    flags = 0, 
    kabi_reserved1 = 0, 
    kabi_reserved2 = 0, 
    kabi_reserved3 = 0, 
    kabi_reserved4 = 0
  }, 
  nocb_gp_head = 0x0, 
  nocb_gp_tail = 0x0, 
  nocb_leader_sleep = false, 
  nocb_next_follower = 0x0, 
  nocb_leader = 0x0, 
  softirq_snap = 3971, 
  rcu_iw = {
    flags = 0, 
    llnode = {
      next = 0x0
    }, 
    func = 0x0
  }, 
  rcu_iw_pending = false, 
  rcu_iw_gp_seq = 18446744073709550416, 
  rcu_ofl_gp_seq = 18446744073709550416, 
  rcu_ofl_gp_flags = 8, 
  rcu_onl_gp_seq = 18446744073709550417, 
  rcu_onl_gp_flags = 0, 
  cpu = 9, 
  rsp = 0xffff3eb87f209000
}

----------------------------------------
per_cpu(rcu_sched_data, 11) = $29 = {
  gp_seq = 65329, 
  gp_seq_needed = 65332, 
  rcu_qs_ctr_snap = 11, 
  cpu_no_qs = {
    b = {
      norm = 0 '\000', 
      exp = 0 '\000'
    }, 
    s = 0
  }, 
  core_needs_qs = true, 
  beenonline = true, 
  gpwrap = false, 
  mynode = 0xffff3eb87f209280, 
  grpmask = 2048, 
  ticks_this_gp = 1, 
  cblist = {
    head = 0xffffbf6411c007e8, 
    tails = {0xffffbf657fbfe2b8, 0xffffbf657fbfe2b8, 0xffffbf657fbfe2b8, 0xffffbf63c9d5d000}, 
    gp_seq = {0, 65328, 65332, 0}, 
    len = 6, 
    len_lazy = 2
  }, 
  qlen_last_fqs_check = 0, 
  n_force_qs_snap = 0, 
  blimit = 10, 
  dynticks = 0xffffbf657fbe64b0, 
  dynticks_snap = 189208, 
  dynticks_fqs = 117, 
  cond_resched_completed = 0, 
  barrier_head = {
    next = 0x0, 
    func = 0xffff3eb87e0a64e0
  }, 
  exp_dynticks_snap = 116410, 
  nocb_head = 0x0, 
  nocb_tail = 0xffffbf657fbfe360, 
  nocb_q_count = {
    counter = 0
  }, 
  nocb_q_count_lazy = {
    counter = 0
  }, 
  nocb_follower_head = 0x0, 
  nocb_follower_tail = 0xffffbf657fbfe380, 
  nocb_wq = {
    lock = {
      raw_lock = {
        {
          val = {
            counter = 0
          }, 
          {
            locked = 0 '\000', 
            pending = 0 '\000'
          }, 
          {
            locked_pending = 0, 
            tail = 0
          }
        }
      }
    }, 
    task_list = {
      next = 0xffffbf657fbfe398, 
      prev = 0xffffbf657fbfe398
    }
  }, 
  nocb_kthread = 0x0, 
  nocb_lock = {
    raw_lock = {
      {
        val = {
          counter = 0
        }, 
        {
          locked = 0 '\000', 
          pending = 0 '\000'
        }, 
        {
          locked_pending = 0, 
          tail = 0
        }
      }
    }
  }, 
  nocb_defer_wakeup = 0, 
  nocb_timer = {
    entry = {
      next = 0x0, 
      pprev = 0x0
    }, 
    expires = 0, 
    function = 0xffff3eb87e0a60f0, 
    flags = 0, 
    kabi_reserved1 = 0, 
    kabi_reserved2 = 0, 
    kabi_reserved3 = 0, 
    kabi_reserved4 = 0
  }, 
  nocb_gp_head = 0x0, 
  nocb_gp_tail = 0x0, 
  nocb_leader_sleep = false, 
  nocb_next_follower = 0x0, 
  nocb_leader = 0x0, 
  softirq_snap = 5690, 
  rcu_iw = {
    flags = 0, 
    llnode = {
      next = 0x0
    }, 
    func = 0x0
  }, 
  rcu_iw_pending = false, 
  rcu_iw_gp_seq = 18446744073709550420, 
  rcu_ofl_gp_seq = 18446744073709550416, 
  rcu_ofl_gp_flags = 8, 
  rcu_onl_gp_seq = 18446744073709550421, 
  rcu_onl_gp_flags = 0, 
  cpu = 11, 
  rsp = 0xffff3eb87f209000
}

----------------------------------------
per_cpu(rcu_sched_data, 13) = $31 = {
  gp_seq = 65421, 
  gp_seq_needed = 65420, 
  rcu_qs_ctr_snap = 14, 
  cpu_no_qs = {
    b = {
      norm = 0 '\000', 
      exp = 0 '\000'
    }, 
    s = 0
  }, 
  core_needs_qs = true, 
  beenonline = true, 
  gpwrap = false, 
  mynode = 0xffff3eb87f209280, 
  grpmask = 8192, 
  ticks_this_gp = 1, 
  cblist = {
    head = 0xffffdf64bd5f4228, 
    tails = {0xffffbf657fc5e2b8, 0xffffbf657fc5e2b8, 0xffffbf657fc5e2b8, 0xffffbf63ec6c6100}, 
    gp_seq = {0, 65208, 65212, 0}, 
    len = 4, 
    len_lazy = 2
  }, 
  qlen_last_fqs_check = 0, 
  n_force_qs_snap = 0, 
  blimit = 10, 
  dynticks = 0xffffbf657fc464b0, 
  dynticks_snap = 239844, 
  dynticks_fqs = 121, 
  cond_resched_completed = 0, 
  barrier_head = {
    next = 0x0, 
    func = 0xffff3eb87e0a64e0
  }, 
  exp_dynticks_snap = 230470, 
  nocb_head = 0x0, 
  nocb_tail = 0xffffbf657fc5e360, 
  nocb_q_count = {
    counter = 0
  }, 
  nocb_q_count_lazy = {
    counter = 0
  }, 
  nocb_follower_head = 0x0, 
  nocb_follower_tail = 0xffffbf657fc5e380, 
  nocb_wq = {
    lock = {
      raw_lock = {
        {
          val = {
            counter = 0
          }, 
          {
            locked = 0 '\000', 
            pending = 0 '\000'
          }, 
          {
            locked_pending = 0, 
            tail = 0
          }
        }
      }
    }, 
    task_list = {
      next = 0xffffbf657fc5e398, 
      prev = 0xffffbf657fc5e398
    }
  }, 
  nocb_kthread = 0x0, 
  nocb_lock = {
    raw_lock = {
      {
        val = {
          counter = 0
        }, 
        {
          locked = 0 '\000', 
          pending = 0 '\000'
        }, 
        {
          locked_pending = 0, 
          tail = 0
        }
      }
    }
  }, 
  nocb_defer_wakeup = 0, 
  nocb_timer = {
    entry = {
      next = 0x0, 
      pprev = 0x0
    }, 
    expires = 0, 
    function = 0xffff3eb87e0a60f0, 
    flags = 0, 
    kabi_reserved1 = 0, 
    kabi_reserved2 = 0, 
    kabi_reserved3 = 0, 
    kabi_reserved4 = 0
  }, 
  nocb_gp_head = 0x0, 
  nocb_gp_tail = 0x0, 
  nocb_leader_sleep = false, 
  nocb_next_follower = 0x0, 
  nocb_leader = 0x0, 
  softirq_snap = 7576, 
  rcu_iw = {
    flags = 0, 
    llnode = {
      next = 0x0
    }, 
    func = 0x0
  }, 
  rcu_iw_pending = false, 
  rcu_iw_gp_seq = 18446744073709550420, 
  rcu_ofl_gp_seq = 18446744073709550416, 
  rcu_ofl_gp_flags = 8, 
  rcu_onl_gp_seq = 18446744073709550421, 
  rcu_onl_gp_flags = 0, 
  cpu = 13, 
  rsp = 0xffff3eb87f209000
}

----------------------------------------
per_cpu(rcu_sched_data, 14) = $32 = {
  gp_seq = 65421, 
  gp_seq_needed = 65428, 
  rcu_qs_ctr_snap = 9, 
  cpu_no_qs = {
    b = {
      norm = 0 '\000', 
      exp = 0 '\000'
    }, 
    s = 0
  }, 
  core_needs_qs = false, 
  beenonline = true, 
  gpwrap = false, 
  mynode = 0xffff3eb87f209280, 
  grpmask = 16384, 
  ticks_this_gp = 3265, 
  cblist = {
    head = 0xffffdf64a87e0028, 
    tails = {0xffffbf657fc8e2b8, 0xffffbf650df5a600, 0xffffbf650df5a600, 0xffffbf650df50100}, 
    gp_seq = {0, 65428, 65428, 0}, 
    len = 10, 
    len_lazy = 4
  }, 
  qlen_last_fqs_check = 0, 
  n_force_qs_snap = 2967, 
  blimit = 10, 
  dynticks = 0xffffbf657fc764b0, 
  dynticks_snap = 203076, 
  dynticks_fqs = 107, 
  cond_resched_completed = 0, 
  barrier_head = {
    next = 0x0, 
    func = 0xffff3eb87e0a64e0
  }, 
  exp_dynticks_snap = 124470, 
  nocb_head = 0x0, 
  nocb_tail = 0xffffbf657fc8e360, 
  nocb_q_count = {
    counter = 0
  }, 
  nocb_q_count_lazy = {
    counter = 0
  }, 
  nocb_follower_head = 0x0, 
  nocb_follower_tail = 0xffffbf657fc8e380, 
  nocb_wq = {
    lock = {
      raw_lock = {
        {
          val = {
            counter = 0
          }, 
          {
            locked = 0 '\000', 
            pending = 0 '\000'
          }, 
          {
            locked_pending = 0, 
            tail = 0
          }
        }
      }
    }, 
    task_list = {
      next = 0xffffbf657fc8e398, 
      prev = 0xffffbf657fc8e398
    }
  }, 
  nocb_kthread = 0x0, 
  nocb_lock = {
    raw_lock = {
      {
        val = {
          counter = 0
        }, 
        {
          locked = 0 '\000', 
          pending = 0 '\000'
        }, 
        {
          locked_pending = 0, 
          tail = 0
        }
      }
    }
  }, 
  nocb_defer_wakeup = 0, 
  nocb_timer = {
    entry = {
      next = 0x0, 
      pprev = 0x0
    }, 
    expires = 0, 
    function = 0xffff3eb87e0a60f0, 
    flags = 0, 
    kabi_reserved1 = 0, 
    kabi_reserved2 = 0, 
    kabi_reserved3 = 0, 
    kabi_reserved4 = 0
  }, 
  nocb_gp_head = 0x0, 
  nocb_gp_tail = 0x0, 
  nocb_leader_sleep = false, 
  nocb_next_follower = 0x0, 
  nocb_leader = 0x0, 
  softirq_snap = 6147, 
  rcu_iw = {
    flags = 0, 
    llnode = {
      next = 0x0
    }, 
    func = 0x0
  }, 
  rcu_iw_pending = false, 
  rcu_iw_gp_seq = 18446744073709550420, 
  rcu_ofl_gp_seq = 18446744073709550416, 
  rcu_ofl_gp_flags = 8, 
  rcu_onl_gp_seq = 18446744073709550421, 
  rcu_onl_gp_flags = 0, 
  cpu = 14, 
  rsp = 0xffff3eb87f209000
}

----------------------------------------
per_cpu(rcu_sched_data, 16) = $34 = {
  gp_seq = 65421, 
  gp_seq_needed = 65428, 
  rcu_qs_ctr_snap = 0, 
  cpu_no_qs = {
    b = {
      norm = 0 '\000', 
      exp = 0 '\000'
    }, 
    s = 0
  }, 
  core_needs_qs = false, 
  beenonline = true, 
  gpwrap = false, 
  mynode = 0xffff3eb87f209500, 
  grpmask = 1, 
  ticks_this_gp = 2900, 
  cblist = {
    head = 0xffffbf63ec72e700, 
    tails = {0xffffbf657fcee2b8, 0xffffbf63ec72f100, 0xffffbf63ec72f100, 0xffffbf63ec724900}, 
    gp_seq = {0, 65428, 65428, 0}, 
    len = 20, 
    len_lazy = 8
  }, 
  qlen_last_fqs_check = 0, 
  n_force_qs_snap = 1, 
  blimit = 10, 
  dynticks = 0xffffbf657fcd64b0, 
  dynticks_snap = 281512, 
  dynticks_fqs = 73, 
  cond_resched_completed = 0, 
  barrier_head = {
    next = 0x0, 
    func = 0xffff3eb87e0a64e0
  }, 
  exp_dynticks_snap = 0, 
  nocb_head = 0x0, 
  nocb_tail = 0xffffbf657fcee360, 
  nocb_q_count = {
    counter = 0
  }, 
  nocb_q_count_lazy = {
    counter = 0
  }, 
  nocb_follower_head = 0x0, 
  nocb_follower_tail = 0xffffbf657fcee380, 
  nocb_wq = {
    lock = {
      raw_lock = {
        {
          val = {
            counter = 0
          }, 
          {
            locked = 0 '\000', 
            pending = 0 '\000'
          }, 
          {
            locked_pending = 0, 
            tail = 0
          }
        }
      }
    }, 
    task_list = {
      next = 0xffffbf657fcee398, 
      prev = 0xffffbf657fcee398
    }
  }, 
  nocb_kthread = 0x0, 
  nocb_lock = {
    raw_lock = {
      {
        val = {
          counter = 0
        }, 
        {
          locked = 0 '\000', 
          pending = 0 '\000'
        }, 
        {
          locked_pending = 0, 
          tail = 0
        }
      }
    }
  }, 
  nocb_defer_wakeup = 0, 
  nocb_timer = {
    entry = {
      next = 0x0, 
      pprev = 0x0
    }, 
    expires = 0, 
    function = 0xffff3eb87e0a60f0, 
    flags = 0, 
    kabi_reserved1 = 0, 
    kabi_reserved2 = 0, 
    kabi_reserved3 = 0, 
    kabi_reserved4 = 0
  }, 
  nocb_gp_head = 0x0, 
  nocb_gp_tail = 0x0, 
  nocb_leader_sleep = false, 
  nocb_next_follower = 0x0, 
  nocb_leader = 0x0, 
  softirq_snap = 7633, 
  rcu_iw = {
    flags = 0, 
    llnode = {
      next = 0x0
    }, 
    func = 0x0
  }, 
  rcu_iw_pending = false, 
  rcu_iw_gp_seq = 18446744073709550424, 
  rcu_ofl_gp_seq = 18446744073709550416, 
  rcu_ofl_gp_flags = 8, 
  rcu_onl_gp_seq = 18446744073709550425, 
  rcu_onl_gp_flags = 0, 
  cpu = 16, 
  rsp = 0xffff3eb87f209000
}

----------------------------------------
per_cpu(rcu_sched_data, 17) = $35 = {
  gp_seq = 65421, 
  gp_seq_needed = 65428, 
  rcu_qs_ctr_snap = 9, 
  cpu_no_qs = {
    b = {
      norm = 0 '\000', 
      exp = 0 '\000'
    }, 
    s = 0
  }, 
  core_needs_qs = false, 
  beenonline = true, 
  gpwrap = false, 
  mynode = 0xffff3eb87f209500, 
  grpmask = 2, 
  ticks_this_gp = 3272, 
  cblist = {
    head = 0xffffbf63eaf94a00, 
    tails = {0xffffbf657fd1e2b8, 0xffffbf63eaf94a00, 0xffffbf63eaf94a00, 0xffffbf63eaf99100}, 
    gp_seq = {0, 65424, 65428, 0}, 
    len = 152, 
    len_lazy = 1
  }, 
  qlen_last_fqs_check = 0, 
  n_force_qs_snap = 1, 
  blimit = 10, 
  dynticks = 0xffffbf657fd064b0, 
  dynticks_snap = 222368, 
  dynticks_fqs = 73, 
  cond_resched_completed = 0, 
  barrier_head = {
    next = 0x0, 
    func = 0xffff3eb87e0a64e0
  }, 
  exp_dynticks_snap = 212790, 
  nocb_head = 0x0, 
  nocb_tail = 0xffffbf657fd1e360, 
  nocb_q_count = {
    counter = 0
  }, 
  nocb_q_count_lazy = {
    counter = 0
  }, 
  nocb_follower_head = 0x0, 
  nocb_follower_tail = 0xffffbf657fd1e380, 
  nocb_wq = {
    lock = {
      raw_lock = {
        {
          val = {
            counter = 0
          }, 
          {
            locked = 0 '\000', 
            pending = 0 '\000'
          }, 
          {
            locked_pending = 0, 
            tail = 0
          }
        }
      }
    }, 
    task_list = {
      next = 0xffffbf657fd1e398, 
      prev = 0xffffbf657fd1e398
    }
  }, 
  nocb_kthread = 0x0, 
  nocb_lock = {
    raw_lock = {
      {
        val = {
          counter = 0
        }, 
        {
          locked = 0 '\000', 
          pending = 0 '\000'
        }, 
        {
          locked_pending = 0, 
          tail = 0
        }
      }
    }
  }, 
  nocb_defer_wakeup = 0, 
  nocb_timer = {
    entry = {
      next = 0x0, 
      pprev = 0x0
    }, 
    expires = 0, 
    function = 0xffff3eb87e0a60f0, 
    flags = 0, 
    kabi_reserved1 = 0, 
    kabi_reserved2 = 0, 
    kabi_reserved3 = 0, 
    kabi_reserved4 = 0
  }, 
  nocb_gp_head = 0x0, 
  nocb_gp_tail = 0x0, 
  nocb_leader_sleep = false, 
  nocb_next_follower = 0x0, 
  nocb_leader = 0x0, 
  softirq_snap = 6472, 
  rcu_iw = {
    flags = 0, 
    llnode = {
      next = 0x0
    }, 
    func = 0x0
  }, 
  rcu_iw_pending = false, 
  rcu_iw_gp_seq = 18446744073709550424, 
  rcu_ofl_gp_seq = 18446744073709550416, 
  rcu_ofl_gp_flags = 8, 
  rcu_onl_gp_seq = 18446744073709550425, 
  rcu_onl_gp_flags = 0, 
  cpu = 17, 
  rsp = 0xffff3eb87f209000
}

----------------------------------------
per_cpu(rcu_sched_data, 18) = $36 = {
  gp_seq = 65421, 
  gp_seq_needed = 65428, 
  rcu_qs_ctr_snap = 8, 
  cpu_no_qs = {
    b = {
      norm = 0 '\000', 
      exp = 0 '\000'
    }, 
    s = 0
  }, 
  core_needs_qs = false, 
  beenonline = true, 
  gpwrap = false, 
  mynode = 0xffff3eb87f209500, 
  grpmask = 4, 
  ticks_this_gp = 3259, 
  cblist = {
    head = 0xffffbf6553688500, 
    tails = {0xffffbf657fd4e2b8, 0xffffbf6553688500, 0xffffbf6553688500, 0xffffbf655368ac00}, 
    gp_seq = {0, 65428, 65428, 0}, 
    len = 25, 
    len_lazy = 4
  }, 
  qlen_last_fqs_check = 0, 
  n_force_qs_snap = 1, 
  blimit = 10, 
  dynticks = 0xffffbf657fd364b0, 
  dynticks_snap = 214416, 
  dynticks_fqs = 125, 
  cond_resched_completed = 0, 
  barrier_head = {
    next = 0x0, 
    func = 0xffff3eb87e0a64e0
  }, 
  exp_dynticks_snap = 129910, 
  nocb_head = 0x0, 
  nocb_tail = 0xffffbf657fd4e360, 
  nocb_q_count = {
    counter = 0
  }, 
  nocb_q_count_lazy = {
    counter = 0
  }, 
  nocb_follower_head = 0x0, 
  nocb_follower_tail = 0xffffbf657fd4e380, 
  nocb_wq = {
    lock = {
      raw_lock = {
        {
          val = {
            counter = 0
          }, 
          {
            locked = 0 '\000', 
            pending = 0 '\000'
          }, 
          {
            locked_pending = 0, 
            tail = 0
          }
        }
      }
    }, 
    task_list = {
      next = 0xffffbf657fd4e398, 
      prev = 0xffffbf657fd4e398
    }
  }, 
  nocb_kthread = 0x0, 
  nocb_lock = {
    raw_lock = {
      {
        val = {
          counter = 0
        }, 
        {
          locked = 0 '\000', 
          pending = 0 '\000'
        }, 
        {
          locked_pending = 0, 
          tail = 0
        }
      }
    }
  }, 
  nocb_defer_wakeup = 0, 
  nocb_timer = {
    entry = {
      next = 0x0, 
      pprev = 0x0
    }, 
    expires = 0, 
    function = 0xffff3eb87e0a60f0, 
    flags = 0, 
    kabi_reserved1 = 0, 
    kabi_reserved2 = 0, 
    kabi_reserved3 = 0, 
    kabi_reserved4 = 0
  }, 
  nocb_gp_head = 0x0, 
  nocb_gp_tail = 0x0, 
  nocb_leader_sleep = false, 
  nocb_next_follower = 0x0, 
  nocb_leader = 0x0, 
  softirq_snap = 8768, 
  rcu_iw = {
    flags = 0, 
    llnode = {
      next = 0x0
    }, 
    func = 0x0
  }, 
  rcu_iw_pending = false, 
  rcu_iw_gp_seq = 18446744073709550424, 
  rcu_ofl_gp_seq = 18446744073709550416, 
  rcu_ofl_gp_flags = 8, 
  rcu_onl_gp_seq = 18446744073709550425, 
  rcu_onl_gp_flags = 0, 
  cpu = 18, 
  rsp = 0xffff3eb87f209000
}

----------------------------------------
per_cpu(rcu_sched_data, 19) = $37 = {
  gp_seq = 65421, 
  gp_seq_needed = 65428, 
  rcu_qs_ctr_snap = 7, 
  cpu_no_qs = {
    b = {
      norm = 0 '\000', 
      exp = 0 '\000'
    }, 
    s = 0
  }, 
  core_needs_qs = false, 
  beenonline = true, 
  gpwrap = false, 
  mynode = 0xffff3eb87f209500, 
  grpmask = 8, 
  ticks_this_gp = 3050, 
  cblist = {
    head = 0xffffbf65569c6600, 
    tails = {0xffffbf657fd7e2b8, 0xffffbf657fd7e2b8, 0xffffbf657fd7e2b8, 0xffffbf655b785800}, 
    gp_seq = {0, 64936, 64940, 0}, 
    len = 1020, 
    len_lazy = 0
  }, 
  qlen_last_fqs_check = 0, 
  n_force_qs_snap = 1, 
  blimit = 10, 
  dynticks = 0xffffbf657fd664b0, 
  dynticks_snap = 198592, 
  dynticks_fqs = 103, 
  cond_resched_completed = 0, 
  barrier_head = {
    next = 0x0, 
    func = 0x0
  }, 
  exp_dynticks_snap = 81502, 
  nocb_head = 0x0, 
  nocb_tail = 0xffffbf657fd7e360, 
  nocb_q_count = {
    counter = 0
  }, 
  nocb_q_count_lazy = {
    counter = 0
  }, 
  nocb_follower_head = 0x0, 
  nocb_follower_tail = 0xffffbf657fd7e380, 
  nocb_wq = {
    lock = {
      raw_lock = {
        {
          val = {
            counter = 0
          }, 
          {
            locked = 0 '\000', 
            pending = 0 '\000'
          }, 
          {
            locked_pending = 0, 
            tail = 0
          }
        }
      }
    }, 
    task_list = {
      next = 0xffffbf657fd7e398, 
      prev = 0xffffbf657fd7e398
    }
  }, 
  nocb_kthread = 0x0, 
  nocb_lock = {
    raw_lock = {
      {
        val = {
          counter = 0
        }, 
        {
          locked = 0 '\000', 
          pending = 0 '\000'
        }, 
        {
          locked_pending = 0, 
          tail = 0
        }
      }
    }
  }, 
  nocb_defer_wakeup = 0, 
  nocb_timer = {
    entry = {
      next = 0x0, 
      pprev = 0x0
    }, 
    expires = 0, 
    function = 0xffff3eb87e0a60f0, 
    flags = 0, 
    kabi_reserved1 = 0, 
    kabi_reserved2 = 0, 
    kabi_reserved3 = 0, 
    kabi_reserved4 = 0
  }, 
  nocb_gp_head = 0x0, 
  nocb_gp_tail = 0x0, 
  nocb_leader_sleep = false, 
  nocb_next_follower = 0x0, 
  nocb_leader = 0x0, 
  softirq_snap = 5774, 
  rcu_iw = {
    flags = 0, 
    llnode = {
      next = 0x0
    }, 
    func = 0x0
  }, 
  rcu_iw_pending = false, 
  rcu_iw_gp_seq = 18446744073709550424, 
  rcu_ofl_gp_seq = 18446744073709550416, 
  rcu_ofl_gp_flags = 8, 
  rcu_onl_gp_seq = 18446744073709550425, 
  rcu_onl_gp_flags = 0, 
  cpu = 19, 
  rsp = 0xffff3eb87f209000
}

----------------------------------------
per_cpu(rcu_sched_data, 20) = $38 = {
  gp_seq = 65421, 
  gp_seq_needed = 65428, 
  rcu_qs_ctr_snap = 9, 
  cpu_no_qs = {
    b = {
      norm = 0 '\000', 
      exp = 0 '\000'
    }, 
    s = 0
  }, 
  core_needs_qs = false, 
  beenonline = true, 
  gpwrap = false, 
  mynode = 0xffff3eb87f209500, 
  grpmask = 16, 
  ticks_this_gp = 1607, 
  cblist = {
    head = 0xffffbf65510a5c28, 
    tails = {0xffffbf657fdae2b8, 0xffffbf6558789b00, 0xffffbf6558789b00, 0xffffbf6558789b00}, 
    gp_seq = {0, 65428, 65428, 0}, 
    len = 2, 
    len_lazy = 1
  }, 
  qlen_last_fqs_check = 0, 
  n_force_qs_snap = 1, 
  blimit = 10, 
  dynticks = 0xffffbf657fd964b0, 
  dynticks_snap = 174264, 
  dynticks_fqs = 91, 
  cond_resched_completed = 0, 
  barrier_head = {
    next = 0x0, 
    func = 0x0
  }, 
  exp_dynticks_snap = 106630, 
  nocb_head = 0x0, 
  nocb_tail = 0xffffbf657fdae360, 
  nocb_q_count = {
    counter = 0
  }, 
  nocb_q_count_lazy = {
    counter = 0
  }, 
  nocb_follower_head = 0x0, 
  nocb_follower_tail = 0xffffbf657fdae380, 
  nocb_wq = {
    lock = {
      raw_lock = {
        {
          val = {
            counter = 0
          }, 
          {
            locked = 0 '\000', 
            pending = 0 '\000'
          }, 
          {
            locked_pending = 0, 
            tail = 0
          }
        }
      }
    }, 
    task_list = {
      next = 0xffffbf657fdae398, 
      prev = 0xffffbf657fdae398
    }
  }, 
  nocb_kthread = 0x0, 
  nocb_lock = {
    raw_lock = {
      {
        val = {
          counter = 0
        }, 
        {
          locked = 0 '\000', 
          pending = 0 '\000'
        }, 
        {
          locked_pending = 0, 
          tail = 0
        }
      }
    }
  }, 
  nocb_defer_wakeup = 0, 
  nocb_timer = {
    entry = {
      next = 0x0, 
      pprev = 0x0
    }, 
    expires = 0, 
    function = 0xffff3eb87e0a60f0, 
    flags = 0, 
    kabi_reserved1 = 0, 
    kabi_reserved2 = 0, 
    kabi_reserved3 = 0, 
    kabi_reserved4 = 0
  }, 
  nocb_gp_head = 0x0, 
  nocb_gp_tail = 0x0, 
  nocb_leader_sleep = false, 
  nocb_next_follower = 0x0, 
  nocb_leader = 0x0, 
  softirq_snap = 4161, 
  rcu_iw = {
    flags = 0, 
    llnode = {
      next = 0x0
    }, 
    func = 0x0
  }, 
  rcu_iw_pending = false, 
  rcu_iw_gp_seq = 18446744073709550424, 
  rcu_ofl_gp_seq = 18446744073709550416, 
  rcu_ofl_gp_flags = 8, 
  rcu_onl_gp_seq = 18446744073709550425, 
  rcu_onl_gp_flags = 0, 
  cpu = 20, 
  rsp = 0xffff3eb87f209000
}

----------------------------------------
per_cpu(rcu_sched_data, 21) = $39 = {
  gp_seq = 65421, 
  gp_seq_needed = 65428, 
  rcu_qs_ctr_snap = 7, 
  cpu_no_qs = {
    b = {
      norm = 0 '\000', 
      exp = 0 '\000'
    }, 
    s = 0
  }, 
  core_needs_qs = false, 
  beenonline = true, 
  gpwrap = false, 
  mynode = 0xffff3eb87f209500, 
  grpmask = 32, 
  ticks_this_gp = 3204, 
  cblist = {
    head = 0xffffbf654d1d1b00, 
    tails = {0xffffbf657fdde2b8, 0xffffbf654d1de500, 0xffffbf654d1de500, 0xffffbf654d1d7300}, 
    gp_seq = {0, 65428, 65428, 0}, 
    len = 9, 
    len_lazy = 3
  }, 
  qlen_last_fqs_check = 0, 
  n_force_qs_snap = 366, 
  blimit = 10, 
  dynticks = 0xffffbf657fdc64b0, 
  dynticks_snap = 184500, 
  dynticks_fqs = 83, 
  cond_resched_completed = 0, 
  barrier_head = {
    next = 0x0, 
    func = 0xffff3eb87e0a64e0
  }, 
  exp_dynticks_snap = 115622, 
  nocb_head = 0x0, 
  nocb_tail = 0xffffbf657fdde360, 
  nocb_q_count = {
    counter = 0
  }, 
  nocb_q_count_lazy = {
    counter = 0
  }, 
  nocb_follower_head = 0x0, 
  nocb_follower_tail = 0xffffbf657fdde380, 
  nocb_wq = {
    lock = {
      raw_lock = {
        {
          val = {
            counter = 0
          }, 
          {
            locked = 0 '\000', 
            pending = 0 '\000'
          }, 
          {
            locked_pending = 0, 
            tail = 0
          }
        }
      }
    }, 
    task_list = {
      next = 0xffffbf657fdde398, 
      prev = 0xffffbf657fdde398
    }
  }, 
  nocb_kthread = 0x0, 
  nocb_lock = {
    raw_lock = {
      {
        val = {
          counter = 0
        }, 
        {
          locked = 0 '\000', 
          pending = 0 '\000'
        }, 
        {
          locked_pending = 0, 
          tail = 0
        }
      }
    }
  }, 
  nocb_defer_wakeup = 0, 
  nocb_timer = {
    entry = {
      next = 0x0, 
      pprev = 0x0
    }, 
    expires = 0, 
    function = 0xffff3eb87e0a60f0, 
    flags = 0, 
    kabi_reserved1 = 0, 
    kabi_reserved2 = 0, 
    kabi_reserved3 = 0, 
    kabi_reserved4 = 0
  }, 
  nocb_gp_head = 0x0, 
  nocb_gp_tail = 0x0, 
  nocb_leader_sleep = false, 
  nocb_next_follower = 0x0, 
  nocb_leader = 0x0, 
  softirq_snap = 4543, 
  rcu_iw = {
    flags = 0, 
    llnode = {
      next = 0x0
    }, 
    func = 0x0
  }, 
  rcu_iw_pending = false, 
  rcu_iw_gp_seq = 18446744073709550424, 
  rcu_ofl_gp_seq = 18446744073709550416, 
  rcu_ofl_gp_flags = 8, 
  rcu_onl_gp_seq = 18446744073709550425, 
  rcu_onl_gp_flags = 0, 
  cpu = 21, 
  rsp = 0xffff3eb87f209000
}

----------------------------------------
per_cpu(rcu_sched_data, 22) = $40 = {
  gp_seq = 65421, 
  gp_seq_needed = 65428, 
  rcu_qs_ctr_snap = 12, 
  cpu_no_qs = {
    b = {
      norm = 0 '\000', 
      exp = 0 '\000'
    }, 
    s = 0
  }, 
  core_needs_qs = false, 
  beenonline = true, 
  gpwrap = false, 
  mynode = 0xffff3eb87f209500, 
  grpmask = 64, 
  ticks_this_gp = 3002, 
  cblist = {
    head = 0xffffbf655689e628, 
    tails = {0xffffbf657fe0e2b8, 0xffffbf63c7260500, 0xffffbf63c7260500, 0xffffbf63c726fa00}, 
    gp_seq = {0, 65428, 65428, 0}, 
    len = 4, 
    len_lazy = 2
  }, 
  qlen_last_fqs_check = 0, 
  n_force_qs_snap = 1, 
  blimit = 10, 
  dynticks = 0xffffbf657fdf64b0, 
  dynticks_snap = 194340, 
  dynticks_fqs = 103, 
  cond_resched_completed = 0, 
  barrier_head = {
    next = 0x0, 
    func = 0xffff3eb87e0a64e0
  }, 
  exp_dynticks_snap = 135770, 
  nocb_head = 0x0, 
  nocb_tail = 0xffffbf657fe0e360, 
  nocb_q_count = {
    counter = 0
  }, 
  nocb_q_count_lazy = {
    counter = 0
  }, 
  nocb_follower_head = 0x0, 
  nocb_follower_tail = 0xffffbf657fe0e380, 
  nocb_wq = {
    lock = {
      raw_lock = {
        {
          val = {
            counter = 0
          }, 
          {
            locked = 0 '\000', 
            pending = 0 '\000'
          }, 
          {
            locked_pending = 0, 
            tail = 0
          }
        }
      }
    }, 
    task_list = {
      next = 0xffffbf657fe0e398, 
      prev = 0xffffbf657fe0e398
    }
  }, 
  nocb_kthread = 0x0, 
  nocb_lock = {
    raw_lock = {
      {
        val = {
          counter = 0
        }, 
        {
          locked = 0 '\000', 
          pending = 0 '\000'
        }, 
        {
          locked_pending = 0, 
          tail = 0
        }
      }
    }
  }, 
  nocb_defer_wakeup = 0, 
  nocb_timer = {
    entry = {
      next = 0x0, 
      pprev = 0x0
    }, 
    expires = 0, 
    function = 0xffff3eb87e0a60f0, 
    flags = 0, 
    kabi_reserved1 = 0, 
    kabi_reserved2 = 0, 
    kabi_reserved3 = 0, 
    kabi_reserved4 = 0
  }, 
  nocb_gp_head = 0x0, 
  nocb_gp_tail = 0x0, 
  nocb_leader_sleep = false, 
  nocb_next_follower = 0x0, 
  nocb_leader = 0x0, 
  softirq_snap = 5363, 
  rcu_iw = {
    flags = 0, 
    llnode = {
      next = 0x0
    }, 
    func = 0x0
  }, 
  rcu_iw_pending = false, 
  rcu_iw_gp_seq = 18446744073709550424, 
  rcu_ofl_gp_seq = 18446744073709550416, 
  rcu_ofl_gp_flags = 8, 
  rcu_onl_gp_seq = 18446744073709550425, 
  rcu_onl_gp_flags = 0, 
  cpu = 22, 
  rsp = 0xffff3eb87f209000
}

----------------------------------------
per_cpu(rcu_sched_data, 23) = $41 = {
  gp_seq = 64813, 
  gp_seq_needed = 64816, 
  rcu_qs_ctr_snap = 9, 
  cpu_no_qs = {
    b = {
      norm = 0 '\000', 
      exp = 0 '\000'
    }, 
    s = 0
  }, 
  core_needs_qs = true, 
  beenonline = true, 
  gpwrap = false, 
  mynode = 0xffff3eb87f209500, 
  grpmask = 128, 
  ticks_this_gp = 0, 
  cblist = {
    head = 0xffffbf63e40d0128, 
    tails = {0xffffbf657fe3e2b8, 0xffffbf657fe3e2b8, 0xffffbf657fe3e2b8, 0xffffbf650ae90000}, 
    gp_seq = {0, 64812, 64816, 0}, 
    len = 15, 
    len_lazy = 4
  }, 
  qlen_last_fqs_check = 0, 
  n_force_qs_snap = 1, 
  blimit = 10, 
  dynticks = 0xffffbf657fe264b0, 
  dynticks_snap = 165800, 
  dynticks_fqs = 48, 
  cond_resched_completed = 0, 
  barrier_head = {
    next = 0x0, 
    func = 0x0
  }, 
  exp_dynticks_snap = 161002, 
  nocb_head = 0x0, 
  nocb_tail = 0xffffbf657fe3e360, 
  nocb_q_count = {
    counter = 0
  }, 
  nocb_q_count_lazy = {
    counter = 0
  }, 
  nocb_follower_head = 0x0, 
  nocb_follower_tail = 0xffffbf657fe3e380, 
  nocb_wq = {
    lock = {
      raw_lock = {
        {
          val = {
            counter = 0
          }, 
          {
            locked = 0 '\000', 
            pending = 0 '\000'
          }, 
          {
            locked_pending = 0, 
            tail = 0
          }
        }
      }
    }, 
    task_list = {
      next = 0xffffbf657fe3e398, 
      prev = 0xffffbf657fe3e398
    }
  }, 
  nocb_kthread = 0x0, 
  nocb_lock = {
    raw_lock = {
      {
        val = {
          counter = 0
        }, 
        {
          locked = 0 '\000', 
          pending = 0 '\000'
        }, 
        {
          locked_pending = 0, 
          tail = 0
        }
      }
    }
  }, 
  nocb_defer_wakeup = 0, 
  nocb_timer = {
    entry = {
      next = 0x0, 
      pprev = 0x0
    }, 
    expires = 0, 
    function = 0xffff3eb87e0a60f0, 
    flags = 0, 
    kabi_reserved1 = 0, 
    kabi_reserved2 = 0, 
    kabi_reserved3 = 0, 
    kabi_reserved4 = 0
  }, 
  nocb_gp_head = 0x0, 
  nocb_gp_tail = 0x0, 
  nocb_leader_sleep = false, 
  nocb_next_follower = 0x0, 
  nocb_leader = 0x0, 
  softirq_snap = 6560, 
  rcu_iw = {
    flags = 0, 
    llnode = {
      next = 0x0
    }, 
    func = 0x0
  }, 
  rcu_iw_pending = false, 
  rcu_iw_gp_seq = 18446744073709550428, 
  rcu_ofl_gp_seq = 18446744073709550416, 
  rcu_ofl_gp_flags = 8, 
  rcu_onl_gp_seq = 18446744073709550429, 
  rcu_onl_gp_flags = 0, 
  cpu = 23, 
  rsp = 0xffff3eb87f209000
}

----------------------------------------
per_cpu(rcu_sched_data, 24) = $42 = {
  gp_seq = 65421, 
  gp_seq_needed = 65428, 
  rcu_qs_ctr_snap = 7, 
  cpu_no_qs = {
    b = {
      norm = 0 '\000', 
      exp = 0 '\000'
    }, 
    s = 0
  }, 
  core_needs_qs = false, 
  beenonline = true, 
  gpwrap = false, 
  mynode = 0xffff3eb87f209500, 
  grpmask = 256, 
  ticks_this_gp = 1302, 
  cblist = {
    head = 0xffffbf6552b59280, 
    tails = {0xffffbf657fe6e2b8, 0xffffbf63f7b79100, 0xffffbf63f7b79100, 0xffffbf63f7b79100}, 
    gp_seq = {0, 65428, 65428, 0}, 
    len = 3, 
    len_lazy = 1
  }, 
  qlen_last_fqs_check = 0, 
  n_force_qs_snap = 1, 
  blimit = 10, 
  dynticks = 0xffffbf657fe564b0, 
  dynticks_snap = 184148, 
  dynticks_fqs = 87, 
  cond_resched_completed = 0, 
  barrier_head = {
    next = 0x0, 
    func = 0x0
  }, 
  exp_dynticks_snap = 178762, 
  nocb_head = 0x0, 
  nocb_tail = 0xffffbf657fe6e360, 
  nocb_q_count = {
    counter = 0
  }, 
  nocb_q_count_lazy = {
    counter = 0
  }, 
  nocb_follower_head = 0x0, 
  nocb_follower_tail = 0xffffbf657fe6e380, 
  nocb_wq = {
    lock = {
      raw_lock = {
        {
          val = {
            counter = 0
          }, 
          {
            locked = 0 '\000', 
            pending = 0 '\000'
          }, 
          {
            locked_pending = 0, 
            tail = 0
          }
        }
      }
    }, 
    task_list = {
      next = 0xffffbf657fe6e398, 
      prev = 0xffffbf657fe6e398
    }
  }, 
  nocb_kthread = 0x0, 
  nocb_lock = {
    raw_lock = {
      {
        val = {
          counter = 0
        }, 
        {
          locked = 0 '\000', 
          pending = 0 '\000'
        }, 
        {
          locked_pending = 0, 
          tail = 0
        }
      }
    }
  }, 
  nocb_defer_wakeup = 0, 
  nocb_timer = {
    entry = {
      next = 0x0, 
      pprev = 0x0
    }, 
    expires = 0, 
    function = 0xffff3eb87e0a60f0, 
    flags = 0, 
    kabi_reserved1 = 0, 
    kabi_reserved2 = 0, 
    kabi_reserved3 = 0, 
    kabi_reserved4 = 0
  }, 
  nocb_gp_head = 0x0, 
  nocb_gp_tail = 0x0, 
  nocb_leader_sleep = false, 
  nocb_next_follower = 0x0, 
  nocb_leader = 0x0, 
  softirq_snap = 4265, 
  rcu_iw = {
    flags = 0, 
    llnode = {
      next = 0x0
    }, 
    func = 0x0
  }, 
  rcu_iw_pending = false, 
  rcu_iw_gp_seq = 18446744073709550428, 
  rcu_ofl_gp_seq = 18446744073709550416, 
  rcu_ofl_gp_flags = 8, 
  rcu_onl_gp_seq = 18446744073709550429, 
  rcu_onl_gp_flags = 0, 
  cpu = 24, 
  rsp = 0xffff3eb87f209000
}

----------------------------------------
per_cpu(rcu_sched_data, 31) = $49 = {
  gp_seq = 65421, 
  gp_seq_needed = 65428, 
  rcu_qs_ctr_snap = 6, 
  cpu_no_qs = {
    b = {
      norm = 0 '\000', 
      exp = 0 '\000'
    }, 
    s = 0
  }, 
  core_needs_qs = false, 
  beenonline = true, 
  gpwrap = false, 
  mynode = 0xffff3eb87f209500, 
  grpmask = 32768, 
  ticks_this_gp = 3264, 
  cblist = {
    head = 0xffffdf64adac1228, 
    tails = {0xffffbf657ffbe2b8, 0xffffbf6552b1db68, 0xffffbf6552b1db68, 0xffffbf6552b1db68}, 
    gp_seq = {0, 65428, 65428, 0}, 
    len = 50, 
    len_lazy = 1
  }, 
  qlen_last_fqs_check = 0, 
  n_force_qs_snap = 2, 
  blimit = 10, 
  dynticks = 0xffffbf657ffa64b0, 
  dynticks_snap = 130924, 
  dynticks_fqs = 59, 
  cond_resched_completed = 0, 
  barrier_head = {
    next = 0x0, 
    func = 0xffff3eb87e0a64e0
  }, 
  exp_dynticks_snap = 80378, 
  nocb_head = 0x0, 
  nocb_tail = 0xffffbf657ffbe360, 
  nocb_q_count = {
    counter = 0
  }, 
  nocb_q_count_lazy = {
    counter = 0
  }, 
  nocb_follower_head = 0x0, 
  nocb_follower_tail = 0xffffbf657ffbe380, 
  nocb_wq = {
    lock = {
      raw_lock = {
        {
          val = {
            counter = 0
          }, 
          {
            locked = 0 '\000', 
            pending = 0 '\000'
          }, 
          {
            locked_pending = 0, 
            tail = 0
          }
        }
      }
    }, 
    task_list = {
      next = 0xffffbf657ffbe398, 
      prev = 0xffffbf657ffbe398
    }
  }, 
  nocb_kthread = 0x0, 
  nocb_lock = {
    raw_lock = {
      {
        val = {
          counter = 0
        }, 
        {
          locked = 0 '\000', 
          pending = 0 '\000'
        }, 
        {
          locked_pending = 0, 
          tail = 0
        }
      }
    }
  }, 
  nocb_defer_wakeup = 0, 
  nocb_timer = {
    entry = {
      next = 0x0, 
      pprev = 0x0
    }, 
    expires = 0, 
    function = 0xffff3eb87e0a60f0, 
    flags = 0, 
    kabi_reserved1 = 0, 
    kabi_reserved2 = 0, 
    kabi_reserved3 = 0, 
    kabi_reserved4 = 0
  }, 
  nocb_gp_head = 0x0, 
  nocb_gp_tail = 0x0, 
  nocb_leader_sleep = false, 
  nocb_next_follower = 0x0, 
  nocb_leader = 0x0, 
  softirq_snap = 4617, 
  rcu_iw = {
    flags = 0, 
    llnode = {
      next = 0x0
    }, 
    func = 0x0
  }, 
  rcu_iw_pending = false, 
  rcu_iw_gp_seq = 18446744073709550432, 
  rcu_ofl_gp_seq = 18446744073709550416, 
  rcu_ofl_gp_flags = 8, 
  rcu_onl_gp_seq = 18446744073709550433, 
  rcu_onl_gp_flags = 0, 
  cpu = 31, 
  rsp = 0xffff3eb87f209000
}

----------------------------------------
per_cpu(rcu_sched_data, 34) = $52 = {
  gp_seq = 65421, 
  gp_seq_needed = 65420, 
  rcu_qs_ctr_snap = 2, 
  cpu_no_qs = {
    b = {
      norm = 0 '\000', 
      exp = 0 '\000'
    }, 
    s = 0
  }, 
  core_needs_qs = false, 
  beenonline = true, 
  gpwrap = false, 
  mynode = 0xffff3eb87f209780, 
  grpmask = 4, 
  ticks_this_gp = 2013, 
  cblist = {
    head = 0xffffdf64a89c6f00, 
    tails = {0xffffdf653f98e2b8, 0xffffdf64a89cce00, 0xffffdf64a89cce00, 0xffffbf63c82a0700}, 
    gp_seq = {0, 65428, 65428, 0}, 
    len = 3149, 
    len_lazy = 3
  }, 
  qlen_last_fqs_check = 0, 
  n_force_qs_snap = 2, 
  blimit = 10, 
  dynticks = 0xffffdf653f9764b0, 
  dynticks_snap = 64836, 
  dynticks_fqs = 53, 
  cond_resched_completed = 0, 
  barrier_head = {
    next = 0x0, 
    func = 0xffff3eb87e0a64e0
  }, 
  exp_dynticks_snap = 24466, 
  nocb_head = 0x0, 
  nocb_tail = 0xffffdf653f98e360, 
  nocb_q_count = {
    counter = 0
  }, 
  nocb_q_count_lazy = {
    counter = 0
  }, 
  nocb_follower_head = 0x0, 
  nocb_follower_tail = 0xffffdf653f98e380, 
  nocb_wq = {
    lock = {
      raw_lock = {
        {
          val = {
            counter = 0
          }, 
          {
            locked = 0 '\000', 
            pending = 0 '\000'
          }, 
          {
            locked_pending = 0, 
            tail = 0
          }
        }
      }
    }, 
    task_list = {
      next = 0xffffdf653f98e398, 
      prev = 0xffffdf653f98e398
    }
  }, 
  nocb_kthread = 0x0, 
  nocb_lock = {
    raw_lock = {
      {
        val = {
          counter = 0
        }, 
        {
          locked = 0 '\000', 
          pending = 0 '\000'
        }, 
        {
          locked_pending = 0, 
          tail = 0
        }
      }
    }
  }, 
  nocb_defer_wakeup = 0, 
  nocb_timer = {
    entry = {
      next = 0x0, 
      pprev = 0x0
    }, 
    expires = 0, 
    function = 0xffff3eb87e0a60f0, 
    flags = 0, 
    kabi_reserved1 = 0, 
    kabi_reserved2 = 0, 
    kabi_reserved3 = 0, 
    kabi_reserved4 = 0
  }, 
  nocb_gp_head = 0x0, 
  nocb_gp_tail = 0x0, 
  nocb_leader_sleep = false, 
  nocb_next_follower = 0x0, 
  nocb_leader = 0x0, 
  softirq_snap = 2512, 
  rcu_iw = {
    flags = 0, 
    llnode = {
      next = 0x0
    }, 
    func = 0x0
  }, 
  rcu_iw_pending = false, 
  rcu_iw_gp_seq = 18446744073709550436, 
  rcu_ofl_gp_seq = 18446744073709550416, 
  rcu_ofl_gp_flags = 8, 
  rcu_onl_gp_seq = 18446744073709550437, 
  rcu_onl_gp_flags = 0, 
  cpu = 34, 
  rsp = 0xffff3eb87f209000
}

----------------------------------------
per_cpu(rcu_sched_data, 35) = $53 = {
  gp_seq = 65421, 
  gp_seq_needed = 65428, 
  rcu_qs_ctr_snap = 7, 
  cpu_no_qs = {
    b = {
      norm = 0 '\000', 
      exp = 0 '\000'
    }, 
    s = 0
  }, 
  core_needs_qs = false, 
  beenonline = true, 
  gpwrap = false, 
  mynode = 0xffff3eb87f209780, 
  grpmask = 8, 
  ticks_this_gp = 3179, 
  cblist = {
    head = 0xffffdf64ff206400, 
    tails = {0xffffdf653f9be2b8, 0xffffdf64ff206400, 0xffffdf64ff206400, 0xffffdf64ff207800}, 
    gp_seq = {0, 65428, 65428, 0}, 
    len = 223, 
    len_lazy = 33
  }, 
  qlen_last_fqs_check = 0, 
  n_force_qs_snap = 2, 
  blimit = 10, 
  dynticks = 0xffffdf653f9a64b0, 
  dynticks_snap = 65128, 
  dynticks_fqs = 28, 
  cond_resched_completed = 0, 
  barrier_head = {
    next = 0x0, 
    func = 0xffff3eb87e0a64e0
  }, 
  exp_dynticks_snap = 18786, 
  nocb_head = 0x0, 
  nocb_tail = 0xffffdf653f9be360, 
  nocb_q_count = {
    counter = 0
  }, 
  nocb_q_count_lazy = {
    counter = 0
  }, 
  nocb_follower_head = 0x0, 
  nocb_follower_tail = 0xffffdf653f9be380, 
  nocb_wq = {
    lock = {
      raw_lock = {
        {
          val = {
            counter = 0
          }, 
          {
            locked = 0 '\000', 
            pending = 0 '\000'
          }, 
          {
            locked_pending = 0, 
            tail = 0
          }
        }
      }
    }, 
    task_list = {
      next = 0xffffdf653f9be398, 
      prev = 0xffffdf653f9be398
    }
  }, 
  nocb_kthread = 0x0, 
  nocb_lock = {
    raw_lock = {
      {
        val = {
          counter = 0
        }, 
        {
          locked = 0 '\000', 
          pending = 0 '\000'
        }, 
        {
          locked_pending = 0, 
          tail = 0
        }
      }
    }
  }, 
  nocb_defer_wakeup = 0, 
  nocb_timer = {
    entry = {
      next = 0x0, 
      pprev = 0x0
    }, 
    expires = 0, 
    function = 0xffff3eb87e0a60f0, 
    flags = 0, 
    kabi_reserved1 = 0, 
    kabi_reserved2 = 0, 
    kabi_reserved3 = 0, 
    kabi_reserved4 = 0
  }, 
  nocb_gp_head = 0x0, 
  nocb_gp_tail = 0x0, 
  nocb_leader_sleep = false, 
  nocb_next_follower = 0x0, 
  nocb_leader = 0x0, 
  softirq_snap = 1002, 
  rcu_iw = {
    flags = 0, 
    llnode = {
      next = 0x0
    }, 
    func = 0x0
  }, 
  rcu_iw_pending = false, 
  rcu_iw_gp_seq = 18446744073709550436, 
  rcu_ofl_gp_seq = 18446744073709550416, 
  rcu_ofl_gp_flags = 8, 
  rcu_onl_gp_seq = 18446744073709550437, 
  rcu_onl_gp_flags = 0, 
  cpu = 35, 
  rsp = 0xffff3eb87f209000
}

----------------------------------------
per_cpu(rcu_sched_data, 42) = $60 = {
  gp_seq = 65421, 
  gp_seq_needed = 65428, 
  rcu_qs_ctr_snap = 0, 
  cpu_no_qs = {
    b = {
      norm = 0 '\000', 
      exp = 0 '\000'
    }, 
    s = 0
  }, 
  core_needs_qs = false, 
  beenonline = true, 
  gpwrap = false, 
  mynode = 0xffff3eb87f209780, 
  grpmask = 1024, 
  ticks_this_gp = 2765, 
  cblist = {
    head = 0xffffdf64bd5fa500, 
    tails = {0xffffdf653fb0e2b8, 0xffffdf64bd5fa500, 0xffffdf64bd5fa500, 0xffffdf64bd5fa500}, 
    gp_seq = {0, 65428, 65428, 0}, 
    len = 1, 
    len_lazy = 1
  }, 
  qlen_last_fqs_check = 0, 
  n_force_qs_snap = 3, 
  blimit = 10, 
  dynticks = 0xffffdf653faf64b0, 
  dynticks_snap = 51876, 
  dynticks_fqs = 56, 
  cond_resched_completed = 0, 
  barrier_head = {
    next = 0x0, 
    func = 0x0
  }, 
  exp_dynticks_snap = 0, 
  nocb_head = 0x0, 
  nocb_tail = 0xffffdf653fb0e360, 
  nocb_q_count = {
    counter = 0
  }, 
  nocb_q_count_lazy = {
    counter = 0
  }, 
  nocb_follower_head = 0x0, 
  nocb_follower_tail = 0xffffdf653fb0e380, 
  nocb_wq = {
    lock = {
      raw_lock = {
        {
          val = {
            counter = 0
          }, 
          {
            locked = 0 '\000', 
            pending = 0 '\000'
          }, 
          {
            locked_pending = 0, 
            tail = 0
          }
        }
      }
    }, 
    task_list = {
      next = 0xffffdf653fb0e398, 
      prev = 0xffffdf653fb0e398
    }
  }, 
  nocb_kthread = 0x0, 
  nocb_lock = {
    raw_lock = {
      {
        val = {
          counter = 0
        }, 
        {
          locked = 0 '\000', 
          pending = 0 '\000'
        }, 
        {
          locked_pending = 0, 
          tail = 0
        }
      }
    }
  }, 
  nocb_defer_wakeup = 0, 
  nocb_timer = {
    entry = {
      next = 0x0, 
      pprev = 0x0
    }, 
    expires = 0, 
    function = 0xffff3eb87e0a60f0, 
    flags = 0, 
    kabi_reserved1 = 0, 
    kabi_reserved2 = 0, 
    kabi_reserved3 = 0, 
    kabi_reserved4 = 0
  }, 
  nocb_gp_head = 0x0, 
  nocb_gp_tail = 0x0, 
  nocb_leader_sleep = false, 
  nocb_next_follower = 0x0, 
  nocb_leader = 0x0, 
  softirq_snap = 1623, 
  rcu_iw = {
    flags = 0, 
    llnode = {
      next = 0x0
    }, 
    func = 0x0
  }, 
  rcu_iw_pending = false, 
  rcu_iw_gp_seq = 18446744073709550440, 
  rcu_ofl_gp_seq = 18446744073709550416, 
  rcu_ofl_gp_flags = 8, 
  rcu_onl_gp_seq = 18446744073709550441, 
  rcu_onl_gp_flags = 0, 
  cpu = 42, 
  rsp = 0xffff3eb87f209000
}

----------------------------------------
per_cpu(rcu_sched_data, 48) = $66 = {
  gp_seq = 65421, 
  gp_seq_needed = 65428, 
  rcu_qs_ctr_snap = 1, 
  cpu_no_qs = {
    b = {
      norm = 0 '\000', 
      exp = 0 '\000'
    }, 
    s = 0
  }, 
  core_needs_qs = false, 
  beenonline = true, 
  gpwrap = false, 
  mynode = 0xffff3eb87f209a00, 
  grpmask = 1, 
  ticks_this_gp = 2002, 
  cblist = {
    head = 0xffffdf64bd5f6f80, 
    tails = {0xffffdf653fc2e2b8, 0xffffdf64bd5f6f80, 0xffffdf64bd5f6f80, 0xffffdf64bd5f6f80}, 
    gp_seq = {0, 65428, 65428, 0}, 
    len = 1, 
    len_lazy = 1
  }, 
  qlen_last_fqs_check = 0, 
  n_force_qs_snap = 3, 
  blimit = 10, 
  dynticks = 0xffffdf653fc164b0, 
  dynticks_snap = 36028, 
  dynticks_fqs = 20, 
  cond_resched_completed = 0, 
  barrier_head = {
    next = 0x0, 
    func = 0x0
  }, 
  exp_dynticks_snap = 0, 
  nocb_head = 0x0, 
  nocb_tail = 0xffffdf653fc2e360, 
  nocb_q_count = {
    counter = 0
  }, 
  nocb_q_count_lazy = {
    counter = 0
  }, 
  nocb_follower_head = 0x0, 
  nocb_follower_tail = 0xffffdf653fc2e380, 
  nocb_wq = {
    lock = {
      raw_lock = {
        {
          val = {
            counter = 0
          }, 
          {
            locked = 0 '\000', 
            pending = 0 '\000'
          }, 
          {
            locked_pending = 0, 
            tail = 0
          }
        }
      }
    }, 
    task_list = {
      next = 0xffffdf653fc2e398, 
      prev = 0xffffdf653fc2e398
    }
  }, 
  nocb_kthread = 0x0, 
  nocb_lock = {
    raw_lock = {
      {
        val = {
          counter = 0
        }, 
        {
          locked = 0 '\000', 
          pending = 0 '\000'
        }, 
        {
          locked_pending = 0, 
          tail = 0
        }
      }
    }
  }, 
  nocb_defer_wakeup = 0, 
  nocb_timer = {
    entry = {
      next = 0x0, 
      pprev = 0x0
    }, 
    expires = 0, 
    function = 0xffff3eb87e0a60f0, 
    flags = 0, 
    kabi_reserved1 = 0, 
    kabi_reserved2 = 0, 
    kabi_reserved3 = 0, 
    kabi_reserved4 = 0
  }, 
  nocb_gp_head = 0x0, 
  nocb_gp_tail = 0x0, 
  nocb_leader_sleep = false, 
  nocb_next_follower = 0x0, 
  nocb_leader = 0x0, 
  softirq_snap = 613, 
  rcu_iw = {
    flags = 0, 
    llnode = {
      next = 0x0
    }, 
    func = 0x0
  }, 
  rcu_iw_pending = false, 
  rcu_iw_gp_seq = 18446744073709550444, 
  rcu_ofl_gp_seq = 18446744073709550416, 
  rcu_ofl_gp_flags = 8, 
  rcu_onl_gp_seq = 18446744073709550445, 
  rcu_onl_gp_flags = 0, 
  cpu = 48, 
  rsp = 0xffff3eb87f209000
}

----------------------------------------
per_cpu(rcu_sched_data, 49) = $67 = {
  gp_seq = 65421, 
  gp_seq_needed = 65420, 
  rcu_qs_ctr_snap = 1, 
  cpu_no_qs = {
    b = {
      norm = 0 '\000', 
      exp = 0 '\000'
    }, 
    s = 0
  }, 
  core_needs_qs = false, 
  beenonline = true, 
  gpwrap = false, 
  mynode = 0xffff3eb87f209a00, 
  grpmask = 2, 
  ticks_this_gp = 2752, 
  cblist = {
    head = 0xffffdf64ad9c3200, 
    tails = {0xffffdf653fc5e2b8, 0xffffdf64ad9c5100, 0xffffdf64ad9c5100, 0xffffdf64ad9cf700}, 
    gp_seq = {0, 65428, 65428, 0}, 
    len = 774, 
    len_lazy = 2
  }, 
  qlen_last_fqs_check = 0, 
  n_force_qs_snap = 3, 
  blimit = 10, 
  dynticks = 0xffffdf653fc464b0, 
  dynticks_snap = 36308, 
  dynticks_fqs = 18, 
  cond_resched_completed = 0, 
  barrier_head = {
    next = 0x0, 
    func = 0x0
  }, 
  exp_dynticks_snap = 0, 
  nocb_head = 0x0, 
  nocb_tail = 0xffffdf653fc5e360, 
  nocb_q_count = {
    counter = 0
  }, 
  nocb_q_count_lazy = {
    counter = 0
  }, 
  nocb_follower_head = 0x0, 
  nocb_follower_tail = 0xffffdf653fc5e380, 
  nocb_wq = {
    lock = {
      raw_lock = {
        {
          val = {
            counter = 0
          }, 
          {
            locked = 0 '\000', 
            pending = 0 '\000'
          }, 
          {
            locked_pending = 0, 
            tail = 0
          }
        }
      }
    }, 
    task_list = {
      next = 0xffffdf653fc5e398, 
      prev = 0xffffdf653fc5e398
    }
  }, 
  nocb_kthread = 0x0, 
  nocb_lock = {
    raw_lock = {
      {
        val = {
          counter = 0
        }, 
        {
          locked = 0 '\000', 
          pending = 0 '\000'
        }, 
        {
          locked_pending = 0, 
          tail = 0
        }
      }
    }
  }, 
  nocb_defer_wakeup = 0, 
  nocb_timer = {
    entry = {
      next = 0x0, 
      pprev = 0x0
    }, 
    expires = 0, 
    function = 0xffff3eb87e0a60f0, 
    flags = 0, 
    kabi_reserved1 = 0, 
    kabi_reserved2 = 0, 
    kabi_reserved3 = 0, 
    kabi_reserved4 = 0
  }, 
  nocb_gp_head = 0x0, 
  nocb_gp_tail = 0x0, 
  nocb_leader_sleep = false, 
  nocb_next_follower = 0x0, 
  nocb_leader = 0x0, 
  softirq_snap = 929, 
  rcu_iw = {
    flags = 0, 
    llnode = {
      next = 0x0
    }, 
    func = 0x0
  }, 
  rcu_iw_pending = false, 
  rcu_iw_gp_seq = 18446744073709550444, 
  rcu_ofl_gp_seq = 18446744073709550416, 
  rcu_ofl_gp_flags = 8, 
  rcu_onl_gp_seq = 18446744073709550445, 
  rcu_onl_gp_flags = 0, 
  cpu = 49, 
  rsp = 0xffff3eb87f209000
}

----------------------------------------
per_cpu(rcu_sched_data, 55) = $73 = {
  gp_seq = 65421, 
  gp_seq_needed = 65420, 
  rcu_qs_ctr_snap = 0, 
  cpu_no_qs = {
    b = {
      norm = 0 '\000', 
      exp = 0 '\000'
    }, 
    s = 0
  }, 
  core_needs_qs = false, 
  beenonline = true, 
  gpwrap = false, 
  mynode = 0xffff3eb87f209a00, 
  grpmask = 128, 
  ticks_this_gp = 255, 
  cblist = {
    head = 0xffffdf64c0763ff8, 
    tails = {0xffffdf653fd7e2b8, 0xffffdf653fd7e2b8, 0xffffdf653fd7e2b8, 0xffffdf64c07666c8}, 
    gp_seq = {0, 64544, 64548, 0}, 
    len = 191, 
    len_lazy = 0
  }, 
  qlen_last_fqs_check = 0, 
  n_force_qs_snap = 4, 
  blimit = 10, 
  dynticks = 0xffffdf653fd664b0, 
  dynticks_snap = 48324, 
  dynticks_fqs = 61, 
  cond_resched_completed = 0, 
  barrier_head = {
    next = 0x0, 
    func = 0x0
  }, 
  exp_dynticks_snap = 0, 
  nocb_head = 0x0, 
  nocb_tail = 0xffffdf653fd7e360, 
  nocb_q_count = {
    counter = 0
  }, 
  nocb_q_count_lazy = {
    counter = 0
  }, 
  nocb_follower_head = 0x0, 
  nocb_follower_tail = 0xffffdf653fd7e380, 
  nocb_wq = {
    lock = {
      raw_lock = {
        {
          val = {
            counter = 0
          }, 
          {
            locked = 0 '\000', 
            pending = 0 '\000'
          }, 
          {
            locked_pending = 0, 
            tail = 0
          }
        }
      }
    }, 
    task_list = {
      next = 0xffffdf653fd7e398, 
      prev = 0xffffdf653fd7e398
    }
  }, 
  nocb_kthread = 0x0, 
  nocb_lock = {
    raw_lock = {
      {
        val = {
          counter = 0
        }, 
        {
          locked = 0 '\000', 
          pending = 0 '\000'
        }, 
        {
          locked_pending = 0, 
          tail = 0
        }
      }
    }
  }, 
  nocb_defer_wakeup = 0, 
  nocb_timer = {
    entry = {
      next = 0x0, 
      pprev = 0x0
    }, 
    expires = 0, 
    function = 0xffff3eb87e0a60f0, 
    flags = 0, 
    kabi_reserved1 = 0, 
    kabi_reserved2 = 0, 
    kabi_reserved3 = 0, 
    kabi_reserved4 = 0
  }, 
  nocb_gp_head = 0x0, 
  nocb_gp_tail = 0x0, 
  nocb_leader_sleep = false, 
  nocb_next_follower = 0x0, 
  nocb_leader = 0x0, 
  softirq_snap = 941, 
  rcu_iw = {
    flags = 0, 
    llnode = {
      next = 0x0
    }, 
    func = 0x0
  }, 
  rcu_iw_pending = false, 
  rcu_iw_gp_seq = 18446744073709550448, 
  rcu_ofl_gp_seq = 18446744073709550416, 
  rcu_ofl_gp_flags = 8, 
  rcu_onl_gp_seq = 18446744073709550449, 
  rcu_onl_gp_flags = 0, 
  cpu = 55, 
  rsp = 0xffff3eb87f209000
}

----------------------------------------
per_cpu(rcu_sched_data, 63) = $81 = {
  gp_seq = 65421, 
  gp_seq_needed = 65428, 
  rcu_qs_ctr_snap = 1, 
  cpu_no_qs = {
    b = {
      norm = 0 '\000', 
      exp = 0 '\000'
    }, 
    s = 0
  }, 
  core_needs_qs = false, 
  beenonline = true, 
  gpwrap = false, 
  mynode = 0xffff3eb87f209a00, 
  grpmask = 32768, 
  ticks_this_gp = 3001, 
  cblist = {
    head = 0xffffdf6485c96300, 
    tails = {0xffffdf653fefe2b8, 0xffffdf6485c9ee00, 0xffffdf6485c9ee00, 0xffffdf6485c9a300}, 
    gp_seq = {0, 65428, 65428, 0}, 
    len = 6, 
    len_lazy = 0
  }, 
  qlen_last_fqs_check = 0, 
  n_force_qs_snap = 5, 
  blimit = 10, 
  dynticks = 0xffffdf653fee64b0, 
  dynticks_snap = 55064, 
  dynticks_fqs = 65, 
  cond_resched_completed = 0, 
  barrier_head = {
    next = 0x0, 
    func = 0xffff3eb87e0a64e0
  }, 
  exp_dynticks_snap = 3206, 
  nocb_head = 0x0, 
  nocb_tail = 0xffffdf653fefe360, 
  nocb_q_count = {
    counter = 0
  }, 
  nocb_q_count_lazy = {
    counter = 0
  }, 
  nocb_follower_head = 0x0, 
  nocb_follower_tail = 0xffffdf653fefe380, 
  nocb_wq = {
    lock = {
      raw_lock = {
        {
          val = {
            counter = 0
          }, 
          {
            locked = 0 '\000', 
            pending = 0 '\000'
          }, 
          {
            locked_pending = 0, 
            tail = 0
          }
        }
      }
    }, 
    task_list = {
      next = 0xffffdf653fefe398, 
      prev = 0xffffdf653fefe398
    }
  }, 
  nocb_kthread = 0x0, 
  nocb_lock = {
    raw_lock = {
      {
        val = {
          counter = 0
        }, 
        {
          locked = 0 '\000', 
          pending = 0 '\000'
        }, 
        {
          locked_pending = 0, 
          tail = 0
        }
      }
    }
  }, 
  nocb_defer_wakeup = 0, 
  nocb_timer = {
    entry = {
      next = 0x0, 
      pprev = 0x0
    }, 
    expires = 0, 
    function = 0xffff3eb87e0a60f0, 
    flags = 0, 
    kabi_reserved1 = 0, 
    kabi_reserved2 = 0, 
    kabi_reserved3 = 0, 
    kabi_reserved4 = 0
  }, 
  nocb_gp_head = 0x0, 
  nocb_gp_tail = 0x0, 
  nocb_leader_sleep = false, 
  nocb_next_follower = 0x0, 
  nocb_leader = 0x0, 
  softirq_snap = 1167, 
  rcu_iw = {
    flags = 0, 
    llnode = {
      next = 0x0
    }, 
    func = 0x0
  }, 
  rcu_iw_pending = false, 
  rcu_iw_gp_seq = 18446744073709550452, 
  rcu_ofl_gp_seq = 18446744073709550416, 
  rcu_ofl_gp_flags = 8, 
  rcu_onl_gp_seq = 18446744073709550453, 
  rcu_onl_gp_flags = 0, 
  cpu = 63, 
  rsp = 0xffff3eb87f209000
}

----------------------------------------
