far_el3 =               0xffff7dfdffffff10
spsr_el1 =              0x0000000000000000
elr_el1 =               0x0000000000000000
spsr_abt =              0x0000000000000000
spsr_und =              0x0000000000000000
spsr_irq =              0x0000000000000000
spsr_fiq =              0x0000000000000000
sctlr_el1 =             0x0000000030500980
actlr_el1 =             0x0000000000000080
cpacr_el1 =             0x0000000000300000
csselr_el1 =            0x0000000000000000
sp_el1 =                0x0000000000000000
esr_el1 =               0x0000000000000000
ttbr0_el1 =             0x0000000000000000
ttbr1_el1 =             0x0000000000000000
mair_el1 =              0x0000000000000000
amair_el1 =             0x0000000000000000
Unhandled Exception in EL3.
x30 =           0x000000003fc96bdc
x0 =            0x000000000000000a
x1 =            0x0000000094080000
x2 =            0x0000000000000018
x3 =            0x000000003fc96a44
x4 =            0x0000000000000000
x5 =            0x000000003ff3b5f0
x6 =            0x000000003fc991d9
x7 =            0x000000003ff3b5f0
x8 =            0x0000000000000000
x9 =            0x00008023e5c49000
x10 =           0x0000ffff8150a150
x11 =           0x0000000000000000
x12 =           0x0000000000000000
x13 =           0x0000000000000000
x14 =           0x0000000000000000
x15 =           0x0000000000000000
x16 =           0x0000000000000058
x17 =           0x0000000000000000
x18 =           0xffff8023b6bd4a40
x19 =           0x0000000000000001
x20 =           0x0000000000000025
x21 =           0xffff800000000100
x22 =           0xffff00000a795ff0
x23 =           0x00000000a04003c9
x24 =           0x0000000000000025
x25 =           0xffff8023ef0b82f8
x26 =           0xffff00000908ebb8
x27 =           0xffff80000181ee50
x28 =           0xffff8023b6bd4a40
x29 =           0x000000003fcfd210
scr_el3 =               0x000000000000073d
sctlr_el3 =             0x0000000030cd183f
cptr_el3 =              0x0000000000000000
tcr_el3 =               0x0000000080853511
daif =          0x00000000000003c0
mair_el3 =              0x00000000004404ff
spsr_el3 =              0x00000000604003cd
elr_el3 =               0x000000003fc96bec
ttbr0_el3 =             0x000000003fedf800
esr_el3 =               0x0000000002000000
far_el3 =               0xffff7dfdffffff10
spsr_el1 =              0x0000000000000000
elr_el1 =               0x0000000000000000
spsr_abt =              0x0000000000000000
spsr_und =              0x0000000000000000
spsr_irq =              0x0000000000000000
spsr_fiq =              0x0000000000000000
sctlr_el1 =             0x0000000030500980
actlr_el1 =             0x0000000000000080
cpacr_el1 =             0x0000000000300000
csselr_el1 =            0x0000000000000000
sp_el1 =                0x0000000000000000
esr_el1 =               0x0000000000000000
ttbr0_el1 =             0x0000000000000000
ttbr1_el1 =             0x0000000000000000
mair_el1 =              0x0000000000000000
amair_el1 =             0x0000000000000000
Unhandled Exception in EL3.
x30 =           0x000000003fc96bdc
x0 =            0x000000000000000a
x1 =            0x0000000094080000
x2 =            0x0000000000000018
x3 =            0x000000003fc96a44
x4 =            0x0000000000000000
x5 =            0x000000003ff3b608
x6 =            0x000000003fc991d9
x7 =            0x000000003ff3b608
x8 =            0x0000000000000000
x9 =            0x00008023e5c49000
x10 =           0x0000ffff8150a150
x11 =           0x0000000000000000
x12 =           0x0000000000000000
x13 =           0x0000000000000000
x14 =           0x0000000000000000
x15 =           0x0000000000000000
x16 =           0x0000000000000058
x17 =           0x0000000000000000
x18 =           0xffff8023b6bd4a40
x19 =           0x0000000000000001
x20 =           0x0000000000000025
x21 =           0xffff800000000100
x22 =           0xffff00000a795ff0
x23 =           0x00000000a04003c9
x24 =           0x0000000000000025
x25 =           0xffff8023ef0b82f8
x26 =           0xffff00000908ebb8
x27 =           0xffff80000181ee50
x28 =           0xffff8023b6bd4a40
x29 =           0x000000003fcfd210
scr_el3 =               0x000000000000073d
sctlr_el3 =             0x0000000030cd183f
cptr_el3 =              0x0000000000000000
tcr_el3 =               0x0000000080853511
daif =          0x00000000000003c0
mair_el3 =              0x00000000004404ff
spsr_el3 =              0x00000000604003cd
elr_el3 =               0x000000003fc96bec
ttbr0_el3 =             0x000000003fedf800
esr_el3 =               0x0000000002000000
far_el3 =               0xffff7dfdffffff10
spsr_el1 =              0x0000000000000000
elr_el1 =               0x0000000000000000
spsr_abt =              0x0000000000000000
spsr_und =              0x0000000000000000
spsr_irq =              0x0000000000000000
spsr_fiq =              0x0000000000000000
sctlr_el1 =             0x0000000030500980
actlr_el1 =             0x0000000000000080
cpacr_el1 =             0x0000000000300000
csselr_el1 =            0x0000000000000000
sp_el1 =                0x0000000000000000
esr_el1 =               0x0000000000000000
ttbr0_el1 =             0x0000000000000000
ttbr1_el1 =             0x0000000000000000
mair_el1 =              0x0000000000000000
amair_el1 =             0x0000000000000000
