 0 usecs 2023-10-16 14:38:09 uos-PC kernel: [    0.000233] initcall con_init+0x0/0x208 returned 0 
 0 usecs 2023-10-16 14:38:09 uos-PC kernel: [    0.000243] initcall hvc_console_init+0x0/0x24 returned 0 
 0 usecs 2023-10-16 14:38:09 uos-PC kernel: [    0.000254] initcall xen_cons_init+0x0/0x78 returned 0 
 0 usecs 2023-10-16 14:38:09 uos-PC kernel: [    0.000273] initcall univ8250_console_init+0x0/0x40 returned 0 
 0 usecs 2023-10-16 14:38:09 uos-PC kernel: [    0.000518] initcall selinux_init+0x0/0x1fc returned 0 
 0 usecs 2023-10-16 14:38:09 uos-PC kernel: [    0.000532] initcall elfverify_init+0x0/0x50 returned 0 
 0 usecs 2023-10-16 14:38:09 uos-PC kernel: [    0.001002] initcall manager_init+0x0/0x190 returned 0 
 0 usecs 2023-10-16 14:38:09 uos-PC kernel: [    0.001011] initcall tomoyo_init+0x0/0x68 returned 0 
 0 usecs 2023-10-16 14:38:09 uos-PC kernel: [    0.001052] initcall apparmor_init+0x0/0x2d0 returned 0 
 0 usecs 2023-10-16 14:38:09 uos-PC kernel: [    0.001066] initcall integrity_iintcache_init+0x0/0x3c returned 0 
 0 usecs 2023-10-16 14:38:09 uos-PC kernel: [    0.001602] initcall trace_init_flags_sys_enter+0x0/0x1c returned 0 
 0 usecs 2023-10-16 14:38:09 uos-PC kernel: [    0.001611] initcall trace_init_flags_sys_exit+0x0/0x1c returned 0 
 0 usecs 2023-10-16 14:38:09 uos-PC kernel: [    0.001622] initcall cpu_suspend_init+0x0/0x58 returned 0 
 0 usecs 2023-10-16 14:38:09 uos-PC kernel: [    0.001636] initcall asids_init+0x0/0xd0 returned 0 
 0 usecs 2023-10-16 14:38:09 uos-PC kernel: [    0.001646] initcall xen_guest_init+0x0/0x2e0 returned 0 
 0 usecs 2023-10-16 14:38:09 uos-PC kernel: [    0.001678] initcall spawn_ksoftirqd+0x0/0x48 returned 0 
 0 usecs 2023-10-16 14:38:09 uos-PC kernel: [    0.001688] initcall migration_init+0x0/0x4c returned 0 
 0 usecs 2023-10-16 14:38:09 uos-PC kernel: [    0.001697] initcall check_cpu_stall_init+0x0/0x2c returned 0 
 0 usecs 2023-10-16 14:38:09 uos-PC kernel: [    0.001708] initcall srcu_bootup_announce+0x0/0x40 returned 0 
 0 usecs 2023-10-16 14:38:09 uos-PC kernel: [    0.001751] initcall rcu_spawn_gp_kthread+0x0/0x19c returned 0 
 0 usecs 2023-10-16 14:38:09 uos-PC kernel: [    0.001781] initcall cpu_stop_init+0x0/0xc4 returned 0 
 0 usecs 2023-10-16 14:38:09 uos-PC kernel: [    0.001801] initcall init_events+0x0/0x60 returned 0 
 0 usecs 2023-10-16 14:38:09 uos-PC kernel: [    0.001810] initcall init_trace_printk+0x0/0x20 returned 0 
 0 usecs 2023-10-16 14:38:09 uos-PC kernel: [    0.001820] initcall event_trace_enable_again+0x0/0x6c returned 0 
 0 usecs 2023-10-16 14:38:09 uos-PC kernel: [    0.001830] initcall jump_label_init_module+0x0/0x1c returned 0 
 0 usecs 2023-10-16 14:38:09 uos-PC kernel: [    0.002373] initcall dynamic_debug_init+0x0/0x2ac returned 0 
 0 usecs 2023-10-16 14:38:09 uos-PC kernel: [    0.002397] initcall its_pmsi_init+0x0/0xa8 returned 0 
 0 usecs 2023-10-16 14:38:09 uos-PC kernel: [    0.002416] initcall its_pci_msi_init+0x0/0xc4 returned 0 
 0 usecs 2023-10-16 14:38:09 uos-PC kernel: [    0.002428] initcall efi_memreserve_root_init+0x0/0x44 returned 0 
 0 usecs 2023-10-16 14:38:09 uos-PC kernel: [    0.002726] initcall arm_enable_runtime_services+0x0/0x1e8 returned 0 
 0 usecs 2023-10-16 14:38:09 uos-PC kernel: [    0.002738] initcall brcmstb_soc_device_early_init+0x0/0xa0 returned 0 
 0 usecs 2023-10-16 14:38:09 uos-PC kernel: [    0.002749] initcall brcmstb_biuctrl_init+0x0/0x314 returned 0 
 0 usecs 2023-10-16 14:38:09 uos-PC kernel: [    0.002795] initcall rand_initialize+0x0/0xd0 returned 0 
 0 usecs 2023-10-16 14:38:09 uos-PC kernel: [    0.002808] initcall dummy_timer_register+0x0/0x34 returned 0 
 0 usecs 2023-10-16 14:38:09 uos-PC kernel: [    0.002819] initcall initialize_ptr_random+0x0/0x68 returned 0 
 0 usecs 2023-10-16 14:38:09 uos-PC kernel: [    0.290704] initcall bpf_jit_charge_init+0x0/0x3c returned 0 
 0 usecs 2023-10-16 14:38:09 uos-PC kernel: [    0.290718] initcall ipc_ns_init+0x0/0x3c returned 0 
 0 usecs 2023-10-16 14:38:09 uos-PC kernel: [    0.290727] initcall init_mmap_min_addr+0x0/0x18 returned 0 
 0 usecs 2023-10-16 14:38:09 uos-PC kernel: [    0.290737] initcall pci_realloc_setup_params+0x0/0x38 returned 0 
 0 usecs 2023-10-16 14:38:09 uos-PC kernel: [    0.290784] initcall net_ns_init+0x0/0x13c returned 0 
 0 usecs 2023-10-16 14:38:09 uos-PC kernel: [    0.290851] initcall fpsimd_init+0x0/0xc4 returned 0 
 0 usecs 2023-10-16 14:38:09 uos-PC kernel: [    0.290860] initcall enable_mrs_emulation+0x0/0x24 returned 0 
 0 usecs 2023-10-16 14:38:09 uos-PC kernel: [    0.290892] initcall armv8_deprecated_init+0x0/0x18c returned 0 
 0 usecs 2023-10-16 14:38:09 uos-PC kernel: [    0.290906] initcall map_entry_trampoline+0x0/0x180 returned 0 
 0 usecs 2023-10-16 14:38:09 uos-PC kernel: [    0.290916] initcall alloc_frozen_cpus+0x0/0x8 returned 0 
 0 usecs 2023-10-16 14:38:09 uos-PC kernel: [    0.290925] initcall cpu_hotplug_pm_sync_init+0x0/0x24 returned 0 
 0 usecs 2023-10-16 14:38:09 uos-PC kernel: [    0.290950] initcall wq_sysfs_init+0x0/0x40 returned 0 
 0 usecs 2023-10-16 14:38:09 uos-PC kernel: [    0.290966] initcall ksysfs_init+0x0/0xb8 returned 0 
 0 usecs 2023-10-16 14:38:09 uos-PC kernel: [    0.291005] initcall pm_init+0x0/0x90 returned 0 
 0 usecs 2023-10-16 14:38:09 uos-PC kernel: [    0.291018] initcall pm_disk_init+0x0/0x24 returned 0 
 0 usecs 2023-10-16 14:38:09 uos-PC kernel: [    0.291028] initcall swsusp_header_init+0x0/0x40 returned 0 
 0 usecs 2023-10-16 14:38:09 uos-PC kernel: [    0.291037] initcall rcu_set_runtime_mode+0x0/0x14 returned 0 
 0 usecs 2023-10-16 14:38:09 uos-PC kernel: [    0.291046] initcall dma_init_reserved_memory+0x0/0x64 returned -12 
 0 usecs 2023-10-16 14:38:09 uos-PC kernel: [    0.291062] initcall init_jiffies_clocksource+0x0/0x24 returned 0 
 0 usecs 2023-10-16 14:38:09 uos-PC kernel: [    0.291113] initcall futex_init+0x0/0x100 returned 0 
 0 usecs 2023-10-16 14:38:09 uos-PC kernel: [    0.291134] initcall cgroup_wq_init+0x0/0x40 returned 0 
 0 usecs 2023-10-16 14:38:09 uos-PC kernel: [    0.291153] initcall cgroup1_wq_init+0x0/0x40 returned 0 
 0 usecs 2023-10-16 14:38:09 uos-PC kernel: [    0.291164] initcall cpu_pm_init+0x0/0x20 returned 0 
 0 usecs 2023-10-16 14:38:09 uos-PC kernel: [    0.291176] initcall init_per_zone_wmark_min+0x0/0x7c returned 0 
 0 usecs 2023-10-16 14:38:09 uos-PC kernel: [    0.291186] initcall init_zero_pfn+0x0/0x28 returned 0 
 0 usecs 2023-10-16 14:38:09 uos-PC kernel: [    0.291196] initcall memory_failure_init+0x0/0xa0 returned 0 
 0 usecs 2023-10-16 14:38:09 uos-PC kernel: [    0.291212] initcall fsnotify_init+0x0/0x54 returned 0 
 0 usecs 2023-10-16 14:38:09 uos-PC kernel: [    0.291224] initcall filelock_init+0x0/0xcc returned 0 
 0 usecs 2023-10-16 14:38:09 uos-PC kernel: [    0.291235] initcall init_misc_binfmt+0x0/0x40 returned 0 
 0 usecs 2023-10-16 14:38:09 uos-PC kernel: [    0.291245] initcall init_script_binfmt+0x0/0x24 returned 0 
 0 usecs 2023-10-16 14:38:09 uos-PC kernel: [    0.291254] initcall init_elf_binfmt+0x0/0x24 returned 0 
 0 usecs 2023-10-16 14:38:09 uos-PC kernel: [    0.291264] initcall init_compat_elf_binfmt+0x0/0x24 returned 0 
 0 usecs 2023-10-16 14:38:09 uos-PC kernel: [    0.291275] initcall configfs_init+0x0/0xb4 returned 0 
 0 usecs 2023-10-16 14:38:09 uos-PC kernel: [    0.291286] initcall debugfs_init+0x0/0x74 returned 0 
 0 usecs 2023-10-16 14:38:09 uos-PC kernel: [    0.291295] initcall tracefs_init+0x0/0x4c returned 0 
 0 usecs 2023-10-16 14:38:09 uos-PC kernel: [    0.291326] initcall securityfs_init+0x0/0x90 returned 0 
 0 usecs 2023-10-16 14:38:09 uos-PC kernel: [    0.291335] initcall prandom_init+0x0/0xfc returned 0 
 0 usecs 2023-10-16 14:38:09 uos-PC kernel: [    0.291361] initcall pinctrl_init+0x0/0xc0 returned 0 
 0 usecs 2023-10-16 14:38:09 uos-PC kernel: [    0.291378] initcall gpiolib_dev_init+0x0/0xec returned 0 
 0 usecs 2023-10-16 14:38:09 uos-PC kernel: [    0.291396] initcall hi3660_mbox_init+0x0/0x20 returned 0 
 0 usecs 2023-10-16 14:38:09 uos-PC kernel: [    0.291405] initcall capsule_reboot_register+0x0/0x20 returned 0 
 0 usecs 2023-10-16 14:38:09 uos-PC kernel: [    0.291456] initcall arm_dmi_init+0x0/0x28 returned 0 
 0 usecs 2023-10-16 14:38:09 uos-PC kernel: [    0.291470] initcall hi3516cv300_crg_init+0x0/0x20 returned 0 
 0 usecs 2023-10-16 14:38:09 uos-PC kernel: [    0.291484] initcall hi3519_clk_init+0x0/0x20 returned 0 
 0 usecs 2023-10-16 14:38:09 uos-PC kernel: [    0.291499] initcall hi3660_clk_init+0x0/0x20 returned 0 
 0 usecs 2023-10-16 14:38:09 uos-PC kernel: [    0.291512] initcall hi3798cv200_crg_init+0x0/0x20 returned 0 
 0 usecs 2023-10-16 14:38:09 uos-PC kernel: [    0.291526] initcall vexpress_osc_init+0x0/0x20 returned 0 
 0 usecs 2023-10-16 14:38:09 uos-PC kernel: [    0.291542] initcall virtio_init+0x0/0x30 returned 0 
 0 usecs 2023-10-16 14:38:09 uos-PC kernel: [    0.291636] initcall regulator_init+0x0/0xac returned 0 
 0 usecs 2023-10-16 14:38:09 uos-PC kernel: [    0.291647] initcall iommu_init+0x0/0x3c returned 0 
 0 usecs 2023-10-16 14:38:09 uos-PC kernel: [    0.291659] initcall component_debug_init+0x0/0x2c returned 0 
 0 usecs 2023-10-16 14:38:09 uos-PC kernel: [    0.291674] initcall genpd_bus_init+0x0/0x20 returned 0 
 0 usecs 2023-10-16 14:38:09 uos-PC kernel: [    0.291689] initcall soc_bus_register+0x0/0x54 returned 0 
 0 usecs 2023-10-16 14:38:09 uos-PC kernel: [    0.291699] initcall register_cpufreq_notifier+0x0/0x60 returned -22 
 0 usecs 2023-10-16 14:38:09 uos-PC kernel: [    0.291713] initcall vexpress_syscfg_init+0x0/0x20 returned 0 
 0 usecs 2023-10-16 14:38:09 uos-PC kernel: [    0.291727] initcall vexpress_sysreg_init+0x0/0x70 returned 0 
 0 usecs 2023-10-16 14:38:09 uos-PC kernel: [    0.291738] initcall opp_debug_init+0x0/0x4c returned 0 
 0 usecs 2023-10-16 14:38:09 uos-PC kernel: [    0.291748] initcall cpufreq_core_init+0x0/0x54 returned 0 
 0 usecs 2023-10-16 14:38:09 uos-PC kernel: [    0.291760] initcall cpuidle_init+0x0/0x58 returned 0 
 0 usecs 2023-10-16 14:38:09 uos-PC kernel: [    0.291874] initcall sock_init+0x0/0xb8 returned 0 
 0 usecs 2023-10-16 14:38:09 uos-PC kernel: [    0.291887] initcall net_inuse_init+0x0/0x30 returned 0 
 0 usecs 2023-10-16 14:38:09 uos-PC kernel: [    0.291897] initcall net_defaults_init+0x0/0x30 returned 0 
 0 usecs 2023-10-16 14:38:09 uos-PC kernel: [    0.291907] initcall init_default_flow_dissectors+0x0/0x54 returned 0 
 0 usecs 2023-10-16 14:38:09 uos-PC kernel: [    0.291918] initcall netpoll_init+0x0/0x18 returned 0 
 0 usecs 2023-10-16 14:38:09 uos-PC kernel: [    0.291969] initcall netlink_proto_init+0x0/0x194 returned 0 
 0 usecs 2023-10-16 14:38:09 uos-PC kernel: [    0.291980] initcall __gnttab_init+0x0/0x38 returned -19 
 0 usecs 2023-10-16 14:38:09 uos-PC kernel: [    0.292097] initcall debug_monitors_init+0x0/0x38 returned 0 
 0 usecs 2023-10-16 14:38:09 uos-PC kernel: [    0.292126] initcall irq_sysfs_init+0x0/0xb0 returned 0 
 0 usecs 2023-10-16 14:38:09 uos-PC kernel: [    0.292177] initcall audit_init+0x0/0x148 returned 0 
 0 usecs 2023-10-16 14:38:09 uos-PC kernel: [    0.292191] initcall release_early_probes+0x0/0x54 returned 0 
 0 usecs 2023-10-16 14:38:09 uos-PC kernel: [    0.292206] initcall bdi_class_init+0x0/0x78 returned 0 
 0 usecs 2023-10-16 14:38:09 uos-PC kernel: [    0.292216] initcall mm_sysfs_init+0x0/0x3c returned 0 
 0 usecs 2023-10-16 14:38:09 uos-PC kernel: [    0.292231] initcall ramoops_init+0x0/0x164 returned 0 
 0 usecs 2023-10-16 14:38:09 uos-PC kernel: [    0.292240] initcall mpi_init+0x0/0x7c returned 0 
 0 usecs 2023-10-16 14:38:09 uos-PC kernel: [    0.292249] initcall vexpress_config_init+0x0/0x110 returned 0 
 0 usecs 2023-10-16 14:38:09 uos-PC kernel: [    0.292263] initcall gpiolib_sysfs_init+0x0/0x120 returned 0 
 0 usecs 2023-10-16 14:38:09 uos-PC kernel: [    0.292275] initcall acpi_gpio_setup_params+0x0/0x58 returned 0 
 0 usecs 2023-10-16 14:38:09 uos-PC kernel: [    0.292287] initcall pcibus_class_init+0x0/0x24 returned 0 
 0 usecs 2023-10-16 14:38:09 uos-PC kernel: [    0.292309] initcall pci_driver_init+0x0/0x34 returned 0 
 0 usecs 2023-10-16 14:38:09 uos-PC kernel: [    0.292321] initcall backlight_class_init+0x0/0xbc returned 0 
 0 usecs 2023-10-16 14:38:09 uos-PC kernel: [    0.292335] initcall amba_init+0x0/0x1c returned 0 
 0 usecs 2023-10-16 14:38:09 uos-PC kernel: [    0.292345] initcall pcc_init+0x0/0xbc returned -19 
 0 usecs 2023-10-16 14:38:09 uos-PC kernel: [    0.292354] initcall xenbus_init+0x0/0x2a4 returned -19 
 0 usecs 2023-10-16 14:38:09 uos-PC kernel: [    0.292368] initcall hi6220_reset_init+0x0/0x20 returned 0 
 0 usecs 2023-10-16 14:38:09 uos-PC kernel: [    0.292380] initcall tty_class_init+0x0/0x58 returned 0 
 0 usecs 2023-10-16 14:38:09 uos-PC kernel: [    0.292405] initcall vtconsole_class_init+0x0/0xf4 returned 0 
 0 usecs 2023-10-16 14:38:09 uos-PC kernel: [    0.292416] initcall iommu_dev_init+0x0/0x24 returned 0 
 0 usecs 2023-10-16 14:38:09 uos-PC kernel: [    0.292431] initcall mipi_dsi_bus_init+0x0/0x1c returned 0 
 0 usecs 2023-10-16 14:38:09 uos-PC kernel: [    0.292442] initcall wakeup_sources_debugfs_init+0x0/0x34 returned 0 
 0 usecs 2023-10-16 14:38:09 uos-PC kernel: [    0.292454] initcall regmap_initcall+0x0/0x18 returned 0 
 0 usecs 2023-10-16 14:38:09 uos-PC kernel: [    0.292468] initcall sram_init+0x0/0x20 returned 0 
 0 usecs 2023-10-16 14:38:09 uos-PC kernel: [    0.292481] initcall syscon_init+0x0/0x24 returned 0 
 0 usecs 2023-10-16 14:38:09 uos-PC kernel: [    0.292501] initcall spi_init+0x0/0xe0 returned 0 
 0 usecs 2023-10-16 14:38:09 uos-PC kernel: [    0.292522] initcall i2c_init+0x0/0x114 returned 0 
 0 usecs 2023-10-16 14:38:09 uos-PC kernel: [    0.292569] initcall init_ladder+0x0/0x30 returned 0 
 0 usecs 2023-10-16 14:38:09 uos-PC kernel: [    0.292614] initcall init_menu+0x0/0x1c returned 0 
 0 usecs 2023-10-16 14:38:09 uos-PC kernel: [    0.292627] initcall kobject_uevent_init+0x0/0x20 returned 0 
 0 usecs 2023-10-16 14:38:09 uos-PC kernel: [    0.292694] initcall debug_traps_init+0x0/0x54 returned 0 
 0 usecs 2023-10-16 14:38:09 uos-PC kernel: [    0.292715] initcall reserve_memblock_reserved_regions+0x0/0xf4 returned 0 
 0 usecs 2023-10-16 14:38:09 uos-PC kernel: [    0.292727] initcall alloc_vectors_page+0x0/0xb8 returned 0 
 0 usecs 2023-10-16 14:38:09 uos-PC kernel: [    0.292740] initcall vdso_init+0x0/0x148 returned 0 
 0 usecs 2023-10-16 14:38:09 uos-PC kernel: [    0.292802] initcall arch_hw_breakpoint_init+0x0/0xf0 returned 0 
 0 usecs 2023-10-16 14:38:09 uos-PC kernel: [    0.292875] initcall arm64_dma_init+0x0/0x90 returned 0 
 0 usecs 2023-10-16 14:38:09 uos-PC kernel: [    0.292887] initcall __iommu_dma_init+0x0/0x14 returned 0 
 0 usecs 2023-10-16 14:38:09 uos-PC kernel: [    0.292897] initcall p2m_init+0x0/0x10 returned 0 
 0 usecs 2023-10-16 14:38:09 uos-PC kernel: [    0.292905] initcall xen_mm_init+0x0/0x80 returned 0 
 0 usecs 2023-10-16 14:38:09 uos-PC kernel: [    0.292915] initcall kcmp_cookies_init+0x0/0x50 returned 0 
 0 usecs 2023-10-16 14:38:09 uos-PC kernel: [    0.292932] initcall acpi_pci_init+0x0/0x78 returned 0 
 0 usecs 2023-10-16 14:38:09 uos-PC kernel: [    0.292973] initcall dmi_id_init+0x0/0x2b0 returned 0 
 0 usecs 2023-10-16 14:38:09 uos-PC kernel: [    0.292989] initcall dma_channel_table_init+0x0/0x118 returned 0 
 0 usecs 2023-10-16 14:38:09 uos-PC kernel: [    0.293013] initcall dma_bus_init+0x0/0xe8 returned 0 
 0 usecs 2023-10-16 14:38:09 uos-PC kernel: [    0.293024] initcall brcmstb_soc_device_init+0x0/0x13c returned 0 
 0 usecs 2023-10-16 14:38:09 uos-PC kernel: [    0.293034] initcall setup_vcpu_hotplug_event+0x0/0x34 returned -19 
 0 usecs 2023-10-16 14:38:09 uos-PC kernel: [    0.293044] initcall register_xen_platform_notifier+0x0/0x50 returned 0 
 0 usecs 2023-10-16 14:38:09 uos-PC kernel: [    0.293055] initcall register_xen_amba_notifier+0x0/0x54 returned 0 
 0 usecs 2023-10-16 14:38:09 uos-PC kernel: [    0.293064] initcall register_xen_pci_notifier+0x0/0x44 returned 0 
 0 usecs 2023-10-16 14:38:09 uos-PC kernel: [    0.293079] initcall hi3660_reset_init+0x0/0x20 returned 0 
 0 usecs 2023-10-16 14:38:09 uos-PC kernel: [    0.293100] initcall pl011_init+0x0/0x50 returned 0 
 0 usecs 2023-10-16 14:38:09 uos-PC kernel: [    0.293116] initcall cdns_uart_init+0x0/0x5c returned 0 
 0 usecs 2023-10-16 14:38:09 uos-PC kernel: [    0.293127] initcall dsa_loop_bdinfo_init+0x0/0x20 returned 0 
 0 usecs 2023-10-16 14:38:09 uos-PC kernel: [    0.293136] initcall of_platform_default_populate_init+0x0/0xc8 returned -19 
 0 usecs 2023-10-16 14:38:09 uos-PC kernel: [    0.293313] initcall topology_init+0x0/0x90 returned 0 
 0 usecs 2023-10-16 14:38:09 uos-PC kernel: [    0.293327] initcall uid_cache_init+0x0/0xd0 returned 0 
 0 usecs 2023-10-16 14:38:09 uos-PC kernel: [    0.295542] initcall user_namespace_sysctl_init+0x0/0x4c returned 0 
 0 usecs 2023-10-16 14:38:09 uos-PC kernel: [    0.295559] initcall pm_sysrq_init+0x0/0x24 returned 0 
 0 usecs 2023-10-16 14:38:09 uos-PC kernel: [    0.295572] initcall create_proc_profile+0x0/0x100 returned 0 
 0 usecs 2023-10-16 14:38:09 uos-PC kernel: [    0.295608] initcall crash_save_vmcoreinfo_init+0x0/0x584 returned 0 
 0 usecs 2023-10-16 14:38:09 uos-PC kernel: [    0.295621] initcall crash_notes_memory_init+0x0/0x40 returned 0 
 0 usecs 2023-10-16 14:38:09 uos-PC kernel: [    0.295634] initcall cgroup_sysfs_init+0x0/0x28 returned 0 
 0 usecs 2023-10-16 14:38:09 uos-PC kernel: [    0.295643] initcall cgroup_namespaces_init+0x0/0x8 returned 0 
 0 usecs 2023-10-16 14:38:09 uos-PC kernel: [    0.295654] initcall user_namespaces_init+0x0/0x38 returned 0 
 0 usecs 2023-10-16 14:38:09 uos-PC kernel: [    0.295663] initcall dev_map_init+0x0/0x24 returned 0 
 0 usecs 2023-10-16 14:38:09 uos-PC kernel: [    0.295672] initcall stack_map_init+0x0/0x7c returned 0 
 0 usecs 2023-10-16 14:38:09 uos-PC kernel: [    0.295703] initcall oom_init+0x0/0x3c returned 0 
 0 usecs 2023-10-16 14:38:09 uos-PC kernel: [    0.295754] initcall default_bdi_init+0x0/0xa4 returned 0 
 0 usecs 2023-10-16 14:38:09 uos-PC kernel: [    0.295774] initcall cgwb_init+0x0/0x44 returned 0 
 0 usecs 2023-10-16 14:38:09 uos-PC kernel: [    0.295782] initcall percpu_enable_async+0x0/0x14 returned 0 
 0 usecs 2023-10-16 14:38:09 uos-PC kernel: [    0.295809] initcall kcompactd_init+0x0/0x64 returned 0 
 0 usecs 2023-10-16 14:38:09 uos-PC kernel: [    0.295819] initcall init_user_reserve+0x0/0x30 returned 0 
 0 usecs 2023-10-16 14:38:09 uos-PC kernel: [    0.295828] initcall init_admin_reserve+0x0/0x30 returned 0 
 0 usecs 2023-10-16 14:38:09 uos-PC kernel: [    0.295837] initcall init_reserve_notifier+0x0/0x8 returned 0 
 0 usecs 2023-10-16 14:38:09 uos-PC kernel: [    0.295848] initcall swap_init_sysfs+0x0/0x74 returned 0 
 0 usecs 2023-10-16 14:38:09 uos-PC kernel: [    0.295857] initcall swapfile_init+0x0/0x58 returned 0 
 0 usecs 2023-10-16 14:38:09 uos-PC kernel: [    0.295882] initcall hugetlb_init+0x0/0x440 returned 0 
 0 usecs 2023-10-16 14:38:09 uos-PC kernel: [    0.295934] initcall hugepage_init+0x0/0x158 returned 0 
 0 usecs 2023-10-16 14:38:09 uos-PC kernel: [    0.295956] initcall mem_cgroup_init+0x0/0x11c returned 0 
 0 usecs 2023-10-16 14:38:09 uos-PC kernel: [    0.295966] initcall sel_ib_pkey_init+0x0/0x38 returned 0 
 0 usecs 2023-10-16 14:38:09 uos-PC kernel: [    0.296003] initcall crypto_wq_init+0x0/0x44 returned 0 
 0 usecs 2023-10-16 14:38:09 uos-PC kernel: [    0.296012] initcall cryptomgr_init+0x0/0x1c returned 0 
 0 usecs 2023-10-16 14:38:09 uos-PC kernel: [    0.296063] initcall init_bio+0x0/0xf0 returned 0 
 0 usecs 2023-10-16 14:38:09 uos-PC kernel: [    0.296072] initcall blk_settings_init+0x0/0x30 returned 0 
 0 usecs 2023-10-16 14:38:09 uos-PC kernel: [    0.296082] initcall blk_ioc_init+0x0/0x38 returned 0 
 0 usecs 2023-10-16 14:38:09 uos-PC kernel: [    0.296091] initcall blk_softirq_init+0x0/0xa8 returned 0 
 0 usecs 2023-10-16 14:38:09 uos-PC kernel: [    0.296099] initcall blk_mq_init+0x0/0x38 returned 0 
 0 usecs 2023-10-16 14:38:09 uos-PC kernel: [    0.296147] initcall genhd_device_init+0x0/0x94 returned 0 
 0 usecs 2023-10-16 14:38:09 uos-PC kernel: [    0.296157] initcall irq_poll_setup+0x0/0xa8 returned 0 
 0 usecs 2023-10-16 14:38:09 uos-PC kernel: [    0.296169] initcall gpiolib_debugfs_init+0x0/0x38 returned 0 
 0 usecs 2023-10-16 14:38:09 uos-PC kernel: [    0.296185] initcall ft_clock_init+0x0/0x34 returned 0 
 0 usecs 2023-10-16 14:38:09 uos-PC kernel: [    0.296196] initcall pwm_debugfs_init+0x0/0x38 returned 0 
 0 usecs 2023-10-16 14:38:09 uos-PC kernel: [    0.296209] initcall pwm_sysfs_init+0x0/0x28 returned 0 
 0 usecs 2023-10-16 14:38:09 uos-PC kernel: [    0.296221] initcall pci_slot_init+0x0/0x58 returned 0 
 0 usecs 2023-10-16 14:38:09 uos-PC kernel: [    0.296236] initcall xgene_pcie_msi_init+0x0/0x20 returned 0 
 0 usecs 2023-10-16 14:38:09 uos-PC kernel: [    0.296268] initcall fbmem_init+0x0/0xfc returned 0 
 0 usecs 2023-10-16 14:38:09 uos-PC kernel: [   10.065589] initcall xenbus_probe_initcall+0x0/0x64 returned -19 
 0 usecs 2023-10-16 14:38:09 uos-PC kernel: [   10.084494] initcall xenbus_init+0x0/0x50 returned -19 
 0 usecs 2023-10-16 14:38:09 uos-PC kernel: [   10.103257] initcall xenbus_backend_init+0x0/0x5c returned -19 
 0 usecs 2023-10-16 14:38:09 uos-PC kernel: [   10.122026] initcall evtchn_init+0x0/0x60 returned -19 
 0 usecs 2023-10-16 14:38:09 uos-PC kernel: [   10.140125] initcall gntdev_init+0x0/0x68 returned -19 
 0 usecs 2023-10-16 14:38:09 uos-PC kernel: [   10.158200] initcall xenfs_init+0x0/0x30 returned 0 
 0 usecs 2023-10-16 14:38:09 uos-PC kernel: [   10.176486] initcall hyper_sysfs_init+0x0/0x124 returned -19 
 0 usecs 2023-10-16 14:38:09 uos-PC kernel: [   10.196023] initcall hypervisor_subsys_init+0x0/0x30 returned -19 
 0 usecs 2023-10-16 14:38:09 uos-PC kernel: [   10.215110] initcall privcmd_init+0x0/0x80 returned -19 
 0 usecs 2023-10-16 14:38:09 uos-PC kernel: [   10.233776] initcall pvcalls_back_init+0x0/0x64 returned -19 
 0 usecs 2023-10-16 14:38:09 uos-PC kernel: [   10.252384] initcall n_null_init+0x0/0x28 returned 0 
 0 usecs 2023-10-16 14:38:09 uos-PC kernel: [   10.305476] initcall xen_hvc_init+0x0/0x2dc returned -19 
 0 usecs 2023-10-16 14:38:09 uos-PC kernel: [   10.795894] initcall xlblk_init+0x0/0x14c returned -19 
 0 usecs 2023-10-16 14:38:09 uos-PC kernel: [   11.591853] initcall netif_init+0x0/0x80 returned -19 
 0 usecs 2023-10-16 14:38:09 uos-PC kernel: [   12.407310] initcall ledtrig_usb_init+0x0/0x44 returned 0 
 0 usecs 2023-10-16 14:38:09 uos-PC kernel: [   12.609012] initcall xenkbd_init+0x0/0x48 returned -19 
 0 usecs 2023-10-16 14:38:09 uos-PC kernel: [   13.512192] initcall pci_vendor_init_module+0x0/0x64 returned 0 
 0 usecs 2023-10-16 14:38:09 uos-PC kernel: [   13.666593] initcall snd_hrtimer_init+0x0/0xfc returned 0 
 0 usecs 2023-10-16 14:38:09 uos-PC kernel: [   13.702438] initcall alsa_mixer_oss_init+0x0/0x54 returned 0 
 0 usecs 2023-10-16 14:38:09 uos-PC kernel: [   13.720838] initcall alsa_pcm_oss_init+0x0/0xbc returned 0 
 0 usecs 2023-10-16 14:38:09 uos-PC kernel: [   14.392563] initcall llc_init+0x0/0x34 returned 0 
 0 usecs 2023-10-16 14:38:09 uos-PC kernel: [   14.409852] initcall snap_init+0x0/0x44 returned 0 
 0 usecs 2023-10-16 14:38:09 uos-PC kernel: [   14.446163] initcall gre_offload_init+0x0/0x58 returned 0 
 0 usecs 2023-10-16 14:38:09 uos-PC kernel: [   14.510206] initcall xfrm4_beet_init+0x0/0x20 returned 0 
 0 usecs 2023-10-16 14:38:09 uos-PC kernel: [   14.531805] initcall xfrm4_transport_init+0x0/0x20 returned 0 
 0 usecs 2023-10-16 14:38:09 uos-PC kernel: [   14.552129] initcall xfrm4_mode_tunnel_init+0x0/0x20 returned 0 
 0 usecs 2023-10-16 14:38:09 uos-PC kernel: [   14.573817] initcall cubictcp_register+0x0/0x60 returned 0 
 0 usecs 2023-10-16 14:38:09 uos-PC kernel: [   14.593448] initcall unix_diag_init+0x0/0x1c returned 0 
 0 usecs 2023-10-16 14:38:09 uos-PC kernel: [   14.698978] initcall tunnel6_init+0x0/0x7c returned 0 
 0 usecs 2023-10-16 14:38:09 uos-PC kernel: [   14.734597] initcall fou6_init+0x0/0x7c returned 0 
 0 usecs 2023-10-16 14:38:09 uos-PC kernel: [   14.777757] initcall packet_diag_init+0x0/0x1c returned 0 
 0 usecs 2023-10-16 14:38:09 uos-PC kernel: [   14.838930] initcall dcbnl_init+0x0/0x64 returned 0 
 0 usecs 2023-10-16 14:38:09 uos-PC kernel: [   14.882049] initcall arm_smmu_legacy_bus_init+0x0/0x30 returned 0 
 0 usecs 2023-10-16 14:38:09 uos-PC kernel: [   14.901388] initcall sys_reg_genericv8_init+0x0/0x6c returned 0 
 0 usecs 2023-10-16 14:38:09 uos-PC kernel: [   14.919535] initcall xen_pm_init+0x0/0xc8 returned -19 
 0 usecs 2023-10-16 14:38:09 uos-PC kernel: [   14.937053] initcall init_oops_id+0x0/0x40 returned 0 
 0 usecs 2023-10-16 14:38:09 uos-PC kernel: [   15.121367] initcall max_swapfiles_check+0x0/0x8 returned 0 
 0 usecs 2023-10-16 14:38:09 uos-PC kernel: [   15.185102] initcall check_early_ioremap_leak+0x0/0x5c returned 0 
 0 usecs 2023-10-16 14:38:09 uos-PC kernel: [   15.434898] initcall bert_init+0x0/0x21c returned 0 
 0 usecs 2023-10-16 14:38:09 uos-PC kernel: [   15.452842] initcall firmware_memmap_init+0x0/0x4c returned 0 
 0 usecs 2023-10-16 14:38:09 uos-PC kernel: [   15.472545] initcall register_update_efi_random_seed+0x0/0x38 returned 0 
 0 usecs 2023-10-16 14:38:09 uos-PC kernel: [   15.491925] initcall efi_shutdown_init+0x0/0x60 returned 0 
 0 usecs 2023-10-16 14:38:09 uos-PC kernel: [   15.528919] initcall boot_wait_for_devices+0x0/0x28 returned 0 
 0 usecs 2023-10-16 14:38:09 uos-PC kernel: [   15.704600] initcall tcp_congestion_default+0x0/0x24 returned 0 
 0 usecs 2023-10-16 14:38:09 uos-PC kernel: [   15.742014] initcall software_resume+0x0/0x300 returned -2 
 0 usecs 2023-10-16 14:38:09 uos-PC kernel: [   15.760752] initcall clear_boot_tracer+0x0/0x3c returned 0 
 0 usecs 2023-10-16 14:38:09 uos-PC kernel: [   15.781318] initcall acpi_gpio_handle_deferred_request_irqs+0x0/0xb0 returned 0 
 0 usecs 2023-10-16 14:38:09 uos-PC kernel: [   20.593138] initcall init_nls_cp437+0x0/0x1000 [nls_cp437] returned 0 
 0 usecs 2023-10-16 14:38:09 uos-PC kernel: [   20.611699] initcall init_nls_iso8859_1+0x0/0x1000 [nls_iso8859_1] returned 0 
 0 usecs 2023-10-16 14:38:09 uos-PC kernel: [    4.679707] initcall pnp_init+0x0/0x1c returned 0 
 0 usecs 2023-10-16 14:38:09 uos-PC kernel: [    4.689714] initcall ipc_init+0x0/0x20 returned 0 
 0 usecs 2023-10-16 14:38:09 uos-PC kernel: [    4.699806] initcall dmi_init+0x0/0x118 returned 0 
 0 usecs 2023-10-16 14:38:09 uos-PC kernel: [    4.710334] initcall scmi_bus_init+0x0/0x44 returned 0 
 0 usecs 2023-10-16 14:38:09 uos-PC kernel: [    4.721377] initcall scmi_clock_init+0x0/0x20 returned 20 
 0 usecs 2023-10-16 14:38:09 uos-PC kernel: [    4.732593] initcall scmi_perf_init+0x0/0x20 returned 19 
 0 usecs 2023-10-16 14:38:09 uos-PC kernel: [    4.743809] initcall scmi_power_init+0x0/0x20 returned 17 
 0 usecs 2023-10-16 14:38:09 uos-PC kernel: [    4.755284] initcall scmi_sensors_init+0x0/0x20 returned 21 
 0 usecs 2023-10-16 14:38:09 uos-PC kernel: [    4.782616] initcall register_gop_device+0x0/0x6c returned 0 
 0 usecs 2023-10-16 14:38:09 uos-PC kernel: [    4.794628] initcall hi6220_stub_clk_init+0x0/0x20 returned 0 
 0 usecs 2023-10-16 14:38:09 uos-PC kernel: [    4.806722] initcall hi3660_stub_clk_init+0x0/0x20 returned 0 
 0 usecs 2023-10-16 14:38:09 uos-PC kernel: [    4.818112] initcall balloon_init+0x0/0x6c returned -19 
 0 usecs 2023-10-16 14:38:09 uos-PC kernel: [    4.830024] initcall xen_setup_shutdown_event+0x0/0x48 returned -19 
 0 usecs 2023-10-16 14:38:09 uos-PC kernel: [    4.843071] initcall xenbus_probe_backend_init+0x0/0x6c returned 0 
 0 usecs 2023-10-16 14:38:09 uos-PC kernel: [    4.856121] initcall xenbus_probe_frontend_init+0x0/0x6c returned 0 
 0 usecs 2023-10-16 14:38:09 uos-PC kernel: [    4.868911] initcall ab3100_regulators_init+0x0/0x24 returned 0 
 0 usecs 2023-10-16 14:38:09 uos-PC kernel: [    4.880220] initcall misc_init+0x0/0xe0 returned 0 
 0 usecs 2023-10-16 14:38:09 uos-PC kernel: [    4.890312] initcall tpm_init+0x0/0xec returned 0 
 0 usecs 2023-10-16 14:38:09 uos-PC kernel: [    4.938354] initcall cn_init+0x0/0xd0 returned 0 
 0 usecs 2023-10-16 14:38:09 uos-PC kernel: [    4.950014] initcall register_cpu_capacity_sysctl+0x0/0x98 returned 0 
 0 usecs 2023-10-16 14:38:09 uos-PC kernel: [    4.962366] initcall pm860x_i2c_init+0x0/0x48 returned 0 
 0 usecs 2023-10-16 14:38:09 uos-PC kernel: [    4.973152] initcall stmpe_init+0x0/0x20 returned 0 
 0 usecs 2023-10-16 14:38:09 uos-PC kernel: [    4.983679] initcall tc3589x_init+0x0/0x20 returned 0 
 0 usecs 2023-10-16 14:38:09 uos-PC kernel: [    4.994900] initcall wm8400_module_init+0x0/0x44 returned 0 
 0 usecs 2023-10-16 14:38:09 uos-PC kernel: [    5.006381] initcall wm831x_i2c_init+0x0/0x44 returned 0 
 0 usecs 2023-10-16 14:38:09 uos-PC kernel: [    5.017601] initcall wm831x_spi_init+0x0/0x38 returned 0 
 0 usecs 2023-10-16 14:38:09 uos-PC kernel: [    5.028822] initcall wm8350_i2c_init+0x0/0x20 returned 0 
 0 usecs 2023-10-16 14:38:09 uos-PC kernel: [    5.040218] initcall tps65910_i2c_init+0x0/0x20 returned 0 
 0 usecs 2023-10-16 14:38:09 uos-PC kernel: [    5.051438] initcall tps80031_init+0x0/0x20 returned 0 
 0 usecs 2023-10-16 14:38:09 uos-PC kernel: [    5.062310] initcall ezx_pcap_init+0x0/0x20 returned 0 
 0 usecs 2023-10-16 14:38:09 uos-PC kernel: [    5.073009] initcall da903x_init+0x0/0x20 returned 0 
 0 usecs 2023-10-16 14:38:09 uos-PC kernel: [    5.083882] initcall da9052_spi_init+0x0/0x44 returned 0 
 0 usecs 2023-10-16 14:38:09 uos-PC kernel: [    5.095102] initcall da9052_i2c_init+0x0/0x44 returned 0 
 0 usecs 2023-10-16 14:38:09 uos-PC kernel: [    5.105975] initcall lp8788_init+0x0/0x20 returned 0 
 0 usecs 2023-10-16 14:38:09 uos-PC kernel: [    5.116849] initcall da9055_i2c_init+0x0/0x44 returned 0 
 0 usecs 2023-10-16 14:38:09 uos-PC kernel: [    5.128243] initcall max77843_i2c_init+0x0/0x20 returned 0 
 0 usecs 2023-10-16 14:38:09 uos-PC kernel: [    5.139724] initcall max8925_i2c_init+0x0/0x44 returned 0 
 0 usecs 2023-10-16 14:38:09 uos-PC kernel: [    5.151117] initcall max8997_i2c_init+0x0/0x20 returned 0 
 0 usecs 2023-10-16 14:38:09 uos-PC kernel: [    5.162510] initcall max8998_i2c_init+0x0/0x24 returned 0 
 0 usecs 2023-10-16 14:38:09 uos-PC kernel: [    5.173817] initcall ab3100_i2c_init+0x0/0x20 returned 0 
 0 usecs 2023-10-16 14:38:09 uos-PC kernel: [    5.184864] initcall tps6586x_init+0x0/0x20 returned 0 
 0 usecs 2023-10-16 14:38:09 uos-PC kernel: [    5.195737] initcall tps65090_init+0x0/0x20 returned 0 
 0 usecs 2023-10-16 14:38:09 uos-PC kernel: [    5.206784] initcall palmas_i2c_init+0x0/0x20 returned 0 
 0 usecs 2023-10-16 14:38:09 uos-PC kernel: [    5.218093] initcall rc5t583_i2c_init+0x0/0x20 returned 0 
 0 usecs 2023-10-16 14:38:09 uos-PC kernel: [    5.229227] initcall sec_pmic_init+0x0/0x20 returned 0 
 0 usecs 2023-10-16 14:38:09 uos-PC kernel: [    5.239948] initcall dax_fs_init+0x0/0xe8 returned 0 
 0 usecs 2023-10-16 14:38:09 uos-PC kernel: [    5.250560] initcall dma_buf_init+0x0/0xb4 returned 0 
 0 usecs 2023-10-16 14:38:09 uos-PC kernel: [    5.289468] initcall phy_init+0x0/0x6c returned 0 
 0 usecs 2023-10-16 14:38:09 uos-PC kernel: [    5.330054] initcall serio_init+0x0/0x44 returned 0 
 0 usecs 2023-10-16 14:38:09 uos-PC kernel: [    5.340496] initcall input_init+0x0/0x120 returned 0 
 0 usecs 2023-10-16 14:38:09 uos-PC kernel: [    5.350761] initcall rtc_init+0x0/0x68 returned 0 
 0 usecs 2023-10-16 14:38:09 uos-PC kernel: [    5.391156] initcall cec_devnode_init+0x0/0xbc returned 0 
 0 usecs 2023-10-16 14:38:09 uos-PC kernel: [    5.441763] initcall power_supply_class_init+0x0/0x5c returned 0 
 0 usecs 2023-10-16 14:38:09 uos-PC kernel: [    5.453242] initcall hwmon_init+0x0/0x44 returned 0 
 0 usecs 2023-10-16 14:38:09 uos-PC kernel: [    5.477161] initcall leds_init+0x0/0x68 returned 0 
 0 usecs 2023-10-16 14:38:09 uos-PC kernel: [    5.487624] initcall devfreq_init+0x0/0xc8 returned 0 
 0 usecs 2023-10-16 14:38:09 uos-PC kernel: [    5.498847] initcall devfreq_event_init+0x0/0x70 returned 0 
 0 usecs 2023-10-16 14:38:09 uos-PC kernel: [    5.511452] initcall devfreq_simple_ondemand_init+0x0/0x1c returned 0 
 0 usecs 2023-10-16 14:38:09 uos-PC kernel: [    5.524579] initcall devfreq_performance_init+0x0/0x1c returned 0 
 0 usecs 2023-10-16 14:38:09 uos-PC kernel: [    5.536578] initcall arm_pmu_hp_init+0x0/0x60 returned 0 
 0 usecs 2023-10-16 14:38:09 uos-PC kernel: [    5.548128] initcall arm_pmu_acpi_init+0x0/0x2d8 returned 0 
 0 usecs 2023-10-16 14:38:09 uos-PC kernel: [    5.559004] initcall ras_init+0x0/0x18 returned 0 
 0 usecs 2023-10-16 14:38:09 uos-PC kernel: [    5.569185] initcall nvmem_init+0x0/0x20 returned 0 
 0 usecs 2023-10-16 14:38:09 uos-PC kernel: [    5.594458] initcall init_soundcore+0x0/0xb8 returned 0 
 0 usecs 2023-10-16 14:38:09 uos-PC kernel: [    5.623604] initcall alsa_seq_device_init+0x0/0x84 returned 0 
 0 usecs 2023-10-16 14:38:09 uos-PC kernel: [    5.635001] initcall hda_bus_init+0x0/0x1c returned 0 
 0 usecs 2023-10-16 14:38:09 uos-PC kernel: [    5.645789] initcall ac97_bus_init+0x0/0x1c returned 0 
 0 usecs 2023-10-16 14:38:09 uos-PC kernel: [    5.656398] initcall proto_init+0x0/0x1c returned 0 
 0 usecs 2023-10-16 14:38:09 uos-PC kernel: [    5.667104] initcall net_dev_init+0x0/0x218 returned 0 
 0 usecs 2023-10-16 14:38:09 uos-PC kernel: [    5.677715] initcall neigh_init+0x0/0xa0 returned 0 
 0 usecs 2023-10-16 14:38:09 uos-PC kernel: [    5.688672] initcall fib_notifier_init+0x0/0x1c returned 0 
 0 usecs 2023-10-16 14:38:09 uos-PC kernel: [    5.699976] initcall fib_rules_init+0x0/0xd0 returned 0 
 0 usecs 2023-10-16 14:38:09 uos-PC kernel: [    5.711452] initcall init_cgroup_netprio+0x0/0x20 returned 0 
 0 usecs 2023-10-16 14:38:09 uos-PC kernel: [    5.722753] initcall bpf_lwt_init+0x0/0x20 returned 0 
 0 usecs 2023-10-16 14:38:09 uos-PC kernel: [    5.733624] initcall pktsched_init+0x0/0x134 returned 0 
 0 usecs 2023-10-16 14:38:09 uos-PC kernel: [    5.744758] initcall tc_filter_init+0x0/0x120 returned 0 
 0 usecs 2023-10-16 14:38:09 uos-PC kernel: [    5.755892] initcall tc_action_init+0x0/0x84 returned 0 
 0 usecs 2023-10-16 14:38:09 uos-PC kernel: [    5.766506] initcall genl_init+0x0/0x4c returned 0 
 0 usecs 2023-10-16 14:38:09 uos-PC kernel: [    5.777724] initcall wireless_nlevent_init+0x0/0x4c returned 0 
 0 usecs 2023-10-16 14:38:09 uos-PC kernel: [    5.788940] initcall sdei_init+0x0/0xd4 returned 0 
 0 usecs 2023-10-16 14:38:09 uos-PC kernel: [    5.799491] initcall watchdog_init+0x0/0x90 returned 0 
 0 usecs 2023-10-16 14:38:09 uos-PC kernel: [    5.811560] initcall create_debug_debugfs_entry+0x0/0x30 returned 0 
 0 usecs 2023-10-16 14:38:09 uos-PC kernel: [    6.038219] initcall proc_consoles_init+0x0/0x38 returned 0 
 0 usecs 2023-10-16 14:38:09 uos-PC kernel: [    6.061435] initcall proc_devices_init+0x0/0x38 returned 0 
 0 usecs 2023-10-16 14:38:09 uos-PC kernel: [    6.073260] initcall proc_interrupts_init+0x0/0x38 returned 0 
 0 usecs 2023-10-16 14:38:09 uos-PC kernel: [    6.085084] initcall proc_loadavg_init+0x0/0x34 returned 0 
 0 usecs 2023-10-16 14:38:09 uos-PC kernel: [    6.096648] initcall proc_meminfo_init+0x0/0x34 returned 0 
 0 usecs 2023-10-16 14:38:09 uos-PC kernel: [    6.107951] initcall proc_stat_init+0x0/0x30 returned 0 
 0 usecs 2023-10-16 14:38:09 uos-PC kernel: [    6.119168] initcall proc_uptime_init+0x0/0x34 returned 0 
 0 usecs 2023-10-16 14:38:09 uos-PC kernel: [    6.130646] initcall proc_version_init+0x0/0x34 returned 0 
 0 usecs 2023-10-16 14:38:09 uos-PC kernel: [    6.164830] initcall vmcore_init+0x0/0x534 returned 0 
 0 usecs 2023-10-16 14:38:09 uos-PC kernel: [    6.175699] initcall proc_kmsg_init+0x0/0x30 returned 0 
 0 usecs 2023-10-16 14:38:09 uos-PC kernel: [    6.211726] initcall init_ramfs_fs+0x0/0x58 returned 0 
 0 usecs 2023-10-16 14:38:09 uos-PC kernel: [    6.257856] initcall tomoyo_initerface_init+0x0/0x170 returned 0 
 0 usecs 2023-10-16 14:38:09 uos-PC kernel: [    6.286410] initcall blk_scsi_ioctl_init+0x0/0xa0 returned 0 
 0 usecs 2023-10-16 14:38:09 uos-PC kernel: [    6.407700] initcall cpufreq_gov_performance_init+0x0/0x1c returned 0 
 0 usecs 2023-10-16 14:38:09 uos-PC kernel: [    6.431629] initcall eth_offload_init+0x0/0x20 returned 0 
 0 usecs 2023-10-16 14:38:09 uos-PC kernel: [    6.637025] initcall acpi_reserve_resources+0x0/0xf4 returned 0 
 0 usecs 2023-10-16 14:38:09 uos-PC kernel: [    6.986505] initcall register_kernel_offset_dumper+0x0/0x28 returned 0 
 0 usecs 2023-10-16 14:38:09 uos-PC kernel: [    7.011791] initcall register_cpu_hwcaps_dumper+0x0/0x2c returned 0 
 0 usecs 2023-10-16 14:38:09 uos-PC kernel: [    7.044660] initcall arch_init_uprobes+0x0/0x34 returned 0 
 0 usecs 2023-10-16 14:38:09 uos-PC kernel: [    7.056920] initcall register_mem_limit_dumper+0x0/0x2c returned 0 
 0 usecs 2023-10-16 14:38:09 uos-PC kernel: [    7.161240] initcall irq_gc_init_ops+0x0/0x24 returned 0 
 0 usecs 2023-10-16 14:38:09 uos-PC kernel: [    7.172456] initcall irq_pm_init_ops+0x0/0x20 returned 0 
 0 usecs 2023-10-16 14:38:09 uos-PC kernel: [    7.184107] initcall timekeeping_init_ops+0x0/0x24 returned 0 
 0 usecs 2023-10-16 14:38:09 uos-PC kernel: [    7.262661] initcall sched_clock_syscore_init+0x0/0x24 returned 0 
 0 usecs 2023-10-16 14:38:09 uos-PC kernel: [    7.308848] initcall ikconfig_init+0x0/0x44 returned 0 
 0 usecs 2023-10-16 14:38:09 uos-PC kernel: [    7.319979] initcall audit_watch_init+0x0/0x44 returned 0 
 0 usecs 2023-10-16 14:38:09 uos-PC kernel: [    7.331630] initcall audit_fsnotify_init+0x0/0x44 returned 0 
 0 usecs 2023-10-16 14:38:09 uos-PC kernel: [    7.343195] initcall audit_tree_init+0x0/0x68 returned 0 
 0 usecs 2023-10-16 14:38:09 uos-PC kernel: [    7.389333] initcall init_tracepoints+0x0/0x40 returned 0 
 0 usecs 2023-10-16 14:38:09 uos-PC kernel: [    7.424033] initcall padata_driver_init+0x0/0x48 returned 0 
 0 usecs 2023-10-16 14:38:09 uos-PC kernel: [    7.476425] initcall mm_compute_batch_init+0x0/0x64 returned 0 
 0 usecs 2023-10-16 14:38:09 uos-PC kernel: [    7.773577] initcall init_vfat_fs+0x0/0x1c returned 0 
 0 usecs 2023-10-16 14:38:09 uos-PC kernel: [    7.784360] initcall init_msdos_fs+0x0/0x1c returned 0 
 0 usecs 2023-10-16 14:38:09 uos-PC kernel: [    7.861443] initcall selinux_nf_ip_init+0x0/0x68 returned 0 
 0 usecs 2023-10-16 14:38:09 uos-PC kernel: [    7.872574] initcall init_sel_fs+0x0/0xf4 returned 0 
 0 usecs 2023-10-16 14:38:09 uos-PC kernel: [    7.893810] initcall sel_netif_init+0x0/0x58 returned 0 
 0 usecs 2023-10-16 14:38:09 uos-PC kernel: [    7.905027] initcall sel_netnode_init+0x0/0x38 returned 0 
 0 usecs 2023-10-16 14:38:09 uos-PC kernel: [    7.916418] initcall sel_netport_init+0x0/0x38 returned 0 
 0 usecs 2023-10-16 14:38:09 uos-PC kernel: [    7.927377] initcall aurule_init+0x0/0x34 returned 0 
 0 usecs 2023-10-16 14:38:09 uos-PC kernel: [    7.986563] initcall seqiv_module_init+0x0/0x1c returned 0 
 0 usecs 2023-10-16 14:38:09 uos-PC kernel: [    8.335340] initcall hmac_module_init+0x0/0x1c returned 0 
 0 usecs 2023-10-16 14:38:09 uos-PC kernel: [    8.395952] initcall crypto_ecb_module_init+0x0/0x1c returned 0 
 0 usecs 2023-10-16 14:38:09 uos-PC kernel: [    8.408384] initcall crypto_cbc_module_init+0x0/0x1c returned 0 
 0 usecs 2023-10-16 14:38:09 uos-PC kernel: [    8.420815] initcall crypto_cts_module_init+0x0/0x1c returned 0 
 0 usecs 2023-10-16 14:38:09 uos-PC kernel: [    8.432899] initcall crypto_module_init+0x0/0x1c returned 0 
 0 usecs 2023-10-16 14:38:09 uos-PC kernel: [    8.444983] initcall crypto_ctr_module_init+0x0/0x58 returned 0 
 0 usecs 2023-10-16 14:38:09 uos-PC kernel: [    8.675678] initcall iolatency_init+0x0/0x1c returned 0 
 0 usecs 2023-10-16 14:38:09 uos-PC kernel: [    8.810904] initcall sw842_init+0x0/0x104 returned 0 
 0 usecs 2023-10-16 14:38:09 uos-PC kernel: [    8.821426] initcall sw842_init+0x0/0x104 returned 0 
 0 usecs 2023-10-16 14:38:09 uos-PC kernel: [    9.258555] initcall pci_hotplug_init+0x0/0x48 returned 0 
 0 usecs 2023-10-16 14:38:09 uos-PC kernel: [    9.485287] initcall xenfb_init+0x0/0x4c returned -19 
 0 usecs 2023-10-16 14:38:09 uos-PC kernel: [    9.657264] initcall bgrt_init+0x0/0xd0 returned -19 
 0 usecs 2023-10-16 14:38:09 uos-PC kernel: [    9.690110] initcall ghes_init+0x0/0x18c returned -19 
 0 usecs 2023-10-16 14:38:09 uos-PC kernel: [    9.892565] initcall esrt_sysfs_init+0x0/0x2dc returned -38 
 1 usecs 2023-10-16 14:38:09 uos-PC kernel: [   10.672084] initcall cn_proc_init+0x0/0x4c returned 0 
 1 usecs 2023-10-16 14:38:09 uos-PC kernel: [   13.612267] initcall init_touchpad_switch+0x0/0x60 returned 0 
 1 usecs 2023-10-16 14:38:09 uos-PC kernel: [   13.684369] initcall alsa_pcm_init+0x0/0x7c returned 0 
 1 usecs 2023-10-16 14:38:09 uos-PC kernel: [   14.427667] initcall blackhole_init+0x0/0x1c returned 0 
 1 usecs 2023-10-16 14:38:09 uos-PC kernel: [   14.991552] initcall printk_late_init+0x0/0x15c returned 0 
 1 usecs 2023-10-16 14:38:09 uos-PC kernel: [   15.165539] initcall split_huge_pages_debugfs+0x0/0x48 returned 0 
 1 usecs 2023-10-16 14:38:09 uos-PC kernel: [   15.821348] initcall regulator_init_complete+0x0/0x6c returned 0 
 1 usecs 2023-10-16 14:38:09 uos-PC kernel: [   18.687963] initcall xt_init+0x0/0x1000 [x_tables] returned 0 
 1 usecs 2023-10-16 14:38:09 uos-PC kernel: [    6.026568] initcall proc_cmdline_init+0x0/0x34 returned 0 
 1 usecs 2023-10-16 14:38:09 uos-PC kernel: [    6.049871] initcall proc_cpuinfo_init+0x0/0x30 returned 0 
 1 usecs 2023-10-16 14:38:09 uos-PC kernel: [    6.142298] initcall proc_softirqs_init+0x0/0x34 returned 0 
 1 usecs 2023-10-16 14:38:09 uos-PC kernel: [    6.186744] initcall proc_page_init+0x0/0x6c returned 0 
 1 usecs 2023-10-16 14:38:09 uos-PC kernel: [    6.443108] initcall ipv4_offload_init+0x0/0x80 returned 0 
 1 usecs 2023-10-16 14:38:09 uos-PC kernel: [    6.534673] initcall ipv6_offload_init+0x0/0x84 returned 0 
 1 usecs 2023-10-16 14:38:09 uos-PC kernel: [    7.208921] initcall init_timer_list_procfs+0x0/0x40 returned 0 
 1 usecs 2023-10-16 14:38:09 uos-PC kernel: [    7.274836] initcall proc_modules_init+0x0/0x34 returned 0 
 1 usecs 2023-10-16 14:38:09 uos-PC kernel: [    7.286055] initcall kallsyms_init+0x0/0x30 returned 0 
 1 usecs 2023-10-16 14:38:09 uos-PC kernel: [    7.412815] initcall init_uprobes+0x0/0x84 returned 0 
 1 usecs 2023-10-16 14:38:09 uos-PC kernel: [    7.506252] initcall proc_vmalloc_init+0x0/0x38 returned 0 
 1 usecs 2023-10-16 14:38:09 uos-PC kernel: [    7.589099] initcall proc_filesystems_init+0x0/0x34 returned 0 
 1 usecs 2023-10-16 14:38:09 uos-PC kernel: [    7.601708] initcall start_dirtytime_writeback+0x0/0x3c returned 0 
 1 usecs 2023-10-16 14:38:09 uos-PC kernel: [    7.974910] initcall crypto_algapi_init+0x0/0x18 returned 0 
 1 usecs 2023-10-16 14:38:09 uos-PC kernel: [    8.457415] initcall crypto_gcm_module_init+0x0/0xd0 returned 0 
 1 usecs 2023-10-16 14:38:09 uos-PC kernel: [    8.799773] initcall libcrc32c_mod_init+0x0/0x38 returned 0 
 1 usecs 2023-10-16 14:38:09 uos-PC kernel: [    8.845141] initcall audit_classes_init+0x0/0xb0 returned 0 
 1 usecs 2023-10-16 14:38:09 uos-PC kernel: [    8.856274] initcall digsig_init+0x0/0x54 returned 0 
 1 usecs 2023-10-16 14:38:09 uos-PC kernel: [    9.673708] initcall erst_init+0x0/0x2b8 returned 0 
 2 usecs 2023-10-16 14:38:09 uos-PC kernel: [   11.677037] initcall xhci_hcd_init+0x0/0x34 returned 0 
 2 usecs 2023-10-16 14:38:09 uos-PC kernel: [   14.973325] initcall pm_debugfs_init+0x0/0x34 returned 0 
 2 usecs 2023-10-16 14:38:09 uos-PC kernel: [   15.010534] initcall tk_debug_sleep_time_init+0x0/0x50 returned 0 
 2 usecs 2023-10-16 14:38:09 uos-PC kernel: [   15.102606] initcall fault_around_debugfs+0x0/0x44 returned 0 
 2 usecs 2023-10-16 14:38:09 uos-PC kernel: [   15.685487] initcall sch_default_qdisc+0x0/0x1c returned 0 
 2 usecs 2023-10-16 14:38:09 uos-PC kernel: [    7.114401] initcall register_warn_debugfs+0x0/0x34 returned 0 
 2 usecs 2023-10-16 14:38:09 uos-PC kernel: [    7.137731] initcall ioresources_init+0x0/0x6c returned 0 
 2 usecs 2023-10-16 14:38:09 uos-PC kernel: [    7.237864] initcall init_posix_timers+0x0/0x38 returned 0 
 2 usecs 2023-10-16 14:38:09 uos-PC kernel: [    7.850139] initcall key_proc_init+0x0/0x84 returned 0 
 2 usecs 2023-10-16 14:38:09 uos-PC kernel: [    8.787946] initcall crc_t10dif_mod_init+0x0/0x50 returned 0 
 2 usecs 2023-10-16 14:38:09 uos-PC kernel: [    9.634012] initcall acpi_battery_init+0x0/0x48 returned 0 
 3 usecs 2023-10-16 14:38:09 uos-PC kernel: [   10.287655] initcall sysrq_init+0x0/0x90 returned 0 
 3 usecs 2023-10-16 14:38:09 uos-PC kernel: [   13.106257] initcall cpufreq_gov_dbs_init+0x0/0x20 returned 0 
 3 usecs 2023-10-16 14:38:09 uos-PC kernel: [   13.630522] initcall alsa_hwdep_init+0x0/0x78 returned 0 
 3 usecs 2023-10-16 14:38:09 uos-PC kernel: [   15.397735] initcall pci_resource_alignment_sysfs_init+0x0/0x28 returned 0 
 3 usecs 2023-10-16 14:38:09 uos-PC kernel: [   15.586397] initcall genpd_debug_init+0x0/0x194 returned 0 
 3 usecs 2023-10-16 14:38:09 uos-PC kernel: [   15.723517] initcall ip_auto_config+0x0/0xf3c returned 0 
 3 usecs 2023-10-16 14:38:09 uos-PC kernel: [   19.212324] initcall kprobe_init+0x0/0x1000 [lightnut] returned 0 
 3 usecs 2023-10-16 14:38:09 uos-PC kernel: [    5.867895] initcall init_trace_printk_function_export+0x0/0x40 returned 0 
 3 usecs 2023-10-16 14:38:09 uos-PC kernel: [    5.892433] initcall init_uprobe_trace+0x0/0x6c returned 0 
 3 usecs 2023-10-16 14:38:09 uos-PC kernel: [    5.937274] initcall inotify_user_setup+0x0/0x5c returned 0 
 3 usecs 2023-10-16 14:38:09 uos-PC kernel: [    5.948669] initcall eventpoll_init+0x0/0xa8 returned 0 
 3 usecs 2023-10-16 14:38:09 uos-PC kernel: [    5.983057] initcall proc_locks_init+0x0/0x3c returned 0 
 3 usecs 2023-10-16 14:38:09 uos-PC kernel: [    6.246204] initcall add_sys_file+0x0/0x44 returned 0 
 3 usecs 2023-10-16 14:38:09 uos-PC kernel: [    7.102139] initcall proc_execdomains_init+0x0/0x34 returned 0 
 3 usecs 2023-10-16 14:38:09 uos-PC kernel: [    7.365762] initcall seccomp_sysctl_init+0x0/0x38 returned 0 
 4 usecs 2023-10-16 14:38:09 uos-PC kernel: [   11.242343] initcall net_olddevs_init+0x0/0x90 returned 0 
 4 usecs 2023-10-16 14:38:09 uos-PC kernel: [   15.325824] initcall integrity_fs_init+0x0/0x68 returned 0 
 4 usecs 2023-10-16 14:38:09 uos-PC kernel: [   15.567530] initcall genpd_power_off_unused+0x0/0x90 returned 0 
 4 usecs 2023-10-16 14:38:09 uos-PC kernel: [   15.604899] initcall sync_debugfs_init+0x0/0x74 returned 0 
 4 usecs 2023-10-16 14:38:09 uos-PC kernel: [   15.801918] initcall clk_disable_unused+0x0/0x120 returned 0 
 4 usecs 2023-10-16 14:38:09 uos-PC kernel: [    6.298934] initcall dynamic_debug_init_debugfs+0x0/0x8c returned 0 
 4 usecs 2023-10-16 14:38:09 uos-PC kernel: [    8.636226] initcall proc_genhd_init+0x0/0x64 returned 0 
 4 usecs 2023-10-16 14:38:09 uos-PC kernel: [    8.928307] initcall phy_core_init+0x0/0x68 returned 0 
 5 usecs 2023-10-16 14:38:09 uos-PC kernel: [   10.599329] initcall drm_kms_helper_init+0x0/0x1c returned 0 
 5 usecs 2023-10-16 14:38:09 uos-PC kernel: [   11.608497] initcall cdrom_init+0x0/0x18 returned 0 
 5 usecs 2023-10-16 14:38:09 uos-PC kernel: [   12.764865] initcall pl031_driver_init+0x0/0x1c returned 0 
 5 usecs 2023-10-16 14:38:09 uos-PC kernel: [   13.876593] initcall analog_driver_init+0x0/0x28 returned 0 
 5 usecs 2023-10-16 14:38:09 uos-PC kernel: [   13.895257] initcall sigmatel_driver_init+0x0/0x2c returned 0 
 5 usecs 2023-10-16 14:38:09 uos-PC kernel: [   13.913877] initcall si3054_driver_init+0x0/0x28 returned 0 
 5 usecs 2023-10-16 14:38:09 uos-PC kernel: [   13.968900] initcall ca0132_driver_init+0x0/0x28 returned 0 
 5 usecs 2023-10-16 14:38:09 uos-PC kernel: [   14.005676] initcall via_driver_init+0x0/0x28 returned 0 
 5 usecs 2023-10-16 14:38:09 uos-PC kernel: [   14.023601] initcall hdmi_driver_init+0x0/0x28 returned 0 
 5 usecs 2023-10-16 14:38:09 uos-PC kernel: [   15.378203] initcall prandom_reseed+0x0/0x40 returned 0 
 5 usecs 2023-10-16 14:38:09 uos-PC kernel: [   18.701784] initcall ip_tables_init+0x0/0x1000 [ip_tables] returned 0 
 5 usecs 2023-10-16 14:38:09 uos-PC kernel: [    6.311112] initcall acpi_event_init+0x0/0x44 returned 0 
 6 usecs 2023-10-16 14:38:09 uos-PC kernel: [   10.653606] initcall virtio_gpu_driver_init+0x0/0x1c returned 0 
 6 usecs 2023-10-16 14:38:09 uos-PC kernel: [   11.037974] initcall init_sr+0x0/0x58 returned 0 
 6 usecs 2023-10-16 14:38:09 uos-PC kernel: [   11.324241] initcall stmmac_init+0x0/0x68 returned 0 
 6 usecs 2023-10-16 14:38:09 uos-PC kernel: [   13.275380] initcall extcon_class_init+0x0/0x28 returned 0 
 6 usecs 2023-10-16 14:38:09 uos-PC kernel: [   13.293783] initcall ntb_driver_init+0x0/0x1c returned 0 
 6 usecs 2023-10-16 14:38:09 uos-PC kernel: [   13.839554] initcall realtek_driver_init+0x0/0x2c returned 0 
 6 usecs 2023-10-16 14:38:09 uos-PC kernel: [   13.932283] initcall cirrus_driver_init+0x0/0x28 returned 0 
 6 usecs 2023-10-16 14:38:09 uos-PC kernel: [   13.950589] initcall ca0110_driver_init+0x0/0x28 returned 0 
 6 usecs 2023-10-16 14:38:09 uos-PC kernel: [   13.987406] initcall conexant_driver_init+0x0/0x28 returned 0 
 6 usecs 2023-10-16 14:38:09 uos-PC kernel: [   18.723027] initcall efivarfs_init+0x0/0x1000 [efivarfs] returned 0 
 6 usecs 2023-10-16 14:38:09 uos-PC kernel: [    6.384029] initcall firmware_class_init+0x0/0xd8 returned 0 
 6 usecs 2023-10-16 14:38:09 uos-PC kernel: [    7.464426] initcall extfrag_debug_init+0x0/0x94 returned 0 
 6 usecs 2023-10-16 14:38:09 uos-PC kernel: [    7.817301] initcall ipc_init+0x0/0x30 returned 0 
 7 usecs 2023-10-16 14:38:09 uos-PC kernel: [   10.852307] initcall tps65912_spi_driver_init+0x0/0x20 returned 0 
 7 usecs 2023-10-16 14:38:09 uos-PC kernel: [   10.870938] initcall twl_driver_init+0x0/0x20 returned 0 
 7 usecs 2023-10-16 14:38:09 uos-PC kernel: [   10.927517] initcall smsc_i2c_driver_init+0x0/0x20 returned 0 
 7 usecs 2023-10-16 14:38:09 uos-PC kernel: [   10.983710] initcall max77686_i2c_driver_init+0x0/0x20 returned 0 
 7 usecs 2023-10-16 14:38:09 uos-PC kernel: [   11.003201] initcall max77693_i2c_driver_init+0x0/0x20 returned 0 
 7 usecs 2023-10-16 14:38:09 uos-PC kernel: [   13.594274] initcall init_uos_proc+0x0/0x38 returned 0 
 7 usecs 2023-10-16 14:38:09 uos-PC kernel: [   13.858079] initcall cmedia_driver_init+0x0/0x28 returned 0 
 7 usecs 2023-10-16 14:38:09 uos-PC kernel: [   15.029737] initcall debugfs_kprobe_init+0x0/0xbc returned 0 
 7 usecs 2023-10-16 14:38:09 uos-PC kernel: [   19.646258] initcall cryptd_init+0x0/0x1000 [cryptd] returned 0 
 7 usecs 2023-10-16 14:38:09 uos-PC kernel: [    5.880864] initcall init_kprobe_trace+0x0/0xb4 returned 0 
 7 usecs 2023-10-16 14:38:09 uos-PC kernel: [    7.377682] initcall utsname_sysctl_init+0x0/0x20 returned 0 
 8 usecs 2023-10-16 14:38:09 uos-PC kernel: [   10.617750] initcall drm_core_init+0x0/0xec returned 0 
 8 usecs 2023-10-16 14:38:09 uos-PC kernel: [   10.908858] initcall twl6040_driver_init+0x0/0x20 returned 0 
 8 usecs 2023-10-16 14:38:09 uos-PC kernel: [   10.946350] initcall da9063_i2c_driver_init+0x0/0x20 returned 0 
 8 usecs 2023-10-16 14:38:09 uos-PC kernel: [   10.964944] initcall max14577_i2c_init+0x0/0x20 returned 0 
 8 usecs 2023-10-16 14:38:09 uos-PC kernel: [   15.666922] initcall of_fdt_raw_init+0x0/0x84 returned 0 
 8 usecs 2023-10-16 14:38:09 uos-PC kernel: [    5.903226] initcall bpf_init+0x0/0x64 returned 0 
 8 usecs 2023-10-16 14:38:09 uos-PC kernel: [    5.959809] initcall anon_inode_init+0x0/0x6c returned 0 
 8 usecs 2023-10-16 14:38:09 uos-PC kernel: [    7.297456] initcall pid_namespaces_init+0x0/0x48 returned 0 
 8 usecs 2023-10-16 14:38:09 uos-PC kernel: [    7.827919] initcall ipc_sysctl_init+0x0/0x20 returned 0 
 8 usecs 2023-10-16 14:38:09 uos-PC kernel: [    9.031670] initcall pl061_gpio_init+0x0/0x1c returned 0 
 9 usecs 2023-10-16 14:38:09 uos-PC kernel: [   10.832852] initcall tps65912_i2c_driver_init+0x0/0x20 returned 0 
 9 usecs 2023-10-16 14:38:09 uos-PC kernel: [   15.203525] initcall pstore_init+0x0/0x1c returned 0 
 9 usecs 2023-10-16 14:38:09 uos-PC kernel: [    9.320285] initcall pci_epf_init+0x0/0x44 returned 0 
 9 usecs 2023-10-16 14:38:09 uos-PC kernel: [    9.358072] initcall faraday_pci_driver_init+0x0/0x20 returned 0 
 9 usecs 2023-10-16 14:38:09 uos-PC kernel: [    9.370342] initcall gen_pci_driver_init+0x0/0x20 returned 0 
 9 usecs 2023-10-16 14:38:09 uos-PC kernel: [    9.382700] initcall dw_plat_pcie_driver_init+0x0/0x20 returned 0 
 9 usecs 2023-10-16 14:38:09 uos-PC kernel: [    9.395317] initcall kirin_pcie_driver_init+0x0/0x20 returned 0 
 9 usecs 2023-10-16 14:38:09 uos-PC kernel: [    9.421771] initcall hisi_pcie_driver_init+0x0/0x20 returned 0 
 9 usecs 2023-10-16 14:38:09 uos-PC kernel: [    9.435083] initcall hisi_pcie_almost_ecam_driver_init+0x0/0x24 returned 0 
 9 usecs 2023-10-16 14:38:09 uos-PC kernel: [    9.448659] initcall thunder_ecam_driver_init+0x0/0x20 returned 0 
 9 usecs 2023-10-16 14:38:09 uos-PC kernel: [    9.461365] initcall thunder_pem_driver_init+0x0/0x20 returned 0 
 9 usecs 2023-10-16 14:38:09 uos-PC kernel: [    9.473895] initcall xgene_pcie_driver_init+0x0/0x20 returned 0 
 9 usecs 2023-10-16 14:38:17 uos-PC kernel: [   28.231733] initcall nfnetlink_log_init+0x0/0x1000 [nfnetlink_log] returned 0 
 10 usecs 2023-10-16 14:38:09 uos-PC kernel: [   12.747103] initcall pl030_driver_init+0x0/0x1c returned 0 
 10 usecs 2023-10-16 14:38:09 uos-PC kernel: [   13.407596] initcall stm_console_init+0x0/0x20 returned 0 
 10 usecs 2023-10-16 14:38:09 uos-PC kernel: [   14.159454] initcall es8388_i2c_driver_init+0x0/0x20 returned 0 
 10 usecs 2023-10-16 14:38:09 uos-PC kernel: [   14.482947] initcall fou_init+0x0/0xc8 returned 0 
 10 usecs 2023-10-16 14:38:09 uos-PC kernel: [    7.518174] initcall memblock_init_debugfs+0x0/0x8c returned 0 
 10 usecs 2023-10-16 14:38:09 uos-PC kernel: [    7.712298] initcall init_devpts_fs+0x0/0x3c returned 0 
 10 usecs 2023-10-16 14:38:17 uos-PC kernel: [   28.250357] initcall nfnetlink_queue_init+0x0/0x1000 [nfnetlink_queue] returned 0 
 11 usecs 2023-10-16 14:38:09 uos-PC kernel: [   11.054492] initcall init_sg+0x0/0x1c4 returned 0 
 11 usecs 2023-10-16 14:38:09 uos-PC kernel: [   15.548073] initcall deferred_probe_initcall+0x0/0xb0 returned 0 
 11 usecs 2023-10-16 14:38:09 uos-PC kernel: [    6.015523] initcall quota_init+0x0/0x30 returned 0 
 11 usecs 2023-10-16 14:38:09 uos-PC kernel: [    8.939536] initcall bgpio_driver_init+0x0/0x20 returned 0 
 11 usecs 2023-10-16 14:38:09 uos-PC kernel: [    9.019487] initcall phytium_sgpio_driver_init+0x0/0x20 returned 0 
 11 usecs 2023-10-16 14:38:09 uos-PC kernel: [    9.345280] initcall cdns_pcie_ep_driver_init+0x0/0x20 returned 0 
 11 usecs 2023-10-16 14:38:09 uos-PC kernel: [    9.408545] initcall histb_pcie_platform_driver_init+0x0/0x20 returned 0 
 11 usecs 2023-10-16 14:38:09 uos-PC kernel: [    9.931808] initcall of_fixed_clk_driver_init+0x0/0x20 returned 0 
 11 usecs 2023-10-16 14:38:09 uos-PC kernel: [    9.950773] initcall gpio_clk_driver_init+0x0/0x20 returned 0 
 12 usecs 2023-10-16 14:38:09 uos-PC kernel: [   10.006257] initcall mv_xor_v2_driver_init+0x0/0x20 returned 0 
 12 usecs 2023-10-16 14:38:09 uos-PC kernel: [   10.025851] initcall phytium_pci_driver_init+0x0/0x28 returned 0 
 12 usecs 2023-10-16 14:38:09 uos-PC kernel: [   10.045776] initcall virtio_pci_driver_init+0x0/0x28 returned 0 
 12 usecs 2023-10-16 14:38:09 uos-PC kernel: [   10.402549] initcall exar_pci_driver_init+0x0/0x28 returned 0 
 12 usecs 2023-10-16 14:38:09 uos-PC kernel: [   10.443585] initcall of_platform_serial_driver_init+0x0/0x20 returned 0 
 12 usecs 2023-10-16 14:38:09 uos-PC kernel: [   10.561142] initcall arm_smmu_driver_init+0x0/0x24 returned 0 
 12 usecs 2023-10-16 14:38:09 uos-PC kernel: [   10.635272] initcall ttm_init+0x0/0x7c returned 0 
 12 usecs 2023-10-16 14:38:09 uos-PC kernel: [   12.920912] initcall hisi_reboot_driver_init+0x0/0x20 returned 0 
 12 usecs 2023-10-16 14:38:09 uos-PC kernel: [   12.961492] initcall restart_poweroff_driver_init+0x0/0x20 returned 0 
 12 usecs 2023-10-16 14:38:09 uos-PC kernel: [   12.991004] initcall vexpress_reset_init+0x0/0x20 returned 0 
 12 usecs 2023-10-16 14:38:09 uos-PC kernel: [   13.009790] initcall xgene_reboot_init+0x0/0x20 returned 0 
 12 usecs 2023-10-16 14:38:09 uos-PC kernel: [   13.029161] initcall syscon_reboot_driver_init+0x0/0x20 returned 0 
 12 usecs 2023-10-16 14:38:09 uos-PC kernel: [   13.049203] initcall syscon_poweroff_register+0x0/0x20 returned 0 
 12 usecs 2023-10-16 14:38:09 uos-PC kernel: [   13.793697] initcall alsa_seq_dummy_init+0x0/0xd4 returned 0 
 12 usecs 2023-10-16 14:38:09 uos-PC kernel: [    6.153787] initcall proc_kcore_init+0x0/0xa4 returned 0 
 12 usecs 2023-10-16 14:38:09 uos-PC kernel: [    6.395438] initcall thermal_init+0x0/0x110 returned 0 
 12 usecs 2023-10-16 14:38:09 uos-PC kernel: [    7.529933] initcall procswaps_init+0x0/0x34 returned 0 
 12 usecs 2023-10-16 14:38:09 uos-PC kernel: [    7.541088] initcall init_frontswap+0x0/0xa4 returned 0 
 12 usecs 2023-10-16 14:38:09 uos-PC kernel: [    9.043510] initcall xgene_gpio_driver_init+0x0/0x20 returned 0 
 12 usecs 2023-10-16 14:38:09 uos-PC kernel: [    9.734066] initcall arm_mhu_driver_init+0x0/0x1c returned 0 
 12 usecs 2023-10-16 14:38:09 uos-PC kernel: [    9.790150] initcall platform_mhu_driver_init+0x0/0x20 returned 0 
 12 usecs 2023-10-16 14:38:09 uos-PC kernel: [    9.847387] initcall scmi_driver_init+0x0/0x20 returned 0 
 12 usecs 2023-10-16 14:38:09 uos-PC kernel: [    9.911933] initcall of_fixed_factor_clk_driver_init+0x0/0x20 returned 0 
 13 usecs 2023-10-16 14:38:09 uos-PC kernel: [   12.901256] initcall gpio_restart_driver_init+0x0/0x20 returned 0 
 13 usecs 2023-10-16 14:38:09 uos-PC kernel: [   12.940987] initcall ltc2952_poweroff_driver_init+0x0/0x20 returned 0 
 13 usecs 2023-10-16 14:38:09 uos-PC kernel: [    6.322344] initcall pnp_system_init+0x0/0x1c returned 0 
 13 usecs 2023-10-16 14:38:09 uos-PC kernel: [    7.623833] initcall dio_init+0x0/0x38 returned 0 
 13 usecs 2023-10-16 14:38:09 uos-PC kernel: [    7.657490] initcall userfaultfd_init+0x0/0x40 returned 0 
 13 usecs 2023-10-16 14:38:09 uos-PC kernel: [    8.951636] initcall dwapb_gpio_driver_init+0x0/0x20 returned 0 
 14 usecs 2023-10-16 14:38:09 uos-PC kernel: [   10.889722] initcall twl4030_audio_driver_init+0x0/0x20 returned 0 
 14 usecs 2023-10-16 14:38:09 uos-PC kernel: [   12.881590] initcall gpio_poweroff_driver_init+0x0/0x20 returned 0 
 14 usecs 2023-10-16 14:38:09 uos-PC kernel: [   13.370531] initcall hisi_ddrc_pmu_module_init+0x0/0x88 returned 0 
 14 usecs 2023-10-16 14:38:09 uos-PC kernel: [   13.812376] initcall generic_driver_init+0x0/0x28 returned 0 
 14 usecs 2023-10-16 14:38:09 uos-PC kernel: [   14.136947] initcall es8336_i2c_driver_init+0x0/0x24 returned 0 
 14 usecs 2023-10-16 14:38:09 uos-PC kernel: [   15.221257] initcall init_root_keyring+0x0/0x14 returned 0 
 14 usecs 2023-10-16 14:38:09 uos-PC kernel: [    6.234896] initcall elfverify_fs_init+0x0/0x188 returned 0 
 15 usecs 2023-10-16 14:38:09 uos-PC kernel: [   12.804424] initcall rv8803_driver_init+0x0/0x20 returned 0 
 15 usecs 2023-10-16 14:38:09 uos-PC kernel: [   13.350662] initcall hisi_hha_pmu_module_init+0x0/0x88 returned 0 
 15 usecs 2023-10-16 14:38:09 uos-PC kernel: [   14.220580] initcall pmdk_sound_driver_init+0x0/0x20 returned 0 
 15 usecs 2023-10-16 14:38:09 uos-PC kernel: [   14.374400] initcall devlink_module_init+0x0/0x1c returned 0 
 15 usecs 2023-10-16 14:38:09 uos-PC kernel: [    6.420151] initcall sysctl_core_init+0x0/0x40 returned 0 
 15 usecs 2023-10-16 14:38:09 uos-PC kernel: [    7.701330] initcall mbcache_init+0x0/0x44 returned 0 
 15 usecs 2023-10-16 14:38:09 uos-PC kernel: [    7.883026] initcall selnl_init+0x0/0x58 returned 0 
 16 usecs 2023-10-16 14:38:09 uos-PC kernel: [   10.363408] initcall it_8768_driver_init+0x0/0x20 returned 0 
 16 usecs 2023-10-16 14:38:09 uos-PC kernel: [   10.522714] initcall hisi_trng_driver_init+0x0/0x20 returned 0 
 16 usecs 2023-10-16 14:38:09 uos-PC kernel: [   12.547290] initcall atkbd_init+0x0/0x34 returned 0 
 16 usecs 2023-10-16 14:38:09 uos-PC kernel: [   12.822296] initcall xlnx_rtc_driver_init+0x0/0x20 returned 0 
 16 usecs 2023-10-16 14:38:09 uos-PC kernel: [   13.155735] initcall syscon_led_driver_init+0x0/0x20 returned 0 
 16 usecs 2023-10-16 14:38:09 uos-PC kernel: [    5.913593] initcall init_pipe_fs+0x0/0x5c returned 0 
 16 usecs 2023-10-16 14:38:09 uos-PC kernel: [    8.776116] initcall btree_module_init+0x0/0x38 returned 0 
 16 usecs 2023-10-16 14:38:09 uos-PC kernel: [    8.916477] initcall brcm_gisb_driver_init+0x0/0x28 returned -19 
 17 usecs 2023-10-16 14:38:09 uos-PC kernel: [   10.580263] initcall arm_smmu_driver_init+0x0/0x24 returned 0 
 18 usecs 2023-10-16 14:38:09 uos-PC kernel: [   10.422521] initcall dw8250_platform_driver_init+0x0/0x20 returned 0 
 18 usecs 2023-10-16 14:38:09 uos-PC kernel: [   13.389455] initcall stm_core_init+0x0/0xa4 returned 0 
 18 usecs 2023-10-16 14:38:09 uos-PC kernel: [   19.569400] initcall parport_default_proc_register+0x0/0x1000 [parport] returned 0 
 19 usecs 2023-10-16 14:38:09 uos-PC kernel: [    7.577705] initcall fcntl_init+0x0/0x38 returned 0 
 19 usecs 2023-10-16 14:38:09 uos-PC kernel: [    9.309481] initcall pci_epc_init+0x0/0x5c returned 0 
 20 usecs 2023-10-16 14:38:09 uos-PC kernel: [   14.258883] initcall pmdk_sound_driver_init+0x0/0x20 returned 0 
 20 usecs 2023-10-16 14:38:09 uos-PC kernel: [    7.613469] initcall blkdev_init+0x0/0x28 returned 0 
 20 usecs 2023-10-16 14:38:09 uos-PC kernel: [    9.558650] initcall ged_driver_init+0x0/0x20 returned 0 
 21 usecs 2023-10-16 14:38:09 uos-PC kernel: [   11.261251] initcall hisi_femac_mdio_driver_init+0x0/0x20 returned 0 
 21 usecs 2023-10-16 14:38:17 uos-PC kernel: [   28.213962] initcall nfnetlink_init+0x0/0x1000 [nfnetlink] returned 0 
 22 usecs 2023-10-16 14:38:09 uos-PC kernel: [   10.486770] initcall init+0x0/0x114 returned 0 
 22 usecs 2023-10-16 14:38:09 uos-PC kernel: [   14.181455] initcall phytium_i2s_driver_init+0x0/0x20 returned 0 
 22 usecs 2023-10-16 14:38:09 uos-PC kernel: [    7.126250] initcall cpuhp_sysfs_init+0x0/0xa4 returned 0 
 23 usecs 2023-10-16 14:38:09 uos-PC kernel: [    5.925183] initcall cgroup_writeback_init+0x0/0x44 returned 0 
 23 usecs 2023-10-16 14:38:09 uos-PC kernel: [    6.223054] initcall init_hugetlbfs_fs+0x0/0x160 returned 0 
 24 usecs 2023-10-16 14:38:09 uos-PC kernel: [   11.574193] initcall stmmac_pci_driver_init+0x0/0x28 returned 0 
 24 usecs 2023-10-16 14:38:09 uos-PC kernel: [   13.330850] initcall hisi_l3c_pmu_module_init+0x0/0x88 returned 0 
 24 usecs 2023-10-16 14:38:09 uos-PC kernel: [    5.971401] initcall init_dax_wait_table+0x0/0x5c returned 0 
 24 usecs 2023-10-16 14:38:09 uos-PC kernel: [    7.795431] initcall init_iso9660_fs+0x0/0x84 returned 0 
 24 usecs 2023-10-16 14:38:09 uos-PC kernel: [    9.332224] initcall cdns_pcie_host_driver_init+0x0/0x20 returned 0 
 25 usecs 2023-10-16 14:38:09 uos-PC kernel: [    7.956563] initcall init_uos_module_protect+0x0/0x64 returned 0 
 26 usecs 2023-10-16 14:38:09 uos-PC kernel: [   10.382913] initcall serial_pci_driver_init+0x0/0x28 returned 0 
 26 usecs 2023-10-16 14:38:09 uos-PC kernel: [   12.489524] initcall pcips2_driver_init+0x0/0x28 returned 0 
 27 usecs 2023-10-16 14:38:09 uos-PC kernel: [    7.149498] initcall snapshot_device_init+0x0/0x1c returned 0 
 27 usecs 2023-10-16 14:38:09 uos-PC kernel: [    7.762878] initcall init_fat_fs+0x0/0x5c returned 0 
 27 usecs 2023-10-16 14:38:09 uos-PC kernel: [    9.645958] initcall acpi_hed_driver_init+0x0/0x20 returned 0 
 28 usecs 2023-10-16 14:38:09 uos-PC kernel: [   10.541964] initcall crb_acpi_driver_init+0x0/0x1c returned 0 
 28 usecs 2023-10-16 14:38:09 uos-PC kernel: [   14.795712] initcall strp_mod_init+0x0/0x44 returned 0 
 28 usecs 2023-10-16 14:38:09 uos-PC kernel: [    7.634299] initcall dnotify_init+0x0/0x88 returned 0 
 28 usecs 2023-10-16 14:38:09 uos-PC kernel: [    9.287123] initcall pci_stub_init+0x0/0x114 returned 0 
 29 usecs 2023-10-16 14:38:09 uos-PC kernel: [    7.453201] initcall kswapd_init+0x0/0x58 returned 0 
 30 usecs 2023-10-16 14:38:09 uos-PC kernel: [   10.504070] initcall hwrng_modinit+0x0/0xa4 returned 0 
 30 usecs 2023-10-16 14:38:09 uos-PC kernel: [   10.689888] initcall _nvm_misc_init+0x0/0x20 returned 0 
 30 usecs 2023-10-16 14:38:09 uos-PC kernel: [    7.196398] initcall init_clocksource_sysfs+0x0/0x38 returned 0 
 30 usecs 2023-10-16 14:38:09 uos-PC kernel: [    7.806682] initcall init_autofs_fs+0x0/0x38 returned 0 
 31 usecs 2023-10-16 14:38:09 uos-PC kernel: [   12.591148] initcall hi65xx_powerkey_driver_init+0x0/0x20 returned 0 
 32 usecs 2023-10-16 14:38:09 uos-PC kernel: [    9.156923] initcall pci_proc_init+0x0/0x90 returned 0 
 33 usecs 2023-10-16 14:38:09 uos-PC kernel: [   13.311906] initcall powercap_init+0x0/0x24c returned 0 
 34 usecs 2023-10-16 14:38:09 uos-PC kernel: [   10.708431] initcall topology_sysfs_init+0x0/0x38 returned 0 
 34 usecs 2023-10-16 14:38:09 uos-PC kernel: [   12.642918] initcall ab3100_rtc_driver_init+0x0/0x28 returned -19 
 34 usecs 2023-10-16 14:38:09 uos-PC kernel: [   16.357100] initcall drm_sched_fence_slab_init+0x0/0xeb0 [gpu_sched] returned 0 
 37 usecs 2023-10-16 14:38:09 uos-PC kernel: [   13.648510] initcall alsa_timer_init+0x0/0x1dc returned 0 
 38 usecs 2023-10-16 14:38:09 uos-PC kernel: [   11.021334] initcall init_sd+0x0/0x1c8 returned 0 
 38 usecs 2023-10-16 14:38:09 uos-PC kernel: [   12.563858] initcall psmouse_init+0x0/0x9c returned 0 
 39 usecs 2023-10-16 14:38:09 uos-PC kernel: [    7.839092] initcall init_mqueue_fs+0x0/0xf8 returned 0 
 40 usecs 2023-10-16 14:38:09 uos-PC kernel: [   10.270100] initcall pty_init+0x0/0x374 returned 0 
 40 usecs 2023-10-16 14:38:09 uos-PC kernel: [    7.645734] initcall fanotify_user_setup+0x0/0x84 returned 0 
 41 usecs 2023-10-16 14:38:09 uos-PC kernel: [    7.354281] initcall init_kprobes+0x0/0x11c returned 0 
 42 usecs 2023-10-16 14:38:09 uos-PC kernel: [    7.668404] initcall aio_setup+0x0/0x94 returned 0 
 43 usecs 2023-10-16 14:38:09 uos-PC kernel: [   10.813794] initcall htcpld_core_init+0x0/0x44 returned -19 
 43 usecs 2023-10-16 14:38:09 uos-PC kernel: [    8.664804] initcall throtl_init+0x0/0x50 returned 0 
 44 usecs 2023-10-16 14:38:09 uos-PC kernel: [   19.645416] initcall cpu_feature_match_AES_init+0x0/0x1000 [aes_ce_cipher] returned 0 
 44 usecs 2023-10-16 14:38:09 uos-PC kernel: [    8.879096] initcall mbigen_platform_driver_init+0x0/0x20 returned 0 
 45 usecs 2023-10-16 14:38:09 uos-PC kernel: [    8.468676] initcall aes_init+0x0/0x1c returned 0 
 47 usecs 2023-10-16 14:38:09 uos-PC kernel: [   13.738831] initcall alsa_seq_init+0x0/0x64 returned 0 
 47 usecs 2023-10-16 14:38:09 uos-PC kernel: [   14.307051] initcall sock_diag_init+0x0/0x4c returned 0 
 47 usecs 2023-10-16 14:38:09 uos-PC kernel: [    9.569832] initcall acpi_ac_init+0x0/0xc0 returned 0 
 48 usecs 2023-10-16 14:38:09 uos-PC kernel: [   12.625481] initcall rtc_init+0x0/0x4c returned 0 
 51 usecs 2023-10-16 14:38:09 uos-PC kernel: [   14.464887] initcall sysctl_ipv4_init+0x0/0x60 returned 0 
 54 usecs 2023-10-16 14:38:09 uos-PC kernel: [   19.643719] initcall aes_init+0x0/0x1000 [aes_arm64] returned 0 
 55 usecs 2023-10-16 14:38:09 uos-PC kernel: [   12.530988] initcall evdev_init+0x0/0x1c returned 0 
 56 usecs 2023-10-16 14:38:09 uos-PC kernel: [    8.832961] initcall percpu_counter_startup+0x0/0x84 returned 0 
 57 usecs 2023-10-16 14:38:09 uos-PC kernel: [    7.690185] initcall init_sys32_ioctl+0x0/0x34 returned 0 
 61 usecs 2023-10-16 14:38:09 uos-PC kernel: [   11.306677] initcall phy_module_init+0x0/0x24 returned 0 
 61 usecs 2023-10-16 14:38:09 uos-PC kernel: [    7.678993] initcall fscrypt_init+0x0/0xc4 returned 0 
 62 usecs 2023-10-16 14:38:09 uos-PC kernel: [    9.298409] initcall pci_ep_cfs_init+0x0/0xf4 returned 0 
 63 usecs 2023-10-16 14:38:09 uos-PC kernel: [    8.358857] initcall md5_mod_init+0x0/0x1c returned 0 
 69 usecs 2023-10-16 14:38:09 uos-PC kernel: [    8.492418] initcall crc32c_mod_init+0x0/0x1c returned 0 
 70 usecs 2023-10-16 14:38:09 uos-PC kernel: [   19.644911] initcall cpu_feature_match_PMULL_init+0x0/0x1000 [crct10dif_ce] returned 0 
 76 usecs 2023-10-16 14:38:09 uos-PC kernel: [    8.866961] initcall sg_pool_init+0x0/0xf8 returned 0 
 77 usecs 2023-10-16 14:38:09 uos-PC kernel: [   19.178501] initcall lightfig_init+0x0/0x1000 [lightfig] returned 0 
 79 usecs 2023-10-16 14:38:09 uos-PC kernel: [    7.734572] initcall journal_init+0x0/0x12c returned 0 
 80 usecs 2023-10-16 14:38:09 uos-PC kernel: [   11.467040] initcall phy_module_init+0x0/0x1000 [motorcomm] returned 0 
 80 usecs 2023-10-16 14:38:09 uos-PC kernel: [    8.370505] initcall sha1_generic_mod_init+0x0/0x1c returned 0 
 81 usecs 2023-10-16 14:38:09 uos-PC kernel: [   13.766263] initcall alsa_seq_oss_init+0x0/0x160 returned 0 
 82 usecs 2023-10-16 14:38:09 uos-PC kernel: [   19.037058] initcall binder_init+0x0/0x750 [binder_linux] returned 0 
 84 usecs 2023-10-16 14:38:09 uos-PC kernel: [    7.401246] initcall perf_event_sysfs_init+0x0/0xb0 returned 0 
 90 usecs 2023-10-16 14:38:09 uos-PC kernel: [   15.417325] initcall pci_sysfs_init+0x0/0x60 returned 0 
 96 usecs 2023-10-16 14:38:09 uos-PC kernel: [   19.571255] initcall parport_pc_init+0x0/0xf1c [parport_pc] returned 0 
 99 usecs 2023-10-16 14:38:09 uos-PC kernel: [    7.249965] initcall clockevents_init_sysfs+0x0/0xec returned 0 
 100 usecs 2023-10-16 14:38:09 uos-PC kernel: [    7.723445] initcall ext4_init_fs+0x0/0x16c returned 0 
 110 usecs 2023-10-16 14:38:09 uos-PC kernel: [    8.504099] initcall crct10dif_mod_init+0x0/0x1c returned 0 
 115 usecs 2023-10-16 14:38:09 uos-PC kernel: [    8.579640] initcall ghash_mod_init+0x0/0x1c returned 0 
 125 usecs 2023-10-16 14:38:09 uos-PC kernel: [   19.641751] initcall cpu_feature_match_SHA1_init+0x0/0x1000 [sha1_ce] returned 0 
 131 usecs 2023-10-16 14:38:09 uos-PC kernel: [   14.955002] initcall pm_qos_power_init+0x0/0xcc returned 0 
 134 usecs 2023-10-16 14:38:09 uos-PC kernel: [   19.643264] initcall cpu_feature_match_SHA2_init+0x0/0x1000 [sha2_ce] returned 0 
 140 usecs 2023-10-16 14:38:09 uos-PC kernel: [   14.716935] initcall ip6_tunnel_init+0x0/0xf4 returned 0 
 141 usecs 2023-10-16 14:38:09 uos-PC kernel: [   11.097261] initcall nvme_core_init+0x0/0x154 returned 0 
 144 usecs 2023-10-16 14:38:09 uos-PC kernel: [    8.347225] initcall crypto_null_mod_init+0x0/0x68 returned 0 
 151 usecs 2023-10-16 14:38:09 uos-PC kernel: [    6.999268] initcall cpuinfo_regs_init+0x0/0xd0 returned 0 
 167 usecs 2023-10-16 14:38:09 uos-PC kernel: [   16.356130] initcall radeon_init+0x0/0x98 [radeon] returned 0 
 175 usecs 2023-10-16 14:38:09 uos-PC kernel: [   15.510200] initcall clk_debug_init+0x0/0x124 returned 0 
 220 usecs 2023-10-16 14:38:09 uos-PC kernel: [    8.383254] initcall sha256_generic_mod_init+0x0/0x20 returned 0 
 247 usecs 2023-10-16 14:38:09 uos-PC kernel: [    8.568378] initcall jent_mod_init+0x0/0x3c returned 0 
 300 usecs 2023-10-16 14:38:09 uos-PC kernel: [    8.515801] initcall lzo_mod_init+0x0/0x4c returned 0 
 321 usecs 2023-10-16 14:38:09 uos-PC kernel: [   19.644491] initcall ghash_ce_mod_init+0x0/0x1000 [ghash_ce] returned 0 
 373 usecs 2023-10-16 14:38:10 uos-PC kernel: [   21.337261] initcall rfkill_init+0x0/0x124 [rfkill] returned 0 
 409 usecs 2023-10-16 14:38:09 uos-PC kernel: [   19.642734] initcall sha256_mod_init+0x0/0x1000 [sha256_arm64] returned 0 
 526 usecs 2023-10-16 14:38:09 uos-PC kernel: [   10.727894] initcall cacheinfo_sysfs_init+0x0/0x38 returned 0 
 803 usecs 2023-10-16 14:38:09 uos-PC kernel: [   16.339104] initcall fjes_init_module+0x0/0xc4 [fjes] returned -19 
 815 usecs 2023-10-16 14:38:09 uos-PC kernel: [   19.567931] initcall fjes_init_module+0x0/0xc4 [fjes] returned -19 
 821 usecs 2023-10-16 14:38:09 uos-PC kernel: [   19.639067] initcall serio_raw_drv_init+0x0/0x1000 [serio_raw] returned 0 
 1170 usecs 2023-10-16 14:38:09 uos-PC kernel: [    7.553592] initcall slab_sysfs_init+0x0/0x120 returned 0 
 1287 usecs 2023-10-16 14:38:09 uos-PC kernel: [    8.480780] initcall deflate_mod_init+0x0/0x50 returned 0 
 1649 usecs 2023-10-16 14:38:09 uos-PC kernel: [    6.372450] initcall chr_dev_init+0x0/0xc4 returned 0 
 1826 usecs 2023-10-16 14:38:09 uos-PC kernel: [    8.592646] initcall zstd_mod_init+0x0/0x4c returned 0 
2023-10-16 14:38:09 uos-PC kernel: [    0.000000] Kernel command line: BOOT_IMAGE=/vmlinuz-4.19.0-arm64-desktop root=UUID=fb063bb0-c792-424a-a779-05f5cdab3dcf ro video=efifb:nobgrt splash console=tty plymouth.ignore-serial-consoles ignore_loglevel initcall_debug DEEPIN_GFXMODE= ima_appraise=off libahci.ignore_sss=1
2023-10-16 14:38:09 uos-PC kernel: [    0.292448] calling  regmap_initcall+0x0/0x18 @ 1
2023-10-16 14:38:09 uos-PC kernel: [   10.056697] calling  xenbus_probe_initcall+0x0/0x64 @ 1
2023-10-16 14:38:09 uos-PC kernel: [   15.539263] calling  deferred_probe_initcall+0x0/0xb0 @ 1
 2132 usecs 2023-10-16 14:38:09 uos-PC kernel: [   21.099645] initcall cpufreq_gov_powersave_init+0x0/0x1000 [cpufreq_powersave] returned 0 
 2463 usecs 2023-10-16 14:38:09 uos-PC kernel: [    7.567161] initcall init_zbud+0x0/0x2c returned 0 
 2825 usecs 2023-10-16 14:38:09 uos-PC kernel: [    6.200595] initcall fscache_init+0x0/0x228 returned 0 
 3237 usecs 2023-10-16 14:38:09 uos-PC kernel: [   19.073768] initcall nfhook_init+0x0/0x1000 [deepin_netmonitor] returned 0 
 3771 usecs 2023-10-16 14:38:09 uos-PC kernel: [    8.765057] initcall bfq_init+0x0/0xa0 returned 0 
 3822 usecs 2023-10-16 14:38:09 uos-PC kernel: [    8.690200] initcall noop_init+0x0/0x1c returned 0 
 3906 usecs 2023-10-16 14:38:09 uos-PC kernel: [    0.295521] initcall param_sysfs_init+0x0/0x1b4 returned 0 
 3906 usecs 2023-10-16 14:38:09 uos-PC kernel: [    4.770769] initcall efisubsys_init+0x0/0x2b4 returned 0 
 3906 usecs 2023-10-16 14:38:09 uos-PC kernel: [    5.264788] initcall init_scsi+0x0/0xa0 returned 0 
 3906 usecs 2023-10-16 14:38:09 uos-PC kernel: [    5.279101] initcall ata_init+0x0/0x324 returned 0 
 3906 usecs 2023-10-16 14:38:09 uos-PC kernel: [    5.430197] initcall ptp_init+0x0/0xb0 returned 0 
 3906 usecs 2023-10-16 14:38:09 uos-PC kernel: [    5.466720] initcall edac_init+0x0/0x88 returned 0 
 3906 usecs 2023-10-16 14:38:09 uos-PC kernel: [    5.583586] initcall dsm_init+0x0/0x154 returned 0 
 3906 usecs 2023-10-16 14:38:09 uos-PC kernel: [    5.611685] initcall alsa_sound_init+0x0/0xb8 returned 0 
 3907 usecs 2023-10-16 14:38:09 uos-PC kernel: [    8.750762] initcall kyber_init+0x0/0x1c returned 0 
 3993 usecs 2023-10-16 14:38:09 uos-PC kernel: [    8.608396] initcall asymmetric_key_init+0x0/0x20 returned 0 
 4077 usecs 2023-10-16 14:38:09 uos-PC kernel: [   19.560658] initcall scpi_hwmon_platdrv_init+0x0/0x1000 [scpi_hwmon] returned 0 
 4160 usecs 2023-10-16 14:38:09 uos-PC kernel: [    8.705242] initcall deadline_init+0x0/0x1c returned 0 
 4255 usecs 2023-10-16 14:38:09 uos-PC kernel: [    6.523280] initcall af_unix_init+0x0/0x64 returned 0 
 4331 usecs 2023-10-16 14:38:09 uos-PC kernel: [    6.549890] initcall xsk_init+0x0/0x54 returned 0 
 4338 usecs 2023-10-16 14:38:09 uos-PC kernel: [    7.440996] initcall system_trusted_keyring_init+0x0/0x68 returned 0 
 4415 usecs 2023-10-16 14:38:09 uos-PC kernel: [    8.735893] initcall deadline_init+0x0/0x1c returned 0 
 4417 usecs 2023-10-16 14:38:09 uos-PC kernel: [   16.352324] initcall mmc_init+0x0/0x7f8 [mmc_core] returned 0 
 4627 usecs 2023-10-16 14:38:09 uos-PC kernel: [    8.720677] initcall cfq_init+0x0/0x8c returned 0 
 4701 usecs 2023-10-16 14:38:09 uos-PC kernel: [    6.274585] initcall aa_create_aafs+0x0/0x340 returned 0 
 4706 usecs 2023-10-16 14:38:12 uos-PC kernel: [   23.550355] initcall fuse_init+0x0/0x1a4 [fuse] returned 0 
 4755 usecs 2023-10-16 14:38:09 uos-PC kernel: [    8.624917] initcall x509_key_init+0x0/0x1c returned 0 
 4952 usecs 2023-10-16 14:38:09 uos-PC kernel: [    7.943839] initcall elf_verifier_dev_init+0x0/0x34 returned 0 
 5195 usecs 2023-10-16 14:38:09 uos-PC kernel: [   19.056065] initcall etx_driver_init+0x0/0x1000 [smc_dri] returned 0 
 5225 usecs 2023-10-16 14:38:09 uos-PC kernel: [    9.145584] initcall phytium_s3_init+0x0/0xc8 returned 0 
 5335 usecs 2023-10-16 14:38:09 uos-PC kernel: [    7.226210] initcall alarmtimer_init+0x0/0xfc returned 0 
 5704 usecs 2023-10-16 14:38:09 uos-PC kernel: [    7.751632] initcall init_squashfs_fs+0x0/0x84 returned 0 
 5948 usecs 2023-10-16 14:38:09 uos-PC kernel: [    5.830617] initcall clocksource_done_booting+0x0/0x58 returned 0 
 6024 usecs 2023-10-16 14:38:09 uos-PC kernel: [   13.543860] initcall e2prom_init+0x0/0x20 returned 0 
 6285 usecs 2023-10-16 14:38:09 uos-PC kernel: [    7.494600] initcall workingset_init+0x0/0xb4 returned 0 
 6315 usecs 2023-10-16 14:38:09 uos-PC kernel: [   10.469409] initcall pl010_init+0x0/0x28 returned 0 
 6550 usecs 2023-10-16 14:38:09 uos-PC kernel: [    9.276134] initcall shpcd_init+0x0/0x78 returned 0 
 6562 usecs 2023-10-16 14:38:09 uos-PC kernel: [   12.863060] initcall i2c_dev_init+0x0/0xdc returned 0 
 6650 usecs 2023-10-16 14:38:09 uos-PC kernel: [   13.493405] initcall hi1620_mbox_init+0x0/0x2c returned 0 
 6879 usecs 2023-10-16 14:38:09 uos-PC kernel: [   14.863313] initcall mpls_gso_init+0x0/0x40 returned 0 
 7229 usecs 2023-10-16 14:38:09 uos-PC kernel: [    8.654238] initcall bsg_init+0x0/0xf8 returned 0 
 7242 usecs 2023-10-16 14:38:09 uos-PC kernel: [   15.055428] initcall taskstats_init+0x0/0x4c returned 0 
 7252 usecs 2023-10-16 14:38:09 uos-PC kernel: [   11.288094] initcall fixed_mdio_bus_init+0x0/0xec returned 0 
 7272 usecs 2023-10-16 14:38:09 uos-PC kernel: [   10.753558] initcall brd_init+0x0/0x178 returned 0 
 7360 usecs 2023-10-16 14:38:09 uos-PC kernel: [   14.821158] initcall vlan_proto_init+0x0/0xcc returned 0 
 7382 usecs 2023-10-16 14:38:09 uos-PC kernel: [   11.659704] initcall ehci_pci_init+0x0/0x88 returned 0 
 7404 usecs 2023-10-16 14:38:09 uos-PC kernel: [   11.079198] initcall init_ch_module+0x0/0xdc returned 0 
 7430 usecs 2023-10-16 14:38:09 uos-PC kernel: [   10.778448] initcall loop_init+0x0/0x154 returned 0 
 7455 usecs 2023-10-16 14:38:10 uos-PC kernel: [   21.685000] initcall init_st+0x0/0x1000 [st] returned 0 
 7480 usecs 2023-10-16 14:38:09 uos-PC kernel: [   15.146912] initcall init_zswap+0x0/0x3cc returned 0 
 7617 usecs 2023-10-16 14:38:09 uos-PC kernel: [   14.759664] initcall packet_init+0x0/0x94 returned 0 
 7783 usecs 2023-10-16 14:38:09 uos-PC kernel: [   15.082717] initcall load_system_certificate_list+0x0/0x11c returned 0 
 7810 usecs 2023-10-16 14:38:09 uos-PC kernel: [    7.032484] initcall armv8_pmu_driver_init+0x0/0x3c returned 0 
 7945 usecs 2023-10-16 14:38:09 uos-PC kernel: [   13.469044] initcall wdt_init+0x0/0x88 returned 0 
 8138 usecs 2023-10-16 14:38:09 uos-PC kernel: [    9.715770] initcall gtdt_sbsa_gwdt_init+0x0/0xdc returned 0 
 8159 usecs 2023-10-16 14:38:09 uos-PC kernel: [   12.514480] initcall mousedev_init+0x0/0xac returned 0 
 8324 usecs 2023-10-16 14:38:09 uos-PC kernel: [   13.434107] initcall logger_init+0x0/0x214 returned 0 
 8481 usecs 2023-10-16 14:38:09 uos-PC kernel: [    9.874216] initcall efivars_sysfs_init+0x0/0x210 returned 0 
 8559 usecs 2023-10-16 14:38:09 uos-PC kernel: [    8.535961] initcall crypto842_mod_init+0x0/0x4c returned 0 
 8660 usecs 2023-10-16 14:38:09 uos-PC kernel: [   15.307062] initcall init_profile_hash+0x0/0xa0 returned 0 
 8701 usecs 2023-10-16 14:38:09 uos-PC kernel: [    9.063725] initcall lpc_init+0x0/0x4c returned 0 
 8932 usecs 2023-10-16 14:38:09 uos-PC kernel: [   14.116838] initcall snd_soc_init+0x0/0xcc returned 0 
 9030 usecs 2023-10-16 14:38:09 uos-PC kernel: [   19.023008] initcall ashmem_init+0x0/0x1000 [ashmem_linux] returned 0 
 9195 usecs 2023-10-16 14:38:09 uos-PC kernel: [   19.153045] initcall lightcherry_init+0x0/0x1000 [lightcherry] returned 0 
 9347 usecs 2023-10-16 14:38:09 uos-PC kernel: [   13.135548] initcall scpi_cpufreq_platdrv_init+0x0/0x20 returned 0 
 9395 usecs 2023-10-16 14:38:09 uos-PC kernel: [   11.634788] initcall ehci_hcd_init+0x0/0xd4 returned 0 
 9399 usecs 2023-10-16 14:38:09 uos-PC kernel: [   14.089451] initcall ft_platform_hda_init+0x0/0x20 returned 0 
 9740 usecs 2023-10-16 14:38:09 uos-PC kernel: [    8.557245] initcall drbg_init+0x0/0x1e0 returned 0 
 10547 usecs 2023-10-16 14:38:09 uos-PC kernel: [    6.004727] initcall dquot_init+0x0/0x13c returned 0 
 10740 usecs 2023-10-16 14:38:09 uos-PC kernel: [    5.854317] initcall tracer_init_tracefs+0x0/0x1e4 returned 0 
 10889 usecs 2023-10-16 14:38:09 uos-PC kernel: [   19.658202] initcall parport_serial_pci_driver_init+0x0/0x1000 [parport_serial] returned 0 
 11035 usecs 2023-10-16 14:38:09 uos-PC kernel: [   15.279739] initcall init_encrypted+0x0/0xf8 returned 0 
 11036 usecs 2023-10-16 14:38:09 uos-PC kernel: [   15.250519] initcall big_key_init+0x0/0xe4 returned 0 
 11098 usecs 2023-10-16 14:38:09 uos-PC kernel: [    8.903591] initcall phytium_ixic_driver_init+0x0/0x24 returned 0 
 11718 usecs 2023-10-16 14:38:09 uos-PC kernel: [    5.415936] initcall pps_init+0x0/0xcc returned 0 
 13981 usecs 2023-10-16 14:38:09 uos-PC kernel: [   19.826784] initcall at24_init+0x0/0x1000 [at24] returned 0 
 14788 usecs 2023-10-16 14:38:09 uos-PC kernel: [   13.576518] initcall usb_rule_init+0x0/0x98 returned 0 
 15127 usecs 2023-10-16 14:38:35 uos-PC kernel: [   46.426220] initcall bnep_init+0x0/0x88 [bnep] returned 0 
 15625 usecs 2023-10-16 14:38:09 uos-PC kernel: [    5.379230] initcall dw_i2c_init_driver+0x0/0x20 returned 0 
 16594 usecs 2023-10-16 14:38:09 uos-PC kernel: [   15.360479] initcall init_ima+0x0/0xa4 returned 0 
 16626 usecs 2023-10-16 14:38:09 uos-PC kernel: [    9.986689] initcall scpi_clocks_driver_init+0x0/0x20 returned 0 
 16793 usecs 2023-10-16 14:38:09 uos-PC kernel: [   11.131909] initcall nvme_init+0x0/0x28 returned 0 
 17597 usecs 2023-10-16 14:38:09 uos-PC kernel: [   12.390096] initcall usb_serial_init+0x0/0x170 returned 0 
 17812 usecs 2023-10-16 14:38:09 uos-PC kernel: [    9.770872] initcall phytium_mbox_driver_init+0x0/0x20 returned 0 
 19047 usecs 2023-10-16 14:38:09 uos-PC kernel: [   14.681204] initcall inet6_init+0x0/0x340 returned 0 
 19291 usecs 2023-10-16 14:38:09 uos-PC kernel: [   14.061218] initcall azx_driver_init+0x0/0x2c returned 0 
 19531 usecs 2023-10-16 14:38:09 uos-PC kernel: [    5.319439] initcall usb_init+0x0/0x160 returned 0 
 19577 usecs 2023-10-16 14:38:09 uos-PC kernel: [   10.344131] initcall serial8250_init+0x0/0x160 returned 0 
 19622 usecs 2023-10-16 14:38:09 uos-PC kernel: [   13.087878] initcall dm_init+0x0/0x78 returned 0 
 19772 usecs 2023-10-16 14:38:09 uos-PC kernel: [   19.361929] initcall deepin_init_module+0x0/0x1000 [uos_bluetooth_connection_control] returned 0 
 20221 usecs 2023-10-16 14:38:09 uos-PC kernel: [    9.829251] initcall scpi_driver_init+0x0/0x20 returned 0 
 20450 usecs 2023-10-16 14:38:09 uos-PC kernel: [   19.411400] initcall init_module+0x0/0x1000 [uos_resources] returned 0 
 20712 usecs 2023-10-16 14:38:09 uos-PC kernel: [   19.109195] initcall init_module+0x0/0x1000 [filearmor] returned 0 
 21732 usecs 2023-10-16 14:38:09 uos-PC kernel: [    7.090654] initcall arm_init+0x0/0x28 returned 0 
 22498 usecs 2023-10-16 14:38:09 uos-PC kernel: [   15.863863] initcall alsa_sound_last_init+0x0/0x80 returned 0 
 23437 usecs 2023-10-16 14:38:09 uos-PC kernel: [    4.927036] initcall vga_arb_device_init+0x0/0x188 returned 0 
 24282 usecs 2023-10-16 14:38:09 uos-PC kernel: [   13.257281] initcall hid_init+0x0/0x78 returned 0 
 25188 usecs 2023-10-16 14:38:09 uos-PC kernel: [   15.648668] initcall rtc_hctosys+0x0/0xd8 returned 0 
 25710 usecs 2023-10-16 14:38:09 uos-PC kernel: [    6.359715] initcall pnpacpi_init+0x0/0x8c returned 0 
 28648 usecs 2023-10-16 14:38:09 uos-PC kernel: [   19.676390] initcall cpu_feature_match_AES_init+0x0/0x1000 [aes_ce_blk] returned 0 
 30693 usecs 2023-10-16 14:38:09 uos-PC kernel: [   16.643575] initcall usb_kbd_driver_init+0x0/0x1000 [usbkbd] returned 0 
 31262 usecs 2023-10-16 14:38:10 uos-PC kernel: [   21.469922] initcall bt_init+0x0/0xc4 [bluetooth] returned 0 
 38369 usecs 2023-10-16 14:38:09 uos-PC kernel: [    9.621217] initcall acpi_processor_driver_init+0x0/0xb4 returned 0 
 40945 usecs 2023-10-16 14:38:09 uos-PC kernel: [    9.006259] initcall phytium_gpio_driver_init+0x0/0x20 returned 0 
 44412 usecs 2023-10-16 14:38:10 uos-PC kernel: [   21.405004] initcall ecdh_init+0x0/0x20 [ecdh_generic] returned 0 
 47973 usecs 2023-10-16 14:38:09 uos-PC kernel: [   12.472847] initcall i8042_init+0x0/0xc8 returned 0 
 49198 usecs 2023-10-16 14:38:09 uos-PC kernel: [    9.546797] initcall efifb_driver_init+0x0/0x20 returned 0 
 52293 usecs 2023-10-16 14:38:09 uos-PC kernel: [    9.128407] initcall ft_ec_pdriver_init+0x0/0x24 returned 0 
 52717 usecs 2023-10-16 14:38:09 uos-PC kernel: [    6.508049] initcall inet_init+0x0/0x25c returned 0 
 54008 usecs 2023-10-16 14:38:09 uos-PC kernel: [   13.221844] initcall ledtrig_cpu_init+0x0/0x118 returned 0 
 59215 usecs 2023-10-16 14:38:09 uos-PC kernel: [   16.451300] initcall phytium_sdci_driver_init+0x0/0x1000 [phytium_sdci] returned 0 
 61227 usecs 2023-10-16 14:38:09 uos-PC kernel: [    6.624154] initcall pci_apply_final_quirks+0x0/0x134 returned 0 
 63625 usecs 2023-10-16 14:38:09 uos-PC kernel: [   19.312496] initcall lightorange_init+0x0/0x1000 [lightorange] returned 0 
 65921 usecs 2023-10-16 14:38:09 uos-PC kernel: [   12.729005] initcall efi_rtc_driver_init+0x0/0x28 returned 0 
 71980 usecs 2023-10-16 14:38:09 uos-PC kernel: [   11.223650] initcall ahci_pci_driver_init+0x0/0x28 returned 0 
 76658 usecs 2023-10-16 14:38:09 uos-PC kernel: [    9.246726] initcall pcie_portdrv_init+0x0/0x50 returned 0 
 85876 usecs 2023-10-16 14:38:09 uos-PC kernel: [   11.554898] initcall dwmac_generic_driver_init+0x0/0x20 returned 0 
 141664 usecs 2023-10-16 14:38:09 uos-PC kernel: [   16.535730] initcall hid_init+0x0/0x1000 [usbhid] returned 0 
 189750 usecs 2023-10-16 14:38:09 uos-PC kernel: [   16.806452] initcall hid_generic_init+0x0/0x1000 [hid_generic] returned 0 
 212014 usecs 2023-10-16 14:38:09 uos-PC kernel: [   16.829251] initcall chash_init+0x0/0xe0c [chash] returned 0 
 301262 usecs 2023-10-16 14:38:09 uos-PC kernel: [   20.120960] initcall ppdev_init+0x0/0x1000 [ppdev] returned 0 
 316916 usecs 2023-10-16 14:38:09 uos-PC kernel: [    6.973467] initcall populate_rootfs+0x0/0x1bc returned 0 
 319198 usecs 2023-10-16 14:38:09 uos-PC kernel: [    8.324206] initcall rsa_init+0x0/0x58 returned 0 
 645539 usecs 2023-10-16 14:38:09 uos-PC kernel: [   12.355127] initcall xhci_pci_init+0x0/0x68 returned 0 
 1608668 usecs 2023-10-16 14:38:09 uos-PC kernel: [   18.541172] initcall amdgpu_init+0x0/0x74 [amdgpu] returned 0 
 2800781 usecs 2023-10-16 14:38:09 uos-PC kernel: [    4.669000] initcall acpi_init+0x0/0x308 returned 0 
