PID: 204268   TASK: ffff698e8b2e6040  CPU: 179  COMMAND: "systemd-coredum"
 #0 [ffff80001059bb70] __crash_kexec at ffffc6aa6b03c8d0
    /usr/src/debug/kernel-5.10.0-136.12.0.90.ctl3.aarch64/linux-5.10.0-136.12.0.90.ctl3.aarch64/./arch/arm64/include/asm/kexec.h: 52
 #1 [ffff80001059bd00] panic at ffffc6aa6bb6f51c
    /usr/src/debug/kernel-5.10.0-136.12.0.90.ctl3.aarch64/linux-5.10.0-136.12.0.90.ctl3.aarch64/kernel/panic.c: 251
 #2 [ffff80001059bde0] watchdog_timer_fn at ffffc6aa6b083edc
    /usr/src/debug/kernel-5.10.0-136.12.0.90.ctl3.aarch64/linux-5.10.0-136.12.0.90.ctl3.aarch64/kernel/watchdog.c: 448
 #3 [ffff80001059be30] __run_hrtimer at ffffc6aa6b00ebc4
    /usr/src/debug/kernel-5.10.0-136.12.0.90.ctl3.aarch64/linux-5.10.0-136.12.0.90.ctl3.aarch64/kernel/time/hrtimer.c: 1583
 #4 [ffff80001059be80] __hrtimer_run_queues at ffffc6aa6b00ee7c
    /usr/src/debug/kernel-5.10.0-136.12.0.90.ctl3.aarch64/linux-5.10.0-136.12.0.90.ctl3.aarch64/kernel/time/hrtimer.c: 1647
 #5 [ffff80001059bee0] hrtimer_interrupt at ffffc6aa6b00f4c8
    /usr/src/debug/kernel-5.10.0-136.12.0.90.ctl3.aarch64/linux-5.10.0-136.12.0.90.ctl3.aarch64/kernel/time/hrtimer.c: 1709
 #6 [ffff80001059bf50] arch_timer_handler_phys at ffffc6aa6b8f5928
    /usr/src/debug/kernel-5.10.0-136.12.0.90.ctl3.aarch64/linux-5.10.0-136.12.0.90.ctl3.aarch64/drivers/clocksource/arm_arch_timer.c: 647
 #7 [ffff80001059bf60] handle_percpu_devid_irq at ffffc6aa6afe173c
    /usr/src/debug/kernel-5.10.0-136.12.0.90.ctl3.aarch64/linux-5.10.0-136.12.0.90.ctl3.aarch64/kernel/irq/chip.c: 933
 #8 [ffff80001059bf90] __handle_domain_irq at ffffc6aa6afd85d0
    /usr/src/debug/kernel-5.10.0-136.12.0.90.ctl3.aarch64/linux-5.10.0-136.12.0.90.ctl3.aarch64/./include/linux/irqdesc.h: 153
 #9 [ffff80001059bfd0] gic_handle_irq at ffffc6aa6aea0124
    /usr/src/debug/kernel-5.10.0-136.12.0.90.ctl3.aarch64/linux-5.10.0-136.12.0.90.ctl3.aarch64/./include/linux/irqdesc.h: 171
--- <IRQ stack> ---
#10 [ffff8002b7f4b9d0] el1_irq at ffffc6aa6aea2374
    /usr/src/debug/kernel-5.10.0-136.12.0.90.ctl3.aarch64/linux-5.10.0-136.12.0.90.ctl3.aarch64/arch/arm64/kernel/entry.S: 672
#11 [ffff8002b7f4b9f0] console_unlock at ffffc6aa6afd3280
    /usr/src/debug/kernel-5.10.0-136.12.0.90.ctl3.aarch64/linux-5.10.0-136.12.0.90.ctl3.aarch64/./arch/arm64/include/asm/irqflags.h: 124
#12 [ffff8002b7f4bad0] vprintk_emit at ffffc6aa6afd4388
    /usr/src/debug/kernel-5.10.0-136.12.0.90.ctl3.aarch64/linux-5.10.0-136.12.0.90.ctl3.aarch64/kernel/printk/printk.c: 2075
#13 [ffff8002b7f4bb50] devkmsg_emit.constprop.0 at ffffc6aa6bb71658
    /usr/src/debug/kernel-5.10.0-136.12.0.90.ctl3.aarch64/linux-5.10.0-136.12.0.90.ctl3.aarch64/kernel/printk/printk.c: 689
#14 [ffff8002b7f4bbe0] devkmsg_write at ffffc6aa6afd4598
    /usr/src/debug/kernel-5.10.0-136.12.0.90.ctl3.aarch64/linux-5.10.0-136.12.0.90.ctl3.aarch64/kernel/printk/printk.c: 753
#15 [ffff8002b7f4bc20] do_iter_readv_writev at ffffc6aa6b286d9c
    /usr/src/debug/kernel-5.10.0-136.12.0.90.ctl3.aarch64/linux-5.10.0-136.12.0.90.ctl3.aarch64/./include/linux/fs.h: 1972
#16 [ffff8002b7f4bc80] do_iter_write at ffffc6aa6b2886e8
    /usr/src/debug/kernel-5.10.0-136.12.0.90.ctl3.aarch64/linux-5.10.0-136.12.0.90.ctl3.aarch64/fs/read_write.c: 863
#17 [ffff8002b7f4bcc0] vfs_writev at ffffc6aa6b2888c0
    /usr/src/debug/kernel-5.10.0-136.12.0.90.ctl3.aarch64/linux-5.10.0-136.12.0.90.ctl3.aarch64/fs/read_write.c: 936
#18 [ffff8002b7f4bdb0] do_writev at ffffc6aa6b288a08
    /usr/src/debug/kernel-5.10.0-136.12.0.90.ctl3.aarch64/linux-5.10.0-136.12.0.90.ctl3.aarch64/fs/read_write.c: 979
#19 [ffff8002b7f4be00] __arm64_sys_writev at ffffc6aa6b288af4
    /usr/src/debug/kernel-5.10.0-136.12.0.90.ctl3.aarch64/linux-5.10.0-136.12.0.90.ctl3.aarch64/fs/read_write.c: 1052
#20 [ffff8002b7f4be10] invoke_syscall at ffffc6aa6aebb750
    /usr/src/debug/kernel-5.10.0-136.12.0.90.ctl3.aarch64/linux-5.10.0-136.12.0.90.ctl3.aarch64/arch/arm64/kernel/syscall.c: 37
#21 [ffff8002b7f4be40] el0_svc_common.constprop.0 at ffffc6aa6aebb974
    /usr/src/debug/kernel-5.10.0-136.12.0.90.ctl3.aarch64/linux-5.10.0-136.12.0.90.ctl3.aarch64/arch/arm64/kernel/syscall.c: 171
#22 [ffff8002b7f4be70] do_el0_svc at ffffc6aa6aebb9ac